0.9772074818611145 0.8390299081802368
0.8073103427886963 0.789655864238739
0.7729969620704651 0.768635630607605
0.7569097280502319 0.7563974261283875
0.7466044425964355 0.7488342523574829
0.7385953664779663 0.7393574714660645
0.7315167784690857 0.7330366373062134
0.7258788347244263 0.7295240759849548
0.7207697629928589 0.7238264083862305
0.7168512344360352 0.72243732213974
0.7135473489761353 0.717765748500824
0.710728645324707 0.7140964269638062
0.7077550292015076 0.7120576500892639
0.7057920098304749 0.7104385495185852
0.7038453221321106 0.7076399922370911
0.7023099660873413 0.7111356854438782
0.7009640336036682 0.7056613564491272
0.699116051197052 0.7051922082901001
0.6982216238975525 0.7035865783691406
0.6967127323150635 0.701902449131012
0.6954325437545776 0.7013890147209167
0.6947283148765564 0.6996001601219177
0.6938474178314209 0.6981694102287292
0.6930181980133057 0.6995470523834229
0.691950798034668 0.6999495625495911
0.6917077302932739 0.6969570517539978
0.6900609731674194 0.6956928372383118
0.6897252202033997 0.6942421197891235
0.688995361328125 0.6958149671554565
0.6886917948722839 0.6945677399635315
