

================================================================
== Vivado HLS Report for 'dense_latency_ap_ufixed_ap_fixed_16_6_5_3_0_config11_0_0_0_0_0_0'
================================================================
* Date:           Fri Sep 22 02:30:48 2023

* Version:        2019.2 (Build 2704478 on Wed Nov 06 22:10:23 MST 2019)
* Project:        myproject_prj
* Solution:       solution1
* Product family: virtexuplus
* Target device:  xcu250-figd2104-2L-e


================================================================
== Performance Estimates
================================================================
+ Timing: 
    * Summary: 
    +--------+---------+----------+------------+
    |  Clock |  Target | Estimated| Uncertainty|
    +--------+---------+----------+------------+
    |ap_clk  | 5.00 ns | 3.403 ns |   0.62 ns  |
    +--------+---------+----------+------------+

+ Latency: 
    * Summary: 
    +---------+---------+----------+----------+-----+-----+----------+
    |  Latency (cycles) |  Latency (absolute) |  Interval | Pipeline |
    |   min   |   max   |    min   |    max   | min | max |   Type   |
    +---------+---------+----------+----------+-----+-----+----------+
    |        0|        0|   0 ns   |   0 ns   |    1|    1| function |
    +---------+---------+----------+----------+-----+-----+----------+

    + Detail: 
        * Instance: 
        N/A

        * Loop: 
        N/A

============================================================
+ Verbose Summary: Synthesis Manager
============================================================
InlineROM: 1
ExposeGlobal: 0
============================================================
+ Verbose Summary: CDFG Model
============================================================
IsTopModel: 0
ResetActiveHigh: 1
IsCombinational: 0
IsDatapathOnly: 0
HasWiredReturn: 1
HasMFsm: 2
HasVarLatency: 0
IsPipeline: 1
IsRtlPipelined: 0
IsInstanceOverlapped: 0
IsDontTouch: 0
HasImplIP: 0
IsGatedGlobalClock: 0

+ Individual pipeline summary: 
  * Pipeline-0: initiation interval (II) = 1, depth = 1


============================================================
+ Verbose Summary: Schedule
============================================================
* Number of FSM states : 1
* Pipeline : 1
  Pipeline-0 : II = 1, D = 1, States = { 1 }
* Dataflow Pipeline: 0

* FSM state transitions: 
1 --> 

* FSM state operations: 

State 1 <SV = 0> <Delay = 3.40>
ST_1 : Operation 2 [1/1] (0.00ns)   --->   "%data_31_V_read_4 = call i6 @_ssdm_op_Read.ap_auto.i6(i6 %data_31_V_read)" [firmware/nnet_utils/nnet_dense_latency.h:13]   --->   Operation 2 'read' 'data_31_V_read_4' <Predicate = true> <Delay = 0.00>
ST_1 : Operation 3 [1/1] (0.00ns)   --->   "%data_29_V_read_4 = call i6 @_ssdm_op_Read.ap_auto.i6(i6 %data_29_V_read)" [firmware/nnet_utils/nnet_dense_latency.h:13]   --->   Operation 3 'read' 'data_29_V_read_4' <Predicate = true> <Delay = 0.00>
ST_1 : Operation 4 [1/1] (0.00ns)   --->   "%data_28_V_read23 = call i6 @_ssdm_op_Read.ap_auto.i6(i6 %data_28_V_read)" [firmware/nnet_utils/nnet_dense_latency.h:13]   --->   Operation 4 'read' 'data_28_V_read23' <Predicate = true> <Delay = 0.00>
ST_1 : Operation 5 [1/1] (0.00ns)   --->   "%data_26_V_read22 = call i6 @_ssdm_op_Read.ap_auto.i6(i6 %data_26_V_read)" [firmware/nnet_utils/nnet_dense_latency.h:13]   --->   Operation 5 'read' 'data_26_V_read22' <Predicate = true> <Delay = 0.00>
ST_1 : Operation 6 [1/1] (0.00ns)   --->   "%data_25_V_read21 = call i6 @_ssdm_op_Read.ap_auto.i6(i6 %data_25_V_read)" [firmware/nnet_utils/nnet_dense_latency.h:13]   --->   Operation 6 'read' 'data_25_V_read21' <Predicate = true> <Delay = 0.00>
ST_1 : Operation 7 [1/1] (0.00ns)   --->   "%data_24_V_read_4 = call i6 @_ssdm_op_Read.ap_auto.i6(i6 %data_24_V_read)" [firmware/nnet_utils/nnet_dense_latency.h:13]   --->   Operation 7 'read' 'data_24_V_read_4' <Predicate = true> <Delay = 0.00>
ST_1 : Operation 8 [1/1] (0.00ns)   --->   "%data_22_V_read_4 = call i6 @_ssdm_op_Read.ap_auto.i6(i6 %data_22_V_read)" [firmware/nnet_utils/nnet_dense_latency.h:13]   --->   Operation 8 'read' 'data_22_V_read_4' <Predicate = true> <Delay = 0.00>
ST_1 : Operation 9 [1/1] (0.00ns)   --->   "%data_21_V_read_4 = call i6 @_ssdm_op_Read.ap_auto.i6(i6 %data_21_V_read)" [firmware/nnet_utils/nnet_dense_latency.h:13]   --->   Operation 9 'read' 'data_21_V_read_4' <Predicate = true> <Delay = 0.00>
ST_1 : Operation 10 [1/1] (0.00ns)   --->   "%data_20_V_read_4 = call i6 @_ssdm_op_Read.ap_auto.i6(i6 %data_20_V_read)" [firmware/nnet_utils/nnet_dense_latency.h:13]   --->   Operation 10 'read' 'data_20_V_read_4' <Predicate = true> <Delay = 0.00>
ST_1 : Operation 11 [1/1] (0.00ns)   --->   "%data_19_V_read_4 = call i6 @_ssdm_op_Read.ap_auto.i6(i6 %data_19_V_read)" [firmware/nnet_utils/nnet_dense_latency.h:13]   --->   Operation 11 'read' 'data_19_V_read_4' <Predicate = true> <Delay = 0.00>
ST_1 : Operation 12 [1/1] (0.00ns)   --->   "%data_18_V_read_4 = call i6 @_ssdm_op_Read.ap_auto.i6(i6 %data_18_V_read)" [firmware/nnet_utils/nnet_dense_latency.h:13]   --->   Operation 12 'read' 'data_18_V_read_4' <Predicate = true> <Delay = 0.00>
ST_1 : Operation 13 [1/1] (0.00ns)   --->   "%data_17_V_read_4 = call i6 @_ssdm_op_Read.ap_auto.i6(i6 %data_17_V_read)" [firmware/nnet_utils/nnet_dense_latency.h:13]   --->   Operation 13 'read' 'data_17_V_read_4' <Predicate = true> <Delay = 0.00>
ST_1 : Operation 14 [1/1] (0.00ns)   --->   "%data_13_V_read_3 = call i6 @_ssdm_op_Read.ap_auto.i6(i6 %data_13_V_read)" [firmware/nnet_utils/nnet_dense_latency.h:13]   --->   Operation 14 'read' 'data_13_V_read_3' <Predicate = true> <Delay = 0.00>
ST_1 : Operation 15 [1/1] (0.00ns)   --->   "%data_12_V_read12 = call i6 @_ssdm_op_Read.ap_auto.i6(i6 %data_12_V_read)" [firmware/nnet_utils/nnet_dense_latency.h:13]   --->   Operation 15 'read' 'data_12_V_read12' <Predicate = true> <Delay = 0.00>
ST_1 : Operation 16 [1/1] (0.00ns)   --->   "%data_11_V_read11 = call i6 @_ssdm_op_Read.ap_auto.i6(i6 %data_11_V_read)" [firmware/nnet_utils/nnet_dense_latency.h:13]   --->   Operation 16 'read' 'data_11_V_read11' <Predicate = true> <Delay = 0.00>
ST_1 : Operation 17 [1/1] (0.00ns)   --->   "%data_10_V_read_4 = call i6 @_ssdm_op_Read.ap_auto.i6(i6 %data_10_V_read)" [firmware/nnet_utils/nnet_dense_latency.h:13]   --->   Operation 17 'read' 'data_10_V_read_4' <Predicate = true> <Delay = 0.00>
ST_1 : Operation 18 [1/1] (0.00ns)   --->   "%data_9_V_read_4 = call i6 @_ssdm_op_Read.ap_auto.i6(i6 %data_9_V_read)" [firmware/nnet_utils/nnet_dense_latency.h:13]   --->   Operation 18 'read' 'data_9_V_read_4' <Predicate = true> <Delay = 0.00>
ST_1 : Operation 19 [1/1] (0.00ns)   --->   "%data_8_V_read_4 = call i6 @_ssdm_op_Read.ap_auto.i6(i6 %data_8_V_read)" [firmware/nnet_utils/nnet_dense_latency.h:13]   --->   Operation 19 'read' 'data_8_V_read_4' <Predicate = true> <Delay = 0.00>
ST_1 : Operation 20 [1/1] (0.00ns)   --->   "%data_6_V_read_4 = call i6 @_ssdm_op_Read.ap_auto.i6(i6 %data_6_V_read)" [firmware/nnet_utils/nnet_dense_latency.h:13]   --->   Operation 20 'read' 'data_6_V_read_4' <Predicate = true> <Delay = 0.00>
ST_1 : Operation 21 [1/1] (0.00ns)   --->   "%data_5_V_read_4 = call i6 @_ssdm_op_Read.ap_auto.i6(i6 %data_5_V_read)" [firmware/nnet_utils/nnet_dense_latency.h:13]   --->   Operation 21 'read' 'data_5_V_read_4' <Predicate = true> <Delay = 0.00>
ST_1 : Operation 22 [1/1] (0.00ns)   --->   "%data_4_V_read_5 = call i6 @_ssdm_op_Read.ap_auto.i6(i6 %data_4_V_read)" [firmware/nnet_utils/nnet_dense_latency.h:13]   --->   Operation 22 'read' 'data_4_V_read_5' <Predicate = true> <Delay = 0.00>
ST_1 : Operation 23 [1/1] (0.00ns)   --->   "%data_3_V_read_5 = call i6 @_ssdm_op_Read.ap_auto.i6(i6 %data_3_V_read)" [firmware/nnet_utils/nnet_dense_latency.h:13]   --->   Operation 23 'read' 'data_3_V_read_5' <Predicate = true> <Delay = 0.00>
ST_1 : Operation 24 [1/1] (0.00ns)   --->   "%data_2_V_read_5 = call i6 @_ssdm_op_Read.ap_auto.i6(i6 %data_2_V_read)" [firmware/nnet_utils/nnet_dense_latency.h:13]   --->   Operation 24 'read' 'data_2_V_read_5' <Predicate = true> <Delay = 0.00>
ST_1 : Operation 25 [1/1] (0.00ns)   --->   "%data_1_V_read_5 = call i6 @_ssdm_op_Read.ap_auto.i6(i6 %data_1_V_read)" [firmware/nnet_utils/nnet_dense_latency.h:13]   --->   Operation 25 'read' 'data_1_V_read_5' <Predicate = true> <Delay = 0.00>
ST_1 : Operation 26 [1/1] (0.00ns)   --->   "%data_0_V_read_5 = call i6 @_ssdm_op_Read.ap_auto.i6(i6 %data_0_V_read)" [firmware/nnet_utils/nnet_dense_latency.h:13]   --->   Operation 26 'read' 'data_0_V_read_5' <Predicate = true> <Delay = 0.00>
ST_1 : Operation 27 [1/1] (0.00ns)   --->   "call void (...)* @_ssdm_op_SpecPipeline(i32 1, i32 1, i32 1, i32 0, [1 x i8]* @p_str9) nounwind" [firmware/nnet_utils/nnet_dense_latency.h:26]   --->   Operation 27 'specpipeline' <Predicate = true> <Delay = 0.00>
ST_1 : Operation 28 [1/1] (0.00ns)   --->   "call void (...)* @_ssdm_op_SpecResourceLimit(i32 40, [4 x i8]* @p_str14, [1 x i8]* @p_str9, [1 x i8]* @p_str9, [1 x i8]* @p_str9) nounwind" [firmware/nnet_utils/nnet_dense_latency.h:33]   --->   Operation 28 'specresourcelimit' <Predicate = true> <Delay = 0.00>
ST_1 : Operation 29 [1/1] (0.00ns)   --->   "%zext_ln708 = zext i6 %data_0_V_read_5 to i11" [firmware/nnet_utils/nnet_dense_latency.h:42]   --->   Operation 29 'zext' 'zext_ln708' <Predicate = true> <Delay = 0.00>
ST_1 : Operation 30 [1/1] (0.00ns)   --->   "%shl_ln = call i11 @_ssdm_op_BitConcatenate.i11.i6.i5(i6 %data_0_V_read_5, i5 0)" [firmware/nnet_utils/nnet_dense_latency.h:42]   --->   Operation 30 'bitconcatenate' 'shl_ln' <Predicate = true> <Delay = 0.00>
ST_1 : Operation 31 [1/1] (0.53ns)   --->   "%sub_ln708 = sub i11 %shl_ln, %zext_ln708" [firmware/nnet_utils/nnet_dense_latency.h:42]   --->   Operation 31 'sub' 'sub_ln708' <Predicate = true> <Delay = 0.53> <Core = "AddSub">   --->   Core 14 'AddSub' <Latency = 0> <II = 1> <Delay = 0.55> <FuncUnit> <Opcode : 'add' 'sub'> <InPorts = 2> <OutPorts = 1>
ST_1 : Operation 32 [1/1] (0.00ns)   --->   "%lshr_ln = call i10 @_ssdm_op_PartSelect.i10.i11.i32.i32(i11 %sub_ln708, i32 1, i32 10)" [firmware/nnet_utils/nnet_dense_latency.h:42]   --->   Operation 32 'partselect' 'lshr_ln' <Predicate = true> <Delay = 0.00>
ST_1 : Operation 33 [1/1] (0.00ns)   --->   "%zext_ln203 = zext i10 %lshr_ln to i12" [firmware/nnet_utils/nnet_dense_latency.h:42]   --->   Operation 33 'zext' 'zext_ln203' <Predicate = true> <Delay = 0.00>
ST_1 : Operation 34 [1/1] (0.00ns)   --->   "%zext_ln1118 = zext i6 %data_1_V_read_5 to i11" [firmware/nnet_utils/nnet_mult.h:73->firmware/nnet_utils/nnet_dense_latency.h:42]   --->   Operation 34 'zext' 'zext_ln1118' <Predicate = true> <Delay = 0.00>
ST_1 : Operation 35 [1/1] (0.00ns)   --->   "%shl_ln708_s = call i11 @_ssdm_op_BitConcatenate.i11.i6.i5(i6 %data_1_V_read_5, i5 0)" [firmware/nnet_utils/nnet_dense_latency.h:42]   --->   Operation 35 'bitconcatenate' 'shl_ln708_s' <Predicate = true> <Delay = 0.00>
ST_1 : Operation 36 [1/1] (0.53ns)   --->   "%sub_ln708_1 = sub i11 %shl_ln708_s, %zext_ln1118" [firmware/nnet_utils/nnet_dense_latency.h:42]   --->   Operation 36 'sub' 'sub_ln708_1' <Predicate = true> <Delay = 0.53> <Core = "AddSub">   --->   Core 14 'AddSub' <Latency = 0> <II = 1> <Delay = 0.55> <FuncUnit> <Opcode : 'add' 'sub'> <InPorts = 2> <OutPorts = 1>
ST_1 : Operation 37 [1/1] (0.00ns)   --->   "%lshr_ln708_s = call i10 @_ssdm_op_PartSelect.i10.i11.i32.i32(i11 %sub_ln708_1, i32 1, i32 10)" [firmware/nnet_utils/nnet_dense_latency.h:42]   --->   Operation 37 'partselect' 'lshr_ln708_s' <Predicate = true> <Delay = 0.00>
ST_1 : Operation 38 [1/1] (0.00ns)   --->   "%zext_ln203_1 = zext i10 %lshr_ln708_s to i12" [firmware/nnet_utils/nnet_dense_latency.h:42]   --->   Operation 38 'zext' 'zext_ln203_1' <Predicate = true> <Delay = 0.00>
ST_1 : Operation 39 [1/1] (0.00ns)   --->   "%zext_ln1118_1 = zext i11 %shl_ln708_s to i12" [firmware/nnet_utils/nnet_mult.h:73->firmware/nnet_utils/nnet_dense_latency.h:42]   --->   Operation 39 'zext' 'zext_ln1118_1' <Predicate = true> <Delay = 0.00>
ST_1 : Operation 40 [1/1] (0.53ns)   --->   "%sub_ln1118 = sub i12 0, %zext_ln1118_1" [firmware/nnet_utils/nnet_mult.h:73->firmware/nnet_utils/nnet_dense_latency.h:42]   --->   Operation 40 'sub' 'sub_ln1118' <Predicate = true> <Delay = 0.53> <Core = "AddSub">   --->   Core 14 'AddSub' <Latency = 0> <II = 1> <Delay = 0.55> <FuncUnit> <Opcode : 'add' 'sub'> <InPorts = 2> <OutPorts = 1>
ST_1 : Operation 41 [1/1] (0.00ns)   --->   "%trunc_ln = call i11 @_ssdm_op_PartSelect.i11.i12.i32.i32(i12 %sub_ln1118, i32 1, i32 11)" [firmware/nnet_utils/nnet_dense_latency.h:42]   --->   Operation 41 'partselect' 'trunc_ln' <Predicate = true> <Delay = 0.00>
ST_1 : Operation 42 [1/1] (0.00ns)   --->   "%sext_ln203 = sext i11 %trunc_ln to i13" [firmware/nnet_utils/nnet_dense_latency.h:42]   --->   Operation 42 'sext' 'sext_ln203' <Predicate = true> <Delay = 0.00>
ST_1 : Operation 43 [1/1] (0.00ns)   --->   "%shl_ln708_1 = call i11 @_ssdm_op_BitConcatenate.i11.i6.i5(i6 %data_2_V_read_5, i5 0)" [firmware/nnet_utils/nnet_dense_latency.h:42]   --->   Operation 43 'bitconcatenate' 'shl_ln708_1' <Predicate = true> <Delay = 0.00>
ST_1 : Operation 44 [1/1] (0.00ns)   --->   "%shl_ln708_2 = call i7 @_ssdm_op_BitConcatenate.i7.i6.i1(i6 %data_2_V_read_5, i1 false)" [firmware/nnet_utils/nnet_dense_latency.h:42]   --->   Operation 44 'bitconcatenate' 'shl_ln708_2' <Predicate = true> <Delay = 0.00>
ST_1 : Operation 45 [1/1] (0.00ns)   --->   "%zext_ln708_1 = zext i7 %shl_ln708_2 to i11" [firmware/nnet_utils/nnet_dense_latency.h:42]   --->   Operation 45 'zext' 'zext_ln708_1' <Predicate = true> <Delay = 0.00>
ST_1 : Operation 46 [1/1] (0.53ns)   --->   "%sub_ln708_2 = sub i11 %shl_ln708_1, %zext_ln708_1" [firmware/nnet_utils/nnet_dense_latency.h:42]   --->   Operation 46 'sub' 'sub_ln708_2' <Predicate = true> <Delay = 0.53> <Core = "AddSub">   --->   Core 14 'AddSub' <Latency = 0> <II = 1> <Delay = 0.55> <FuncUnit> <Opcode : 'add' 'sub'> <InPorts = 2> <OutPorts = 1>
ST_1 : Operation 47 [1/1] (0.00ns)   --->   "%lshr_ln708_1 = call i10 @_ssdm_op_PartSelect.i10.i11.i32.i32(i11 %sub_ln708_2, i32 1, i32 10)" [firmware/nnet_utils/nnet_dense_latency.h:42]   --->   Operation 47 'partselect' 'lshr_ln708_1' <Predicate = true> <Delay = 0.00>
ST_1 : Operation 48 [1/1] (0.00ns)   --->   "%zext_ln203_2 = zext i10 %lshr_ln708_1 to i12" [firmware/nnet_utils/nnet_dense_latency.h:42]   --->   Operation 48 'zext' 'zext_ln203_2' <Predicate = true> <Delay = 0.00>
ST_1 : Operation 49 [1/1] (0.00ns)   --->   "%shl_ln1118_s = call i11 @_ssdm_op_BitConcatenate.i11.i6.i5(i6 %data_3_V_read_5, i5 0)" [firmware/nnet_utils/nnet_mult.h:73->firmware/nnet_utils/nnet_dense_latency.h:42]   --->   Operation 49 'bitconcatenate' 'shl_ln1118_s' <Predicate = true> <Delay = 0.00>
ST_1 : Operation 50 [1/1] (0.00ns)   --->   "%zext_ln1118_2 = zext i11 %shl_ln1118_s to i12" [firmware/nnet_utils/nnet_mult.h:73->firmware/nnet_utils/nnet_dense_latency.h:42]   --->   Operation 50 'zext' 'zext_ln1118_2' <Predicate = true> <Delay = 0.00>
ST_1 : Operation 51 [1/1] (0.53ns)   --->   "%sub_ln1118_1 = sub i12 0, %zext_ln1118_2" [firmware/nnet_utils/nnet_mult.h:73->firmware/nnet_utils/nnet_dense_latency.h:42]   --->   Operation 51 'sub' 'sub_ln1118_1' <Predicate = true> <Delay = 0.53> <Core = "AddSub">   --->   Core 14 'AddSub' <Latency = 0> <II = 1> <Delay = 0.55> <FuncUnit> <Opcode : 'add' 'sub'> <InPorts = 2> <OutPorts = 1>
ST_1 : Operation 52 [1/1] (0.00ns)   --->   "%trunc_ln708_s = call i11 @_ssdm_op_PartSelect.i11.i12.i32.i32(i12 %sub_ln1118_1, i32 1, i32 11)" [firmware/nnet_utils/nnet_dense_latency.h:42]   --->   Operation 52 'partselect' 'trunc_ln708_s' <Predicate = true> <Delay = 0.00>
ST_1 : Operation 53 [1/1] (0.00ns)   --->   "%sext_ln203_1 = sext i11 %trunc_ln708_s to i12" [firmware/nnet_utils/nnet_dense_latency.h:42]   --->   Operation 53 'sext' 'sext_ln203_1' <Predicate = true> <Delay = 0.00>
ST_1 : Operation 54 [1/1] (0.00ns)   --->   "%shl_ln1118_1 = call i11 @_ssdm_op_BitConcatenate.i11.i6.i5(i6 %data_4_V_read_5, i5 0)" [firmware/nnet_utils/nnet_mult.h:73->firmware/nnet_utils/nnet_dense_latency.h:42]   --->   Operation 54 'bitconcatenate' 'shl_ln1118_1' <Predicate = true> <Delay = 0.00>
ST_1 : Operation 55 [1/1] (0.00ns)   --->   "%zext_ln1118_3 = zext i11 %shl_ln1118_1 to i12" [firmware/nnet_utils/nnet_mult.h:73->firmware/nnet_utils/nnet_dense_latency.h:42]   --->   Operation 55 'zext' 'zext_ln1118_3' <Predicate = true> <Delay = 0.00>
ST_1 : Operation 56 [1/1] (0.53ns)   --->   "%sub_ln1118_2 = sub i12 0, %zext_ln1118_3" [firmware/nnet_utils/nnet_mult.h:73->firmware/nnet_utils/nnet_dense_latency.h:42]   --->   Operation 56 'sub' 'sub_ln1118_2' <Predicate = true> <Delay = 0.53> <Core = "AddSub">   --->   Core 14 'AddSub' <Latency = 0> <II = 1> <Delay = 0.55> <FuncUnit> <Opcode : 'add' 'sub'> <InPorts = 2> <OutPorts = 1>
ST_1 : Operation 57 [1/1] (0.00ns)   --->   "%trunc_ln708_111 = call i11 @_ssdm_op_PartSelect.i11.i12.i32.i32(i12 %sub_ln1118_2, i32 1, i32 11)" [firmware/nnet_utils/nnet_dense_latency.h:42]   --->   Operation 57 'partselect' 'trunc_ln708_111' <Predicate = true> <Delay = 0.00>
ST_1 : Operation 58 [1/1] (0.00ns)   --->   "%sext_ln203_2 = sext i11 %trunc_ln708_111 to i12" [firmware/nnet_utils/nnet_dense_latency.h:42]   --->   Operation 58 'sext' 'sext_ln203_2' <Predicate = true> <Delay = 0.00>
ST_1 : Operation 59 [1/1] (0.00ns)   --->   "%zext_ln1118_4 = zext i6 %data_5_V_read_4 to i11" [firmware/nnet_utils/nnet_mult.h:73->firmware/nnet_utils/nnet_dense_latency.h:42]   --->   Operation 59 'zext' 'zext_ln1118_4' <Predicate = true> <Delay = 0.00>
ST_1 : Operation 60 [1/1] (1.23ns)   --->   "%mul_ln708 = mul i11 %zext_ln1118_4, 27" [firmware/nnet_utils/nnet_dense_latency.h:42]   --->   Operation 60 'mul' 'mul_ln708' <Predicate = true> <Delay = 1.23> <Core = "Mul">   --->   Core 16 'Mul' <Latency = 0> <II = 1> <Delay = 1.23> <FuncUnit> <Opcode : 'mul'> <InPorts = 2> <OutPorts = 1>
ST_1 : Operation 61 [1/1] (0.00ns)   --->   "%lshr_ln708_2 = call i10 @_ssdm_op_PartSelect.i10.i11.i32.i32(i11 %mul_ln708, i32 1, i32 10)" [firmware/nnet_utils/nnet_dense_latency.h:42]   --->   Operation 61 'partselect' 'lshr_ln708_2' <Predicate = true> <Delay = 0.00>
ST_1 : Operation 62 [1/1] (0.00ns)   --->   "%zext_ln708_2 = zext i10 %lshr_ln708_2 to i11" [firmware/nnet_utils/nnet_dense_latency.h:42]   --->   Operation 62 'zext' 'zext_ln708_2' <Predicate = true> <Delay = 0.00>
ST_1 : Operation 63 [1/1] (0.00ns)   --->   "%shl_ln1118_2 = call i11 @_ssdm_op_BitConcatenate.i11.i6.i5(i6 %data_5_V_read_4, i5 0)" [firmware/nnet_utils/nnet_mult.h:73->firmware/nnet_utils/nnet_dense_latency.h:42]   --->   Operation 63 'bitconcatenate' 'shl_ln1118_2' <Predicate = true> <Delay = 0.00>
ST_1 : Operation 64 [1/1] (0.00ns)   --->   "%zext_ln1118_5 = zext i11 %shl_ln1118_2 to i12" [firmware/nnet_utils/nnet_mult.h:73->firmware/nnet_utils/nnet_dense_latency.h:42]   --->   Operation 64 'zext' 'zext_ln1118_5' <Predicate = true> <Delay = 0.00>
ST_1 : Operation 65 [1/1] (0.53ns)   --->   "%sub_ln1118_3 = sub i12 0, %zext_ln1118_5" [firmware/nnet_utils/nnet_mult.h:73->firmware/nnet_utils/nnet_dense_latency.h:42]   --->   Operation 65 'sub' 'sub_ln1118_3' <Predicate = true> <Delay = 0.53> <Core = "AddSub">   --->   Core 14 'AddSub' <Latency = 0> <II = 1> <Delay = 0.55> <FuncUnit> <Opcode : 'add' 'sub'> <InPorts = 2> <OutPorts = 1>
ST_1 : Operation 66 [1/1] (0.00ns)   --->   "%trunc_ln708_112 = call i11 @_ssdm_op_PartSelect.i11.i12.i32.i32(i12 %sub_ln1118_3, i32 1, i32 11)" [firmware/nnet_utils/nnet_dense_latency.h:42]   --->   Operation 66 'partselect' 'trunc_ln708_112' <Predicate = true> <Delay = 0.00>
ST_1 : Operation 67 [1/1] (0.00ns)   --->   "%sext_ln203_3 = sext i11 %trunc_ln708_112 to i12" [firmware/nnet_utils/nnet_dense_latency.h:42]   --->   Operation 67 'sext' 'sext_ln203_3' <Predicate = true> <Delay = 0.00>
ST_1 : Operation 68 [1/1] (0.00ns)   --->   "%zext_ln1118_6 = zext i6 %data_6_V_read_4 to i11" [firmware/nnet_utils/nnet_mult.h:73->firmware/nnet_utils/nnet_dense_latency.h:42]   --->   Operation 68 'zext' 'zext_ln1118_6' <Predicate = true> <Delay = 0.00>
ST_1 : Operation 69 [1/1] (0.00ns)   --->   "%shl_ln708_3 = call i11 @_ssdm_op_BitConcatenate.i11.i6.i5(i6 %data_6_V_read_4, i5 0)" [firmware/nnet_utils/nnet_dense_latency.h:42]   --->   Operation 69 'bitconcatenate' 'shl_ln708_3' <Predicate = true> <Delay = 0.00>
ST_1 : Operation 70 [1/1] (0.53ns)   --->   "%sub_ln708_3 = sub i11 %shl_ln708_3, %zext_ln1118_6" [firmware/nnet_utils/nnet_dense_latency.h:42]   --->   Operation 70 'sub' 'sub_ln708_3' <Predicate = true> <Delay = 0.53> <Core = "AddSub">   --->   Core 14 'AddSub' <Latency = 0> <II = 1> <Delay = 0.55> <FuncUnit> <Opcode : 'add' 'sub'> <InPorts = 2> <OutPorts = 1>
ST_1 : Operation 71 [1/1] (0.00ns)   --->   "%lshr_ln708_3 = call i10 @_ssdm_op_PartSelect.i10.i11.i32.i32(i11 %sub_ln708_3, i32 1, i32 10)" [firmware/nnet_utils/nnet_dense_latency.h:42]   --->   Operation 71 'partselect' 'lshr_ln708_3' <Predicate = true> <Delay = 0.00>
ST_1 : Operation 72 [1/1] (0.00ns)   --->   "%zext_ln708_3 = zext i10 %lshr_ln708_3 to i11" [firmware/nnet_utils/nnet_dense_latency.h:42]   --->   Operation 72 'zext' 'zext_ln708_3' <Predicate = true> <Delay = 0.00>
ST_1 : Operation 73 [1/1] (0.00ns)   --->   "%zext_ln1118_7 = zext i11 %shl_ln708_3 to i12" [firmware/nnet_utils/nnet_mult.h:73->firmware/nnet_utils/nnet_dense_latency.h:42]   --->   Operation 73 'zext' 'zext_ln1118_7' <Predicate = true> <Delay = 0.00>
ST_1 : Operation 74 [1/1] (0.53ns)   --->   "%sub_ln1118_4 = sub i12 0, %zext_ln1118_7" [firmware/nnet_utils/nnet_mult.h:73->firmware/nnet_utils/nnet_dense_latency.h:42]   --->   Operation 74 'sub' 'sub_ln1118_4' <Predicate = true> <Delay = 0.53> <Core = "AddSub">   --->   Core 14 'AddSub' <Latency = 0> <II = 1> <Delay = 0.55> <FuncUnit> <Opcode : 'add' 'sub'> <InPorts = 2> <OutPorts = 1>
ST_1 : Operation 75 [1/1] (0.00ns)   --->   "%trunc_ln708_113 = call i11 @_ssdm_op_PartSelect.i11.i12.i32.i32(i12 %sub_ln1118_4, i32 1, i32 11)" [firmware/nnet_utils/nnet_dense_latency.h:42]   --->   Operation 75 'partselect' 'trunc_ln708_113' <Predicate = true> <Delay = 0.00>
ST_1 : Operation 76 [1/1] (0.00ns)   --->   "%sext_ln203_4 = sext i11 %trunc_ln708_113 to i12" [firmware/nnet_utils/nnet_dense_latency.h:42]   --->   Operation 76 'sext' 'sext_ln203_4' <Predicate = true> <Delay = 0.00>
ST_1 : Operation 77 [1/1] (0.00ns)   --->   "%zext_ln1118_8 = zext i6 %data_8_V_read_4 to i11" [firmware/nnet_utils/nnet_mult.h:73->firmware/nnet_utils/nnet_dense_latency.h:42]   --->   Operation 77 'zext' 'zext_ln1118_8' <Predicate = true> <Delay = 0.00>
ST_1 : Operation 78 [1/1] (0.00ns)   --->   "%shl_ln1118_3 = call i11 @_ssdm_op_BitConcatenate.i11.i6.i5(i6 %data_8_V_read_4, i5 0)" [firmware/nnet_utils/nnet_mult.h:73->firmware/nnet_utils/nnet_dense_latency.h:42]   --->   Operation 78 'bitconcatenate' 'shl_ln1118_3' <Predicate = true> <Delay = 0.00>
ST_1 : Operation 79 [1/1] (0.00ns)   --->   "%zext_ln1118_9 = zext i11 %shl_ln1118_3 to i12" [firmware/nnet_utils/nnet_mult.h:73->firmware/nnet_utils/nnet_dense_latency.h:42]   --->   Operation 79 'zext' 'zext_ln1118_9' <Predicate = true> <Delay = 0.00>
ST_1 : Operation 80 [1/1] (0.53ns)   --->   "%sub_ln1118_5 = sub i12 0, %zext_ln1118_9" [firmware/nnet_utils/nnet_mult.h:73->firmware/nnet_utils/nnet_dense_latency.h:42]   --->   Operation 80 'sub' 'sub_ln1118_5' <Predicate = true> <Delay = 0.53> <Core = "AddSub">   --->   Core 14 'AddSub' <Latency = 0> <II = 1> <Delay = 0.55> <FuncUnit> <Opcode : 'add' 'sub'> <InPorts = 2> <OutPorts = 1>
ST_1 : Operation 81 [1/1] (0.00ns)   --->   "%trunc_ln708_114 = call i11 @_ssdm_op_PartSelect.i11.i12.i32.i32(i12 %sub_ln1118_5, i32 1, i32 11)" [firmware/nnet_utils/nnet_dense_latency.h:42]   --->   Operation 81 'partselect' 'trunc_ln708_114' <Predicate = true> <Delay = 0.00>
ST_1 : Operation 82 [1/1] (0.00ns)   --->   "%sext_ln203_5 = sext i11 %trunc_ln708_114 to i12" [firmware/nnet_utils/nnet_dense_latency.h:42]   --->   Operation 82 'sext' 'sext_ln203_5' <Predicate = true> <Delay = 0.00>
ST_1 : Operation 83 [1/1] (0.53ns)   --->   "%sub_ln708_4 = sub i11 %shl_ln1118_3, %zext_ln1118_8" [firmware/nnet_utils/nnet_dense_latency.h:42]   --->   Operation 83 'sub' 'sub_ln708_4' <Predicate = true> <Delay = 0.53> <Core = "AddSub">   --->   Core 14 'AddSub' <Latency = 0> <II = 1> <Delay = 0.55> <FuncUnit> <Opcode : 'add' 'sub'> <InPorts = 2> <OutPorts = 1>
ST_1 : Operation 84 [1/1] (0.00ns)   --->   "%lshr_ln708_4 = call i10 @_ssdm_op_PartSelect.i10.i11.i32.i32(i11 %sub_ln708_4, i32 1, i32 10)" [firmware/nnet_utils/nnet_dense_latency.h:42]   --->   Operation 84 'partselect' 'lshr_ln708_4' <Predicate = true> <Delay = 0.00>
ST_1 : Operation 85 [1/1] (0.00ns)   --->   "%zext_ln708_4 = zext i10 %lshr_ln708_4 to i11" [firmware/nnet_utils/nnet_dense_latency.h:42]   --->   Operation 85 'zext' 'zext_ln708_4' <Predicate = true> <Delay = 0.00>
ST_1 : Operation 86 [1/1] (0.00ns)   --->   "%shl_ln1118_4 = call i11 @_ssdm_op_BitConcatenate.i11.i6.i5(i6 %data_9_V_read_4, i5 0)" [firmware/nnet_utils/nnet_mult.h:73->firmware/nnet_utils/nnet_dense_latency.h:42]   --->   Operation 86 'bitconcatenate' 'shl_ln1118_4' <Predicate = true> <Delay = 0.00>
ST_1 : Operation 87 [1/1] (0.00ns)   --->   "%zext_ln1118_10 = zext i11 %shl_ln1118_4 to i12" [firmware/nnet_utils/nnet_mult.h:73->firmware/nnet_utils/nnet_dense_latency.h:42]   --->   Operation 87 'zext' 'zext_ln1118_10' <Predicate = true> <Delay = 0.00>
ST_1 : Operation 88 [1/1] (0.53ns)   --->   "%sub_ln1118_6 = sub i12 0, %zext_ln1118_10" [firmware/nnet_utils/nnet_mult.h:73->firmware/nnet_utils/nnet_dense_latency.h:42]   --->   Operation 88 'sub' 'sub_ln1118_6' <Predicate = true> <Delay = 0.53> <Core = "AddSub">   --->   Core 14 'AddSub' <Latency = 0> <II = 1> <Delay = 0.55> <FuncUnit> <Opcode : 'add' 'sub'> <InPorts = 2> <OutPorts = 1>
ST_1 : Operation 89 [1/1] (0.00ns)   --->   "%trunc_ln708_115 = call i11 @_ssdm_op_PartSelect.i11.i12.i32.i32(i12 %sub_ln1118_6, i32 1, i32 11)" [firmware/nnet_utils/nnet_dense_latency.h:42]   --->   Operation 89 'partselect' 'trunc_ln708_115' <Predicate = true> <Delay = 0.00>
ST_1 : Operation 90 [1/1] (0.00ns)   --->   "%sext_ln203_6 = sext i11 %trunc_ln708_115 to i13" [firmware/nnet_utils/nnet_dense_latency.h:42]   --->   Operation 90 'sext' 'sext_ln203_6' <Predicate = true> <Delay = 0.00>
ST_1 : Operation 91 [1/1] (0.00ns)   --->   "%zext_ln708_5 = zext i6 %data_10_V_read_4 to i11" [firmware/nnet_utils/nnet_dense_latency.h:42]   --->   Operation 91 'zext' 'zext_ln708_5' <Predicate = true> <Delay = 0.00>
ST_1 : Operation 92 [1/1] (0.00ns)   --->   "%shl_ln708_4 = call i11 @_ssdm_op_BitConcatenate.i11.i6.i5(i6 %data_10_V_read_4, i5 0)" [firmware/nnet_utils/nnet_dense_latency.h:42]   --->   Operation 92 'bitconcatenate' 'shl_ln708_4' <Predicate = true> <Delay = 0.00>
ST_1 : Operation 93 [1/1] (0.53ns)   --->   "%sub_ln708_5 = sub i11 %shl_ln708_4, %zext_ln708_5" [firmware/nnet_utils/nnet_dense_latency.h:42]   --->   Operation 93 'sub' 'sub_ln708_5' <Predicate = true> <Delay = 0.53> <Core = "AddSub">   --->   Core 14 'AddSub' <Latency = 0> <II = 1> <Delay = 0.55> <FuncUnit> <Opcode : 'add' 'sub'> <InPorts = 2> <OutPorts = 1>
ST_1 : Operation 94 [1/1] (0.00ns)   --->   "%lshr_ln708_5 = call i10 @_ssdm_op_PartSelect.i10.i11.i32.i32(i11 %sub_ln708_5, i32 1, i32 10)" [firmware/nnet_utils/nnet_dense_latency.h:42]   --->   Operation 94 'partselect' 'lshr_ln708_5' <Predicate = true> <Delay = 0.00>
ST_1 : Operation 95 [1/1] (0.00ns)   --->   "%zext_ln708_6 = zext i10 %lshr_ln708_5 to i11" [firmware/nnet_utils/nnet_dense_latency.h:42]   --->   Operation 95 'zext' 'zext_ln708_6' <Predicate = true> <Delay = 0.00>
ST_1 : Operation 96 [1/1] (0.00ns)   --->   "%shl_ln1118_5 = call i11 @_ssdm_op_BitConcatenate.i11.i6.i5(i6 %data_11_V_read11, i5 0)" [firmware/nnet_utils/nnet_mult.h:73->firmware/nnet_utils/nnet_dense_latency.h:42]   --->   Operation 96 'bitconcatenate' 'shl_ln1118_5' <Predicate = true> <Delay = 0.00>
ST_1 : Operation 97 [1/1] (0.00ns)   --->   "%zext_ln1118_11 = zext i11 %shl_ln1118_5 to i12" [firmware/nnet_utils/nnet_mult.h:73->firmware/nnet_utils/nnet_dense_latency.h:42]   --->   Operation 97 'zext' 'zext_ln1118_11' <Predicate = true> <Delay = 0.00>
ST_1 : Operation 98 [1/1] (0.53ns)   --->   "%sub_ln1118_7 = sub i12 0, %zext_ln1118_11" [firmware/nnet_utils/nnet_mult.h:73->firmware/nnet_utils/nnet_dense_latency.h:42]   --->   Operation 98 'sub' 'sub_ln1118_7' <Predicate = true> <Delay = 0.53> <Core = "AddSub">   --->   Core 14 'AddSub' <Latency = 0> <II = 1> <Delay = 0.55> <FuncUnit> <Opcode : 'add' 'sub'> <InPorts = 2> <OutPorts = 1>
ST_1 : Operation 99 [1/1] (0.00ns)   --->   "%trunc_ln708_116 = call i11 @_ssdm_op_PartSelect.i11.i12.i32.i32(i12 %sub_ln1118_7, i32 1, i32 11)" [firmware/nnet_utils/nnet_dense_latency.h:42]   --->   Operation 99 'partselect' 'trunc_ln708_116' <Predicate = true> <Delay = 0.00>
ST_1 : Operation 100 [1/1] (0.00ns)   --->   "%sext_ln203_7 = sext i11 %trunc_ln708_116 to i12" [firmware/nnet_utils/nnet_dense_latency.h:42]   --->   Operation 100 'sext' 'sext_ln203_7' <Predicate = true> <Delay = 0.00>
ST_1 : Operation 101 [1/1] (0.00ns)   --->   "%shl_ln708_5 = call i10 @_ssdm_op_BitConcatenate.i10.i6.i4(i6 %data_11_V_read11, i4 0)" [firmware/nnet_utils/nnet_dense_latency.h:42]   --->   Operation 101 'bitconcatenate' 'shl_ln708_5' <Predicate = true> <Delay = 0.00>
ST_1 : Operation 102 [1/1] (0.00ns)   --->   "%zext_ln708_7 = zext i10 %shl_ln708_5 to i11" [firmware/nnet_utils/nnet_dense_latency.h:42]   --->   Operation 102 'zext' 'zext_ln708_7' <Predicate = true> <Delay = 0.00>
ST_1 : Operation 103 [1/1] (0.00ns)   --->   "%shl_ln708_6 = call i7 @_ssdm_op_BitConcatenate.i7.i6.i1(i6 %data_11_V_read11, i1 false)" [firmware/nnet_utils/nnet_dense_latency.h:42]   --->   Operation 103 'bitconcatenate' 'shl_ln708_6' <Predicate = true> <Delay = 0.00>
ST_1 : Operation 104 [1/1] (0.00ns)   --->   "%zext_ln708_8 = zext i7 %shl_ln708_6 to i11" [firmware/nnet_utils/nnet_dense_latency.h:42]   --->   Operation 104 'zext' 'zext_ln708_8' <Predicate = true> <Delay = 0.00>
ST_1 : Operation 105 [1/1] (0.54ns)   --->   "%sub_ln708_6 = sub i11 %zext_ln708_7, %zext_ln708_8" [firmware/nnet_utils/nnet_dense_latency.h:42]   --->   Operation 105 'sub' 'sub_ln708_6' <Predicate = true> <Delay = 0.54> <Core = "AddSub">   --->   Core 14 'AddSub' <Latency = 0> <II = 1> <Delay = 0.55> <FuncUnit> <Opcode : 'add' 'sub'> <InPorts = 2> <OutPorts = 1>
ST_1 : Operation 106 [1/1] (0.00ns)   --->   "%lshr_ln708_6 = call i10 @_ssdm_op_PartSelect.i10.i11.i32.i32(i11 %sub_ln708_6, i32 1, i32 10)" [firmware/nnet_utils/nnet_dense_latency.h:42]   --->   Operation 106 'partselect' 'lshr_ln708_6' <Predicate = true> <Delay = 0.00>
ST_1 : Operation 107 [1/1] (0.00ns)   --->   "%zext_ln203_3 = zext i10 %lshr_ln708_6 to i12" [firmware/nnet_utils/nnet_dense_latency.h:42]   --->   Operation 107 'zext' 'zext_ln203_3' <Predicate = true> <Delay = 0.00>
ST_1 : Operation 108 [1/1] (0.00ns)   --->   "%shl_ln1118_6 = call i11 @_ssdm_op_BitConcatenate.i11.i6.i5(i6 %data_12_V_read12, i5 0)" [firmware/nnet_utils/nnet_mult.h:73->firmware/nnet_utils/nnet_dense_latency.h:42]   --->   Operation 108 'bitconcatenate' 'shl_ln1118_6' <Predicate = true> <Delay = 0.00>
ST_1 : Operation 109 [1/1] (0.00ns)   --->   "%zext_ln1118_12 = zext i11 %shl_ln1118_6 to i12" [firmware/nnet_utils/nnet_mult.h:73->firmware/nnet_utils/nnet_dense_latency.h:42]   --->   Operation 109 'zext' 'zext_ln1118_12' <Predicate = true> <Delay = 0.00>
ST_1 : Operation 110 [1/1] (0.53ns)   --->   "%sub_ln1118_8 = sub i12 0, %zext_ln1118_12" [firmware/nnet_utils/nnet_mult.h:73->firmware/nnet_utils/nnet_dense_latency.h:42]   --->   Operation 110 'sub' 'sub_ln1118_8' <Predicate = true> <Delay = 0.53> <Core = "AddSub">   --->   Core 14 'AddSub' <Latency = 0> <II = 1> <Delay = 0.55> <FuncUnit> <Opcode : 'add' 'sub'> <InPorts = 2> <OutPorts = 1>
ST_1 : Operation 111 [1/1] (0.00ns)   --->   "%trunc_ln708_117 = call i11 @_ssdm_op_PartSelect.i11.i12.i32.i32(i12 %sub_ln1118_8, i32 1, i32 11)" [firmware/nnet_utils/nnet_dense_latency.h:42]   --->   Operation 111 'partselect' 'trunc_ln708_117' <Predicate = true> <Delay = 0.00>
ST_1 : Operation 112 [1/1] (0.00ns)   --->   "%sext_ln203_8 = sext i11 %trunc_ln708_117 to i12" [firmware/nnet_utils/nnet_dense_latency.h:42]   --->   Operation 112 'sext' 'sext_ln203_8' <Predicate = true> <Delay = 0.00>
ST_1 : Operation 113 [1/1] (0.00ns)   --->   "%zext_ln1118_13 = zext i6 %data_13_V_read_3 to i11" [firmware/nnet_utils/nnet_mult.h:73->firmware/nnet_utils/nnet_dense_latency.h:42]   --->   Operation 113 'zext' 'zext_ln1118_13' <Predicate = true> <Delay = 0.00>
ST_1 : Operation 114 [1/1] (0.00ns)   --->   "%shl_ln1118_7 = call i11 @_ssdm_op_BitConcatenate.i11.i6.i5(i6 %data_13_V_read_3, i5 0)" [firmware/nnet_utils/nnet_mult.h:73->firmware/nnet_utils/nnet_dense_latency.h:42]   --->   Operation 114 'bitconcatenate' 'shl_ln1118_7' <Predicate = true> <Delay = 0.00>
ST_1 : Operation 115 [1/1] (0.00ns)   --->   "%zext_ln1118_14 = zext i11 %shl_ln1118_7 to i12" [firmware/nnet_utils/nnet_mult.h:73->firmware/nnet_utils/nnet_dense_latency.h:42]   --->   Operation 115 'zext' 'zext_ln1118_14' <Predicate = true> <Delay = 0.00>
ST_1 : Operation 116 [1/1] (0.53ns)   --->   "%sub_ln1118_9 = sub i12 0, %zext_ln1118_14" [firmware/nnet_utils/nnet_mult.h:73->firmware/nnet_utils/nnet_dense_latency.h:42]   --->   Operation 116 'sub' 'sub_ln1118_9' <Predicate = true> <Delay = 0.53> <Core = "AddSub">   --->   Core 14 'AddSub' <Latency = 0> <II = 1> <Delay = 0.55> <FuncUnit> <Opcode : 'add' 'sub'> <InPorts = 2> <OutPorts = 1>
ST_1 : Operation 117 [1/1] (0.00ns)   --->   "%trunc_ln708_118 = call i11 @_ssdm_op_PartSelect.i11.i12.i32.i32(i12 %sub_ln1118_9, i32 1, i32 11)" [firmware/nnet_utils/nnet_dense_latency.h:42]   --->   Operation 117 'partselect' 'trunc_ln708_118' <Predicate = true> <Delay = 0.00>
ST_1 : Operation 118 [1/1] (0.00ns)   --->   "%sext_ln203_9 = sext i11 %trunc_ln708_118 to i12" [firmware/nnet_utils/nnet_dense_latency.h:42]   --->   Operation 118 'sext' 'sext_ln203_9' <Predicate = true> <Delay = 0.00>
ST_1 : Operation 119 [1/1] (0.53ns)   --->   "%sub_ln708_7 = sub i11 %shl_ln1118_7, %zext_ln1118_13" [firmware/nnet_utils/nnet_dense_latency.h:42]   --->   Operation 119 'sub' 'sub_ln708_7' <Predicate = true> <Delay = 0.53> <Core = "AddSub">   --->   Core 14 'AddSub' <Latency = 0> <II = 1> <Delay = 0.55> <FuncUnit> <Opcode : 'add' 'sub'> <InPorts = 2> <OutPorts = 1>
ST_1 : Operation 120 [1/1] (0.00ns)   --->   "%lshr_ln708_7 = call i10 @_ssdm_op_PartSelect.i10.i11.i32.i32(i11 %sub_ln708_7, i32 1, i32 10)" [firmware/nnet_utils/nnet_dense_latency.h:42]   --->   Operation 120 'partselect' 'lshr_ln708_7' <Predicate = true> <Delay = 0.00>
ST_1 : Operation 121 [1/1] (0.00ns)   --->   "%zext_ln708_9 = zext i10 %lshr_ln708_7 to i11" [firmware/nnet_utils/nnet_dense_latency.h:42]   --->   Operation 121 'zext' 'zext_ln708_9' <Predicate = true> <Delay = 0.00>
ST_1 : Operation 122 [1/1] (0.00ns)   --->   "%shl_ln1118_8 = call i11 @_ssdm_op_BitConcatenate.i11.i6.i5(i6 %data_17_V_read_4, i5 0)" [firmware/nnet_utils/nnet_mult.h:73->firmware/nnet_utils/nnet_dense_latency.h:42]   --->   Operation 122 'bitconcatenate' 'shl_ln1118_8' <Predicate = true> <Delay = 0.00>
ST_1 : Operation 123 [1/1] (0.00ns)   --->   "%zext_ln1118_15 = zext i11 %shl_ln1118_8 to i12" [firmware/nnet_utils/nnet_mult.h:73->firmware/nnet_utils/nnet_dense_latency.h:42]   --->   Operation 123 'zext' 'zext_ln1118_15' <Predicate = true> <Delay = 0.00>
ST_1 : Operation 124 [1/1] (0.53ns)   --->   "%sub_ln1118_10 = sub i12 0, %zext_ln1118_15" [firmware/nnet_utils/nnet_mult.h:73->firmware/nnet_utils/nnet_dense_latency.h:42]   --->   Operation 124 'sub' 'sub_ln1118_10' <Predicate = true> <Delay = 0.53> <Core = "AddSub">   --->   Core 14 'AddSub' <Latency = 0> <II = 1> <Delay = 0.55> <FuncUnit> <Opcode : 'add' 'sub'> <InPorts = 2> <OutPorts = 1>
ST_1 : Operation 125 [1/1] (0.00ns)   --->   "%trunc_ln708_119 = call i11 @_ssdm_op_PartSelect.i11.i12.i32.i32(i12 %sub_ln1118_10, i32 1, i32 11)" [firmware/nnet_utils/nnet_dense_latency.h:42]   --->   Operation 125 'partselect' 'trunc_ln708_119' <Predicate = true> <Delay = 0.00>
ST_1 : Operation 126 [1/1] (0.00ns)   --->   "%sext_ln1116 = sext i11 %trunc_ln708_119 to i13" [firmware/nnet_utils/nnet_mult.h:73->firmware/nnet_utils/nnet_dense_latency.h:42]   --->   Operation 126 'sext' 'sext_ln1116' <Predicate = true> <Delay = 0.00>
ST_1 : Operation 127 [1/1] (0.00ns)   --->   "%shl_ln1118_9 = call i11 @_ssdm_op_BitConcatenate.i11.i6.i5(i6 %data_18_V_read_4, i5 0)" [firmware/nnet_utils/nnet_mult.h:73->firmware/nnet_utils/nnet_dense_latency.h:42]   --->   Operation 127 'bitconcatenate' 'shl_ln1118_9' <Predicate = true> <Delay = 0.00>
ST_1 : Operation 128 [1/1] (0.00ns)   --->   "%zext_ln1118_16 = zext i11 %shl_ln1118_9 to i12" [firmware/nnet_utils/nnet_mult.h:73->firmware/nnet_utils/nnet_dense_latency.h:42]   --->   Operation 128 'zext' 'zext_ln1118_16' <Predicate = true> <Delay = 0.00>
ST_1 : Operation 129 [1/1] (0.53ns)   --->   "%sub_ln1118_11 = sub i12 0, %zext_ln1118_16" [firmware/nnet_utils/nnet_mult.h:73->firmware/nnet_utils/nnet_dense_latency.h:42]   --->   Operation 129 'sub' 'sub_ln1118_11' <Predicate = true> <Delay = 0.53> <Core = "AddSub">   --->   Core 14 'AddSub' <Latency = 0> <II = 1> <Delay = 0.55> <FuncUnit> <Opcode : 'add' 'sub'> <InPorts = 2> <OutPorts = 1>
ST_1 : Operation 130 [1/1] (0.00ns)   --->   "%trunc_ln708_120 = call i11 @_ssdm_op_PartSelect.i11.i12.i32.i32(i12 %sub_ln1118_11, i32 1, i32 11)" [firmware/nnet_utils/nnet_dense_latency.h:42]   --->   Operation 130 'partselect' 'trunc_ln708_120' <Predicate = true> <Delay = 0.00>
ST_1 : Operation 131 [1/1] (0.00ns)   --->   "%sext_ln1116_1 = sext i11 %trunc_ln708_120 to i12" [firmware/nnet_utils/nnet_mult.h:73->firmware/nnet_utils/nnet_dense_latency.h:42]   --->   Operation 131 'sext' 'sext_ln1116_1' <Predicate = true> <Delay = 0.00>
ST_1 : Operation 132 [1/1] (0.00ns)   --->   "%shl_ln1118_10 = call i11 @_ssdm_op_BitConcatenate.i11.i6.i5(i6 %data_19_V_read_4, i5 0)" [firmware/nnet_utils/nnet_mult.h:73->firmware/nnet_utils/nnet_dense_latency.h:42]   --->   Operation 132 'bitconcatenate' 'shl_ln1118_10' <Predicate = true> <Delay = 0.00>
ST_1 : Operation 133 [1/1] (0.00ns)   --->   "%zext_ln1118_17 = zext i11 %shl_ln1118_10 to i12" [firmware/nnet_utils/nnet_mult.h:73->firmware/nnet_utils/nnet_dense_latency.h:42]   --->   Operation 133 'zext' 'zext_ln1118_17' <Predicate = true> <Delay = 0.00>
ST_1 : Operation 134 [1/1] (0.53ns)   --->   "%sub_ln1118_12 = sub i12 0, %zext_ln1118_17" [firmware/nnet_utils/nnet_mult.h:73->firmware/nnet_utils/nnet_dense_latency.h:42]   --->   Operation 134 'sub' 'sub_ln1118_12' <Predicate = true> <Delay = 0.53> <Core = "AddSub">   --->   Core 14 'AddSub' <Latency = 0> <II = 1> <Delay = 0.55> <FuncUnit> <Opcode : 'add' 'sub'> <InPorts = 2> <OutPorts = 1>
ST_1 : Operation 135 [1/1] (0.00ns)   --->   "%trunc_ln708_121 = call i11 @_ssdm_op_PartSelect.i11.i12.i32.i32(i12 %sub_ln1118_12, i32 1, i32 11)" [firmware/nnet_utils/nnet_dense_latency.h:42]   --->   Operation 135 'partselect' 'trunc_ln708_121' <Predicate = true> <Delay = 0.00>
ST_1 : Operation 136 [1/1] (0.00ns)   --->   "%sext_ln1118 = sext i11 %trunc_ln708_121 to i12" [firmware/nnet_utils/nnet_mult.h:73->firmware/nnet_utils/nnet_dense_latency.h:42]   --->   Operation 136 'sext' 'sext_ln1118' <Predicate = true> <Delay = 0.00>
ST_1 : Operation 137 [1/1] (0.00ns)   --->   "%shl_ln708_7 = call i9 @_ssdm_op_BitConcatenate.i9.i6.i3(i6 %data_19_V_read_4, i3 0)" [firmware/nnet_utils/nnet_dense_latency.h:42]   --->   Operation 137 'bitconcatenate' 'shl_ln708_7' <Predicate = true> <Delay = 0.00>
ST_1 : Operation 138 [1/1] (0.00ns)   --->   "%zext_ln708_10 = zext i9 %shl_ln708_7 to i10" [firmware/nnet_utils/nnet_dense_latency.h:42]   --->   Operation 138 'zext' 'zext_ln708_10' <Predicate = true> <Delay = 0.00>
ST_1 : Operation 139 [1/1] (0.00ns)   --->   "%shl_ln708_8 = call i7 @_ssdm_op_BitConcatenate.i7.i6.i1(i6 %data_19_V_read_4, i1 false)" [firmware/nnet_utils/nnet_dense_latency.h:42]   --->   Operation 139 'bitconcatenate' 'shl_ln708_8' <Predicate = true> <Delay = 0.00>
ST_1 : Operation 140 [1/1] (0.00ns)   --->   "%zext_ln708_11 = zext i7 %shl_ln708_8 to i10" [firmware/nnet_utils/nnet_dense_latency.h:42]   --->   Operation 140 'zext' 'zext_ln708_11' <Predicate = true> <Delay = 0.00>
ST_1 : Operation 141 [1/1] (0.51ns)   --->   "%sub_ln708_8 = sub i10 %zext_ln708_10, %zext_ln708_11" [firmware/nnet_utils/nnet_dense_latency.h:42]   --->   Operation 141 'sub' 'sub_ln708_8' <Predicate = true> <Delay = 0.51> <Core = "AddSub">   --->   Core 14 'AddSub' <Latency = 0> <II = 1> <Delay = 0.55> <FuncUnit> <Opcode : 'add' 'sub'> <InPorts = 2> <OutPorts = 1>
ST_1 : Operation 142 [1/1] (0.00ns)   --->   "%trunc_ln708_122 = call i9 @_ssdm_op_PartSelect.i9.i10.i32.i32(i10 %sub_ln708_8, i32 1, i32 9)" [firmware/nnet_utils/nnet_dense_latency.h:42]   --->   Operation 142 'partselect' 'trunc_ln708_122' <Predicate = true> <Delay = 0.00>
ST_1 : Operation 143 [1/1] (0.00ns)   --->   "%sext_ln708 = sext i9 %trunc_ln708_122 to i10" [firmware/nnet_utils/nnet_dense_latency.h:42]   --->   Operation 143 'sext' 'sext_ln708' <Predicate = true> <Delay = 0.00>
ST_1 : Operation 144 [1/1] (0.00ns)   --->   "%zext_ln708_12 = zext i10 %sext_ln708 to i11" [firmware/nnet_utils/nnet_dense_latency.h:42]   --->   Operation 144 'zext' 'zext_ln708_12' <Predicate = true> <Delay = 0.00>
ST_1 : Operation 145 [1/1] (0.00ns)   --->   "%zext_ln708_13 = zext i6 %data_20_V_read_4 to i11" [firmware/nnet_utils/nnet_dense_latency.h:42]   --->   Operation 145 'zext' 'zext_ln708_13' <Predicate = true> <Delay = 0.00>
ST_1 : Operation 146 [1/1] (0.00ns)   --->   "%shl_ln708_9 = call i11 @_ssdm_op_BitConcatenate.i11.i6.i5(i6 %data_20_V_read_4, i5 0)" [firmware/nnet_utils/nnet_dense_latency.h:42]   --->   Operation 146 'bitconcatenate' 'shl_ln708_9' <Predicate = true> <Delay = 0.00>
ST_1 : Operation 147 [1/1] (0.53ns)   --->   "%sub_ln708_9 = sub i11 %shl_ln708_9, %zext_ln708_13" [firmware/nnet_utils/nnet_dense_latency.h:42]   --->   Operation 147 'sub' 'sub_ln708_9' <Predicate = true> <Delay = 0.53> <Core = "AddSub">   --->   Core 14 'AddSub' <Latency = 0> <II = 1> <Delay = 0.55> <FuncUnit> <Opcode : 'add' 'sub'> <InPorts = 2> <OutPorts = 1>
ST_1 : Operation 148 [1/1] (0.00ns)   --->   "%lshr_ln708_8 = call i10 @_ssdm_op_PartSelect.i10.i11.i32.i32(i11 %sub_ln708_9, i32 1, i32 10)" [firmware/nnet_utils/nnet_dense_latency.h:42]   --->   Operation 148 'partselect' 'lshr_ln708_8' <Predicate = true> <Delay = 0.00>
ST_1 : Operation 149 [1/1] (0.00ns)   --->   "%zext_ln708_14 = zext i10 %lshr_ln708_8 to i11" [firmware/nnet_utils/nnet_dense_latency.h:42]   --->   Operation 149 'zext' 'zext_ln708_14' <Predicate = true> <Delay = 0.00>
ST_1 : Operation 150 [1/1] (0.00ns)   --->   "%zext_ln1118_18 = zext i6 %data_21_V_read_4 to i11" [firmware/nnet_utils/nnet_mult.h:73->firmware/nnet_utils/nnet_dense_latency.h:42]   --->   Operation 150 'zext' 'zext_ln1118_18' <Predicate = true> <Delay = 0.00>
ST_1 : Operation 151 [1/1] (0.00ns)   --->   "%shl_ln1118_11 = call i11 @_ssdm_op_BitConcatenate.i11.i6.i5(i6 %data_21_V_read_4, i5 0)" [firmware/nnet_utils/nnet_mult.h:73->firmware/nnet_utils/nnet_dense_latency.h:42]   --->   Operation 151 'bitconcatenate' 'shl_ln1118_11' <Predicate = true> <Delay = 0.00>
ST_1 : Operation 152 [1/1] (0.00ns)   --->   "%zext_ln1118_19 = zext i11 %shl_ln1118_11 to i12" [firmware/nnet_utils/nnet_mult.h:73->firmware/nnet_utils/nnet_dense_latency.h:42]   --->   Operation 152 'zext' 'zext_ln1118_19' <Predicate = true> <Delay = 0.00>
ST_1 : Operation 153 [1/1] (0.53ns)   --->   "%sub_ln1118_13 = sub i12 0, %zext_ln1118_19" [firmware/nnet_utils/nnet_mult.h:73->firmware/nnet_utils/nnet_dense_latency.h:42]   --->   Operation 153 'sub' 'sub_ln1118_13' <Predicate = true> <Delay = 0.53> <Core = "AddSub">   --->   Core 14 'AddSub' <Latency = 0> <II = 1> <Delay = 0.55> <FuncUnit> <Opcode : 'add' 'sub'> <InPorts = 2> <OutPorts = 1>
ST_1 : Operation 154 [1/1] (0.00ns)   --->   "%trunc_ln708_123 = call i11 @_ssdm_op_PartSelect.i11.i12.i32.i32(i12 %sub_ln1118_13, i32 1, i32 11)" [firmware/nnet_utils/nnet_dense_latency.h:42]   --->   Operation 154 'partselect' 'trunc_ln708_123' <Predicate = true> <Delay = 0.00>
ST_1 : Operation 155 [1/1] (0.00ns)   --->   "%sext_ln1118_5 = sext i11 %trunc_ln708_123 to i12" [firmware/nnet_utils/nnet_mult.h:73->firmware/nnet_utils/nnet_dense_latency.h:42]   --->   Operation 155 'sext' 'sext_ln1118_5' <Predicate = true> <Delay = 0.00>
ST_1 : Operation 156 [1/1] (0.53ns)   --->   "%sub_ln708_10 = sub i11 %shl_ln1118_11, %zext_ln1118_18" [firmware/nnet_utils/nnet_dense_latency.h:42]   --->   Operation 156 'sub' 'sub_ln708_10' <Predicate = true> <Delay = 0.53> <Core = "AddSub">   --->   Core 14 'AddSub' <Latency = 0> <II = 1> <Delay = 0.55> <FuncUnit> <Opcode : 'add' 'sub'> <InPorts = 2> <OutPorts = 1>
ST_1 : Operation 157 [1/1] (0.00ns)   --->   "%lshr_ln708_9 = call i10 @_ssdm_op_PartSelect.i10.i11.i32.i32(i11 %sub_ln708_10, i32 1, i32 10)" [firmware/nnet_utils/nnet_dense_latency.h:42]   --->   Operation 157 'partselect' 'lshr_ln708_9' <Predicate = true> <Delay = 0.00>
ST_1 : Operation 158 [1/1] (0.00ns)   --->   "%zext_ln708_15 = zext i10 %lshr_ln708_9 to i12" [firmware/nnet_utils/nnet_dense_latency.h:42]   --->   Operation 158 'zext' 'zext_ln708_15' <Predicate = true> <Delay = 0.00>
ST_1 : Operation 159 [1/1] (1.23ns)   --->   "%mul_ln708_1 = mul i11 %zext_ln1118_18, 23" [firmware/nnet_utils/nnet_dense_latency.h:42]   --->   Operation 159 'mul' 'mul_ln708_1' <Predicate = true> <Delay = 1.23> <Core = "Mul">   --->   Core 16 'Mul' <Latency = 0> <II = 1> <Delay = 1.23> <FuncUnit> <Opcode : 'mul'> <InPorts = 2> <OutPorts = 1>
ST_1 : Operation 160 [1/1] (0.00ns)   --->   "%lshr_ln708_10 = call i10 @_ssdm_op_PartSelect.i10.i11.i32.i32(i11 %mul_ln708_1, i32 1, i32 10)" [firmware/nnet_utils/nnet_dense_latency.h:42]   --->   Operation 160 'partselect' 'lshr_ln708_10' <Predicate = true> <Delay = 0.00>
ST_1 : Operation 161 [1/1] (0.00ns)   --->   "%zext_ln708_16 = zext i10 %lshr_ln708_10 to i11" [firmware/nnet_utils/nnet_dense_latency.h:42]   --->   Operation 161 'zext' 'zext_ln708_16' <Predicate = true> <Delay = 0.00>
ST_1 : Operation 162 [1/1] (0.00ns)   --->   "%zext_ln1118_20 = zext i6 %data_22_V_read_4 to i11" [firmware/nnet_utils/nnet_mult.h:73->firmware/nnet_utils/nnet_dense_latency.h:42]   --->   Operation 162 'zext' 'zext_ln1118_20' <Predicate = true> <Delay = 0.00>
ST_1 : Operation 163 [1/1] (0.00ns)   --->   "%shl_ln1118_12 = call i11 @_ssdm_op_BitConcatenate.i11.i6.i5(i6 %data_22_V_read_4, i5 0)" [firmware/nnet_utils/nnet_mult.h:73->firmware/nnet_utils/nnet_dense_latency.h:42]   --->   Operation 163 'bitconcatenate' 'shl_ln1118_12' <Predicate = true> <Delay = 0.00>
ST_1 : Operation 164 [1/1] (0.00ns)   --->   "%zext_ln1118_21 = zext i11 %shl_ln1118_12 to i12" [firmware/nnet_utils/nnet_mult.h:73->firmware/nnet_utils/nnet_dense_latency.h:42]   --->   Operation 164 'zext' 'zext_ln1118_21' <Predicate = true> <Delay = 0.00>
ST_1 : Operation 165 [1/1] (0.53ns)   --->   "%sub_ln1118_14 = sub i12 0, %zext_ln1118_21" [firmware/nnet_utils/nnet_mult.h:73->firmware/nnet_utils/nnet_dense_latency.h:42]   --->   Operation 165 'sub' 'sub_ln1118_14' <Predicate = true> <Delay = 0.53> <Core = "AddSub">   --->   Core 14 'AddSub' <Latency = 0> <II = 1> <Delay = 0.55> <FuncUnit> <Opcode : 'add' 'sub'> <InPorts = 2> <OutPorts = 1>
ST_1 : Operation 166 [1/1] (0.00ns)   --->   "%trunc_ln708_124 = call i11 @_ssdm_op_PartSelect.i11.i12.i32.i32(i12 %sub_ln1118_14, i32 1, i32 11)" [firmware/nnet_utils/nnet_dense_latency.h:42]   --->   Operation 166 'partselect' 'trunc_ln708_124' <Predicate = true> <Delay = 0.00>
ST_1 : Operation 167 [1/1] (0.00ns)   --->   "%sext_ln1118_6 = sext i11 %trunc_ln708_124 to i12" [firmware/nnet_utils/nnet_mult.h:73->firmware/nnet_utils/nnet_dense_latency.h:42]   --->   Operation 167 'sext' 'sext_ln1118_6' <Predicate = true> <Delay = 0.00>
ST_1 : Operation 168 [1/1] (0.53ns)   --->   "%sub_ln708_11 = sub i11 %shl_ln1118_12, %zext_ln1118_20" [firmware/nnet_utils/nnet_dense_latency.h:42]   --->   Operation 168 'sub' 'sub_ln708_11' <Predicate = true> <Delay = 0.53> <Core = "AddSub">   --->   Core 14 'AddSub' <Latency = 0> <II = 1> <Delay = 0.55> <FuncUnit> <Opcode : 'add' 'sub'> <InPorts = 2> <OutPorts = 1>
ST_1 : Operation 169 [1/1] (0.00ns)   --->   "%lshr_ln708_11 = call i10 @_ssdm_op_PartSelect.i10.i11.i32.i32(i11 %sub_ln708_11, i32 1, i32 10)" [firmware/nnet_utils/nnet_dense_latency.h:42]   --->   Operation 169 'partselect' 'lshr_ln708_11' <Predicate = true> <Delay = 0.00>
ST_1 : Operation 170 [1/1] (0.00ns)   --->   "%zext_ln708_17 = zext i10 %lshr_ln708_11 to i11" [firmware/nnet_utils/nnet_dense_latency.h:42]   --->   Operation 170 'zext' 'zext_ln708_17' <Predicate = true> <Delay = 0.00>
ST_1 : Operation 171 [1/1] (0.00ns)   --->   "%zext_ln1118_22 = zext i6 %data_24_V_read_4 to i11" [firmware/nnet_utils/nnet_mult.h:73->firmware/nnet_utils/nnet_dense_latency.h:42]   --->   Operation 171 'zext' 'zext_ln1118_22' <Predicate = true> <Delay = 0.00>
ST_1 : Operation 172 [1/1] (0.00ns)   --->   "%shl_ln1118_13 = call i11 @_ssdm_op_BitConcatenate.i11.i6.i5(i6 %data_24_V_read_4, i5 0)" [firmware/nnet_utils/nnet_mult.h:73->firmware/nnet_utils/nnet_dense_latency.h:42]   --->   Operation 172 'bitconcatenate' 'shl_ln1118_13' <Predicate = true> <Delay = 0.00>
ST_1 : Operation 173 [1/1] (0.00ns)   --->   "%zext_ln1118_23 = zext i11 %shl_ln1118_13 to i12" [firmware/nnet_utils/nnet_mult.h:73->firmware/nnet_utils/nnet_dense_latency.h:42]   --->   Operation 173 'zext' 'zext_ln1118_23' <Predicate = true> <Delay = 0.00>
ST_1 : Operation 174 [1/1] (0.53ns)   --->   "%sub_ln1118_15 = sub i12 0, %zext_ln1118_23" [firmware/nnet_utils/nnet_mult.h:73->firmware/nnet_utils/nnet_dense_latency.h:42]   --->   Operation 174 'sub' 'sub_ln1118_15' <Predicate = true> <Delay = 0.53> <Core = "AddSub">   --->   Core 14 'AddSub' <Latency = 0> <II = 1> <Delay = 0.55> <FuncUnit> <Opcode : 'add' 'sub'> <InPorts = 2> <OutPorts = 1>
ST_1 : Operation 175 [1/1] (0.00ns)   --->   "%trunc_ln708_125 = call i11 @_ssdm_op_PartSelect.i11.i12.i32.i32(i12 %sub_ln1118_15, i32 1, i32 11)" [firmware/nnet_utils/nnet_dense_latency.h:42]   --->   Operation 175 'partselect' 'trunc_ln708_125' <Predicate = true> <Delay = 0.00>
ST_1 : Operation 176 [1/1] (0.00ns)   --->   "%sext_ln1118_7 = sext i11 %trunc_ln708_125 to i12" [firmware/nnet_utils/nnet_mult.h:73->firmware/nnet_utils/nnet_dense_latency.h:42]   --->   Operation 176 'sext' 'sext_ln1118_7' <Predicate = true> <Delay = 0.00>
ST_1 : Operation 177 [1/1] (0.00ns)   --->   "%sext_ln1118_8 = sext i11 %trunc_ln708_125 to i13" [firmware/nnet_utils/nnet_mult.h:73->firmware/nnet_utils/nnet_dense_latency.h:42]   --->   Operation 177 'sext' 'sext_ln1118_8' <Predicate = true> <Delay = 0.00>
ST_1 : Operation 178 [1/1] (0.53ns)   --->   "%sub_ln708_12 = sub i11 %shl_ln1118_13, %zext_ln1118_22" [firmware/nnet_utils/nnet_dense_latency.h:42]   --->   Operation 178 'sub' 'sub_ln708_12' <Predicate = true> <Delay = 0.53> <Core = "AddSub">   --->   Core 14 'AddSub' <Latency = 0> <II = 1> <Delay = 0.55> <FuncUnit> <Opcode : 'add' 'sub'> <InPorts = 2> <OutPorts = 1>
ST_1 : Operation 179 [1/1] (0.00ns)   --->   "%lshr_ln708_12 = call i10 @_ssdm_op_PartSelect.i10.i11.i32.i32(i11 %sub_ln708_12, i32 1, i32 10)" [firmware/nnet_utils/nnet_dense_latency.h:42]   --->   Operation 179 'partselect' 'lshr_ln708_12' <Predicate = true> <Delay = 0.00>
ST_1 : Operation 180 [1/1] (0.00ns)   --->   "%zext_ln708_18 = zext i10 %lshr_ln708_12 to i11" [firmware/nnet_utils/nnet_dense_latency.h:42]   --->   Operation 180 'zext' 'zext_ln708_18' <Predicate = true> <Delay = 0.00>
ST_1 : Operation 181 [1/1] (0.00ns)   --->   "%shl_ln1118_14 = call i11 @_ssdm_op_BitConcatenate.i11.i6.i5(i6 %data_25_V_read21, i5 0)" [firmware/nnet_utils/nnet_mult.h:73->firmware/nnet_utils/nnet_dense_latency.h:42]   --->   Operation 181 'bitconcatenate' 'shl_ln1118_14' <Predicate = true> <Delay = 0.00>
ST_1 : Operation 182 [1/1] (0.00ns)   --->   "%zext_ln1118_24 = zext i11 %shl_ln1118_14 to i12" [firmware/nnet_utils/nnet_mult.h:73->firmware/nnet_utils/nnet_dense_latency.h:42]   --->   Operation 182 'zext' 'zext_ln1118_24' <Predicate = true> <Delay = 0.00>
ST_1 : Operation 183 [1/1] (0.53ns)   --->   "%sub_ln1118_16 = sub i12 0, %zext_ln1118_24" [firmware/nnet_utils/nnet_mult.h:73->firmware/nnet_utils/nnet_dense_latency.h:42]   --->   Operation 183 'sub' 'sub_ln1118_16' <Predicate = true> <Delay = 0.53> <Core = "AddSub">   --->   Core 14 'AddSub' <Latency = 0> <II = 1> <Delay = 0.55> <FuncUnit> <Opcode : 'add' 'sub'> <InPorts = 2> <OutPorts = 1>
ST_1 : Operation 184 [1/1] (0.00ns)   --->   "%trunc_ln708_126 = call i11 @_ssdm_op_PartSelect.i11.i12.i32.i32(i12 %sub_ln1118_16, i32 1, i32 11)" [firmware/nnet_utils/nnet_dense_latency.h:42]   --->   Operation 184 'partselect' 'trunc_ln708_126' <Predicate = true> <Delay = 0.00>
ST_1 : Operation 185 [1/1] (0.00ns)   --->   "%sext_ln708_1 = sext i11 %trunc_ln708_126 to i12" [firmware/nnet_utils/nnet_dense_latency.h:42]   --->   Operation 185 'sext' 'sext_ln708_1' <Predicate = true> <Delay = 0.00>
ST_1 : Operation 186 [1/1] (0.00ns)   --->   "%zext_ln708_19 = zext i6 %data_26_V_read22 to i11" [firmware/nnet_utils/nnet_dense_latency.h:42]   --->   Operation 186 'zext' 'zext_ln708_19' <Predicate = true> <Delay = 0.00>
ST_1 : Operation 187 [1/1] (0.00ns)   --->   "%shl_ln708_10 = call i11 @_ssdm_op_BitConcatenate.i11.i6.i5(i6 %data_26_V_read22, i5 0)" [firmware/nnet_utils/nnet_dense_latency.h:42]   --->   Operation 187 'bitconcatenate' 'shl_ln708_10' <Predicate = true> <Delay = 0.00>
ST_1 : Operation 188 [1/1] (0.53ns)   --->   "%sub_ln708_13 = sub i11 %shl_ln708_10, %zext_ln708_19" [firmware/nnet_utils/nnet_dense_latency.h:42]   --->   Operation 188 'sub' 'sub_ln708_13' <Predicate = true> <Delay = 0.53> <Core = "AddSub">   --->   Core 14 'AddSub' <Latency = 0> <II = 1> <Delay = 0.55> <FuncUnit> <Opcode : 'add' 'sub'> <InPorts = 2> <OutPorts = 1>
ST_1 : Operation 189 [1/1] (0.00ns)   --->   "%lshr_ln708_13 = call i10 @_ssdm_op_PartSelect.i10.i11.i32.i32(i11 %sub_ln708_13, i32 1, i32 10)" [firmware/nnet_utils/nnet_dense_latency.h:42]   --->   Operation 189 'partselect' 'lshr_ln708_13' <Predicate = true> <Delay = 0.00>
ST_1 : Operation 190 [1/1] (0.00ns)   --->   "%zext_ln708_20 = zext i10 %lshr_ln708_13 to i11" [firmware/nnet_utils/nnet_dense_latency.h:42]   --->   Operation 190 'zext' 'zext_ln708_20' <Predicate = true> <Delay = 0.00>
ST_1 : Operation 191 [1/1] (0.00ns)   --->   "%zext_ln1118_25 = zext i6 %data_28_V_read23 to i11" [firmware/nnet_utils/nnet_mult.h:73->firmware/nnet_utils/nnet_dense_latency.h:42]   --->   Operation 191 'zext' 'zext_ln1118_25' <Predicate = true> <Delay = 0.00>
ST_1 : Operation 192 [1/1] (0.00ns)   --->   "%shl_ln708_11 = call i11 @_ssdm_op_BitConcatenate.i11.i6.i5(i6 %data_28_V_read23, i5 0)" [firmware/nnet_utils/nnet_dense_latency.h:42]   --->   Operation 192 'bitconcatenate' 'shl_ln708_11' <Predicate = true> <Delay = 0.00>
ST_1 : Operation 193 [1/1] (0.53ns)   --->   "%sub_ln708_14 = sub i11 %shl_ln708_11, %zext_ln1118_25" [firmware/nnet_utils/nnet_dense_latency.h:42]   --->   Operation 193 'sub' 'sub_ln708_14' <Predicate = true> <Delay = 0.53> <Core = "AddSub">   --->   Core 14 'AddSub' <Latency = 0> <II = 1> <Delay = 0.55> <FuncUnit> <Opcode : 'add' 'sub'> <InPorts = 2> <OutPorts = 1>
ST_1 : Operation 194 [1/1] (0.00ns)   --->   "%lshr_ln708_14 = call i10 @_ssdm_op_PartSelect.i10.i11.i32.i32(i11 %sub_ln708_14, i32 1, i32 10)" [firmware/nnet_utils/nnet_dense_latency.h:42]   --->   Operation 194 'partselect' 'lshr_ln708_14' <Predicate = true> <Delay = 0.00>
ST_1 : Operation 195 [1/1] (0.00ns)   --->   "%zext_ln708_21 = zext i10 %lshr_ln708_14 to i11" [firmware/nnet_utils/nnet_dense_latency.h:42]   --->   Operation 195 'zext' 'zext_ln708_21' <Predicate = true> <Delay = 0.00>
ST_1 : Operation 196 [1/1] (0.00ns)   --->   "%zext_ln1118_26 = zext i11 %shl_ln708_11 to i12" [firmware/nnet_utils/nnet_mult.h:73->firmware/nnet_utils/nnet_dense_latency.h:42]   --->   Operation 196 'zext' 'zext_ln1118_26' <Predicate = true> <Delay = 0.00>
ST_1 : Operation 197 [1/1] (0.53ns)   --->   "%sub_ln1118_17 = sub i12 0, %zext_ln1118_26" [firmware/nnet_utils/nnet_mult.h:73->firmware/nnet_utils/nnet_dense_latency.h:42]   --->   Operation 197 'sub' 'sub_ln1118_17' <Predicate = true> <Delay = 0.53> <Core = "AddSub">   --->   Core 14 'AddSub' <Latency = 0> <II = 1> <Delay = 0.55> <FuncUnit> <Opcode : 'add' 'sub'> <InPorts = 2> <OutPorts = 1>
ST_1 : Operation 198 [1/1] (0.00ns)   --->   "%trunc_ln708_127 = call i11 @_ssdm_op_PartSelect.i11.i12.i32.i32(i12 %sub_ln1118_17, i32 1, i32 11)" [firmware/nnet_utils/nnet_dense_latency.h:42]   --->   Operation 198 'partselect' 'trunc_ln708_127' <Predicate = true> <Delay = 0.00>
ST_1 : Operation 199 [1/1] (0.00ns)   --->   "%sext_ln1116_2 = sext i11 %trunc_ln708_127 to i12" [firmware/nnet_utils/nnet_mult.h:73->firmware/nnet_utils/nnet_dense_latency.h:42]   --->   Operation 199 'sext' 'sext_ln1116_2' <Predicate = true> <Delay = 0.00>
ST_1 : Operation 200 [1/1] (0.00ns)   --->   "%shl_ln1118_15 = call i11 @_ssdm_op_BitConcatenate.i11.i6.i5(i6 %data_29_V_read_4, i5 0)" [firmware/nnet_utils/nnet_mult.h:73->firmware/nnet_utils/nnet_dense_latency.h:42]   --->   Operation 200 'bitconcatenate' 'shl_ln1118_15' <Predicate = true> <Delay = 0.00>
ST_1 : Operation 201 [1/1] (0.00ns)   --->   "%zext_ln1118_27 = zext i11 %shl_ln1118_15 to i12" [firmware/nnet_utils/nnet_mult.h:73->firmware/nnet_utils/nnet_dense_latency.h:42]   --->   Operation 201 'zext' 'zext_ln1118_27' <Predicate = true> <Delay = 0.00>
ST_1 : Operation 202 [1/1] (0.53ns)   --->   "%sub_ln1118_18 = sub i12 0, %zext_ln1118_27" [firmware/nnet_utils/nnet_mult.h:73->firmware/nnet_utils/nnet_dense_latency.h:42]   --->   Operation 202 'sub' 'sub_ln1118_18' <Predicate = true> <Delay = 0.53> <Core = "AddSub">   --->   Core 14 'AddSub' <Latency = 0> <II = 1> <Delay = 0.55> <FuncUnit> <Opcode : 'add' 'sub'> <InPorts = 2> <OutPorts = 1>
ST_1 : Operation 203 [1/1] (0.00ns)   --->   "%trunc_ln708_128 = call i11 @_ssdm_op_PartSelect.i11.i12.i32.i32(i12 %sub_ln1118_18, i32 1, i32 11)" [firmware/nnet_utils/nnet_dense_latency.h:42]   --->   Operation 203 'partselect' 'trunc_ln708_128' <Predicate = true> <Delay = 0.00>
ST_1 : Operation 204 [1/1] (0.00ns)   --->   "%sext_ln1116_3 = sext i11 %trunc_ln708_128 to i13" [firmware/nnet_utils/nnet_mult.h:73->firmware/nnet_utils/nnet_dense_latency.h:42]   --->   Operation 204 'sext' 'sext_ln1116_3' <Predicate = true> <Delay = 0.00>
ST_1 : Operation 205 [1/1] (0.00ns)   --->   "%zext_ln1118_28 = zext i6 %data_31_V_read_4 to i11" [firmware/nnet_utils/nnet_mult.h:73->firmware/nnet_utils/nnet_dense_latency.h:42]   --->   Operation 205 'zext' 'zext_ln1118_28' <Predicate = true> <Delay = 0.00>
ST_1 : Operation 206 [1/1] (0.00ns)   --->   "%shl_ln1118_16 = call i11 @_ssdm_op_BitConcatenate.i11.i6.i5(i6 %data_31_V_read_4, i5 0)" [firmware/nnet_utils/nnet_mult.h:73->firmware/nnet_utils/nnet_dense_latency.h:42]   --->   Operation 206 'bitconcatenate' 'shl_ln1118_16' <Predicate = true> <Delay = 0.00>
ST_1 : Operation 207 [1/1] (0.00ns)   --->   "%zext_ln1118_29 = zext i11 %shl_ln1118_16 to i12" [firmware/nnet_utils/nnet_mult.h:73->firmware/nnet_utils/nnet_dense_latency.h:42]   --->   Operation 207 'zext' 'zext_ln1118_29' <Predicate = true> <Delay = 0.00>
ST_1 : Operation 208 [1/1] (0.53ns)   --->   "%sub_ln1118_19 = sub i12 0, %zext_ln1118_29" [firmware/nnet_utils/nnet_mult.h:73->firmware/nnet_utils/nnet_dense_latency.h:42]   --->   Operation 208 'sub' 'sub_ln1118_19' <Predicate = true> <Delay = 0.53> <Core = "AddSub">   --->   Core 14 'AddSub' <Latency = 0> <II = 1> <Delay = 0.55> <FuncUnit> <Opcode : 'add' 'sub'> <InPorts = 2> <OutPorts = 1>
ST_1 : Operation 209 [1/1] (0.00ns)   --->   "%trunc_ln708_129 = call i11 @_ssdm_op_PartSelect.i11.i12.i32.i32(i12 %sub_ln1118_19, i32 1, i32 11)" [firmware/nnet_utils/nnet_dense_latency.h:42]   --->   Operation 209 'partselect' 'trunc_ln708_129' <Predicate = true> <Delay = 0.00>
ST_1 : Operation 210 [1/1] (0.00ns)   --->   "%sext_ln1118_9 = sext i11 %trunc_ln708_129 to i12" [firmware/nnet_utils/nnet_mult.h:73->firmware/nnet_utils/nnet_dense_latency.h:42]   --->   Operation 210 'sext' 'sext_ln1118_9' <Predicate = true> <Delay = 0.00>
ST_1 : Operation 211 [1/1] (0.53ns)   --->   "%sub_ln708_15 = sub i11 %shl_ln1118_16, %zext_ln1118_28" [firmware/nnet_utils/nnet_dense_latency.h:42]   --->   Operation 211 'sub' 'sub_ln708_15' <Predicate = true> <Delay = 0.53> <Core = "AddSub">   --->   Core 14 'AddSub' <Latency = 0> <II = 1> <Delay = 0.55> <FuncUnit> <Opcode : 'add' 'sub'> <InPorts = 2> <OutPorts = 1>
ST_1 : Operation 212 [1/1] (0.00ns)   --->   "%lshr_ln708_15 = call i10 @_ssdm_op_PartSelect.i10.i11.i32.i32(i11 %sub_ln708_15, i32 1, i32 10)" [firmware/nnet_utils/nnet_dense_latency.h:42]   --->   Operation 212 'partselect' 'lshr_ln708_15' <Predicate = true> <Delay = 0.00>
ST_1 : Operation 213 [1/1] (0.00ns)   --->   "%zext_ln708_22 = zext i10 %lshr_ln708_15 to i11" [firmware/nnet_utils/nnet_dense_latency.h:42]   --->   Operation 213 'zext' 'zext_ln708_22' <Predicate = true> <Delay = 0.00>
ST_1 : Operation 214 [1/1] (0.53ns)   --->   "%add_ln703 = add i12 %sext_ln203_5, %sext_ln203_9" [firmware/nnet_utils/nnet_dense_latency.h:58]   --->   Operation 214 'add' 'add_ln703' <Predicate = true> <Delay = 0.53> <Core = "AddSub">   --->   Core 14 'AddSub' <Latency = 0> <II = 1> <Delay = 0.55> <FuncUnit> <Opcode : 'add' 'sub'> <InPorts = 2> <OutPorts = 1>
ST_1 : Operation 215 [1/1] (0.00ns)   --->   "%sext_ln703 = sext i12 %add_ln703 to i13" [firmware/nnet_utils/nnet_dense_latency.h:58]   --->   Operation 215 'sext' 'sext_ln703' <Predicate = true> <Delay = 0.00>
ST_1 : Operation 216 [1/1] (0.53ns)   --->   "%add_ln703_4 = add i12 %sext_ln1118, %sext_ln1118_5" [firmware/nnet_utils/nnet_dense_latency.h:58]   --->   Operation 216 'add' 'add_ln703_4' <Predicate = true> <Delay = 0.53> <Core = "AddSub">   --->   Core 14 'AddSub' <Latency = 0> <II = 1> <Delay = 0.55> <FuncUnit> <Opcode : 'add' 'sub'> <InPorts = 2> <OutPorts = 1>
ST_1 : Operation 217 [1/1] (0.00ns)   --->   "%sext_ln703_6 = sext i12 %add_ln703_4 to i13" [firmware/nnet_utils/nnet_dense_latency.h:58]   --->   Operation 217 'sext' 'sext_ln703_6' <Predicate = true> <Delay = 0.00>
ST_1 : Operation 218 [1/1] (0.52ns)   --->   "%add_ln703_5 = add i13 %sext_ln703_6, %sext_ln703" [firmware/nnet_utils/nnet_dense_latency.h:58]   --->   Operation 218 'add' 'add_ln703_5' <Predicate = true> <Delay = 0.52> <Core = "AddSub">   --->   Core 14 'AddSub' <Latency = 0> <II = 1> <Delay = 0.55> <FuncUnit> <Opcode : 'add' 'sub'> <InPorts = 2> <OutPorts = 1>
ST_1 : Operation 219 [1/1] (0.00ns)   --->   "%sext_ln703_7 = sext i13 %add_ln703_5 to i14" [firmware/nnet_utils/nnet_dense_latency.h:58]   --->   Operation 219 'sext' 'sext_ln703_7' <Predicate = true> <Delay = 0.00>
ST_1 : Operation 220 [1/1] (0.54ns)   --->   "%add_ln703_6 = add i11 %zext_ln708_2, %zext_ln708_3" [firmware/nnet_utils/nnet_dense_latency.h:58]   --->   Operation 220 'add' 'add_ln703_6' <Predicate = true> <Delay = 0.54> <Core = "AddSub">   --->   Core 14 'AddSub' <Latency = 0> <II = 1> <Delay = 0.55> <FuncUnit> <Opcode : 'add' 'sub'> <InPorts = 2> <OutPorts = 1>
ST_1 : Operation 221 [1/1] (0.00ns)   --->   "%zext_ln703 = zext i11 %add_ln703_6 to i12" [firmware/nnet_utils/nnet_dense_latency.h:58]   --->   Operation 221 'zext' 'zext_ln703' <Predicate = true> <Delay = 0.00>
ST_1 : Operation 222 [1/1] (0.54ns)   --->   "%add_ln703_7 = add i11 %zext_ln708_14, 32" [firmware/nnet_utils/nnet_dense_latency.h:58]   --->   Operation 222 'add' 'add_ln703_7' <Predicate = true> <Delay = 0.54> <Core = "AddSub">   --->   Core 14 'AddSub' <Latency = 0> <II = 1> <Delay = 0.55> <FuncUnit> <Opcode : 'add' 'sub'> <InPorts = 2> <OutPorts = 1>
ST_1 : Operation 223 [1/1] (0.00ns)   --->   "%zext_ln703_1 = zext i11 %add_ln703_7 to i12" [firmware/nnet_utils/nnet_dense_latency.h:58]   --->   Operation 223 'zext' 'zext_ln703_1' <Predicate = true> <Delay = 0.00>
ST_1 : Operation 224 [1/1] (0.53ns)   --->   "%add_ln703_8 = add i12 %zext_ln703_1, %zext_ln703" [firmware/nnet_utils/nnet_dense_latency.h:58]   --->   Operation 224 'add' 'add_ln703_8' <Predicate = true> <Delay = 0.53> <Core = "AddSub">   --->   Core 14 'AddSub' <Latency = 0> <II = 1> <Delay = 0.55> <FuncUnit> <Opcode : 'add' 'sub'> <InPorts = 2> <OutPorts = 1>
ST_1 : Operation 225 [1/1] (0.00ns)   --->   "%zext_ln703_2 = zext i12 %add_ln703_8 to i14" [firmware/nnet_utils/nnet_dense_latency.h:58]   --->   Operation 225 'zext' 'zext_ln703_2' <Predicate = true> <Delay = 0.00>
ST_1 : Operation 226 [1/1] (0.54ns)   --->   "%add_ln703_9 = add i14 %zext_ln703_2, %sext_ln703_7" [firmware/nnet_utils/nnet_dense_latency.h:58]   --->   Operation 226 'add' 'add_ln703_9' <Predicate = true> <Delay = 0.54> <Core = "AddSub">   --->   Core 14 'AddSub' <Latency = 0> <II = 1> <Delay = 0.55> <FuncUnit> <Opcode : 'add' 'sub'> <InPorts = 2> <OutPorts = 1>
ST_1 : Operation 227 [1/1] (0.00ns)   --->   "%sext_ln703_8 = sext i14 %add_ln703_9 to i16" [firmware/nnet_utils/nnet_dense_latency.h:58]   --->   Operation 227 'sext' 'sext_ln703_8' <Predicate = true> <Delay = 0.00>
ST_1 : Operation 228 [1/1] (0.53ns)   --->   "%add_ln703_10 = add i12 %sext_ln203_3, %sext_ln203_7" [firmware/nnet_utils/nnet_dense_latency.h:58]   --->   Operation 228 'add' 'add_ln703_10' <Predicate = true> <Delay = 0.53> <Core = "AddSub">   --->   Core 14 'AddSub' <Latency = 0> <II = 1> <Delay = 0.55> <FuncUnit> <Opcode : 'add' 'sub'> <InPorts = 2> <OutPorts = 1>
ST_1 : Operation 229 [1/1] (0.00ns)   --->   "%sext_ln703_9 = sext i12 %add_ln703_10 to i14" [firmware/nnet_utils/nnet_dense_latency.h:58]   --->   Operation 229 'sext' 'sext_ln703_9' <Predicate = true> <Delay = 0.00>
ST_1 : Operation 230 [1/1] (0.53ns)   --->   "%add_ln703_11 = add i11 %zext_ln708_6, 992" [firmware/nnet_utils/nnet_dense_latency.h:58]   --->   Operation 230 'add' 'add_ln703_11' <Predicate = true> <Delay = 0.53> <Core = "AddSub">   --->   Core 14 'AddSub' <Latency = 0> <II = 1> <Delay = 0.55> <FuncUnit> <Opcode : 'add' 'sub'> <InPorts = 2> <OutPorts = 1>
ST_1 : Operation 231 [1/1] (0.00ns)   --->   "%zext_ln703_3 = zext i11 %add_ln703_11 to i13" [firmware/nnet_utils/nnet_dense_latency.h:58]   --->   Operation 231 'zext' 'zext_ln703_3' <Predicate = true> <Delay = 0.00>
ST_1 : Operation 232 [1/1] (0.53ns)   --->   "%add_ln703_12 = add i13 %zext_ln703_3, %sext_ln1118_8" [firmware/nnet_utils/nnet_dense_latency.h:58]   --->   Operation 232 'add' 'add_ln703_12' <Predicate = true> <Delay = 0.53> <Core = "AddSub">   --->   Core 14 'AddSub' <Latency = 0> <II = 1> <Delay = 0.55> <FuncUnit> <Opcode : 'add' 'sub'> <InPorts = 2> <OutPorts = 1>
ST_1 : Operation 233 [1/1] (0.00ns)   --->   "%sext_ln703_10 = sext i13 %add_ln703_12 to i14" [firmware/nnet_utils/nnet_dense_latency.h:58]   --->   Operation 233 'sext' 'sext_ln703_10' <Predicate = true> <Delay = 0.00>
ST_1 : Operation 234 [1/1] (0.54ns)   --->   "%acc_1_V = add i14 %sext_ln703_10, %sext_ln703_9" [firmware/nnet_utils/nnet_dense_latency.h:58]   --->   Operation 234 'add' 'acc_1_V' <Predicate = true> <Delay = 0.54> <Core = "AddSub">   --->   Core 14 'AddSub' <Latency = 0> <II = 1> <Delay = 0.55> <FuncUnit> <Opcode : 'add' 'sub'> <InPorts = 2> <OutPorts = 1>
ST_1 : Operation 235 [1/1] (0.00ns)   --->   "%sext_ln703_11 = sext i14 %acc_1_V to i16" [firmware/nnet_utils/nnet_dense_latency.h:58]   --->   Operation 235 'sext' 'sext_ln703_11' <Predicate = true> <Delay = 0.00>
ST_1 : Operation 236 [1/1] (0.53ns)   --->   "%add_ln703_14 = add i12 %sext_ln1118_6, %zext_ln203_1" [firmware/nnet_utils/nnet_dense_latency.h:58]   --->   Operation 236 'add' 'add_ln703_14' <Predicate = true> <Delay = 0.53> <Core = "AddSub">   --->   Core 14 'AddSub' <Latency = 0> <II = 1> <Delay = 0.55> <FuncUnit> <Opcode : 'add' 'sub'> <InPorts = 2> <OutPorts = 1>
ST_1 : Operation 237 [1/1] (0.00ns)   --->   "%sext_ln703_12 = sext i12 %add_ln703_14 to i13" [firmware/nnet_utils/nnet_dense_latency.h:58]   --->   Operation 237 'sext' 'sext_ln703_12' <Predicate = true> <Delay = 0.00>
ST_1 : Operation 238 [1/1] (0.52ns)   --->   "%add_ln703_15 = add i13 %sext_ln703_12, %sext_ln203_6" [firmware/nnet_utils/nnet_dense_latency.h:58]   --->   Operation 238 'add' 'add_ln703_15' <Predicate = true> <Delay = 0.52> <Core = "AddSub">   --->   Core 14 'AddSub' <Latency = 0> <II = 1> <Delay = 0.55> <FuncUnit> <Opcode : 'add' 'sub'> <InPorts = 2> <OutPorts = 1>
ST_1 : Operation 239 [1/1] (0.00ns)   --->   "%sext_ln703_13 = sext i13 %add_ln703_15 to i14" [firmware/nnet_utils/nnet_dense_latency.h:58]   --->   Operation 239 'sext' 'sext_ln703_13' <Predicate = true> <Delay = 0.00>
ST_1 : Operation 240 [1/1] (0.54ns)   --->   "%add_ln703_16 = add i11 %zext_ln708_4, %zext_ln708_21" [firmware/nnet_utils/nnet_dense_latency.h:58]   --->   Operation 240 'add' 'add_ln703_16' <Predicate = true> <Delay = 0.54> <Core = "AddSub">   --->   Core 14 'AddSub' <Latency = 0> <II = 1> <Delay = 0.55> <FuncUnit> <Opcode : 'add' 'sub'> <InPorts = 2> <OutPorts = 1>
ST_1 : Operation 241 [1/1] (0.00ns)   --->   "%zext_ln703_4 = zext i11 %add_ln703_16 to i12" [firmware/nnet_utils/nnet_dense_latency.h:58]   --->   Operation 241 'zext' 'zext_ln703_4' <Predicate = true> <Delay = 0.00>
ST_1 : Operation 242 [1/1] (0.53ns)   --->   "%add_ln703_17 = add i12 %zext_ln703_4, -736" [firmware/nnet_utils/nnet_dense_latency.h:58]   --->   Operation 242 'add' 'add_ln703_17' <Predicate = true> <Delay = 0.53> <Core = "AddSub">   --->   Core 14 'AddSub' <Latency = 0> <II = 1> <Delay = 0.55> <FuncUnit> <Opcode : 'add' 'sub'> <InPorts = 2> <OutPorts = 1>
ST_1 : Operation 243 [1/1] (0.00ns)   --->   "%sext_ln703_14 = sext i12 %add_ln703_17 to i14" [firmware/nnet_utils/nnet_dense_latency.h:58]   --->   Operation 243 'sext' 'sext_ln703_14' <Predicate = true> <Delay = 0.00>
ST_1 : Operation 244 [1/1] (0.54ns)   --->   "%acc_2_V = add i14 %sext_ln703_14, %sext_ln703_13" [firmware/nnet_utils/nnet_dense_latency.h:58]   --->   Operation 244 'add' 'acc_2_V' <Predicate = true> <Delay = 0.54> <Core = "AddSub">   --->   Core 14 'AddSub' <Latency = 0> <II = 1> <Delay = 0.55> <FuncUnit> <Opcode : 'add' 'sub'> <InPorts = 2> <OutPorts = 1>
ST_1 : Operation 245 [1/1] (0.00ns)   --->   "%sext_ln703_15 = sext i14 %acc_2_V to i16" [firmware/nnet_utils/nnet_dense_latency.h:58]   --->   Operation 245 'sext' 'sext_ln703_15' <Predicate = true> <Delay = 0.00>
ST_1 : Operation 246 [1/1] (0.53ns)   --->   "%add_ln703_19 = add i12 %sext_ln1116_1, %sext_ln708_1" [firmware/nnet_utils/nnet_dense_latency.h:58]   --->   Operation 246 'add' 'add_ln703_19' <Predicate = true> <Delay = 0.53> <Core = "AddSub">   --->   Core 14 'AddSub' <Latency = 0> <II = 1> <Delay = 0.55> <FuncUnit> <Opcode : 'add' 'sub'> <InPorts = 2> <OutPorts = 1>
ST_1 : Operation 247 [1/1] (0.00ns)   --->   "%sext_ln703_16 = sext i12 %add_ln703_19 to i13" [firmware/nnet_utils/nnet_dense_latency.h:58]   --->   Operation 247 'sext' 'sext_ln703_16' <Predicate = true> <Delay = 0.00>
ST_1 : Operation 248 [1/1] (0.52ns)   --->   "%add_ln703_20 = add i13 %sext_ln703_16, %sext_ln1116" [firmware/nnet_utils/nnet_dense_latency.h:58]   --->   Operation 248 'add' 'add_ln703_20' <Predicate = true> <Delay = 0.52> <Core = "AddSub">   --->   Core 14 'AddSub' <Latency = 0> <II = 1> <Delay = 0.55> <FuncUnit> <Opcode : 'add' 'sub'> <InPorts = 2> <OutPorts = 1>
ST_1 : Operation 249 [1/1] (0.00ns)   --->   "%sext_ln703_17 = sext i13 %add_ln703_20 to i14" [firmware/nnet_utils/nnet_dense_latency.h:58]   --->   Operation 249 'sext' 'sext_ln703_17' <Predicate = true> <Delay = 0.00>
ST_1 : Operation 250 [1/1] (0.53ns)   --->   "%add_ln703_21 = add i12 %sext_ln1118_9, %zext_ln203" [firmware/nnet_utils/nnet_dense_latency.h:58]   --->   Operation 250 'add' 'add_ln703_21' <Predicate = true> <Delay = 0.53> <Core = "AddSub">   --->   Core 14 'AddSub' <Latency = 0> <II = 1> <Delay = 0.55> <FuncUnit> <Opcode : 'add' 'sub'> <InPorts = 2> <OutPorts = 1>
ST_1 : Operation 251 [1/1] (0.00ns)   --->   "%sext_ln703_18 = sext i12 %add_ln703_21 to i13" [firmware/nnet_utils/nnet_dense_latency.h:58]   --->   Operation 251 'sext' 'sext_ln703_18' <Predicate = true> <Delay = 0.00>
ST_1 : Operation 252 [1/1] (0.52ns)   --->   "%add_ln703_22 = add i13 %sext_ln703_18, %sext_ln1116_3" [firmware/nnet_utils/nnet_dense_latency.h:58]   --->   Operation 252 'add' 'add_ln703_22' <Predicate = true> <Delay = 0.52> <Core = "AddSub">   --->   Core 14 'AddSub' <Latency = 0> <II = 1> <Delay = 0.55> <FuncUnit> <Opcode : 'add' 'sub'> <InPorts = 2> <OutPorts = 1>
ST_1 : Operation 253 [1/1] (0.00ns)   --->   "%sext_ln703_19 = sext i13 %add_ln703_22 to i14" [firmware/nnet_utils/nnet_dense_latency.h:58]   --->   Operation 253 'sext' 'sext_ln703_19' <Predicate = true> <Delay = 0.00>
ST_1 : Operation 254 [1/1] (0.54ns)   --->   "%add_ln703_23 = add i14 %sext_ln703_19, %sext_ln703_17" [firmware/nnet_utils/nnet_dense_latency.h:58]   --->   Operation 254 'add' 'add_ln703_23' <Predicate = true> <Delay = 0.54> <Core = "AddSub">   --->   Core 14 'AddSub' <Latency = 0> <II = 1> <Delay = 0.55> <FuncUnit> <Opcode : 'add' 'sub'> <InPorts = 2> <OutPorts = 1>
ST_1 : Operation 255 [1/1] (0.00ns)   --->   "%sext_ln703_20 = sext i14 %add_ln703_23 to i15" [firmware/nnet_utils/nnet_dense_latency.h:58]   --->   Operation 255 'sext' 'sext_ln703_20' <Predicate = true> <Delay = 0.00>
ST_1 : Operation 256 [1/1] (0.54ns)   --->   "%add_ln703_24 = add i11 %zext_ln708_9, %zext_ln708_12" [firmware/nnet_utils/nnet_dense_latency.h:58]   --->   Operation 256 'add' 'add_ln703_24' <Predicate = true> <Delay = 0.54> <Core = "AddSub">   --->   Core 14 'AddSub' <Latency = 0> <II = 1> <Delay = 0.55> <FuncUnit> <Opcode : 'add' 'sub'> <InPorts = 2> <OutPorts = 1>
ST_1 : Operation 257 [1/1] (0.00ns)   --->   "%zext_ln703_5 = zext i11 %add_ln703_24 to i12" [firmware/nnet_utils/nnet_dense_latency.h:58]   --->   Operation 257 'zext' 'zext_ln703_5' <Predicate = true> <Delay = 0.00>
ST_1 : Operation 258 [1/1] (0.53ns)   --->   "%add_ln703_25 = add i12 %zext_ln703_5, %zext_ln203_3" [firmware/nnet_utils/nnet_dense_latency.h:58]   --->   Operation 258 'add' 'add_ln703_25' <Predicate = true> <Delay = 0.53> <Core = "AddSub">   --->   Core 14 'AddSub' <Latency = 0> <II = 1> <Delay = 0.55> <FuncUnit> <Opcode : 'add' 'sub'> <InPorts = 2> <OutPorts = 1>
ST_1 : Operation 259 [1/1] (0.00ns)   --->   "%zext_ln703_6 = zext i12 %add_ln703_25 to i14" [firmware/nnet_utils/nnet_dense_latency.h:58]   --->   Operation 259 'zext' 'zext_ln703_6' <Predicate = true> <Delay = 0.00>
ST_1 : Operation 260 [1/1] (0.54ns)   --->   "%add_ln703_26 = add i11 %zext_ln708_18, -256" [firmware/nnet_utils/nnet_dense_latency.h:58]   --->   Operation 260 'add' 'add_ln703_26' <Predicate = true> <Delay = 0.54> <Core = "AddSub">   --->   Core 14 'AddSub' <Latency = 0> <II = 1> <Delay = 0.55> <FuncUnit> <Opcode : 'add' 'sub'> <InPorts = 2> <OutPorts = 1>
ST_1 : Operation 261 [1/1] (0.00ns)   --->   "%sext_ln703_21 = sext i11 %add_ln703_26 to i12" [firmware/nnet_utils/nnet_dense_latency.h:58]   --->   Operation 261 'sext' 'sext_ln703_21' <Predicate = true> <Delay = 0.00>
ST_1 : Operation 262 [1/1] (0.53ns)   --->   "%add_ln703_27 = add i12 %sext_ln703_21, %zext_ln708_15" [firmware/nnet_utils/nnet_dense_latency.h:58]   --->   Operation 262 'add' 'add_ln703_27' <Predicate = true> <Delay = 0.53> <Core = "AddSub">   --->   Core 14 'AddSub' <Latency = 0> <II = 1> <Delay = 0.55> <FuncUnit> <Opcode : 'add' 'sub'> <InPorts = 2> <OutPorts = 1>
ST_1 : Operation 263 [1/1] (0.00ns)   --->   "%sext_ln703_22 = sext i12 %add_ln703_27 to i14" [firmware/nnet_utils/nnet_dense_latency.h:58]   --->   Operation 263 'sext' 'sext_ln703_22' <Predicate = true> <Delay = 0.00>
ST_1 : Operation 264 [1/1] (0.52ns)   --->   "%add_ln703_28 = add i14 %sext_ln703_22, %zext_ln703_6" [firmware/nnet_utils/nnet_dense_latency.h:58]   --->   Operation 264 'add' 'add_ln703_28' <Predicate = true> <Delay = 0.52> <Core = "AddSub">   --->   Core 14 'AddSub' <Latency = 0> <II = 1> <Delay = 0.55> <FuncUnit> <Opcode : 'add' 'sub'> <InPorts = 2> <OutPorts = 1>
ST_1 : Operation 265 [1/1] (0.00ns)   --->   "%sext_ln703_23 = sext i14 %add_ln703_28 to i15" [firmware/nnet_utils/nnet_dense_latency.h:58]   --->   Operation 265 'sext' 'sext_ln703_23' <Predicate = true> <Delay = 0.00>
ST_1 : Operation 266 [1/1] (0.55ns)   --->   "%acc_3_V = add i15 %sext_ln703_23, %sext_ln703_20" [firmware/nnet_utils/nnet_dense_latency.h:58]   --->   Operation 266 'add' 'acc_3_V' <Predicate = true> <Delay = 0.55> <Core = "AddSub">   --->   Core 14 'AddSub' <Latency = 0> <II = 1> <Delay = 0.55> <FuncUnit> <Opcode : 'add' 'sub'> <InPorts = 2> <OutPorts = 1>
ST_1 : Operation 267 [1/1] (0.00ns)   --->   "%sext_ln703_24 = sext i15 %acc_3_V to i16" [firmware/nnet_utils/nnet_dense_latency.h:58]   --->   Operation 267 'sext' 'sext_ln703_24' <Predicate = true> <Delay = 0.00>
ST_1 : Operation 268 [1/1] (0.53ns)   --->   "%add_ln703_30 = add i12 %sext_ln203_1, %sext_ln203_2" [firmware/nnet_utils/nnet_dense_latency.h:58]   --->   Operation 268 'add' 'add_ln703_30' <Predicate = true> <Delay = 0.53> <Core = "AddSub">   --->   Core 14 'AddSub' <Latency = 0> <II = 1> <Delay = 0.55> <FuncUnit> <Opcode : 'add' 'sub'> <InPorts = 2> <OutPorts = 1>
ST_1 : Operation 269 [1/1] (0.00ns)   --->   "%sext_ln703_25 = sext i12 %add_ln703_30 to i13" [firmware/nnet_utils/nnet_dense_latency.h:58]   --->   Operation 269 'sext' 'sext_ln703_25' <Predicate = true> <Delay = 0.00>
ST_1 : Operation 270 [1/1] (0.52ns)   --->   "%add_ln703_31 = add i13 %sext_ln703_25, %sext_ln203" [firmware/nnet_utils/nnet_dense_latency.h:58]   --->   Operation 270 'add' 'add_ln703_31' <Predicate = true> <Delay = 0.52> <Core = "AddSub">   --->   Core 14 'AddSub' <Latency = 0> <II = 1> <Delay = 0.55> <FuncUnit> <Opcode : 'add' 'sub'> <InPorts = 2> <OutPorts = 1>
ST_1 : Operation 271 [1/1] (0.00ns)   --->   "%sext_ln703_26 = sext i13 %add_ln703_31 to i14" [firmware/nnet_utils/nnet_dense_latency.h:58]   --->   Operation 271 'sext' 'sext_ln703_26' <Predicate = true> <Delay = 0.00>
ST_1 : Operation 272 [1/1] (0.53ns)   --->   "%add_ln703_32 = add i12 %sext_ln203_4, %sext_ln203_8" [firmware/nnet_utils/nnet_dense_latency.h:58]   --->   Operation 272 'add' 'add_ln703_32' <Predicate = true> <Delay = 0.53> <Core = "AddSub">   --->   Core 14 'AddSub' <Latency = 0> <II = 1> <Delay = 0.55> <FuncUnit> <Opcode : 'add' 'sub'> <InPorts = 2> <OutPorts = 1>
ST_1 : Operation 273 [1/1] (0.00ns)   --->   "%sext_ln703_27 = sext i12 %add_ln703_32 to i13" [firmware/nnet_utils/nnet_dense_latency.h:58]   --->   Operation 273 'sext' 'sext_ln703_27' <Predicate = true> <Delay = 0.00>
ST_1 : Operation 274 [1/1] (0.53ns)   --->   "%add_ln703_33 = add i12 %sext_ln1118_7, %sext_ln1116_2" [firmware/nnet_utils/nnet_dense_latency.h:58]   --->   Operation 274 'add' 'add_ln703_33' <Predicate = true> <Delay = 0.53> <Core = "AddSub">   --->   Core 14 'AddSub' <Latency = 0> <II = 1> <Delay = 0.55> <FuncUnit> <Opcode : 'add' 'sub'> <InPorts = 2> <OutPorts = 1>
ST_1 : Operation 275 [1/1] (0.00ns)   --->   "%sext_ln703_28 = sext i12 %add_ln703_33 to i13" [firmware/nnet_utils/nnet_dense_latency.h:58]   --->   Operation 275 'sext' 'sext_ln703_28' <Predicate = true> <Delay = 0.00>
ST_1 : Operation 276 [1/1] (0.52ns)   --->   "%add_ln703_34 = add i13 %sext_ln703_28, %sext_ln703_27" [firmware/nnet_utils/nnet_dense_latency.h:58]   --->   Operation 276 'add' 'add_ln703_34' <Predicate = true> <Delay = 0.52> <Core = "AddSub">   --->   Core 14 'AddSub' <Latency = 0> <II = 1> <Delay = 0.55> <FuncUnit> <Opcode : 'add' 'sub'> <InPorts = 2> <OutPorts = 1>
ST_1 : Operation 277 [1/1] (0.00ns)   --->   "%sext_ln703_29 = sext i13 %add_ln703_34 to i14" [firmware/nnet_utils/nnet_dense_latency.h:58]   --->   Operation 277 'sext' 'sext_ln703_29' <Predicate = true> <Delay = 0.00>
ST_1 : Operation 278 [1/1] (0.54ns)   --->   "%add_ln703_35 = add i14 %sext_ln703_29, %sext_ln703_26" [firmware/nnet_utils/nnet_dense_latency.h:58]   --->   Operation 278 'add' 'add_ln703_35' <Predicate = true> <Delay = 0.54> <Core = "AddSub">   --->   Core 14 'AddSub' <Latency = 0> <II = 1> <Delay = 0.55> <FuncUnit> <Opcode : 'add' 'sub'> <InPorts = 2> <OutPorts = 1>
ST_1 : Operation 279 [1/1] (0.00ns)   --->   "%sext_ln703_30 = sext i14 %add_ln703_35 to i15" [firmware/nnet_utils/nnet_dense_latency.h:58]   --->   Operation 279 'sext' 'sext_ln703_30' <Predicate = true> <Delay = 0.00>
ST_1 : Operation 280 [1/1] (0.54ns)   --->   "%add_ln703_36 = add i11 %zext_ln708_9, %zext_ln708_16" [firmware/nnet_utils/nnet_dense_latency.h:58]   --->   Operation 280 'add' 'add_ln703_36' <Predicate = true> <Delay = 0.54> <Core = "AddSub">   --->   Core 14 'AddSub' <Latency = 0> <II = 1> <Delay = 0.55> <FuncUnit> <Opcode : 'add' 'sub'> <InPorts = 2> <OutPorts = 1>
ST_1 : Operation 281 [1/1] (0.00ns)   --->   "%zext_ln703_7 = zext i11 %add_ln703_36 to i12" [firmware/nnet_utils/nnet_dense_latency.h:58]   --->   Operation 281 'zext' 'zext_ln703_7' <Predicate = true> <Delay = 0.00>
ST_1 : Operation 282 [1/1] (0.53ns)   --->   "%add_ln703_37 = add i12 %zext_ln703_7, %zext_ln203_2" [firmware/nnet_utils/nnet_dense_latency.h:58]   --->   Operation 282 'add' 'add_ln703_37' <Predicate = true> <Delay = 0.53> <Core = "AddSub">   --->   Core 14 'AddSub' <Latency = 0> <II = 1> <Delay = 0.55> <FuncUnit> <Opcode : 'add' 'sub'> <InPorts = 2> <OutPorts = 1>
ST_1 : Operation 283 [1/1] (0.00ns)   --->   "%zext_ln703_8 = zext i12 %add_ln703_37 to i14" [firmware/nnet_utils/nnet_dense_latency.h:58]   --->   Operation 283 'zext' 'zext_ln703_8' <Predicate = true> <Delay = 0.00>
ST_1 : Operation 284 [1/1] (0.54ns)   --->   "%add_ln703_38 = add i11 %zext_ln708_17, %zext_ln708_20" [firmware/nnet_utils/nnet_dense_latency.h:58]   --->   Operation 284 'add' 'add_ln703_38' <Predicate = true> <Delay = 0.54> <Core = "AddSub">   --->   Core 14 'AddSub' <Latency = 0> <II = 1> <Delay = 0.55> <FuncUnit> <Opcode : 'add' 'sub'> <InPorts = 2> <OutPorts = 1>
ST_1 : Operation 285 [1/1] (0.00ns)   --->   "%zext_ln703_9 = zext i11 %add_ln703_38 to i13" [firmware/nnet_utils/nnet_dense_latency.h:58]   --->   Operation 285 'zext' 'zext_ln703_9' <Predicate = true> <Delay = 0.00>
ST_1 : Operation 286 [1/1] (0.54ns)   --->   "%add_ln703_39 = add i11 %zext_ln708_22, -416" [firmware/nnet_utils/nnet_dense_latency.h:58]   --->   Operation 286 'add' 'add_ln703_39' <Predicate = true> <Delay = 0.54> <Core = "AddSub">   --->   Core 14 'AddSub' <Latency = 0> <II = 1> <Delay = 0.55> <FuncUnit> <Opcode : 'add' 'sub'> <InPorts = 2> <OutPorts = 1>
ST_1 : Operation 287 [1/1] (0.00ns)   --->   "%sext_ln703_31 = sext i11 %add_ln703_39 to i13" [firmware/nnet_utils/nnet_dense_latency.h:58]   --->   Operation 287 'sext' 'sext_ln703_31' <Predicate = true> <Delay = 0.00>
ST_1 : Operation 288 [1/1] (0.53ns)   --->   "%add_ln703_40 = add i13 %sext_ln703_31, %zext_ln703_9" [firmware/nnet_utils/nnet_dense_latency.h:58]   --->   Operation 288 'add' 'add_ln703_40' <Predicate = true> <Delay = 0.53> <Core = "AddSub">   --->   Core 14 'AddSub' <Latency = 0> <II = 1> <Delay = 0.55> <FuncUnit> <Opcode : 'add' 'sub'> <InPorts = 2> <OutPorts = 1>
ST_1 : Operation 289 [1/1] (0.00ns)   --->   "%sext_ln703_32 = sext i13 %add_ln703_40 to i14" [firmware/nnet_utils/nnet_dense_latency.h:58]   --->   Operation 289 'sext' 'sext_ln703_32' <Predicate = true> <Delay = 0.00>
ST_1 : Operation 290 [1/1] (0.54ns)   --->   "%add_ln703_41 = add i14 %sext_ln703_32, %zext_ln703_8" [firmware/nnet_utils/nnet_dense_latency.h:58]   --->   Operation 290 'add' 'add_ln703_41' <Predicate = true> <Delay = 0.54> <Core = "AddSub">   --->   Core 14 'AddSub' <Latency = 0> <II = 1> <Delay = 0.55> <FuncUnit> <Opcode : 'add' 'sub'> <InPorts = 2> <OutPorts = 1>
ST_1 : Operation 291 [1/1] (0.00ns)   --->   "%sext_ln703_33 = sext i14 %add_ln703_41 to i15" [firmware/nnet_utils/nnet_dense_latency.h:58]   --->   Operation 291 'sext' 'sext_ln703_33' <Predicate = true> <Delay = 0.00>
ST_1 : Operation 292 [1/1] (0.55ns)   --->   "%acc_4_V = add i15 %sext_ln703_33, %sext_ln703_30" [firmware/nnet_utils/nnet_dense_latency.h:58]   --->   Operation 292 'add' 'acc_4_V' <Predicate = true> <Delay = 0.55> <Core = "AddSub">   --->   Core 14 'AddSub' <Latency = 0> <II = 1> <Delay = 0.55> <FuncUnit> <Opcode : 'add' 'sub'> <InPorts = 2> <OutPorts = 1>
ST_1 : Operation 293 [1/1] (0.00ns)   --->   "%sext_ln703_34 = sext i15 %acc_4_V to i16" [firmware/nnet_utils/nnet_dense_latency.h:58]   --->   Operation 293 'sext' 'sext_ln703_34' <Predicate = true> <Delay = 0.00>
ST_1 : Operation 294 [1/1] (0.00ns)   --->   "%mrv = insertvalue { i16, i16, i16, i16, i16 } undef, i16 %sext_ln703_8, 0" [firmware/nnet_utils/nnet_dense_latency.h:68]   --->   Operation 294 'insertvalue' 'mrv' <Predicate = true> <Delay = 0.00>
ST_1 : Operation 295 [1/1] (0.00ns)   --->   "%mrv_1 = insertvalue { i16, i16, i16, i16, i16 } %mrv, i16 %sext_ln703_11, 1" [firmware/nnet_utils/nnet_dense_latency.h:68]   --->   Operation 295 'insertvalue' 'mrv_1' <Predicate = true> <Delay = 0.00>
ST_1 : Operation 296 [1/1] (0.00ns)   --->   "%mrv_2 = insertvalue { i16, i16, i16, i16, i16 } %mrv_1, i16 %sext_ln703_15, 2" [firmware/nnet_utils/nnet_dense_latency.h:68]   --->   Operation 296 'insertvalue' 'mrv_2' <Predicate = true> <Delay = 0.00>
ST_1 : Operation 297 [1/1] (0.00ns)   --->   "%mrv_3 = insertvalue { i16, i16, i16, i16, i16 } %mrv_2, i16 %sext_ln703_24, 3" [firmware/nnet_utils/nnet_dense_latency.h:68]   --->   Operation 297 'insertvalue' 'mrv_3' <Predicate = true> <Delay = 0.00>
ST_1 : Operation 298 [1/1] (0.00ns)   --->   "%mrv_4 = insertvalue { i16, i16, i16, i16, i16 } %mrv_3, i16 %sext_ln703_34, 4" [firmware/nnet_utils/nnet_dense_latency.h:68]   --->   Operation 298 'insertvalue' 'mrv_4' <Predicate = true> <Delay = 0.00>
ST_1 : Operation 299 [1/1] (0.00ns)   --->   "ret { i16, i16, i16, i16, i16 } %mrv_4" [firmware/nnet_utils/nnet_dense_latency.h:68]   --->   Operation 299 'ret' <Predicate = true> <Delay = 0.00>


============================================================
+ Verbose Summary: Timing violations
============================================================
Target clock period: 5ns, clock uncertainty: 0.625ns.

 <State 1>: 3.4ns
The critical path consists of the following:
	wire read on port 'data_21_V_read' (firmware/nnet_utils/nnet_dense_latency.h:13) [33]  (0 ns)
	'mul' operation ('mul_ln708_1', firmware/nnet_utils/nnet_dense_latency.h:42) [183]  (1.23 ns)
	'add' operation ('add_ln703_36', firmware/nnet_utils/nnet_dense_latency.h:58) [304]  (0.543 ns)
	'add' operation ('add_ln703_37', firmware/nnet_utils/nnet_dense_latency.h:58) [306]  (0.534 ns)
	'add' operation ('add_ln703_41', firmware/nnet_utils/nnet_dense_latency.h:58) [314]  (0.54 ns)
	'add' operation ('acc[4].V', firmware/nnet_utils/nnet_dense_latency.h:58) [316]  (0.555 ns)


============================================================
+ Verbose Summary: Binding
============================================================
N/A
* FSMD analyzer results:
  - Output states:
 - Input state : 
  - Chain level:
	State 1


============================================================
+ Verbose Summary: Datapath Resource usage 
============================================================
N/A
