

================================================================
== Vivado HLS Report for 'dense_latency_ap_fixed_ap_fixed_16_6_5_3_0_config11_0_0_0_0_0_0'
================================================================
* Date:           Fri Sep 22 04:03:05 2023

* Version:        2019.2 (Build 2704478 on Wed Nov 06 22:10:23 MST 2019)
* Project:        myproject_prj
* Solution:       solution1
* Product family: virtexuplus
* Target device:  xcu250-figd2104-2L-e


================================================================
== Performance Estimates
================================================================
+ Timing: 
    * Summary: 
    +--------+---------+----------+------------+
    |  Clock |  Target | Estimated| Uncertainty|
    +--------+---------+----------+------------+
    |ap_clk  | 5.00 ns | 3.965 ns |   0.62 ns  |
    +--------+---------+----------+------------+

+ Latency: 
    * Summary: 
    +---------+---------+----------+----------+-----+-----+----------+
    |  Latency (cycles) |  Latency (absolute) |  Interval | Pipeline |
    |   min   |   max   |    min   |    max   | min | max |   Type   |
    +---------+---------+----------+----------+-----+-----+----------+
    |        1|        1| 5.000 ns | 5.000 ns |    2|    2| function |
    +---------+---------+----------+----------+-----+-----+----------+

    + Detail: 
        * Instance: 
        N/A

        * Loop: 
        N/A



================================================================
== Utilization Estimates
================================================================
* Summary: 
+---------------------+---------+-------+---------+---------+------+
|         Name        | BRAM_18K| DSP48E|    FF   |   LUT   | URAM |
+---------------------+---------+-------+---------+---------+------+
|DSP                  |        -|      -|        -|        -|     -|
|Expression           |        -|     80|        0|     3365|     -|
|FIFO                 |        -|      -|        -|        -|     -|
|Instance             |        -|      -|        -|        -|     -|
|Memory               |        -|      -|        -|        -|     -|
|Multiplexer          |        -|      -|        -|      870|     -|
|Register             |        -|      -|      603|        -|     -|
+---------------------+---------+-------+---------+---------+------+
|Total                |        0|     80|      603|     4235|     0|
+---------------------+---------+-------+---------+---------+------+
|Available SLR        |     1344|   3072|   864000|   432000|   320|
+---------------------+---------+-------+---------+---------+------+
|Utilization SLR (%)  |        0|      2|    ~0   |    ~0   |     0|
+---------------------+---------+-------+---------+---------+------+
|Available            |     5376|  12288|  3456000|  1728000|  1280|
+---------------------+---------+-------+---------+---------+------+
|Utilization (%)      |        0|   ~0  |    ~0   |    ~0   |     0|
+---------------------+---------+-------+---------+---------+------+

+ Detail: 
    * Instance: 
    N/A

    * DSP48E: 
    N/A

    * Memory: 
    N/A

    * FIFO: 
    N/A

    * Expression: 
    +---------------------------+----------+-------+---+----+------------+------------+
    |       Variable Name       | Operation| DSP48E| FF| LUT| Bitwidth P0| Bitwidth P1|
    +---------------------------+----------+-------+---+----+------------+------------+
    |grp_fu_601_p2              |     *    |      1|  0|   5|          16|          10|
    |grp_fu_603_p2              |     *    |      1|  0|   5|          16|          10|
    |grp_fu_606_p2              |     *    |      1|  0|   5|          16|          11|
    |grp_fu_615_p2              |     *    |      1|  0|   5|          16|          11|
    |grp_fu_620_p2              |     *    |      1|  0|   5|          16|          12|
    |grp_fu_622_p2              |     *    |      1|  0|   5|          16|          12|
    |grp_fu_628_p2              |     *    |      1|  0|   5|          16|          10|
    |grp_fu_629_p2              |     *    |      1|  0|   5|          16|          10|
    |grp_fu_630_p2              |     *    |      1|  0|   5|          16|          10|
    |grp_fu_632_p2              |     *    |      1|  0|   5|          16|          10|
    |grp_fu_634_p2              |     *    |      1|  0|   5|          16|          10|
    |grp_fu_635_p2              |     *    |      1|  0|   5|          16|          11|
    |grp_fu_636_p2              |     *    |      1|  0|   5|          16|          11|
    |grp_fu_641_p2              |     *    |      1|  0|   5|          16|           9|
    |grp_fu_642_p2              |     *    |      1|  0|   5|          16|          13|
    |grp_fu_643_p2              |     *    |      1|  0|   5|          16|          11|
    |grp_fu_644_p2              |     *    |      1|  0|   5|          16|          11|
    |grp_fu_646_p2              |     *    |      1|  0|   5|          16|           9|
    |grp_fu_647_p2              |     *    |      1|  0|   5|          16|          12|
    |grp_fu_648_p2              |     *    |      1|  0|   5|          16|          12|
    |grp_fu_651_p2              |     *    |      1|  0|   5|          16|          10|
    |grp_fu_657_p2              |     *    |      1|  0|   5|          16|          11|
    |grp_fu_658_p2              |     *    |      1|  0|   5|          16|          10|
    |grp_fu_666_p2              |     *    |      1|  0|   5|          16|          12|
    |grp_fu_670_p2              |     *    |      1|  0|   5|          16|          10|
    |grp_fu_671_p2              |     *    |      1|  0|   5|          16|          12|
    |grp_fu_672_p2              |     *    |      1|  0|   5|          16|          11|
    |grp_fu_678_p2              |     *    |      1|  0|   5|          16|          13|
    |grp_fu_679_p2              |     *    |      1|  0|   5|          16|           9|
    |mul_ln1118_104_fu_609_p2   |     *    |      1|  0|   5|          16|          10|
    |mul_ln1118_10_fu_677_p2    |     *    |      1|  0|   5|          16|          10|
    |mul_ln1118_11_fu_653_p2    |     *    |      1|  0|   5|          16|           9|
    |mul_ln1118_14_fu_621_p2    |     *    |      1|  0|   5|          16|           9|
    |mul_ln1118_16_fu_604_p2    |     *    |      1|  0|   5|          16|           7|
    |mul_ln1118_17_fu_660_p2    |     *    |      1|  0|   5|          16|          11|
    |mul_ln1118_20_fu_627_p2    |     *    |      1|  0|   5|          16|           9|
    |mul_ln1118_22_fu_664_p2    |     *    |      1|  0|   5|          16|           8|
    |mul_ln1118_24_fu_639_p2    |     *    |      1|  0|   5|          16|          11|
    |mul_ln1118_25_fu_613_p2    |     *    |      1|  0|   5|          16|          11|
    |mul_ln1118_26_fu_614_p2    |     *    |      1|  0|   5|          16|           8|
    |mul_ln1118_27_fu_618_p2    |     *    |      1|  0|   5|          16|           9|
    |mul_ln1118_30_fu_602_p2    |     *    |      1|  0|   5|          16|          11|
    |mul_ln1118_31_fu_638_p2    |     *    |      1|  0|   5|          16|          10|
    |mul_ln1118_33_fu_667_p2    |     *    |      1|  0|   5|          16|          11|
    |mul_ln1118_34_fu_640_p2    |     *    |      1|  0|   5|          16|          10|
    |mul_ln1118_36_fu_616_p2    |     *    |      1|  0|   5|          16|          11|
    |mul_ln1118_37_fu_617_p2    |     *    |      1|  0|   5|          16|           6|
    |mul_ln1118_39_fu_619_p2    |     *    |      1|  0|   5|          16|           7|
    |mul_ln1118_40_fu_652_p2    |     *    |      1|  0|   5|          16|          10|
    |mul_ln1118_43_fu_623_p2    |     *    |      1|  0|   5|          16|           9|
    |mul_ln1118_44_fu_624_p2    |     *    |      1|  0|   5|          16|          10|
    |mul_ln1118_45_fu_669_p2    |     *    |      1|  0|   5|          16|          12|
    |mul_ln1118_46_fu_626_p2    |     *    |      1|  0|   5|          16|           9|
    |mul_ln1118_47_fu_600_p2    |     *    |      1|  0|   5|          16|           9|
    |mul_ln1118_49_fu_656_p2    |     *    |      1|  0|   5|          16|           7|
    |mul_ln1118_52_fu_605_p2    |     *    |      1|  0|   5|          16|          11|
    |mul_ln1118_53_fu_633_p2    |     *    |      1|  0|   5|          16|           9|
    |mul_ln1118_54_fu_661_p2    |     *    |      1|  0|   5|          16|           9|
    |mul_ln1118_55_fu_662_p2    |     *    |      1|  0|   5|          16|           5|
    |mul_ln1118_56_fu_631_p2    |     *    |      1|  0|   5|          16|           6|
    |mul_ln1118_57_fu_675_p2    |     *    |      1|  0|   5|          16|          12|
    |mul_ln1118_58_fu_665_p2    |     *    |      1|  0|   5|          16|          10|
    |mul_ln1118_61_fu_668_p2    |     *    |      1|  0|   5|          16|           7|
    |mul_ln1118_65_fu_645_p2    |     *    |      1|  0|   5|          16|          10|
    |mul_ln1118_66_fu_673_p2    |     *    |      1|  0|   5|          16|          12|
    |mul_ln1118_67_fu_612_p2    |     *    |      1|  0|   5|          16|           9|
    |mul_ln1118_68_fu_676_p2    |     *    |      1|  0|   5|          16|           9|
    |mul_ln1118_6_fu_663_p2     |     *    |      1|  0|   5|          16|          11|
    |mul_ln1118_73_fu_637_p2    |     *    |      1|  0|   5|          16|          11|
    |mul_ln1118_74_fu_654_p2    |     *    |      1|  0|   5|          16|           9|
    |mul_ln1118_75_fu_655_p2    |     *    |      1|  0|   5|          16|           9|
    |mul_ln1118_76_fu_610_p2    |     *    |      1|  0|   5|          16|          10|
    |mul_ln1118_7_fu_649_p2     |     *    |      1|  0|   5|          16|           9|
    |mul_ln1118_89_fu_674_p2    |     *    |      1|  0|   5|          16|          10|
    |mul_ln1118_8_fu_650_p2     |     *    |      1|  0|   5|          16|          11|
    |mul_ln1118_94_fu_659_p2    |     *    |      1|  0|   5|          16|          10|
    |mul_ln1118_97_fu_625_p2    |     *    |      1|  0|   5|          16|           7|
    |mul_ln1118_98_fu_607_p2    |     *    |      1|  0|   5|          16|          11|
    |mul_ln1118_99_fu_608_p2    |     *    |      1|  0|   5|          16|          11|
    |mul_ln1118_fu_611_p2       |     *    |      1|  0|   5|          16|           7|
    |acc_1_V_fu_32367_p2        |     +    |      0|  0|  16|          16|          16|
    |acc_2_V_fu_32459_p2        |     +    |      0|  0|  16|          16|          16|
    |acc_3_V_fu_32542_p2        |     +    |      0|  0|  16|          16|          16|
    |acc_4_V_fu_32628_p2        |     +    |      0|  0|  16|          16|          16|
    |add_ln1118_1_fu_30567_p2   |     +    |      0|  0|  25|          25|          25|
    |add_ln1118_2_fu_30824_p2   |     +    |      0|  0|  25|          25|          25|
    |add_ln1118_3_fu_30932_p2   |     +    |      0|  0|  22|          22|          22|
    |add_ln1118_fu_30125_p2     |     +    |      0|  0|  24|          24|          24|
    |add_ln703_100_fu_31665_p2  |     +    |      0|  0|  16|          16|          16|
    |add_ln703_101_fu_31671_p2  |     +    |      0|  0|  16|          16|          16|
    |add_ln703_102_fu_32465_p2  |     +    |      0|  0|  16|          16|          16|
    |add_ln703_103_fu_32469_p2  |     +    |      0|  0|  16|          16|          16|
    |add_ln703_104_fu_31677_p2  |     +    |      0|  0|  16|          16|          16|
    |add_ln703_105_fu_31683_p2  |     +    |      0|  0|  16|          16|          16|
    |add_ln703_106_fu_31689_p2  |     +    |      0|  0|  16|          16|          16|
    |add_ln703_107_fu_32474_p2  |     +    |      0|  0|  16|          16|          16|
    |add_ln703_108_fu_32480_p2  |     +    |      0|  0|  16|          16|          16|
    |add_ln703_109_fu_32486_p2  |     +    |      0|  0|  16|          16|          16|
    |add_ln703_10_fu_31325_p2   |     +    |      0|  0|  16|          16|          16|
    |add_ln703_110_fu_32492_p2  |     +    |      0|  0|  16|          16|          16|
    |add_ln703_111_fu_31695_p2  |     +    |      0|  0|  16|          16|          16|
    |add_ln703_112_fu_32497_p2  |     +    |      0|  0|  16|          16|          16|
    |add_ln703_113_fu_32503_p2  |     +    |      0|  0|  16|          16|          16|
    |add_ln703_114_fu_32508_p2  |     +    |      0|  0|  16|          16|          16|
    |add_ln703_115_fu_32514_p2  |     +    |      0|  0|   8|           8|           6|
    |add_ln703_116_fu_32524_p2  |     +    |      0|  0|  16|          16|          16|
    |add_ln703_117_fu_32530_p2  |     +    |      0|  0|  16|          16|          16|
    |add_ln703_118_fu_32536_p2  |     +    |      0|  0|  16|          16|          16|
    |add_ln703_11_fu_31331_p2   |     +    |      0|  0|  16|          16|          16|
    |add_ln703_120_fu_31701_p2  |     +    |      0|  0|  16|          16|          16|
    |add_ln703_121_fu_31707_p2  |     +    |      0|  0|  16|          16|          16|
    |add_ln703_122_fu_31713_p2  |     +    |      0|  0|  16|          16|          16|
    |add_ln703_123_fu_31719_p2  |     +    |      0|  0|  16|          16|          16|
    |add_ln703_124_fu_31725_p2  |     +    |      0|  0|  16|          16|          16|
    |add_ln703_125_fu_31731_p2  |     +    |      0|  0|  16|          16|          16|
    |add_ln703_126_fu_31737_p2  |     +    |      0|  0|  15|          15|          15|
    |add_ln703_127_fu_31747_p2  |     +    |      0|  0|  16|          16|          16|
    |add_ln703_128_fu_31753_p2  |     +    |      0|  0|  16|          16|          16|
    |add_ln703_129_fu_31759_p2  |     +    |      0|  0|  16|          16|          16|
    |add_ln703_12_fu_31337_p2   |     +    |      0|  0|  16|          16|          16|
    |add_ln703_130_fu_31765_p2  |     +    |      0|  0|  16|          16|          16|
    |add_ln703_131_fu_31771_p2  |     +    |      0|  0|  16|          16|          16|
    |add_ln703_132_fu_31777_p2  |     +    |      0|  0|  16|          16|          16|
    |add_ln703_133_fu_31783_p2  |     +    |      0|  0|  16|          16|          16|
    |add_ln703_134_fu_32548_p2  |     +    |      0|  0|  16|          16|          16|
    |add_ln703_135_fu_32554_p2  |     +    |      0|  0|  16|          16|          16|
    |add_ln703_136_fu_32559_p2  |     +    |      0|  0|  16|          16|          16|
    |add_ln703_137_fu_32565_p2  |     +    |      0|  0|  16|          16|          16|
    |add_ln703_138_fu_32571_p2  |     +    |      0|  0|  16|          16|          16|
    |add_ln703_139_fu_32577_p2  |     +    |      0|  0|  16|          16|          16|
    |add_ln703_13_fu_31343_p2   |     +    |      0|  0|  16|          16|          16|
    |add_ln703_140_fu_31789_p2  |     +    |      0|  0|  16|          16|          16|
    |add_ln703_141_fu_32583_p2  |     +    |      0|  0|  16|          16|          16|
    |add_ln703_142_fu_32589_p2  |     +    |      0|  0|  16|          16|          16|
    |add_ln703_143_fu_32594_p2  |     +    |      0|  0|  16|          16|          16|
    |add_ln703_144_fu_32600_p2  |     +    |      0|  0|   9|           9|           8|
    |add_ln703_145_fu_32610_p2  |     +    |      0|  0|  16|          16|          16|
    |add_ln703_146_fu_32616_p2  |     +    |      0|  0|  16|          16|          16|
    |add_ln703_147_fu_32622_p2  |     +    |      0|  0|  16|          16|          16|
    |add_ln703_14_fu_31349_p2   |     +    |      0|  0|  16|          16|          16|
    |add_ln703_15_fu_31355_p2   |     +    |      0|  0|  16|          16|          16|
    |add_ln703_16_fu_31361_p2   |     +    |      0|  0|  16|          16|          16|
    |add_ln703_17_fu_32235_p2   |     +    |      0|  0|  16|          16|          16|
    |add_ln703_18_fu_32241_p2   |     +    |      0|  0|  16|          16|          16|
    |add_ln703_19_fu_32247_p2   |     +    |      0|  0|  16|          16|          16|
    |add_ln703_1_fu_31271_p2    |     +    |      0|  0|  16|          16|          16|
    |add_ln703_20_fu_32253_p2   |     +    |      0|  0|  16|          16|          16|
    |add_ln703_21_fu_32258_p2   |     +    |      0|  0|  16|          16|          16|
    |add_ln703_22_fu_32264_p2   |     +    |      0|  0|  16|          16|          16|
    |add_ln703_23_fu_32270_p2   |     +    |      0|  0|  16|          16|          16|
    |add_ln703_24_fu_32276_p2   |     +    |      0|  0|   8|           8|           8|
    |add_ln703_25_fu_32286_p2   |     +    |      0|  0|   7|           7|           5|
    |add_ln703_26_fu_32296_p2   |     +    |      0|  0|   9|           9|           9|
    |add_ln703_27_fu_32306_p2   |     +    |      0|  0|  16|          16|          16|
    |add_ln703_28_fu_32312_p2   |     +    |      0|  0|  16|          16|          16|
    |add_ln703_29_fu_32318_p2   |     +    |      0|  0|  16|          16|          16|
    |add_ln703_2_fu_31277_p2    |     +    |      0|  0|  16|          16|          16|
    |add_ln703_30_fu_31367_p2   |     +    |      0|  0|  16|          16|          16|
    |add_ln703_31_fu_31373_p2   |     +    |      0|  0|  16|          16|          16|
    |add_ln703_32_fu_31379_p2   |     +    |      0|  0|  16|          16|          16|
    |add_ln703_33_fu_31385_p2   |     +    |      0|  0|  16|          16|          16|
    |add_ln703_34_fu_31391_p2   |     +    |      0|  0|  16|          16|          16|
    |add_ln703_35_fu_31397_p2   |     +    |      0|  0|  16|          16|          16|
    |add_ln703_36_fu_31403_p2   |     +    |      0|  0|  16|          16|          16|
    |add_ln703_37_fu_31409_p2   |     +    |      0|  0|  16|          16|          16|
    |add_ln703_38_fu_31415_p2   |     +    |      0|  0|  16|          16|          16|
    |add_ln703_39_fu_31421_p2   |     +    |      0|  0|  16|          16|          16|
    |add_ln703_3_fu_31283_p2    |     +    |      0|  0|  16|          16|          16|
    |add_ln703_40_fu_31427_p2   |     +    |      0|  0|  16|          16|          16|
    |add_ln703_41_fu_31433_p2   |     +    |      0|  0|  16|          16|          16|
    |add_ln703_42_fu_31439_p2   |     +    |      0|  0|  16|          16|          16|
    |add_ln703_43_fu_31445_p2   |     +    |      0|  0|  16|          15|          15|
    |add_ln703_44_fu_31451_p2   |     +    |      0|  0|  16|          15|          15|
    |add_ln703_45_fu_31461_p2   |     +    |      0|  0|  16|          16|          16|
    |add_ln703_46_fu_31467_p2   |     +    |      0|  0|  16|          16|          16|
    |add_ln703_47_fu_31473_p2   |     +    |      0|  0|  16|          16|          16|
    |add_ln703_48_fu_31479_p2   |     +    |      0|  0|  16|          16|          16|
    |add_ln703_49_fu_31485_p2   |     +    |      0|  0|  16|          16|          16|
    |add_ln703_4_fu_31289_p2    |     +    |      0|  0|  16|          16|          16|
    |add_ln703_50_fu_32323_p2   |     +    |      0|  0|  16|          16|          16|
    |add_ln703_51_fu_32329_p2   |     +    |      0|  0|  16|          16|          16|
    |add_ln703_52_fu_32334_p2   |     +    |      0|  0|  16|          16|          16|
    |add_ln703_53_fu_32340_p2   |     +    |      0|  0|   8|           8|           6|
    |add_ln703_54_fu_32350_p2   |     +    |      0|  0|  16|          16|          16|
    |add_ln703_55_fu_32356_p2   |     +    |      0|  0|  16|          16|          16|
    |add_ln703_56_fu_32362_p2   |     +    |      0|  0|  16|          16|          16|
    |add_ln703_58_fu_31491_p2   |     +    |      0|  0|  15|          15|          15|
    |add_ln703_59_fu_31501_p2   |     +    |      0|  0|  16|          16|          16|
    |add_ln703_5_fu_31295_p2    |     +    |      0|  0|  16|          16|          16|
    |add_ln703_60_fu_31507_p2   |     +    |      0|  0|  16|          16|          16|
    |add_ln703_61_fu_31513_p2   |     +    |      0|  0|  15|          15|          15|
    |add_ln703_62_fu_31523_p2   |     +    |      0|  0|  16|          16|          16|
    |add_ln703_63_fu_31529_p2   |     +    |      0|  0|  16|          16|          16|
    |add_ln703_64_fu_31535_p2   |     +    |      0|  0|  16|          16|          16|
    |add_ln703_65_fu_31541_p2   |     +    |      0|  0|  15|          15|          15|
    |add_ln703_66_fu_31551_p2   |     +    |      0|  0|  16|          16|          16|
    |add_ln703_67_fu_31557_p2   |     +    |      0|  0|  16|          16|          16|
    |add_ln703_68_fu_31563_p2   |     +    |      0|  0|  16|          16|          16|
    |add_ln703_69_fu_31569_p2   |     +    |      0|  0|  16|          16|          16|
    |add_ln703_6_fu_31301_p2    |     +    |      0|  0|  16|          16|          16|
    |add_ln703_70_fu_31575_p2   |     +    |      0|  0|  16|          16|          16|
    |add_ln703_71_fu_32372_p2   |     +    |      0|  0|  16|          16|          16|
    |add_ln703_72_fu_32376_p2   |     +    |      0|  0|  16|          16|          16|
    |add_ln703_73_fu_31581_p2   |     +    |      0|  0|  16|          16|          16|
    |add_ln703_74_fu_31587_p2   |     +    |      0|  0|  16|          16|          16|
    |add_ln703_75_fu_31593_p2   |     +    |      0|  0|  16|          16|          16|
    |add_ln703_76_fu_32381_p2   |     +    |      0|  0|  16|          16|          16|
    |add_ln703_77_fu_32386_p2   |     +    |      0|  0|  16|          16|          16|
    |add_ln703_78_fu_32392_p2   |     +    |      0|  0|  16|          16|          16|
    |add_ln703_79_fu_32398_p2   |     +    |      0|  0|  16|          16|          16|
    |add_ln703_7_fu_31307_p2    |     +    |      0|  0|  16|          16|          16|
    |add_ln703_80_fu_32403_p2   |     +    |      0|  0|  14|          14|          14|
    |add_ln703_81_fu_32413_p2   |     +    |      0|  0|  16|          16|          16|
    |add_ln703_82_fu_32419_p2   |     +    |      0|  0|  16|          16|          16|
    |add_ln703_83_fu_32425_p2   |     +    |      0|  0|  16|          16|          16|
    |add_ln703_84_fu_32431_p2   |     +    |      0|  0|   8|           8|           5|
    |add_ln703_85_fu_32441_p2   |     +    |      0|  0|  16|          16|          16|
    |add_ln703_86_fu_32447_p2   |     +    |      0|  0|  16|          16|          16|
    |add_ln703_87_fu_32453_p2   |     +    |      0|  0|  16|          16|          16|
    |add_ln703_89_fu_31599_p2   |     +    |      0|  0|  16|          16|          16|
    |add_ln703_8_fu_31313_p2    |     +    |      0|  0|  16|          16|          16|
    |add_ln703_90_fu_31605_p2   |     +    |      0|  0|  16|          16|          16|
    |add_ln703_91_fu_31611_p2   |     +    |      0|  0|  16|          16|          16|
    |add_ln703_92_fu_31617_p2   |     +    |      0|  0|  16|          16|          16|
    |add_ln703_93_fu_31623_p2   |     +    |      0|  0|  16|          16|          16|
    |add_ln703_94_fu_31629_p2   |     +    |      0|  0|  16|          16|          16|
    |add_ln703_95_fu_31635_p2   |     +    |      0|  0|  16|          16|          16|
    |add_ln703_96_fu_31641_p2   |     +    |      0|  0|  16|          16|          16|
    |add_ln703_97_fu_31647_p2   |     +    |      0|  0|  16|          16|          16|
    |add_ln703_98_fu_31653_p2   |     +    |      0|  0|  16|          16|          16|
    |add_ln703_99_fu_31659_p2   |     +    |      0|  0|  16|          16|          16|
    |add_ln703_9_fu_31319_p2    |     +    |      0|  0|  16|          16|          16|
    |add_ln703_fu_31265_p2      |     +    |      0|  0|  16|          16|          16|
    |sub_ln1118_10_fu_30225_p2  |     -    |      0|  0|  19|          19|          19|
    |sub_ln1118_11_fu_30305_p2  |     -    |      0|  0|  16|           1|          25|
    |sub_ln1118_12_fu_30311_p2  |     -    |      0|  0|  16|          25|          25|
    |sub_ln1118_13_fu_30343_p2  |     -    |      0|  0|  19|           1|          19|
    |sub_ln1118_14_fu_30427_p2  |     -    |      0|  0|  17|           1|          17|
    |sub_ln1118_15_fu_30478_p2  |     -    |      0|  0|  26|          26|          26|
    |sub_ln1118_16_fu_30629_p2  |     -    |      0|  0|  19|          19|          19|
    |sub_ln1118_17_fu_31027_p2  |     -    |      0|  0|  18|           1|          18|
    |sub_ln1118_18_fu_31059_p2  |     -    |      0|  0|  16|           1|          19|
    |sub_ln1118_19_fu_31065_p2  |     -    |      0|  0|  16|          19|          19|
    |sub_ln1118_1_fu_29529_p2   |     -    |      0|  0|  22|           1|          22|
    |sub_ln1118_20_fu_31097_p2  |     -    |      0|  0|  16|           1|          23|
    |sub_ln1118_21_fu_31103_p2  |     -    |      0|  0|  16|          23|          23|
    |sub_ln1118_22_fu_31932_p2  |     -    |      0|  0|  16|           1|          26|
    |sub_ln1118_23_fu_31949_p2  |     -    |      0|  0|  16|          26|          26|
    |sub_ln1118_24_fu_31986_p2  |     -    |      0|  0|  17|           1|          17|
    |sub_ln1118_25_fu_32017_p2  |     -    |      0|  0|  16|           1|          23|
    |sub_ln1118_26_fu_32034_p2  |     -    |      0|  0|  16|          23|          23|
    |sub_ln1118_27_fu_32107_p2  |     -    |      0|  0|  17|           1|          17|
    |sub_ln1118_28_fu_32155_p2  |     -    |      0|  0|  16|           1|          21|
    |sub_ln1118_29_fu_32173_p2  |     -    |      0|  0|  16|          21|          21|
    |sub_ln1118_2_fu_29549_p2   |     -    |      0|  0|  17|           1|          17|
    |sub_ln1118_30_fu_32211_p2  |     -    |      0|  0|  17|           1|          17|
    |sub_ln1118_3_fu_29581_p2   |     -    |      0|  0|  16|           1|          25|
    |sub_ln1118_4_fu_29587_p2   |     -    |      0|  0|  16|          25|          25|
    |sub_ln1118_5_fu_29778_p2   |     -    |      0|  0|  25|          25|          25|
    |sub_ln1118_6_fu_29855_p2   |     -    |      0|  0|  17|           1|          17|
    |sub_ln1118_7_fu_29887_p2   |     -    |      0|  0|  19|          19|          19|
    |sub_ln1118_8_fu_30016_p2   |     -    |      0|  0|  19|           1|          19|
    |sub_ln1118_9_fu_30145_p2   |     -    |      0|  0|  17|           1|          17|
    |sub_ln1118_fu_29440_p2     |     -    |      0|  0|  17|           1|          17|
    +---------------------------+----------+-------+---+----+------------+------------+
    |Total                      |          |     80|  0|3365|        3986|        3845|
    +---------------------------+----------+-------+---+----+------------+------------+

    * Multiplexer: 
    +---------------+----+-----------+-----+-----------+
    |      Name     | LUT| Input Size| Bits| Total Bits|
    +---------------+----+-----------+-----+-----------+
    |ap_NS_fsm      |  15|          3|    1|          3|
    |grp_fu_601_p0  |  15|          3|   16|         48|
    |grp_fu_601_p1  |  15|          3|   10|         30|
    |grp_fu_603_p0  |  15|          3|   16|         48|
    |grp_fu_603_p1  |  15|          3|   10|         30|
    |grp_fu_606_p0  |  15|          3|   16|         48|
    |grp_fu_606_p1  |  15|          3|   11|         33|
    |grp_fu_615_p0  |  15|          3|   16|         48|
    |grp_fu_615_p1  |  15|          3|   11|         33|
    |grp_fu_620_p0  |  15|          3|   16|         48|
    |grp_fu_620_p1  |  15|          3|   12|         36|
    |grp_fu_622_p0  |  15|          3|   16|         48|
    |grp_fu_622_p1  |  15|          3|   12|         36|
    |grp_fu_628_p0  |  15|          3|   16|         48|
    |grp_fu_628_p1  |  15|          3|   10|         30|
    |grp_fu_629_p0  |  15|          3|   16|         48|
    |grp_fu_629_p1  |  15|          3|   10|         30|
    |grp_fu_630_p0  |  15|          3|   16|         48|
    |grp_fu_630_p1  |  15|          3|   10|         30|
    |grp_fu_632_p0  |  15|          3|   16|         48|
    |grp_fu_632_p1  |  15|          3|   10|         30|
    |grp_fu_634_p0  |  15|          3|   16|         48|
    |grp_fu_634_p1  |  15|          3|   10|         30|
    |grp_fu_635_p0  |  15|          3|   16|         48|
    |grp_fu_635_p1  |  15|          3|   11|         33|
    |grp_fu_636_p0  |  15|          3|   16|         48|
    |grp_fu_636_p1  |  15|          3|   11|         33|
    |grp_fu_641_p0  |  15|          3|   16|         48|
    |grp_fu_641_p1  |  15|          3|    9|         27|
    |grp_fu_642_p0  |  15|          3|   16|         48|
    |grp_fu_642_p1  |  15|          3|   13|         39|
    |grp_fu_643_p0  |  15|          3|   16|         48|
    |grp_fu_643_p1  |  15|          3|   11|         33|
    |grp_fu_644_p0  |  15|          3|   16|         48|
    |grp_fu_644_p1  |  15|          3|   11|         33|
    |grp_fu_646_p0  |  15|          3|   16|         48|
    |grp_fu_647_p0  |  15|          3|   16|         48|
    |grp_fu_647_p1  |  15|          3|   12|         36|
    |grp_fu_648_p0  |  15|          3|   16|         48|
    |grp_fu_648_p1  |  15|          3|   12|         36|
    |grp_fu_651_p0  |  15|          3|   16|         48|
    |grp_fu_651_p1  |  15|          3|   10|         30|
    |grp_fu_657_p0  |  15|          3|   16|         48|
    |grp_fu_657_p1  |  15|          3|   11|         33|
    |grp_fu_658_p0  |  15|          3|   16|         48|
    |grp_fu_658_p1  |  15|          3|   10|         30|
    |grp_fu_666_p0  |  15|          3|   16|         48|
    |grp_fu_666_p1  |  15|          3|   12|         36|
    |grp_fu_670_p0  |  15|          3|   16|         48|
    |grp_fu_670_p1  |  15|          3|   10|         30|
    |grp_fu_671_p0  |  15|          3|   16|         48|
    |grp_fu_671_p1  |  15|          3|   12|         36|
    |grp_fu_672_p0  |  15|          3|   16|         48|
    |grp_fu_672_p1  |  15|          3|   11|         33|
    |grp_fu_678_p0  |  15|          3|   16|         48|
    |grp_fu_678_p1  |  15|          3|   13|         39|
    |grp_fu_679_p0  |  15|          3|   16|         48|
    |grp_fu_679_p1  |  15|          3|    9|         27|
    +---------------+----+-----------+-----+-----------+
    |Total          | 870|        174|  769|       2307|
    +---------------+----+-----------+-----+-----------+

    * Register: 
    +----------------------------+----+----+-----+-----------+
    |            Name            | FF | LUT| Bits| Const Bits|
    +----------------------------+----+----+-----+-----------+
    |add_ln703_101_reg_32807     |  16|   0|   16|          0|
    |add_ln703_106_reg_32812     |  16|   0|   16|          0|
    |add_ln703_111_reg_32817     |  16|   0|   16|          0|
    |add_ln703_133_reg_32822     |  16|   0|   16|          0|
    |add_ln703_13_reg_32752      |  16|   0|   16|          0|
    |add_ln703_140_reg_32827     |  16|   0|   16|          0|
    |add_ln703_16_reg_32757      |  16|   0|   16|          0|
    |add_ln703_42_reg_32762      |  16|   0|   16|          0|
    |add_ln703_48_reg_32767      |  16|   0|   16|          0|
    |add_ln703_49_reg_32772      |  16|   0|   16|          0|
    |add_ln703_64_reg_32777      |  16|   0|   16|          0|
    |add_ln703_67_reg_32782      |  16|   0|   16|          0|
    |add_ln703_70_reg_32787      |  16|   0|   16|          0|
    |add_ln703_75_reg_32792      |  16|   0|   16|          0|
    |add_ln703_95_reg_32797      |  16|   0|   16|          0|
    |add_ln703_98_reg_32802      |  16|   0|   16|          0|
    |ap_CS_fsm                   |   2|   0|    2|          0|
    |ap_port_reg_data_23_V_read  |  16|   0|   16|          0|
    |ap_port_reg_data_28_V_read  |  16|   0|   16|          0|
    |ap_port_reg_data_29_V_read  |  16|   0|   16|          0|
    |ap_port_reg_data_30_V_read  |  16|   0|   16|          0|
    |ap_port_reg_data_31_V_read  |  16|   0|   16|          0|
    |data_24_V_read_4_reg_32671  |  16|   0|   16|          0|
    |data_25_V_read_4_reg_32663  |  16|   0|   16|          0|
    |sext_ln1118_71_reg_32703    |  26|   0|   26|          0|
    |sext_ln1118_73_reg_32714    |  26|   0|   26|          0|
    |sext_ln1118_76_reg_32722    |  26|   0|   26|          0|
    |sext_ln1118_81_reg_32728    |  26|   0|   26|          0|
    |sext_ln1118_86_reg_32733    |  26|   0|   26|          0|
    |sext_ln1118_87_reg_32744    |  26|   0|   26|          0|
    |tmp_22_reg_32678            |   6|   0|    6|          0|
    |tmp_34_reg_32739            |  13|   0|   13|          0|
    |trunc_ln708_27_reg_32683    |   7|   0|    7|          0|
    |trunc_ln708_33_reg_32693    |  16|   0|   16|          0|
    |trunc_ln708_41_reg_32709    |  16|   0|   16|          0|
    |trunc_ln708_54_reg_32688    |   6|   0|    6|          0|
    |trunc_ln708_83_reg_32698    |  13|   0|   13|          0|
    +----------------------------+----+----+-----+-----------+
    |Total                       | 603|   0|  603|          0|
    +----------------------------+----+----+-----+-----------+



================================================================
== Interface
================================================================
* Summary: 
+----------------+-----+-----+------------+-------------------------------------------------------------------+--------------+
|    RTL Ports   | Dir | Bits|  Protocol  |                           Source Object                           |    C Type    |
+----------------+-----+-----+------------+-------------------------------------------------------------------+--------------+
|ap_clk          |  in |    1| ap_ctrl_hs | dense_latency<ap_fixed,ap_fixed<16,6,5,3,0>,config11>.0.0.0.0.0.0 | return value |
|ap_rst          |  in |    1| ap_ctrl_hs | dense_latency<ap_fixed,ap_fixed<16,6,5,3,0>,config11>.0.0.0.0.0.0 | return value |
|ap_start        |  in |    1| ap_ctrl_hs | dense_latency<ap_fixed,ap_fixed<16,6,5,3,0>,config11>.0.0.0.0.0.0 | return value |
|ap_done         | out |    1| ap_ctrl_hs | dense_latency<ap_fixed,ap_fixed<16,6,5,3,0>,config11>.0.0.0.0.0.0 | return value |
|ap_idle         | out |    1| ap_ctrl_hs | dense_latency<ap_fixed,ap_fixed<16,6,5,3,0>,config11>.0.0.0.0.0.0 | return value |
|ap_ready        | out |    1| ap_ctrl_hs | dense_latency<ap_fixed,ap_fixed<16,6,5,3,0>,config11>.0.0.0.0.0.0 | return value |
|ap_return_0     | out |   16| ap_ctrl_hs | dense_latency<ap_fixed,ap_fixed<16,6,5,3,0>,config11>.0.0.0.0.0.0 | return value |
|ap_return_1     | out |   16| ap_ctrl_hs | dense_latency<ap_fixed,ap_fixed<16,6,5,3,0>,config11>.0.0.0.0.0.0 | return value |
|ap_return_2     | out |   16| ap_ctrl_hs | dense_latency<ap_fixed,ap_fixed<16,6,5,3,0>,config11>.0.0.0.0.0.0 | return value |
|ap_return_3     | out |   16| ap_ctrl_hs | dense_latency<ap_fixed,ap_fixed<16,6,5,3,0>,config11>.0.0.0.0.0.0 | return value |
|ap_return_4     | out |   16| ap_ctrl_hs | dense_latency<ap_fixed,ap_fixed<16,6,5,3,0>,config11>.0.0.0.0.0.0 | return value |
|ap_ce           |  in |    1| ap_ctrl_hs | dense_latency<ap_fixed,ap_fixed<16,6,5,3,0>,config11>.0.0.0.0.0.0 | return value |
|data_0_V_read   |  in |   16|   ap_none  |                           data_0_V_read                           |    scalar    |
|data_1_V_read   |  in |   16|   ap_none  |                           data_1_V_read                           |    scalar    |
|data_2_V_read   |  in |   16|   ap_none  |                           data_2_V_read                           |    scalar    |
|data_3_V_read   |  in |   16|   ap_none  |                           data_3_V_read                           |    scalar    |
|data_4_V_read   |  in |   16|   ap_none  |                           data_4_V_read                           |    scalar    |
|data_5_V_read   |  in |   16|   ap_none  |                           data_5_V_read                           |    scalar    |
|data_6_V_read   |  in |   16|   ap_none  |                           data_6_V_read                           |    scalar    |
|data_7_V_read   |  in |   16|   ap_none  |                           data_7_V_read                           |    scalar    |
|data_8_V_read   |  in |   16|   ap_none  |                           data_8_V_read                           |    scalar    |
|data_9_V_read   |  in |   16|   ap_none  |                           data_9_V_read                           |    scalar    |
|data_10_V_read  |  in |   16|   ap_none  |                           data_10_V_read                          |    scalar    |
|data_11_V_read  |  in |   16|   ap_none  |                           data_11_V_read                          |    scalar    |
|data_12_V_read  |  in |   16|   ap_none  |                           data_12_V_read                          |    scalar    |
|data_13_V_read  |  in |   16|   ap_none  |                           data_13_V_read                          |    scalar    |
|data_14_V_read  |  in |   16|   ap_none  |                           data_14_V_read                          |    scalar    |
|data_15_V_read  |  in |   16|   ap_none  |                           data_15_V_read                          |    scalar    |
|data_16_V_read  |  in |   16|   ap_none  |                           data_16_V_read                          |    scalar    |
|data_17_V_read  |  in |   16|   ap_none  |                           data_17_V_read                          |    scalar    |
|data_18_V_read  |  in |   16|   ap_none  |                           data_18_V_read                          |    scalar    |
|data_19_V_read  |  in |   16|   ap_none  |                           data_19_V_read                          |    scalar    |
|data_20_V_read  |  in |   16|   ap_none  |                           data_20_V_read                          |    scalar    |
|data_21_V_read  |  in |   16|   ap_none  |                           data_21_V_read                          |    scalar    |
|data_22_V_read  |  in |   16|   ap_none  |                           data_22_V_read                          |    scalar    |
|data_23_V_read  |  in |   16|   ap_none  |                           data_23_V_read                          |    scalar    |
|data_24_V_read  |  in |   16|   ap_none  |                           data_24_V_read                          |    scalar    |
|data_25_V_read  |  in |   16|   ap_none  |                           data_25_V_read                          |    scalar    |
|data_26_V_read  |  in |   16|   ap_none  |                           data_26_V_read                          |    scalar    |
|data_27_V_read  |  in |   16|   ap_none  |                           data_27_V_read                          |    scalar    |
|data_28_V_read  |  in |   16|   ap_none  |                           data_28_V_read                          |    scalar    |
|data_29_V_read  |  in |   16|   ap_none  |                           data_29_V_read                          |    scalar    |
|data_30_V_read  |  in |   16|   ap_none  |                           data_30_V_read                          |    scalar    |
|data_31_V_read  |  in |   16|   ap_none  |                           data_31_V_read                          |    scalar    |
+----------------+-----+-----+------------+-------------------------------------------------------------------+--------------+

