

================================================================
== Vivado HLS Report for 'relu_ap_fixed_16_6_5_3_0_ap_fixed_16_6_5_3_0_relu_config10_s'
================================================================
* Date:           Fri Sep 22 02:21:32 2023

* Version:        2019.2 (Build 2704478 on Wed Nov 06 22:10:23 MST 2019)
* Project:        myproject_prj
* Solution:       solution1
* Product family: virtexuplus
* Target device:  xcu250-figd2104-2L-e


================================================================
== Performance Estimates
================================================================
+ Timing: 
    * Summary: 
    +--------+---------+----------+------------+
    |  Clock |  Target | Estimated| Uncertainty|
    +--------+---------+----------+------------+
    |ap_clk  | 5.00 ns | 0.969 ns |   0.62 ns  |
    +--------+---------+----------+------------+

+ Latency: 
    * Summary: 
    +---------+---------+----------+----------+-----+-----+----------+
    |  Latency (cycles) |  Latency (absolute) |  Interval | Pipeline |
    |   min   |   max   |    min   |    max   | min | max |   Type   |
    +---------+---------+----------+----------+-----+-----+----------+
    |        0|        0|   0 ns   |   0 ns   |    1|    1| function |
    +---------+---------+----------+----------+-----+-----+----------+

    + Detail: 
        * Instance: 
        N/A

        * Loop: 
        N/A

============================================================
+ Verbose Summary: Synthesis Manager
============================================================
InlineROM: 1
ExposeGlobal: 0
============================================================
+ Verbose Summary: CDFG Model
============================================================
IsTopModel: 0
ResetActiveHigh: 1
IsCombinational: 0
IsDatapathOnly: 0
HasWiredReturn: 1
HasMFsm: 2
HasVarLatency: 0
IsPipeline: 1
IsRtlPipelined: 0
IsInstanceOverlapped: 0
IsDontTouch: 0
HasImplIP: 0
IsGatedGlobalClock: 0

+ Individual pipeline summary: 
  * Pipeline-0: initiation interval (II) = 1, depth = 1


============================================================
+ Verbose Summary: Schedule
============================================================
* Number of FSM states : 1
* Pipeline : 1
  Pipeline-0 : II = 1, D = 1, States = { 1 }
* Dataflow Pipeline: 0

* FSM state transitions: 
1 --> 

* FSM state operations: 

State 1 <SV = 0> <Delay = 0.96>
ST_1 : Operation 2 [1/1] (0.00ns)   --->   "%data_31_V_read21 = call i16 @_ssdm_op_Read.ap_auto.i16(i16 %data_31_V_read)" [firmware/nnet_utils/nnet_activation.h:39]   --->   Operation 2 'read' 'data_31_V_read21' <Predicate = true> <Delay = 0.00>
ST_1 : Operation 3 [1/1] (0.00ns)   --->   "%data_30_V_read_2 = call i16 @_ssdm_op_Read.ap_auto.i16(i16 %data_30_V_read)" [firmware/nnet_utils/nnet_activation.h:39]   --->   Operation 3 'read' 'data_30_V_read_2' <Predicate = true> <Delay = 0.00>
ST_1 : Operation 4 [1/1] (0.00ns)   --->   "%data_29_V_read_3 = call i16 @_ssdm_op_Read.ap_auto.i16(i16 %data_29_V_read)" [firmware/nnet_utils/nnet_activation.h:39]   --->   Operation 4 'read' 'data_29_V_read_3' <Predicate = true> <Delay = 0.00>
ST_1 : Operation 5 [1/1] (0.00ns)   --->   "%data_26_V_read_3 = call i16 @_ssdm_op_Read.ap_auto.i16(i16 %data_26_V_read)" [firmware/nnet_utils/nnet_activation.h:39]   --->   Operation 5 'read' 'data_26_V_read_3' <Predicate = true> <Delay = 0.00>
ST_1 : Operation 6 [1/1] (0.00ns)   --->   "%data_25_V_read_3 = call i16 @_ssdm_op_Read.ap_auto.i16(i16 %data_25_V_read)" [firmware/nnet_utils/nnet_activation.h:39]   --->   Operation 6 'read' 'data_25_V_read_3' <Predicate = true> <Delay = 0.00>
ST_1 : Operation 7 [1/1] (0.00ns)   --->   "%data_24_V_read_3 = call i16 @_ssdm_op_Read.ap_auto.i16(i16 %data_24_V_read)" [firmware/nnet_utils/nnet_activation.h:39]   --->   Operation 7 'read' 'data_24_V_read_3' <Predicate = true> <Delay = 0.00>
ST_1 : Operation 8 [1/1] (0.00ns)   --->   "%data_23_V_read_2 = call i16 @_ssdm_op_Read.ap_auto.i16(i16 %data_23_V_read)" [firmware/nnet_utils/nnet_activation.h:39]   --->   Operation 8 'read' 'data_23_V_read_2' <Predicate = true> <Delay = 0.00>
ST_1 : Operation 9 [1/1] (0.00ns)   --->   "%data_21_V_read_3 = call i16 @_ssdm_op_Read.ap_auto.i16(i16 %data_21_V_read)" [firmware/nnet_utils/nnet_activation.h:39]   --->   Operation 9 'read' 'data_21_V_read_3' <Predicate = true> <Delay = 0.00>
ST_1 : Operation 10 [1/1] (0.00ns)   --->   "%data_19_V_read_3 = call i16 @_ssdm_op_Read.ap_auto.i16(i16 %data_19_V_read)" [firmware/nnet_utils/nnet_activation.h:39]   --->   Operation 10 'read' 'data_19_V_read_3' <Predicate = true> <Delay = 0.00>
ST_1 : Operation 11 [1/1] (0.00ns)   --->   "%data_18_V_read12 = call i16 @_ssdm_op_Read.ap_auto.i16(i16 %data_18_V_read)" [firmware/nnet_utils/nnet_activation.h:39]   --->   Operation 11 'read' 'data_18_V_read12' <Predicate = true> <Delay = 0.00>
ST_1 : Operation 12 [1/1] (0.00ns)   --->   "%data_17_V_read11 = call i16 @_ssdm_op_Read.ap_auto.i16(i16 %data_17_V_read)" [firmware/nnet_utils/nnet_activation.h:39]   --->   Operation 12 'read' 'data_17_V_read11' <Predicate = true> <Delay = 0.00>
ST_1 : Operation 13 [1/1] (0.00ns)   --->   "%data_16_V_read_3 = call i16 @_ssdm_op_Read.ap_auto.i16(i16 %data_16_V_read)" [firmware/nnet_utils/nnet_activation.h:39]   --->   Operation 13 'read' 'data_16_V_read_3' <Predicate = true> <Delay = 0.00>
ST_1 : Operation 14 [1/1] (0.00ns)   --->   "%data_15_V_read_2 = call i16 @_ssdm_op_Read.ap_auto.i16(i16 %data_15_V_read)" [firmware/nnet_utils/nnet_activation.h:39]   --->   Operation 14 'read' 'data_15_V_read_2' <Predicate = true> <Delay = 0.00>
ST_1 : Operation 15 [1/1] (0.00ns)   --->   "%data_14_V_read_3 = call i16 @_ssdm_op_Read.ap_auto.i16(i16 %data_14_V_read)" [firmware/nnet_utils/nnet_activation.h:39]   --->   Operation 15 'read' 'data_14_V_read_3' <Predicate = true> <Delay = 0.00>
ST_1 : Operation 16 [1/1] (0.00ns)   --->   "%data_13_V_read_3 = call i16 @_ssdm_op_Read.ap_auto.i16(i16 %data_13_V_read)" [firmware/nnet_utils/nnet_activation.h:39]   --->   Operation 16 'read' 'data_13_V_read_3' <Predicate = true> <Delay = 0.00>
ST_1 : Operation 17 [1/1] (0.00ns)   --->   "%data_12_V_read_2 = call i16 @_ssdm_op_Read.ap_auto.i16(i16 %data_12_V_read)" [firmware/nnet_utils/nnet_activation.h:39]   --->   Operation 17 'read' 'data_12_V_read_2' <Predicate = true> <Delay = 0.00>
ST_1 : Operation 18 [1/1] (0.00ns)   --->   "%data_10_V_read_3 = call i16 @_ssdm_op_Read.ap_auto.i16(i16 %data_10_V_read)" [firmware/nnet_utils/nnet_activation.h:39]   --->   Operation 18 'read' 'data_10_V_read_3' <Predicate = true> <Delay = 0.00>
ST_1 : Operation 19 [1/1] (0.00ns)   --->   "%data_7_V_read_3 = call i16 @_ssdm_op_Read.ap_auto.i16(i16 %data_7_V_read)" [firmware/nnet_utils/nnet_activation.h:39]   --->   Operation 19 'read' 'data_7_V_read_3' <Predicate = true> <Delay = 0.00>
ST_1 : Operation 20 [1/1] (0.00ns)   --->   "%data_6_V_read_3 = call i16 @_ssdm_op_Read.ap_auto.i16(i16 %data_6_V_read)" [firmware/nnet_utils/nnet_activation.h:39]   --->   Operation 20 'read' 'data_6_V_read_3' <Predicate = true> <Delay = 0.00>
ST_1 : Operation 21 [1/1] (0.00ns)   --->   "%data_5_V_read_3 = call i16 @_ssdm_op_Read.ap_auto.i16(i16 %data_5_V_read)" [firmware/nnet_utils/nnet_activation.h:39]   --->   Operation 21 'read' 'data_5_V_read_3' <Predicate = true> <Delay = 0.00>
ST_1 : Operation 22 [1/1] (0.00ns)   --->   "%data_1_V_read_4 = call i16 @_ssdm_op_Read.ap_auto.i16(i16 %data_1_V_read)" [firmware/nnet_utils/nnet_activation.h:39]   --->   Operation 22 'read' 'data_1_V_read_4' <Predicate = true> <Delay = 0.00>
ST_1 : Operation 23 [1/1] (0.00ns)   --->   "call void (...)* @_ssdm_op_SpecPipeline(i32 -1, i32 1, i32 1, i32 0, [1 x i8]* @p_str9) nounwind" [firmware/nnet_utils/nnet_activation.h:40]   --->   Operation 23 'specpipeline' <Predicate = true> <Delay = 0.00>
ST_1 : Operation 24 [1/1] (0.67ns)   --->   "%icmp_ln1494_1 = icmp sgt i16 %data_1_V_read_4, 0" [firmware/nnet_utils/nnet_activation.h:45]   --->   Operation 24 'icmp' 'icmp_ln1494_1' <Predicate = true> <Delay = 0.67> <Core = "Cmp">   --->   Core 25 'Cmp' <Latency = 0> <II = 1> <Delay = 0.67> <FuncUnit> <Opcode : 'icmp'> <InPorts = 2> <OutPorts = 1>
ST_1 : Operation 25 [1/1] (0.00ns)   --->   "%trunc_ln45 = trunc i16 %data_1_V_read_4 to i15" [firmware/nnet_utils/nnet_activation.h:45]   --->   Operation 25 'trunc' 'trunc_ln45' <Predicate = (icmp_ln1494_1)> <Delay = 0.00>
ST_1 : Operation 26 [1/1] (0.29ns)   --->   "%select_ln45 = select i1 %icmp_ln1494_1, i15 %trunc_ln45, i15 0" [firmware/nnet_utils/nnet_activation.h:45]   --->   Operation 26 'select' 'select_ln45' <Predicate = true> <Delay = 0.29> <Core = "Sel">   --->   Core 26 'Sel' <Latency = 0> <II = 1> <Delay = 0.29> <FuncUnit> <Opcode : 'select'> <InPorts = 3> <OutPorts = 1>
ST_1 : Operation 27 [1/1] (0.00ns)   --->   "%zext_ln45 = zext i15 %select_ln45 to i16" [firmware/nnet_utils/nnet_activation.h:45]   --->   Operation 27 'zext' 'zext_ln45' <Predicate = true> <Delay = 0.00>
ST_1 : Operation 28 [1/1] (0.67ns)   --->   "%icmp_ln1494_5 = icmp sgt i16 %data_5_V_read_3, 0" [firmware/nnet_utils/nnet_activation.h:45]   --->   Operation 28 'icmp' 'icmp_ln1494_5' <Predicate = true> <Delay = 0.67> <Core = "Cmp">   --->   Core 25 'Cmp' <Latency = 0> <II = 1> <Delay = 0.67> <FuncUnit> <Opcode : 'icmp'> <InPorts = 2> <OutPorts = 1>
ST_1 : Operation 29 [1/1] (0.00ns)   --->   "%trunc_ln45_86 = trunc i16 %data_5_V_read_3 to i15" [firmware/nnet_utils/nnet_activation.h:45]   --->   Operation 29 'trunc' 'trunc_ln45_86' <Predicate = (icmp_ln1494_5)> <Delay = 0.00>
ST_1 : Operation 30 [1/1] (0.29ns)   --->   "%select_ln45_86 = select i1 %icmp_ln1494_5, i15 %trunc_ln45_86, i15 0" [firmware/nnet_utils/nnet_activation.h:45]   --->   Operation 30 'select' 'select_ln45_86' <Predicate = true> <Delay = 0.29> <Core = "Sel">   --->   Core 26 'Sel' <Latency = 0> <II = 1> <Delay = 0.29> <FuncUnit> <Opcode : 'select'> <InPorts = 3> <OutPorts = 1>
ST_1 : Operation 31 [1/1] (0.00ns)   --->   "%zext_ln45_86 = zext i15 %select_ln45_86 to i16" [firmware/nnet_utils/nnet_activation.h:45]   --->   Operation 31 'zext' 'zext_ln45_86' <Predicate = true> <Delay = 0.00>
ST_1 : Operation 32 [1/1] (0.67ns)   --->   "%icmp_ln1494_6 = icmp sgt i16 %data_6_V_read_3, 0" [firmware/nnet_utils/nnet_activation.h:45]   --->   Operation 32 'icmp' 'icmp_ln1494_6' <Predicate = true> <Delay = 0.67> <Core = "Cmp">   --->   Core 25 'Cmp' <Latency = 0> <II = 1> <Delay = 0.67> <FuncUnit> <Opcode : 'icmp'> <InPorts = 2> <OutPorts = 1>
ST_1 : Operation 33 [1/1] (0.00ns)   --->   "%trunc_ln45_87 = trunc i16 %data_6_V_read_3 to i15" [firmware/nnet_utils/nnet_activation.h:45]   --->   Operation 33 'trunc' 'trunc_ln45_87' <Predicate = (icmp_ln1494_6)> <Delay = 0.00>
ST_1 : Operation 34 [1/1] (0.29ns)   --->   "%select_ln45_87 = select i1 %icmp_ln1494_6, i15 %trunc_ln45_87, i15 0" [firmware/nnet_utils/nnet_activation.h:45]   --->   Operation 34 'select' 'select_ln45_87' <Predicate = true> <Delay = 0.29> <Core = "Sel">   --->   Core 26 'Sel' <Latency = 0> <II = 1> <Delay = 0.29> <FuncUnit> <Opcode : 'select'> <InPorts = 3> <OutPorts = 1>
ST_1 : Operation 35 [1/1] (0.00ns)   --->   "%zext_ln45_87 = zext i15 %select_ln45_87 to i16" [firmware/nnet_utils/nnet_activation.h:45]   --->   Operation 35 'zext' 'zext_ln45_87' <Predicate = true> <Delay = 0.00>
ST_1 : Operation 36 [1/1] (0.67ns)   --->   "%icmp_ln1494_7 = icmp sgt i16 %data_7_V_read_3, 0" [firmware/nnet_utils/nnet_activation.h:45]   --->   Operation 36 'icmp' 'icmp_ln1494_7' <Predicate = true> <Delay = 0.67> <Core = "Cmp">   --->   Core 25 'Cmp' <Latency = 0> <II = 1> <Delay = 0.67> <FuncUnit> <Opcode : 'icmp'> <InPorts = 2> <OutPorts = 1>
ST_1 : Operation 37 [1/1] (0.00ns)   --->   "%trunc_ln45_88 = trunc i16 %data_7_V_read_3 to i15" [firmware/nnet_utils/nnet_activation.h:45]   --->   Operation 37 'trunc' 'trunc_ln45_88' <Predicate = (icmp_ln1494_7)> <Delay = 0.00>
ST_1 : Operation 38 [1/1] (0.29ns)   --->   "%select_ln45_88 = select i1 %icmp_ln1494_7, i15 %trunc_ln45_88, i15 0" [firmware/nnet_utils/nnet_activation.h:45]   --->   Operation 38 'select' 'select_ln45_88' <Predicate = true> <Delay = 0.29> <Core = "Sel">   --->   Core 26 'Sel' <Latency = 0> <II = 1> <Delay = 0.29> <FuncUnit> <Opcode : 'select'> <InPorts = 3> <OutPorts = 1>
ST_1 : Operation 39 [1/1] (0.00ns)   --->   "%zext_ln45_88 = zext i15 %select_ln45_88 to i16" [firmware/nnet_utils/nnet_activation.h:45]   --->   Operation 39 'zext' 'zext_ln45_88' <Predicate = true> <Delay = 0.00>
ST_1 : Operation 40 [1/1] (0.67ns)   --->   "%icmp_ln1494_10 = icmp sgt i16 %data_10_V_read_3, 0" [firmware/nnet_utils/nnet_activation.h:45]   --->   Operation 40 'icmp' 'icmp_ln1494_10' <Predicate = true> <Delay = 0.67> <Core = "Cmp">   --->   Core 25 'Cmp' <Latency = 0> <II = 1> <Delay = 0.67> <FuncUnit> <Opcode : 'icmp'> <InPorts = 2> <OutPorts = 1>
ST_1 : Operation 41 [1/1] (0.00ns)   --->   "%trunc_ln45_89 = trunc i16 %data_10_V_read_3 to i15" [firmware/nnet_utils/nnet_activation.h:45]   --->   Operation 41 'trunc' 'trunc_ln45_89' <Predicate = (icmp_ln1494_10)> <Delay = 0.00>
ST_1 : Operation 42 [1/1] (0.29ns)   --->   "%select_ln45_89 = select i1 %icmp_ln1494_10, i15 %trunc_ln45_89, i15 0" [firmware/nnet_utils/nnet_activation.h:45]   --->   Operation 42 'select' 'select_ln45_89' <Predicate = true> <Delay = 0.29> <Core = "Sel">   --->   Core 26 'Sel' <Latency = 0> <II = 1> <Delay = 0.29> <FuncUnit> <Opcode : 'select'> <InPorts = 3> <OutPorts = 1>
ST_1 : Operation 43 [1/1] (0.00ns)   --->   "%zext_ln45_89 = zext i15 %select_ln45_89 to i16" [firmware/nnet_utils/nnet_activation.h:45]   --->   Operation 43 'zext' 'zext_ln45_89' <Predicate = true> <Delay = 0.00>
ST_1 : Operation 44 [1/1] (0.67ns)   --->   "%icmp_ln1494_12 = icmp sgt i16 %data_12_V_read_2, 0" [firmware/nnet_utils/nnet_activation.h:45]   --->   Operation 44 'icmp' 'icmp_ln1494_12' <Predicate = true> <Delay = 0.67> <Core = "Cmp">   --->   Core 25 'Cmp' <Latency = 0> <II = 1> <Delay = 0.67> <FuncUnit> <Opcode : 'icmp'> <InPorts = 2> <OutPorts = 1>
ST_1 : Operation 45 [1/1] (0.00ns)   --->   "%trunc_ln45_90 = trunc i16 %data_12_V_read_2 to i15" [firmware/nnet_utils/nnet_activation.h:45]   --->   Operation 45 'trunc' 'trunc_ln45_90' <Predicate = (icmp_ln1494_12)> <Delay = 0.00>
ST_1 : Operation 46 [1/1] (0.29ns)   --->   "%select_ln45_90 = select i1 %icmp_ln1494_12, i15 %trunc_ln45_90, i15 0" [firmware/nnet_utils/nnet_activation.h:45]   --->   Operation 46 'select' 'select_ln45_90' <Predicate = true> <Delay = 0.29> <Core = "Sel">   --->   Core 26 'Sel' <Latency = 0> <II = 1> <Delay = 0.29> <FuncUnit> <Opcode : 'select'> <InPorts = 3> <OutPorts = 1>
ST_1 : Operation 47 [1/1] (0.00ns)   --->   "%zext_ln45_90 = zext i15 %select_ln45_90 to i16" [firmware/nnet_utils/nnet_activation.h:45]   --->   Operation 47 'zext' 'zext_ln45_90' <Predicate = true> <Delay = 0.00>
ST_1 : Operation 48 [1/1] (0.67ns)   --->   "%icmp_ln1494_13 = icmp sgt i16 %data_13_V_read_3, 0" [firmware/nnet_utils/nnet_activation.h:45]   --->   Operation 48 'icmp' 'icmp_ln1494_13' <Predicate = true> <Delay = 0.67> <Core = "Cmp">   --->   Core 25 'Cmp' <Latency = 0> <II = 1> <Delay = 0.67> <FuncUnit> <Opcode : 'icmp'> <InPorts = 2> <OutPorts = 1>
ST_1 : Operation 49 [1/1] (0.00ns)   --->   "%trunc_ln45_91 = trunc i16 %data_13_V_read_3 to i15" [firmware/nnet_utils/nnet_activation.h:45]   --->   Operation 49 'trunc' 'trunc_ln45_91' <Predicate = (icmp_ln1494_13)> <Delay = 0.00>
ST_1 : Operation 50 [1/1] (0.29ns)   --->   "%select_ln45_91 = select i1 %icmp_ln1494_13, i15 %trunc_ln45_91, i15 0" [firmware/nnet_utils/nnet_activation.h:45]   --->   Operation 50 'select' 'select_ln45_91' <Predicate = true> <Delay = 0.29> <Core = "Sel">   --->   Core 26 'Sel' <Latency = 0> <II = 1> <Delay = 0.29> <FuncUnit> <Opcode : 'select'> <InPorts = 3> <OutPorts = 1>
ST_1 : Operation 51 [1/1] (0.00ns)   --->   "%zext_ln45_91 = zext i15 %select_ln45_91 to i16" [firmware/nnet_utils/nnet_activation.h:45]   --->   Operation 51 'zext' 'zext_ln45_91' <Predicate = true> <Delay = 0.00>
ST_1 : Operation 52 [1/1] (0.67ns)   --->   "%icmp_ln1494_14 = icmp sgt i16 %data_14_V_read_3, 0" [firmware/nnet_utils/nnet_activation.h:45]   --->   Operation 52 'icmp' 'icmp_ln1494_14' <Predicate = true> <Delay = 0.67> <Core = "Cmp">   --->   Core 25 'Cmp' <Latency = 0> <II = 1> <Delay = 0.67> <FuncUnit> <Opcode : 'icmp'> <InPorts = 2> <OutPorts = 1>
ST_1 : Operation 53 [1/1] (0.00ns)   --->   "%trunc_ln45_92 = trunc i16 %data_14_V_read_3 to i15" [firmware/nnet_utils/nnet_activation.h:45]   --->   Operation 53 'trunc' 'trunc_ln45_92' <Predicate = (icmp_ln1494_14)> <Delay = 0.00>
ST_1 : Operation 54 [1/1] (0.29ns)   --->   "%select_ln45_92 = select i1 %icmp_ln1494_14, i15 %trunc_ln45_92, i15 0" [firmware/nnet_utils/nnet_activation.h:45]   --->   Operation 54 'select' 'select_ln45_92' <Predicate = true> <Delay = 0.29> <Core = "Sel">   --->   Core 26 'Sel' <Latency = 0> <II = 1> <Delay = 0.29> <FuncUnit> <Opcode : 'select'> <InPorts = 3> <OutPorts = 1>
ST_1 : Operation 55 [1/1] (0.00ns)   --->   "%zext_ln45_92 = zext i15 %select_ln45_92 to i16" [firmware/nnet_utils/nnet_activation.h:45]   --->   Operation 55 'zext' 'zext_ln45_92' <Predicate = true> <Delay = 0.00>
ST_1 : Operation 56 [1/1] (0.67ns)   --->   "%icmp_ln1494_15 = icmp sgt i16 %data_15_V_read_2, 0" [firmware/nnet_utils/nnet_activation.h:45]   --->   Operation 56 'icmp' 'icmp_ln1494_15' <Predicate = true> <Delay = 0.67> <Core = "Cmp">   --->   Core 25 'Cmp' <Latency = 0> <II = 1> <Delay = 0.67> <FuncUnit> <Opcode : 'icmp'> <InPorts = 2> <OutPorts = 1>
ST_1 : Operation 57 [1/1] (0.00ns)   --->   "%trunc_ln45_93 = trunc i16 %data_15_V_read_2 to i15" [firmware/nnet_utils/nnet_activation.h:45]   --->   Operation 57 'trunc' 'trunc_ln45_93' <Predicate = (icmp_ln1494_15)> <Delay = 0.00>
ST_1 : Operation 58 [1/1] (0.29ns)   --->   "%select_ln45_93 = select i1 %icmp_ln1494_15, i15 %trunc_ln45_93, i15 0" [firmware/nnet_utils/nnet_activation.h:45]   --->   Operation 58 'select' 'select_ln45_93' <Predicate = true> <Delay = 0.29> <Core = "Sel">   --->   Core 26 'Sel' <Latency = 0> <II = 1> <Delay = 0.29> <FuncUnit> <Opcode : 'select'> <InPorts = 3> <OutPorts = 1>
ST_1 : Operation 59 [1/1] (0.00ns)   --->   "%zext_ln45_93 = zext i15 %select_ln45_93 to i16" [firmware/nnet_utils/nnet_activation.h:45]   --->   Operation 59 'zext' 'zext_ln45_93' <Predicate = true> <Delay = 0.00>
ST_1 : Operation 60 [1/1] (0.67ns)   --->   "%icmp_ln1494_16 = icmp sgt i16 %data_16_V_read_3, 0" [firmware/nnet_utils/nnet_activation.h:45]   --->   Operation 60 'icmp' 'icmp_ln1494_16' <Predicate = true> <Delay = 0.67> <Core = "Cmp">   --->   Core 25 'Cmp' <Latency = 0> <II = 1> <Delay = 0.67> <FuncUnit> <Opcode : 'icmp'> <InPorts = 2> <OutPorts = 1>
ST_1 : Operation 61 [1/1] (0.00ns)   --->   "%trunc_ln45_94 = trunc i16 %data_16_V_read_3 to i15" [firmware/nnet_utils/nnet_activation.h:45]   --->   Operation 61 'trunc' 'trunc_ln45_94' <Predicate = (icmp_ln1494_16)> <Delay = 0.00>
ST_1 : Operation 62 [1/1] (0.29ns)   --->   "%select_ln45_94 = select i1 %icmp_ln1494_16, i15 %trunc_ln45_94, i15 0" [firmware/nnet_utils/nnet_activation.h:45]   --->   Operation 62 'select' 'select_ln45_94' <Predicate = true> <Delay = 0.29> <Core = "Sel">   --->   Core 26 'Sel' <Latency = 0> <II = 1> <Delay = 0.29> <FuncUnit> <Opcode : 'select'> <InPorts = 3> <OutPorts = 1>
ST_1 : Operation 63 [1/1] (0.00ns)   --->   "%zext_ln45_94 = zext i15 %select_ln45_94 to i16" [firmware/nnet_utils/nnet_activation.h:45]   --->   Operation 63 'zext' 'zext_ln45_94' <Predicate = true> <Delay = 0.00>
ST_1 : Operation 64 [1/1] (0.67ns)   --->   "%icmp_ln1494_17 = icmp sgt i16 %data_17_V_read11, 0" [firmware/nnet_utils/nnet_activation.h:45]   --->   Operation 64 'icmp' 'icmp_ln1494_17' <Predicate = true> <Delay = 0.67> <Core = "Cmp">   --->   Core 25 'Cmp' <Latency = 0> <II = 1> <Delay = 0.67> <FuncUnit> <Opcode : 'icmp'> <InPorts = 2> <OutPorts = 1>
ST_1 : Operation 65 [1/1] (0.00ns)   --->   "%trunc_ln45_95 = trunc i16 %data_17_V_read11 to i15" [firmware/nnet_utils/nnet_activation.h:45]   --->   Operation 65 'trunc' 'trunc_ln45_95' <Predicate = (icmp_ln1494_17)> <Delay = 0.00>
ST_1 : Operation 66 [1/1] (0.29ns)   --->   "%select_ln45_95 = select i1 %icmp_ln1494_17, i15 %trunc_ln45_95, i15 0" [firmware/nnet_utils/nnet_activation.h:45]   --->   Operation 66 'select' 'select_ln45_95' <Predicate = true> <Delay = 0.29> <Core = "Sel">   --->   Core 26 'Sel' <Latency = 0> <II = 1> <Delay = 0.29> <FuncUnit> <Opcode : 'select'> <InPorts = 3> <OutPorts = 1>
ST_1 : Operation 67 [1/1] (0.00ns)   --->   "%zext_ln45_95 = zext i15 %select_ln45_95 to i16" [firmware/nnet_utils/nnet_activation.h:45]   --->   Operation 67 'zext' 'zext_ln45_95' <Predicate = true> <Delay = 0.00>
ST_1 : Operation 68 [1/1] (0.67ns)   --->   "%icmp_ln1494_18 = icmp sgt i16 %data_18_V_read12, 0" [firmware/nnet_utils/nnet_activation.h:45]   --->   Operation 68 'icmp' 'icmp_ln1494_18' <Predicate = true> <Delay = 0.67> <Core = "Cmp">   --->   Core 25 'Cmp' <Latency = 0> <II = 1> <Delay = 0.67> <FuncUnit> <Opcode : 'icmp'> <InPorts = 2> <OutPorts = 1>
ST_1 : Operation 69 [1/1] (0.00ns)   --->   "%trunc_ln45_96 = trunc i16 %data_18_V_read12 to i15" [firmware/nnet_utils/nnet_activation.h:45]   --->   Operation 69 'trunc' 'trunc_ln45_96' <Predicate = (icmp_ln1494_18)> <Delay = 0.00>
ST_1 : Operation 70 [1/1] (0.29ns)   --->   "%select_ln45_96 = select i1 %icmp_ln1494_18, i15 %trunc_ln45_96, i15 0" [firmware/nnet_utils/nnet_activation.h:45]   --->   Operation 70 'select' 'select_ln45_96' <Predicate = true> <Delay = 0.29> <Core = "Sel">   --->   Core 26 'Sel' <Latency = 0> <II = 1> <Delay = 0.29> <FuncUnit> <Opcode : 'select'> <InPorts = 3> <OutPorts = 1>
ST_1 : Operation 71 [1/1] (0.00ns)   --->   "%zext_ln45_96 = zext i15 %select_ln45_96 to i16" [firmware/nnet_utils/nnet_activation.h:45]   --->   Operation 71 'zext' 'zext_ln45_96' <Predicate = true> <Delay = 0.00>
ST_1 : Operation 72 [1/1] (0.67ns)   --->   "%icmp_ln1494_19 = icmp sgt i16 %data_19_V_read_3, 0" [firmware/nnet_utils/nnet_activation.h:45]   --->   Operation 72 'icmp' 'icmp_ln1494_19' <Predicate = true> <Delay = 0.67> <Core = "Cmp">   --->   Core 25 'Cmp' <Latency = 0> <II = 1> <Delay = 0.67> <FuncUnit> <Opcode : 'icmp'> <InPorts = 2> <OutPorts = 1>
ST_1 : Operation 73 [1/1] (0.00ns)   --->   "%trunc_ln45_97 = trunc i16 %data_19_V_read_3 to i15" [firmware/nnet_utils/nnet_activation.h:45]   --->   Operation 73 'trunc' 'trunc_ln45_97' <Predicate = (icmp_ln1494_19)> <Delay = 0.00>
ST_1 : Operation 74 [1/1] (0.29ns)   --->   "%select_ln45_97 = select i1 %icmp_ln1494_19, i15 %trunc_ln45_97, i15 0" [firmware/nnet_utils/nnet_activation.h:45]   --->   Operation 74 'select' 'select_ln45_97' <Predicate = true> <Delay = 0.29> <Core = "Sel">   --->   Core 26 'Sel' <Latency = 0> <II = 1> <Delay = 0.29> <FuncUnit> <Opcode : 'select'> <InPorts = 3> <OutPorts = 1>
ST_1 : Operation 75 [1/1] (0.00ns)   --->   "%zext_ln45_97 = zext i15 %select_ln45_97 to i16" [firmware/nnet_utils/nnet_activation.h:45]   --->   Operation 75 'zext' 'zext_ln45_97' <Predicate = true> <Delay = 0.00>
ST_1 : Operation 76 [1/1] (0.67ns)   --->   "%icmp_ln1494_21 = icmp sgt i16 %data_21_V_read_3, 0" [firmware/nnet_utils/nnet_activation.h:45]   --->   Operation 76 'icmp' 'icmp_ln1494_21' <Predicate = true> <Delay = 0.67> <Core = "Cmp">   --->   Core 25 'Cmp' <Latency = 0> <II = 1> <Delay = 0.67> <FuncUnit> <Opcode : 'icmp'> <InPorts = 2> <OutPorts = 1>
ST_1 : Operation 77 [1/1] (0.00ns)   --->   "%trunc_ln45_98 = trunc i16 %data_21_V_read_3 to i15" [firmware/nnet_utils/nnet_activation.h:45]   --->   Operation 77 'trunc' 'trunc_ln45_98' <Predicate = (icmp_ln1494_21)> <Delay = 0.00>
ST_1 : Operation 78 [1/1] (0.29ns)   --->   "%select_ln45_98 = select i1 %icmp_ln1494_21, i15 %trunc_ln45_98, i15 0" [firmware/nnet_utils/nnet_activation.h:45]   --->   Operation 78 'select' 'select_ln45_98' <Predicate = true> <Delay = 0.29> <Core = "Sel">   --->   Core 26 'Sel' <Latency = 0> <II = 1> <Delay = 0.29> <FuncUnit> <Opcode : 'select'> <InPorts = 3> <OutPorts = 1>
ST_1 : Operation 79 [1/1] (0.00ns)   --->   "%zext_ln45_98 = zext i15 %select_ln45_98 to i16" [firmware/nnet_utils/nnet_activation.h:45]   --->   Operation 79 'zext' 'zext_ln45_98' <Predicate = true> <Delay = 0.00>
ST_1 : Operation 80 [1/1] (0.67ns)   --->   "%icmp_ln1494_23 = icmp sgt i16 %data_23_V_read_2, 0" [firmware/nnet_utils/nnet_activation.h:45]   --->   Operation 80 'icmp' 'icmp_ln1494_23' <Predicate = true> <Delay = 0.67> <Core = "Cmp">   --->   Core 25 'Cmp' <Latency = 0> <II = 1> <Delay = 0.67> <FuncUnit> <Opcode : 'icmp'> <InPorts = 2> <OutPorts = 1>
ST_1 : Operation 81 [1/1] (0.00ns)   --->   "%trunc_ln45_99 = trunc i16 %data_23_V_read_2 to i15" [firmware/nnet_utils/nnet_activation.h:45]   --->   Operation 81 'trunc' 'trunc_ln45_99' <Predicate = (icmp_ln1494_23)> <Delay = 0.00>
ST_1 : Operation 82 [1/1] (0.29ns)   --->   "%select_ln45_99 = select i1 %icmp_ln1494_23, i15 %trunc_ln45_99, i15 0" [firmware/nnet_utils/nnet_activation.h:45]   --->   Operation 82 'select' 'select_ln45_99' <Predicate = true> <Delay = 0.29> <Core = "Sel">   --->   Core 26 'Sel' <Latency = 0> <II = 1> <Delay = 0.29> <FuncUnit> <Opcode : 'select'> <InPorts = 3> <OutPorts = 1>
ST_1 : Operation 83 [1/1] (0.00ns)   --->   "%zext_ln45_99 = zext i15 %select_ln45_99 to i16" [firmware/nnet_utils/nnet_activation.h:45]   --->   Operation 83 'zext' 'zext_ln45_99' <Predicate = true> <Delay = 0.00>
ST_1 : Operation 84 [1/1] (0.67ns)   --->   "%icmp_ln1494_24 = icmp sgt i16 %data_24_V_read_3, 0" [firmware/nnet_utils/nnet_activation.h:45]   --->   Operation 84 'icmp' 'icmp_ln1494_24' <Predicate = true> <Delay = 0.67> <Core = "Cmp">   --->   Core 25 'Cmp' <Latency = 0> <II = 1> <Delay = 0.67> <FuncUnit> <Opcode : 'icmp'> <InPorts = 2> <OutPorts = 1>
ST_1 : Operation 85 [1/1] (0.00ns)   --->   "%trunc_ln45_100 = trunc i16 %data_24_V_read_3 to i15" [firmware/nnet_utils/nnet_activation.h:45]   --->   Operation 85 'trunc' 'trunc_ln45_100' <Predicate = (icmp_ln1494_24)> <Delay = 0.00>
ST_1 : Operation 86 [1/1] (0.29ns)   --->   "%select_ln45_100 = select i1 %icmp_ln1494_24, i15 %trunc_ln45_100, i15 0" [firmware/nnet_utils/nnet_activation.h:45]   --->   Operation 86 'select' 'select_ln45_100' <Predicate = true> <Delay = 0.29> <Core = "Sel">   --->   Core 26 'Sel' <Latency = 0> <II = 1> <Delay = 0.29> <FuncUnit> <Opcode : 'select'> <InPorts = 3> <OutPorts = 1>
ST_1 : Operation 87 [1/1] (0.00ns)   --->   "%zext_ln45_100 = zext i15 %select_ln45_100 to i16" [firmware/nnet_utils/nnet_activation.h:45]   --->   Operation 87 'zext' 'zext_ln45_100' <Predicate = true> <Delay = 0.00>
ST_1 : Operation 88 [1/1] (0.67ns)   --->   "%icmp_ln1494_25 = icmp sgt i16 %data_25_V_read_3, 0" [firmware/nnet_utils/nnet_activation.h:45]   --->   Operation 88 'icmp' 'icmp_ln1494_25' <Predicate = true> <Delay = 0.67> <Core = "Cmp">   --->   Core 25 'Cmp' <Latency = 0> <II = 1> <Delay = 0.67> <FuncUnit> <Opcode : 'icmp'> <InPorts = 2> <OutPorts = 1>
ST_1 : Operation 89 [1/1] (0.00ns)   --->   "%trunc_ln45_101 = trunc i16 %data_25_V_read_3 to i15" [firmware/nnet_utils/nnet_activation.h:45]   --->   Operation 89 'trunc' 'trunc_ln45_101' <Predicate = (icmp_ln1494_25)> <Delay = 0.00>
ST_1 : Operation 90 [1/1] (0.29ns)   --->   "%select_ln45_101 = select i1 %icmp_ln1494_25, i15 %trunc_ln45_101, i15 0" [firmware/nnet_utils/nnet_activation.h:45]   --->   Operation 90 'select' 'select_ln45_101' <Predicate = true> <Delay = 0.29> <Core = "Sel">   --->   Core 26 'Sel' <Latency = 0> <II = 1> <Delay = 0.29> <FuncUnit> <Opcode : 'select'> <InPorts = 3> <OutPorts = 1>
ST_1 : Operation 91 [1/1] (0.00ns)   --->   "%zext_ln45_101 = zext i15 %select_ln45_101 to i16" [firmware/nnet_utils/nnet_activation.h:45]   --->   Operation 91 'zext' 'zext_ln45_101' <Predicate = true> <Delay = 0.00>
ST_1 : Operation 92 [1/1] (0.67ns)   --->   "%icmp_ln1494_26 = icmp sgt i16 %data_26_V_read_3, 0" [firmware/nnet_utils/nnet_activation.h:45]   --->   Operation 92 'icmp' 'icmp_ln1494_26' <Predicate = true> <Delay = 0.67> <Core = "Cmp">   --->   Core 25 'Cmp' <Latency = 0> <II = 1> <Delay = 0.67> <FuncUnit> <Opcode : 'icmp'> <InPorts = 2> <OutPorts = 1>
ST_1 : Operation 93 [1/1] (0.00ns)   --->   "%trunc_ln45_102 = trunc i16 %data_26_V_read_3 to i15" [firmware/nnet_utils/nnet_activation.h:45]   --->   Operation 93 'trunc' 'trunc_ln45_102' <Predicate = (icmp_ln1494_26)> <Delay = 0.00>
ST_1 : Operation 94 [1/1] (0.29ns)   --->   "%select_ln45_102 = select i1 %icmp_ln1494_26, i15 %trunc_ln45_102, i15 0" [firmware/nnet_utils/nnet_activation.h:45]   --->   Operation 94 'select' 'select_ln45_102' <Predicate = true> <Delay = 0.29> <Core = "Sel">   --->   Core 26 'Sel' <Latency = 0> <II = 1> <Delay = 0.29> <FuncUnit> <Opcode : 'select'> <InPorts = 3> <OutPorts = 1>
ST_1 : Operation 95 [1/1] (0.00ns)   --->   "%zext_ln45_102 = zext i15 %select_ln45_102 to i16" [firmware/nnet_utils/nnet_activation.h:45]   --->   Operation 95 'zext' 'zext_ln45_102' <Predicate = true> <Delay = 0.00>
ST_1 : Operation 96 [1/1] (0.67ns)   --->   "%icmp_ln1494_29 = icmp sgt i16 %data_29_V_read_3, 0" [firmware/nnet_utils/nnet_activation.h:45]   --->   Operation 96 'icmp' 'icmp_ln1494_29' <Predicate = true> <Delay = 0.67> <Core = "Cmp">   --->   Core 25 'Cmp' <Latency = 0> <II = 1> <Delay = 0.67> <FuncUnit> <Opcode : 'icmp'> <InPorts = 2> <OutPorts = 1>
ST_1 : Operation 97 [1/1] (0.00ns)   --->   "%trunc_ln45_103 = trunc i16 %data_29_V_read_3 to i15" [firmware/nnet_utils/nnet_activation.h:45]   --->   Operation 97 'trunc' 'trunc_ln45_103' <Predicate = (icmp_ln1494_29)> <Delay = 0.00>
ST_1 : Operation 98 [1/1] (0.29ns)   --->   "%select_ln45_103 = select i1 %icmp_ln1494_29, i15 %trunc_ln45_103, i15 0" [firmware/nnet_utils/nnet_activation.h:45]   --->   Operation 98 'select' 'select_ln45_103' <Predicate = true> <Delay = 0.29> <Core = "Sel">   --->   Core 26 'Sel' <Latency = 0> <II = 1> <Delay = 0.29> <FuncUnit> <Opcode : 'select'> <InPorts = 3> <OutPorts = 1>
ST_1 : Operation 99 [1/1] (0.00ns)   --->   "%zext_ln45_103 = zext i15 %select_ln45_103 to i16" [firmware/nnet_utils/nnet_activation.h:45]   --->   Operation 99 'zext' 'zext_ln45_103' <Predicate = true> <Delay = 0.00>
ST_1 : Operation 100 [1/1] (0.67ns)   --->   "%icmp_ln1494_30 = icmp sgt i16 %data_30_V_read_2, 0" [firmware/nnet_utils/nnet_activation.h:45]   --->   Operation 100 'icmp' 'icmp_ln1494_30' <Predicate = true> <Delay = 0.67> <Core = "Cmp">   --->   Core 25 'Cmp' <Latency = 0> <II = 1> <Delay = 0.67> <FuncUnit> <Opcode : 'icmp'> <InPorts = 2> <OutPorts = 1>
ST_1 : Operation 101 [1/1] (0.00ns)   --->   "%trunc_ln45_104 = trunc i16 %data_30_V_read_2 to i15" [firmware/nnet_utils/nnet_activation.h:45]   --->   Operation 101 'trunc' 'trunc_ln45_104' <Predicate = (icmp_ln1494_30)> <Delay = 0.00>
ST_1 : Operation 102 [1/1] (0.29ns)   --->   "%select_ln45_104 = select i1 %icmp_ln1494_30, i15 %trunc_ln45_104, i15 0" [firmware/nnet_utils/nnet_activation.h:45]   --->   Operation 102 'select' 'select_ln45_104' <Predicate = true> <Delay = 0.29> <Core = "Sel">   --->   Core 26 'Sel' <Latency = 0> <II = 1> <Delay = 0.29> <FuncUnit> <Opcode : 'select'> <InPorts = 3> <OutPorts = 1>
ST_1 : Operation 103 [1/1] (0.00ns)   --->   "%zext_ln45_104 = zext i15 %select_ln45_104 to i16" [firmware/nnet_utils/nnet_activation.h:45]   --->   Operation 103 'zext' 'zext_ln45_104' <Predicate = true> <Delay = 0.00>
ST_1 : Operation 104 [1/1] (0.67ns)   --->   "%icmp_ln1494_31 = icmp sgt i16 %data_31_V_read21, 0" [firmware/nnet_utils/nnet_activation.h:45]   --->   Operation 104 'icmp' 'icmp_ln1494_31' <Predicate = true> <Delay = 0.67> <Core = "Cmp">   --->   Core 25 'Cmp' <Latency = 0> <II = 1> <Delay = 0.67> <FuncUnit> <Opcode : 'icmp'> <InPorts = 2> <OutPorts = 1>
ST_1 : Operation 105 [1/1] (0.00ns)   --->   "%trunc_ln45_105 = trunc i16 %data_31_V_read21 to i15" [firmware/nnet_utils/nnet_activation.h:45]   --->   Operation 105 'trunc' 'trunc_ln45_105' <Predicate = (icmp_ln1494_31)> <Delay = 0.00>
ST_1 : Operation 106 [1/1] (0.29ns)   --->   "%select_ln45_105 = select i1 %icmp_ln1494_31, i15 %trunc_ln45_105, i15 0" [firmware/nnet_utils/nnet_activation.h:45]   --->   Operation 106 'select' 'select_ln45_105' <Predicate = true> <Delay = 0.29> <Core = "Sel">   --->   Core 26 'Sel' <Latency = 0> <II = 1> <Delay = 0.29> <FuncUnit> <Opcode : 'select'> <InPorts = 3> <OutPorts = 1>
ST_1 : Operation 107 [1/1] (0.00ns)   --->   "%zext_ln45_105 = zext i15 %select_ln45_105 to i16" [firmware/nnet_utils/nnet_activation.h:45]   --->   Operation 107 'zext' 'zext_ln45_105' <Predicate = true> <Delay = 0.00>
ST_1 : Operation 108 [1/1] (0.00ns)   --->   "%newret = insertvalue { i16, i16, i16, i16, i16, i16, i16, i16, i16, i16, i16, i16, i16, i16, i16, i16, i16, i16, i16, i16, i16 } undef, i16 %zext_ln45, 0" [firmware/nnet_utils/nnet_activation.h:45]   --->   Operation 108 'insertvalue' 'newret' <Predicate = true> <Delay = 0.00>
ST_1 : Operation 109 [1/1] (0.00ns)   --->   "%newret2 = insertvalue { i16, i16, i16, i16, i16, i16, i16, i16, i16, i16, i16, i16, i16, i16, i16, i16, i16, i16, i16, i16, i16 } %newret, i16 %zext_ln45_86, 1" [firmware/nnet_utils/nnet_activation.h:45]   --->   Operation 109 'insertvalue' 'newret2' <Predicate = true> <Delay = 0.00>
ST_1 : Operation 110 [1/1] (0.00ns)   --->   "%newret4 = insertvalue { i16, i16, i16, i16, i16, i16, i16, i16, i16, i16, i16, i16, i16, i16, i16, i16, i16, i16, i16, i16, i16 } %newret2, i16 %zext_ln45_87, 2" [firmware/nnet_utils/nnet_activation.h:45]   --->   Operation 110 'insertvalue' 'newret4' <Predicate = true> <Delay = 0.00>
ST_1 : Operation 111 [1/1] (0.00ns)   --->   "%newret6 = insertvalue { i16, i16, i16, i16, i16, i16, i16, i16, i16, i16, i16, i16, i16, i16, i16, i16, i16, i16, i16, i16, i16 } %newret4, i16 %zext_ln45_88, 3" [firmware/nnet_utils/nnet_activation.h:45]   --->   Operation 111 'insertvalue' 'newret6' <Predicate = true> <Delay = 0.00>
ST_1 : Operation 112 [1/1] (0.00ns)   --->   "%newret8 = insertvalue { i16, i16, i16, i16, i16, i16, i16, i16, i16, i16, i16, i16, i16, i16, i16, i16, i16, i16, i16, i16, i16 } %newret6, i16 %zext_ln45_89, 4" [firmware/nnet_utils/nnet_activation.h:45]   --->   Operation 112 'insertvalue' 'newret8' <Predicate = true> <Delay = 0.00>
ST_1 : Operation 113 [1/1] (0.00ns)   --->   "%newret10 = insertvalue { i16, i16, i16, i16, i16, i16, i16, i16, i16, i16, i16, i16, i16, i16, i16, i16, i16, i16, i16, i16, i16 } %newret8, i16 %zext_ln45_90, 5" [firmware/nnet_utils/nnet_activation.h:45]   --->   Operation 113 'insertvalue' 'newret10' <Predicate = true> <Delay = 0.00>
ST_1 : Operation 114 [1/1] (0.00ns)   --->   "%newret12 = insertvalue { i16, i16, i16, i16, i16, i16, i16, i16, i16, i16, i16, i16, i16, i16, i16, i16, i16, i16, i16, i16, i16 } %newret10, i16 %zext_ln45_91, 6" [firmware/nnet_utils/nnet_activation.h:45]   --->   Operation 114 'insertvalue' 'newret12' <Predicate = true> <Delay = 0.00>
ST_1 : Operation 115 [1/1] (0.00ns)   --->   "%newret14 = insertvalue { i16, i16, i16, i16, i16, i16, i16, i16, i16, i16, i16, i16, i16, i16, i16, i16, i16, i16, i16, i16, i16 } %newret12, i16 %zext_ln45_92, 7" [firmware/nnet_utils/nnet_activation.h:45]   --->   Operation 115 'insertvalue' 'newret14' <Predicate = true> <Delay = 0.00>
ST_1 : Operation 116 [1/1] (0.00ns)   --->   "%newret16 = insertvalue { i16, i16, i16, i16, i16, i16, i16, i16, i16, i16, i16, i16, i16, i16, i16, i16, i16, i16, i16, i16, i16 } %newret14, i16 %zext_ln45_93, 8" [firmware/nnet_utils/nnet_activation.h:45]   --->   Operation 116 'insertvalue' 'newret16' <Predicate = true> <Delay = 0.00>
ST_1 : Operation 117 [1/1] (0.00ns)   --->   "%newret18 = insertvalue { i16, i16, i16, i16, i16, i16, i16, i16, i16, i16, i16, i16, i16, i16, i16, i16, i16, i16, i16, i16, i16 } %newret16, i16 %zext_ln45_94, 9" [firmware/nnet_utils/nnet_activation.h:45]   --->   Operation 117 'insertvalue' 'newret18' <Predicate = true> <Delay = 0.00>
ST_1 : Operation 118 [1/1] (0.00ns)   --->   "%newret20 = insertvalue { i16, i16, i16, i16, i16, i16, i16, i16, i16, i16, i16, i16, i16, i16, i16, i16, i16, i16, i16, i16, i16 } %newret18, i16 %zext_ln45_95, 10" [firmware/nnet_utils/nnet_activation.h:45]   --->   Operation 118 'insertvalue' 'newret20' <Predicate = true> <Delay = 0.00>
ST_1 : Operation 119 [1/1] (0.00ns)   --->   "%newret22 = insertvalue { i16, i16, i16, i16, i16, i16, i16, i16, i16, i16, i16, i16, i16, i16, i16, i16, i16, i16, i16, i16, i16 } %newret20, i16 %zext_ln45_96, 11" [firmware/nnet_utils/nnet_activation.h:45]   --->   Operation 119 'insertvalue' 'newret22' <Predicate = true> <Delay = 0.00>
ST_1 : Operation 120 [1/1] (0.00ns)   --->   "%newret24 = insertvalue { i16, i16, i16, i16, i16, i16, i16, i16, i16, i16, i16, i16, i16, i16, i16, i16, i16, i16, i16, i16, i16 } %newret22, i16 %zext_ln45_97, 12" [firmware/nnet_utils/nnet_activation.h:45]   --->   Operation 120 'insertvalue' 'newret24' <Predicate = true> <Delay = 0.00>
ST_1 : Operation 121 [1/1] (0.00ns)   --->   "%newret26 = insertvalue { i16, i16, i16, i16, i16, i16, i16, i16, i16, i16, i16, i16, i16, i16, i16, i16, i16, i16, i16, i16, i16 } %newret24, i16 %zext_ln45_98, 13" [firmware/nnet_utils/nnet_activation.h:45]   --->   Operation 121 'insertvalue' 'newret26' <Predicate = true> <Delay = 0.00>
ST_1 : Operation 122 [1/1] (0.00ns)   --->   "%newret28 = insertvalue { i16, i16, i16, i16, i16, i16, i16, i16, i16, i16, i16, i16, i16, i16, i16, i16, i16, i16, i16, i16, i16 } %newret26, i16 %zext_ln45_99, 14" [firmware/nnet_utils/nnet_activation.h:45]   --->   Operation 122 'insertvalue' 'newret28' <Predicate = true> <Delay = 0.00>
ST_1 : Operation 123 [1/1] (0.00ns)   --->   "%newret30 = insertvalue { i16, i16, i16, i16, i16, i16, i16, i16, i16, i16, i16, i16, i16, i16, i16, i16, i16, i16, i16, i16, i16 } %newret28, i16 %zext_ln45_100, 15" [firmware/nnet_utils/nnet_activation.h:45]   --->   Operation 123 'insertvalue' 'newret30' <Predicate = true> <Delay = 0.00>
ST_1 : Operation 124 [1/1] (0.00ns)   --->   "%newret32 = insertvalue { i16, i16, i16, i16, i16, i16, i16, i16, i16, i16, i16, i16, i16, i16, i16, i16, i16, i16, i16, i16, i16 } %newret30, i16 %zext_ln45_101, 16" [firmware/nnet_utils/nnet_activation.h:45]   --->   Operation 124 'insertvalue' 'newret32' <Predicate = true> <Delay = 0.00>
ST_1 : Operation 125 [1/1] (0.00ns)   --->   "%newret34 = insertvalue { i16, i16, i16, i16, i16, i16, i16, i16, i16, i16, i16, i16, i16, i16, i16, i16, i16, i16, i16, i16, i16 } %newret32, i16 %zext_ln45_102, 17" [firmware/nnet_utils/nnet_activation.h:45]   --->   Operation 125 'insertvalue' 'newret34' <Predicate = true> <Delay = 0.00>
ST_1 : Operation 126 [1/1] (0.00ns)   --->   "%newret36 = insertvalue { i16, i16, i16, i16, i16, i16, i16, i16, i16, i16, i16, i16, i16, i16, i16, i16, i16, i16, i16, i16, i16 } %newret34, i16 %zext_ln45_103, 18" [firmware/nnet_utils/nnet_activation.h:45]   --->   Operation 126 'insertvalue' 'newret36' <Predicate = true> <Delay = 0.00>
ST_1 : Operation 127 [1/1] (0.00ns)   --->   "%newret38 = insertvalue { i16, i16, i16, i16, i16, i16, i16, i16, i16, i16, i16, i16, i16, i16, i16, i16, i16, i16, i16, i16, i16 } %newret36, i16 %zext_ln45_104, 19" [firmware/nnet_utils/nnet_activation.h:45]   --->   Operation 127 'insertvalue' 'newret38' <Predicate = true> <Delay = 0.00>
ST_1 : Operation 128 [1/1] (0.00ns)   --->   "%newret40 = insertvalue { i16, i16, i16, i16, i16, i16, i16, i16, i16, i16, i16, i16, i16, i16, i16, i16, i16, i16, i16, i16, i16 } %newret38, i16 %zext_ln45_105, 20" [firmware/nnet_utils/nnet_activation.h:45]   --->   Operation 128 'insertvalue' 'newret40' <Predicate = true> <Delay = 0.00>
ST_1 : Operation 129 [1/1] (0.00ns)   --->   "ret { i16, i16, i16, i16, i16, i16, i16, i16, i16, i16, i16, i16, i16, i16, i16, i16, i16, i16, i16, i16, i16 } %newret40" [firmware/nnet_utils/nnet_activation.h:45]   --->   Operation 129 'ret' <Predicate = true> <Delay = 0.00>


============================================================
+ Verbose Summary: Timing violations
============================================================
Target clock period: 5ns, clock uncertainty: 0.625ns.

 <State 1>: 0.969ns
The critical path consists of the following:
	wire read on port 'data_31_V_read' (firmware/nnet_utils/nnet_activation.h:39) [22]  (0 ns)
	'icmp' operation ('icmp_ln1494_31', firmware/nnet_utils/nnet_activation.h:45) [124]  (0.676 ns)
	'select' operation ('res[31].V', firmware/nnet_utils/nnet_activation.h:45) [126]  (0.292 ns)


============================================================
+ Verbose Summary: Binding
============================================================
N/A
* FSMD analyzer results:
  - Output states:
 - Input state : 
  - Chain level:
	State 1


============================================================
+ Verbose Summary: Datapath Resource usage 
============================================================
N/A
