

================================================================
== Vivado HLS Report for 'relu_ap_fixed_16_6_5_3_0_ap_fixed_16_6_5_3_0_relu_config7_s'
================================================================
* Date:           Fri Sep 22 02:21:29 2023

* Version:        2019.2 (Build 2704478 on Wed Nov 06 22:10:23 MST 2019)
* Project:        myproject_prj
* Solution:       solution1
* Product family: virtexuplus
* Target device:  xcu250-figd2104-2L-e


================================================================
== Performance Estimates
================================================================
+ Timing: 
    * Summary: 
    +--------+---------+----------+------------+
    |  Clock |  Target | Estimated| Uncertainty|
    +--------+---------+----------+------------+
    |ap_clk  | 5.00 ns | 0.969 ns |   0.62 ns  |
    +--------+---------+----------+------------+

+ Latency: 
    * Summary: 
    +---------+---------+----------+----------+-----+-----+----------+
    |  Latency (cycles) |  Latency (absolute) |  Interval | Pipeline |
    |   min   |   max   |    min   |    max   | min | max |   Type   |
    +---------+---------+----------+----------+-----+-----+----------+
    |        0|        0|   0 ns   |   0 ns   |    1|    1| function |
    +---------+---------+----------+----------+-----+-----+----------+

    + Detail: 
        * Instance: 
        N/A

        * Loop: 
        N/A

============================================================
+ Verbose Summary: Synthesis Manager
============================================================
InlineROM: 1
ExposeGlobal: 0
============================================================
+ Verbose Summary: CDFG Model
============================================================
IsTopModel: 0
ResetActiveHigh: 1
IsCombinational: 0
IsDatapathOnly: 0
HasWiredReturn: 1
HasMFsm: 2
HasVarLatency: 0
IsPipeline: 1
IsRtlPipelined: 0
IsInstanceOverlapped: 0
IsDontTouch: 0
HasImplIP: 0
IsGatedGlobalClock: 0

+ Individual pipeline summary: 
  * Pipeline-0: initiation interval (II) = 1, depth = 1


============================================================
+ Verbose Summary: Schedule
============================================================
* Number of FSM states : 1
* Pipeline : 1
  Pipeline-0 : II = 1, D = 1, States = { 1 }
* Dataflow Pipeline: 0

* FSM state transitions: 
1 --> 

* FSM state operations: 

State 1 <SV = 0> <Delay = 0.96>
ST_1 : Operation 2 [1/1] (0.00ns)   --->   "%data_31_V_read_1 = call i16 @_ssdm_op_Read.ap_auto.i16(i16 %data_31_V_read)" [firmware/nnet_utils/nnet_activation.h:39]   --->   Operation 2 'read' 'data_31_V_read_1' <Predicate = true> <Delay = 0.00>
ST_1 : Operation 3 [1/1] (0.00ns)   --->   "%data_29_V_read_1 = call i16 @_ssdm_op_Read.ap_auto.i16(i16 %data_29_V_read)" [firmware/nnet_utils/nnet_activation.h:39]   --->   Operation 3 'read' 'data_29_V_read_1' <Predicate = true> <Delay = 0.00>
ST_1 : Operation 4 [1/1] (0.00ns)   --->   "%data_28_V_read_1 = call i16 @_ssdm_op_Read.ap_auto.i16(i16 %data_28_V_read)" [firmware/nnet_utils/nnet_activation.h:39]   --->   Operation 4 'read' 'data_28_V_read_1' <Predicate = true> <Delay = 0.00>
ST_1 : Operation 5 [1/1] (0.00ns)   --->   "%data_27_V_read_1 = call i16 @_ssdm_op_Read.ap_auto.i16(i16 %data_27_V_read)" [firmware/nnet_utils/nnet_activation.h:39]   --->   Operation 5 'read' 'data_27_V_read_1' <Predicate = true> <Delay = 0.00>
ST_1 : Operation 6 [1/1] (0.00ns)   --->   "%data_26_V_read_1 = call i16 @_ssdm_op_Read.ap_auto.i16(i16 %data_26_V_read)" [firmware/nnet_utils/nnet_activation.h:39]   --->   Operation 6 'read' 'data_26_V_read_1' <Predicate = true> <Delay = 0.00>
ST_1 : Operation 7 [1/1] (0.00ns)   --->   "%data_25_V_read_1 = call i16 @_ssdm_op_Read.ap_auto.i16(i16 %data_25_V_read)" [firmware/nnet_utils/nnet_activation.h:39]   --->   Operation 7 'read' 'data_25_V_read_1' <Predicate = true> <Delay = 0.00>
ST_1 : Operation 8 [1/1] (0.00ns)   --->   "%data_24_V_read_1 = call i16 @_ssdm_op_Read.ap_auto.i16(i16 %data_24_V_read)" [firmware/nnet_utils/nnet_activation.h:39]   --->   Operation 8 'read' 'data_24_V_read_1' <Predicate = true> <Delay = 0.00>
ST_1 : Operation 9 [1/1] (0.00ns)   --->   "%data_23_V_read_1 = call i16 @_ssdm_op_Read.ap_auto.i16(i16 %data_23_V_read)" [firmware/nnet_utils/nnet_activation.h:39]   --->   Operation 9 'read' 'data_23_V_read_1' <Predicate = true> <Delay = 0.00>
ST_1 : Operation 10 [1/1] (0.00ns)   --->   "%data_22_V_read_1 = call i16 @_ssdm_op_Read.ap_auto.i16(i16 %data_22_V_read)" [firmware/nnet_utils/nnet_activation.h:39]   --->   Operation 10 'read' 'data_22_V_read_1' <Predicate = true> <Delay = 0.00>
ST_1 : Operation 11 [1/1] (0.00ns)   --->   "%data_21_V_read_1 = call i16 @_ssdm_op_Read.ap_auto.i16(i16 %data_21_V_read)" [firmware/nnet_utils/nnet_activation.h:39]   --->   Operation 11 'read' 'data_21_V_read_1' <Predicate = true> <Delay = 0.00>
ST_1 : Operation 12 [1/1] (0.00ns)   --->   "%data_20_V_read_1 = call i16 @_ssdm_op_Read.ap_auto.i16(i16 %data_20_V_read)" [firmware/nnet_utils/nnet_activation.h:39]   --->   Operation 12 'read' 'data_20_V_read_1' <Predicate = true> <Delay = 0.00>
ST_1 : Operation 13 [1/1] (0.00ns)   --->   "%data_19_V_read_1 = call i16 @_ssdm_op_Read.ap_auto.i16(i16 %data_19_V_read)" [firmware/nnet_utils/nnet_activation.h:39]   --->   Operation 13 'read' 'data_19_V_read_1' <Predicate = true> <Delay = 0.00>
ST_1 : Operation 14 [1/1] (0.00ns)   --->   "%data_18_V_read_1 = call i16 @_ssdm_op_Read.ap_auto.i16(i16 %data_18_V_read)" [firmware/nnet_utils/nnet_activation.h:39]   --->   Operation 14 'read' 'data_18_V_read_1' <Predicate = true> <Delay = 0.00>
ST_1 : Operation 15 [1/1] (0.00ns)   --->   "%data_17_V_read_1 = call i16 @_ssdm_op_Read.ap_auto.i16(i16 %data_17_V_read)" [firmware/nnet_utils/nnet_activation.h:39]   --->   Operation 15 'read' 'data_17_V_read_1' <Predicate = true> <Delay = 0.00>
ST_1 : Operation 16 [1/1] (0.00ns)   --->   "%data_16_V_read_1 = call i16 @_ssdm_op_Read.ap_auto.i16(i16 %data_16_V_read)" [firmware/nnet_utils/nnet_activation.h:39]   --->   Operation 16 'read' 'data_16_V_read_1' <Predicate = true> <Delay = 0.00>
ST_1 : Operation 17 [1/1] (0.00ns)   --->   "%data_14_V_read_1 = call i16 @_ssdm_op_Read.ap_auto.i16(i16 %data_14_V_read)" [firmware/nnet_utils/nnet_activation.h:39]   --->   Operation 17 'read' 'data_14_V_read_1' <Predicate = true> <Delay = 0.00>
ST_1 : Operation 18 [1/1] (0.00ns)   --->   "%data_13_V_read_1 = call i16 @_ssdm_op_Read.ap_auto.i16(i16 %data_13_V_read)" [firmware/nnet_utils/nnet_activation.h:39]   --->   Operation 18 'read' 'data_13_V_read_1' <Predicate = true> <Delay = 0.00>
ST_1 : Operation 19 [1/1] (0.00ns)   --->   "%data_12_V_read_1 = call i16 @_ssdm_op_Read.ap_auto.i16(i16 %data_12_V_read)" [firmware/nnet_utils/nnet_activation.h:39]   --->   Operation 19 'read' 'data_12_V_read_1' <Predicate = true> <Delay = 0.00>
ST_1 : Operation 20 [1/1] (0.00ns)   --->   "%data_11_V_read_1 = call i16 @_ssdm_op_Read.ap_auto.i16(i16 %data_11_V_read)" [firmware/nnet_utils/nnet_activation.h:39]   --->   Operation 20 'read' 'data_11_V_read_1' <Predicate = true> <Delay = 0.00>
ST_1 : Operation 21 [1/1] (0.00ns)   --->   "%data_10_V_read_1 = call i16 @_ssdm_op_Read.ap_auto.i16(i16 %data_10_V_read)" [firmware/nnet_utils/nnet_activation.h:39]   --->   Operation 21 'read' 'data_10_V_read_1' <Predicate = true> <Delay = 0.00>
ST_1 : Operation 22 [1/1] (0.00ns)   --->   "%data_9_V_read_1 = call i16 @_ssdm_op_Read.ap_auto.i16(i16 %data_9_V_read)" [firmware/nnet_utils/nnet_activation.h:39]   --->   Operation 22 'read' 'data_9_V_read_1' <Predicate = true> <Delay = 0.00>
ST_1 : Operation 23 [1/1] (0.00ns)   --->   "%data_7_V_read_1 = call i16 @_ssdm_op_Read.ap_auto.i16(i16 %data_7_V_read)" [firmware/nnet_utils/nnet_activation.h:39]   --->   Operation 23 'read' 'data_7_V_read_1' <Predicate = true> <Delay = 0.00>
ST_1 : Operation 24 [1/1] (0.00ns)   --->   "%data_6_V_read_1 = call i16 @_ssdm_op_Read.ap_auto.i16(i16 %data_6_V_read)" [firmware/nnet_utils/nnet_activation.h:39]   --->   Operation 24 'read' 'data_6_V_read_1' <Predicate = true> <Delay = 0.00>
ST_1 : Operation 25 [1/1] (0.00ns)   --->   "%data_5_V_read_1 = call i16 @_ssdm_op_Read.ap_auto.i16(i16 %data_5_V_read)" [firmware/nnet_utils/nnet_activation.h:39]   --->   Operation 25 'read' 'data_5_V_read_1' <Predicate = true> <Delay = 0.00>
ST_1 : Operation 26 [1/1] (0.00ns)   --->   "%data_4_V_read_2 = call i16 @_ssdm_op_Read.ap_auto.i16(i16 %data_4_V_read)" [firmware/nnet_utils/nnet_activation.h:39]   --->   Operation 26 'read' 'data_4_V_read_2' <Predicate = true> <Delay = 0.00>
ST_1 : Operation 27 [1/1] (0.00ns)   --->   "%data_3_V_read_2 = call i16 @_ssdm_op_Read.ap_auto.i16(i16 %data_3_V_read)" [firmware/nnet_utils/nnet_activation.h:39]   --->   Operation 27 'read' 'data_3_V_read_2' <Predicate = true> <Delay = 0.00>
ST_1 : Operation 28 [1/1] (0.00ns)   --->   "%data_2_V_read_2 = call i16 @_ssdm_op_Read.ap_auto.i16(i16 %data_2_V_read)" [firmware/nnet_utils/nnet_activation.h:39]   --->   Operation 28 'read' 'data_2_V_read_2' <Predicate = true> <Delay = 0.00>
ST_1 : Operation 29 [1/1] (0.00ns)   --->   "%data_1_V_read_2 = call i16 @_ssdm_op_Read.ap_auto.i16(i16 %data_1_V_read)" [firmware/nnet_utils/nnet_activation.h:39]   --->   Operation 29 'read' 'data_1_V_read_2' <Predicate = true> <Delay = 0.00>
ST_1 : Operation 30 [1/1] (0.00ns)   --->   "%data_0_V_read_2 = call i16 @_ssdm_op_Read.ap_auto.i16(i16 %data_0_V_read)" [firmware/nnet_utils/nnet_activation.h:39]   --->   Operation 30 'read' 'data_0_V_read_2' <Predicate = true> <Delay = 0.00>
ST_1 : Operation 31 [1/1] (0.00ns)   --->   "call void (...)* @_ssdm_op_SpecPipeline(i32 -1, i32 1, i32 1, i32 0, [1 x i8]* @p_str9) nounwind" [firmware/nnet_utils/nnet_activation.h:40]   --->   Operation 31 'specpipeline' <Predicate = true> <Delay = 0.00>
ST_1 : Operation 32 [1/1] (0.67ns)   --->   "%icmp_ln1494 = icmp sgt i16 %data_0_V_read_2, 0" [firmware/nnet_utils/nnet_activation.h:45]   --->   Operation 32 'icmp' 'icmp_ln1494' <Predicate = true> <Delay = 0.67> <Core = "Cmp">   --->   Core 25 'Cmp' <Latency = 0> <II = 1> <Delay = 0.67> <FuncUnit> <Opcode : 'icmp'> <InPorts = 2> <OutPorts = 1>
ST_1 : Operation 33 [1/1] (0.00ns)   --->   "%trunc_ln45 = trunc i16 %data_0_V_read_2 to i15" [firmware/nnet_utils/nnet_activation.h:45]   --->   Operation 33 'trunc' 'trunc_ln45' <Predicate = (icmp_ln1494)> <Delay = 0.00>
ST_1 : Operation 34 [1/1] (0.29ns)   --->   "%select_ln45 = select i1 %icmp_ln1494, i15 %trunc_ln45, i15 0" [firmware/nnet_utils/nnet_activation.h:45]   --->   Operation 34 'select' 'select_ln45' <Predicate = true> <Delay = 0.29> <Core = "Sel">   --->   Core 26 'Sel' <Latency = 0> <II = 1> <Delay = 0.29> <FuncUnit> <Opcode : 'select'> <InPorts = 3> <OutPorts = 1>
ST_1 : Operation 35 [1/1] (0.00ns)   --->   "%zext_ln45 = zext i15 %select_ln45 to i16" [firmware/nnet_utils/nnet_activation.h:45]   --->   Operation 35 'zext' 'zext_ln45' <Predicate = true> <Delay = 0.00>
ST_1 : Operation 36 [1/1] (0.67ns)   --->   "%icmp_ln1494_1 = icmp sgt i16 %data_1_V_read_2, 0" [firmware/nnet_utils/nnet_activation.h:45]   --->   Operation 36 'icmp' 'icmp_ln1494_1' <Predicate = true> <Delay = 0.67> <Core = "Cmp">   --->   Core 25 'Cmp' <Latency = 0> <II = 1> <Delay = 0.67> <FuncUnit> <Opcode : 'icmp'> <InPorts = 2> <OutPorts = 1>
ST_1 : Operation 37 [1/1] (0.00ns)   --->   "%trunc_ln45_1 = trunc i16 %data_1_V_read_2 to i15" [firmware/nnet_utils/nnet_activation.h:45]   --->   Operation 37 'trunc' 'trunc_ln45_1' <Predicate = (icmp_ln1494_1)> <Delay = 0.00>
ST_1 : Operation 38 [1/1] (0.29ns)   --->   "%select_ln45_1 = select i1 %icmp_ln1494_1, i15 %trunc_ln45_1, i15 0" [firmware/nnet_utils/nnet_activation.h:45]   --->   Operation 38 'select' 'select_ln45_1' <Predicate = true> <Delay = 0.29> <Core = "Sel">   --->   Core 26 'Sel' <Latency = 0> <II = 1> <Delay = 0.29> <FuncUnit> <Opcode : 'select'> <InPorts = 3> <OutPorts = 1>
ST_1 : Operation 39 [1/1] (0.00ns)   --->   "%zext_ln45_1 = zext i15 %select_ln45_1 to i16" [firmware/nnet_utils/nnet_activation.h:45]   --->   Operation 39 'zext' 'zext_ln45_1' <Predicate = true> <Delay = 0.00>
ST_1 : Operation 40 [1/1] (0.67ns)   --->   "%icmp_ln1494_2 = icmp sgt i16 %data_2_V_read_2, 0" [firmware/nnet_utils/nnet_activation.h:45]   --->   Operation 40 'icmp' 'icmp_ln1494_2' <Predicate = true> <Delay = 0.67> <Core = "Cmp">   --->   Core 25 'Cmp' <Latency = 0> <II = 1> <Delay = 0.67> <FuncUnit> <Opcode : 'icmp'> <InPorts = 2> <OutPorts = 1>
ST_1 : Operation 41 [1/1] (0.00ns)   --->   "%trunc_ln45_2 = trunc i16 %data_2_V_read_2 to i15" [firmware/nnet_utils/nnet_activation.h:45]   --->   Operation 41 'trunc' 'trunc_ln45_2' <Predicate = (icmp_ln1494_2)> <Delay = 0.00>
ST_1 : Operation 42 [1/1] (0.29ns)   --->   "%select_ln45_2 = select i1 %icmp_ln1494_2, i15 %trunc_ln45_2, i15 0" [firmware/nnet_utils/nnet_activation.h:45]   --->   Operation 42 'select' 'select_ln45_2' <Predicate = true> <Delay = 0.29> <Core = "Sel">   --->   Core 26 'Sel' <Latency = 0> <II = 1> <Delay = 0.29> <FuncUnit> <Opcode : 'select'> <InPorts = 3> <OutPorts = 1>
ST_1 : Operation 43 [1/1] (0.00ns)   --->   "%zext_ln45_2 = zext i15 %select_ln45_2 to i16" [firmware/nnet_utils/nnet_activation.h:45]   --->   Operation 43 'zext' 'zext_ln45_2' <Predicate = true> <Delay = 0.00>
ST_1 : Operation 44 [1/1] (0.67ns)   --->   "%icmp_ln1494_3 = icmp sgt i16 %data_3_V_read_2, 0" [firmware/nnet_utils/nnet_activation.h:45]   --->   Operation 44 'icmp' 'icmp_ln1494_3' <Predicate = true> <Delay = 0.67> <Core = "Cmp">   --->   Core 25 'Cmp' <Latency = 0> <II = 1> <Delay = 0.67> <FuncUnit> <Opcode : 'icmp'> <InPorts = 2> <OutPorts = 1>
ST_1 : Operation 45 [1/1] (0.00ns)   --->   "%trunc_ln45_3 = trunc i16 %data_3_V_read_2 to i15" [firmware/nnet_utils/nnet_activation.h:45]   --->   Operation 45 'trunc' 'trunc_ln45_3' <Predicate = (icmp_ln1494_3)> <Delay = 0.00>
ST_1 : Operation 46 [1/1] (0.29ns)   --->   "%select_ln45_3 = select i1 %icmp_ln1494_3, i15 %trunc_ln45_3, i15 0" [firmware/nnet_utils/nnet_activation.h:45]   --->   Operation 46 'select' 'select_ln45_3' <Predicate = true> <Delay = 0.29> <Core = "Sel">   --->   Core 26 'Sel' <Latency = 0> <II = 1> <Delay = 0.29> <FuncUnit> <Opcode : 'select'> <InPorts = 3> <OutPorts = 1>
ST_1 : Operation 47 [1/1] (0.00ns)   --->   "%zext_ln45_3 = zext i15 %select_ln45_3 to i16" [firmware/nnet_utils/nnet_activation.h:45]   --->   Operation 47 'zext' 'zext_ln45_3' <Predicate = true> <Delay = 0.00>
ST_1 : Operation 48 [1/1] (0.67ns)   --->   "%icmp_ln1494_4 = icmp sgt i16 %data_4_V_read_2, 0" [firmware/nnet_utils/nnet_activation.h:45]   --->   Operation 48 'icmp' 'icmp_ln1494_4' <Predicate = true> <Delay = 0.67> <Core = "Cmp">   --->   Core 25 'Cmp' <Latency = 0> <II = 1> <Delay = 0.67> <FuncUnit> <Opcode : 'icmp'> <InPorts = 2> <OutPorts = 1>
ST_1 : Operation 49 [1/1] (0.00ns)   --->   "%trunc_ln45_4 = trunc i16 %data_4_V_read_2 to i15" [firmware/nnet_utils/nnet_activation.h:45]   --->   Operation 49 'trunc' 'trunc_ln45_4' <Predicate = (icmp_ln1494_4)> <Delay = 0.00>
ST_1 : Operation 50 [1/1] (0.29ns)   --->   "%select_ln45_4 = select i1 %icmp_ln1494_4, i15 %trunc_ln45_4, i15 0" [firmware/nnet_utils/nnet_activation.h:45]   --->   Operation 50 'select' 'select_ln45_4' <Predicate = true> <Delay = 0.29> <Core = "Sel">   --->   Core 26 'Sel' <Latency = 0> <II = 1> <Delay = 0.29> <FuncUnit> <Opcode : 'select'> <InPorts = 3> <OutPorts = 1>
ST_1 : Operation 51 [1/1] (0.00ns)   --->   "%zext_ln45_4 = zext i15 %select_ln45_4 to i16" [firmware/nnet_utils/nnet_activation.h:45]   --->   Operation 51 'zext' 'zext_ln45_4' <Predicate = true> <Delay = 0.00>
ST_1 : Operation 52 [1/1] (0.67ns)   --->   "%icmp_ln1494_5 = icmp sgt i16 %data_5_V_read_1, 0" [firmware/nnet_utils/nnet_activation.h:45]   --->   Operation 52 'icmp' 'icmp_ln1494_5' <Predicate = true> <Delay = 0.67> <Core = "Cmp">   --->   Core 25 'Cmp' <Latency = 0> <II = 1> <Delay = 0.67> <FuncUnit> <Opcode : 'icmp'> <InPorts = 2> <OutPorts = 1>
ST_1 : Operation 53 [1/1] (0.00ns)   --->   "%trunc_ln45_5 = trunc i16 %data_5_V_read_1 to i15" [firmware/nnet_utils/nnet_activation.h:45]   --->   Operation 53 'trunc' 'trunc_ln45_5' <Predicate = (icmp_ln1494_5)> <Delay = 0.00>
ST_1 : Operation 54 [1/1] (0.29ns)   --->   "%select_ln45_5 = select i1 %icmp_ln1494_5, i15 %trunc_ln45_5, i15 0" [firmware/nnet_utils/nnet_activation.h:45]   --->   Operation 54 'select' 'select_ln45_5' <Predicate = true> <Delay = 0.29> <Core = "Sel">   --->   Core 26 'Sel' <Latency = 0> <II = 1> <Delay = 0.29> <FuncUnit> <Opcode : 'select'> <InPorts = 3> <OutPorts = 1>
ST_1 : Operation 55 [1/1] (0.00ns)   --->   "%zext_ln45_5 = zext i15 %select_ln45_5 to i16" [firmware/nnet_utils/nnet_activation.h:45]   --->   Operation 55 'zext' 'zext_ln45_5' <Predicate = true> <Delay = 0.00>
ST_1 : Operation 56 [1/1] (0.67ns)   --->   "%icmp_ln1494_6 = icmp sgt i16 %data_6_V_read_1, 0" [firmware/nnet_utils/nnet_activation.h:45]   --->   Operation 56 'icmp' 'icmp_ln1494_6' <Predicate = true> <Delay = 0.67> <Core = "Cmp">   --->   Core 25 'Cmp' <Latency = 0> <II = 1> <Delay = 0.67> <FuncUnit> <Opcode : 'icmp'> <InPorts = 2> <OutPorts = 1>
ST_1 : Operation 57 [1/1] (0.00ns)   --->   "%trunc_ln45_6 = trunc i16 %data_6_V_read_1 to i15" [firmware/nnet_utils/nnet_activation.h:45]   --->   Operation 57 'trunc' 'trunc_ln45_6' <Predicate = (icmp_ln1494_6)> <Delay = 0.00>
ST_1 : Operation 58 [1/1] (0.29ns)   --->   "%select_ln45_6 = select i1 %icmp_ln1494_6, i15 %trunc_ln45_6, i15 0" [firmware/nnet_utils/nnet_activation.h:45]   --->   Operation 58 'select' 'select_ln45_6' <Predicate = true> <Delay = 0.29> <Core = "Sel">   --->   Core 26 'Sel' <Latency = 0> <II = 1> <Delay = 0.29> <FuncUnit> <Opcode : 'select'> <InPorts = 3> <OutPorts = 1>
ST_1 : Operation 59 [1/1] (0.00ns)   --->   "%zext_ln45_6 = zext i15 %select_ln45_6 to i16" [firmware/nnet_utils/nnet_activation.h:45]   --->   Operation 59 'zext' 'zext_ln45_6' <Predicate = true> <Delay = 0.00>
ST_1 : Operation 60 [1/1] (0.67ns)   --->   "%icmp_ln1494_7 = icmp sgt i16 %data_7_V_read_1, 0" [firmware/nnet_utils/nnet_activation.h:45]   --->   Operation 60 'icmp' 'icmp_ln1494_7' <Predicate = true> <Delay = 0.67> <Core = "Cmp">   --->   Core 25 'Cmp' <Latency = 0> <II = 1> <Delay = 0.67> <FuncUnit> <Opcode : 'icmp'> <InPorts = 2> <OutPorts = 1>
ST_1 : Operation 61 [1/1] (0.00ns)   --->   "%trunc_ln45_7 = trunc i16 %data_7_V_read_1 to i15" [firmware/nnet_utils/nnet_activation.h:45]   --->   Operation 61 'trunc' 'trunc_ln45_7' <Predicate = (icmp_ln1494_7)> <Delay = 0.00>
ST_1 : Operation 62 [1/1] (0.29ns)   --->   "%select_ln45_7 = select i1 %icmp_ln1494_7, i15 %trunc_ln45_7, i15 0" [firmware/nnet_utils/nnet_activation.h:45]   --->   Operation 62 'select' 'select_ln45_7' <Predicate = true> <Delay = 0.29> <Core = "Sel">   --->   Core 26 'Sel' <Latency = 0> <II = 1> <Delay = 0.29> <FuncUnit> <Opcode : 'select'> <InPorts = 3> <OutPorts = 1>
ST_1 : Operation 63 [1/1] (0.00ns)   --->   "%zext_ln45_7 = zext i15 %select_ln45_7 to i16" [firmware/nnet_utils/nnet_activation.h:45]   --->   Operation 63 'zext' 'zext_ln45_7' <Predicate = true> <Delay = 0.00>
ST_1 : Operation 64 [1/1] (0.67ns)   --->   "%icmp_ln1494_8 = icmp sgt i16 %data_9_V_read_1, 0" [firmware/nnet_utils/nnet_activation.h:45]   --->   Operation 64 'icmp' 'icmp_ln1494_8' <Predicate = true> <Delay = 0.67> <Core = "Cmp">   --->   Core 25 'Cmp' <Latency = 0> <II = 1> <Delay = 0.67> <FuncUnit> <Opcode : 'icmp'> <InPorts = 2> <OutPorts = 1>
ST_1 : Operation 65 [1/1] (0.00ns)   --->   "%trunc_ln45_8 = trunc i16 %data_9_V_read_1 to i15" [firmware/nnet_utils/nnet_activation.h:45]   --->   Operation 65 'trunc' 'trunc_ln45_8' <Predicate = (icmp_ln1494_8)> <Delay = 0.00>
ST_1 : Operation 66 [1/1] (0.29ns)   --->   "%select_ln45_8 = select i1 %icmp_ln1494_8, i15 %trunc_ln45_8, i15 0" [firmware/nnet_utils/nnet_activation.h:45]   --->   Operation 66 'select' 'select_ln45_8' <Predicate = true> <Delay = 0.29> <Core = "Sel">   --->   Core 26 'Sel' <Latency = 0> <II = 1> <Delay = 0.29> <FuncUnit> <Opcode : 'select'> <InPorts = 3> <OutPorts = 1>
ST_1 : Operation 67 [1/1] (0.00ns)   --->   "%zext_ln45_8 = zext i15 %select_ln45_8 to i16" [firmware/nnet_utils/nnet_activation.h:45]   --->   Operation 67 'zext' 'zext_ln45_8' <Predicate = true> <Delay = 0.00>
ST_1 : Operation 68 [1/1] (0.67ns)   --->   "%icmp_ln1494_9 = icmp sgt i16 %data_10_V_read_1, 0" [firmware/nnet_utils/nnet_activation.h:45]   --->   Operation 68 'icmp' 'icmp_ln1494_9' <Predicate = true> <Delay = 0.67> <Core = "Cmp">   --->   Core 25 'Cmp' <Latency = 0> <II = 1> <Delay = 0.67> <FuncUnit> <Opcode : 'icmp'> <InPorts = 2> <OutPorts = 1>
ST_1 : Operation 69 [1/1] (0.00ns)   --->   "%trunc_ln45_9 = trunc i16 %data_10_V_read_1 to i15" [firmware/nnet_utils/nnet_activation.h:45]   --->   Operation 69 'trunc' 'trunc_ln45_9' <Predicate = (icmp_ln1494_9)> <Delay = 0.00>
ST_1 : Operation 70 [1/1] (0.29ns)   --->   "%select_ln45_9 = select i1 %icmp_ln1494_9, i15 %trunc_ln45_9, i15 0" [firmware/nnet_utils/nnet_activation.h:45]   --->   Operation 70 'select' 'select_ln45_9' <Predicate = true> <Delay = 0.29> <Core = "Sel">   --->   Core 26 'Sel' <Latency = 0> <II = 1> <Delay = 0.29> <FuncUnit> <Opcode : 'select'> <InPorts = 3> <OutPorts = 1>
ST_1 : Operation 71 [1/1] (0.00ns)   --->   "%zext_ln45_9 = zext i15 %select_ln45_9 to i16" [firmware/nnet_utils/nnet_activation.h:45]   --->   Operation 71 'zext' 'zext_ln45_9' <Predicate = true> <Delay = 0.00>
ST_1 : Operation 72 [1/1] (0.67ns)   --->   "%icmp_ln1494_10 = icmp sgt i16 %data_11_V_read_1, 0" [firmware/nnet_utils/nnet_activation.h:45]   --->   Operation 72 'icmp' 'icmp_ln1494_10' <Predicate = true> <Delay = 0.67> <Core = "Cmp">   --->   Core 25 'Cmp' <Latency = 0> <II = 1> <Delay = 0.67> <FuncUnit> <Opcode : 'icmp'> <InPorts = 2> <OutPorts = 1>
ST_1 : Operation 73 [1/1] (0.00ns)   --->   "%trunc_ln45_10 = trunc i16 %data_11_V_read_1 to i15" [firmware/nnet_utils/nnet_activation.h:45]   --->   Operation 73 'trunc' 'trunc_ln45_10' <Predicate = (icmp_ln1494_10)> <Delay = 0.00>
ST_1 : Operation 74 [1/1] (0.29ns)   --->   "%select_ln45_10 = select i1 %icmp_ln1494_10, i15 %trunc_ln45_10, i15 0" [firmware/nnet_utils/nnet_activation.h:45]   --->   Operation 74 'select' 'select_ln45_10' <Predicate = true> <Delay = 0.29> <Core = "Sel">   --->   Core 26 'Sel' <Latency = 0> <II = 1> <Delay = 0.29> <FuncUnit> <Opcode : 'select'> <InPorts = 3> <OutPorts = 1>
ST_1 : Operation 75 [1/1] (0.00ns)   --->   "%zext_ln45_10 = zext i15 %select_ln45_10 to i16" [firmware/nnet_utils/nnet_activation.h:45]   --->   Operation 75 'zext' 'zext_ln45_10' <Predicate = true> <Delay = 0.00>
ST_1 : Operation 76 [1/1] (0.67ns)   --->   "%icmp_ln1494_11 = icmp sgt i16 %data_12_V_read_1, 0" [firmware/nnet_utils/nnet_activation.h:45]   --->   Operation 76 'icmp' 'icmp_ln1494_11' <Predicate = true> <Delay = 0.67> <Core = "Cmp">   --->   Core 25 'Cmp' <Latency = 0> <II = 1> <Delay = 0.67> <FuncUnit> <Opcode : 'icmp'> <InPorts = 2> <OutPorts = 1>
ST_1 : Operation 77 [1/1] (0.00ns)   --->   "%trunc_ln45_11 = trunc i16 %data_12_V_read_1 to i15" [firmware/nnet_utils/nnet_activation.h:45]   --->   Operation 77 'trunc' 'trunc_ln45_11' <Predicate = (icmp_ln1494_11)> <Delay = 0.00>
ST_1 : Operation 78 [1/1] (0.29ns)   --->   "%select_ln45_11 = select i1 %icmp_ln1494_11, i15 %trunc_ln45_11, i15 0" [firmware/nnet_utils/nnet_activation.h:45]   --->   Operation 78 'select' 'select_ln45_11' <Predicate = true> <Delay = 0.29> <Core = "Sel">   --->   Core 26 'Sel' <Latency = 0> <II = 1> <Delay = 0.29> <FuncUnit> <Opcode : 'select'> <InPorts = 3> <OutPorts = 1>
ST_1 : Operation 79 [1/1] (0.00ns)   --->   "%zext_ln45_11 = zext i15 %select_ln45_11 to i16" [firmware/nnet_utils/nnet_activation.h:45]   --->   Operation 79 'zext' 'zext_ln45_11' <Predicate = true> <Delay = 0.00>
ST_1 : Operation 80 [1/1] (0.67ns)   --->   "%icmp_ln1494_12 = icmp sgt i16 %data_13_V_read_1, 0" [firmware/nnet_utils/nnet_activation.h:45]   --->   Operation 80 'icmp' 'icmp_ln1494_12' <Predicate = true> <Delay = 0.67> <Core = "Cmp">   --->   Core 25 'Cmp' <Latency = 0> <II = 1> <Delay = 0.67> <FuncUnit> <Opcode : 'icmp'> <InPorts = 2> <OutPorts = 1>
ST_1 : Operation 81 [1/1] (0.00ns)   --->   "%trunc_ln45_12 = trunc i16 %data_13_V_read_1 to i15" [firmware/nnet_utils/nnet_activation.h:45]   --->   Operation 81 'trunc' 'trunc_ln45_12' <Predicate = (icmp_ln1494_12)> <Delay = 0.00>
ST_1 : Operation 82 [1/1] (0.29ns)   --->   "%select_ln45_12 = select i1 %icmp_ln1494_12, i15 %trunc_ln45_12, i15 0" [firmware/nnet_utils/nnet_activation.h:45]   --->   Operation 82 'select' 'select_ln45_12' <Predicate = true> <Delay = 0.29> <Core = "Sel">   --->   Core 26 'Sel' <Latency = 0> <II = 1> <Delay = 0.29> <FuncUnit> <Opcode : 'select'> <InPorts = 3> <OutPorts = 1>
ST_1 : Operation 83 [1/1] (0.00ns)   --->   "%zext_ln45_12 = zext i15 %select_ln45_12 to i16" [firmware/nnet_utils/nnet_activation.h:45]   --->   Operation 83 'zext' 'zext_ln45_12' <Predicate = true> <Delay = 0.00>
ST_1 : Operation 84 [1/1] (0.67ns)   --->   "%icmp_ln1494_13 = icmp sgt i16 %data_14_V_read_1, 0" [firmware/nnet_utils/nnet_activation.h:45]   --->   Operation 84 'icmp' 'icmp_ln1494_13' <Predicate = true> <Delay = 0.67> <Core = "Cmp">   --->   Core 25 'Cmp' <Latency = 0> <II = 1> <Delay = 0.67> <FuncUnit> <Opcode : 'icmp'> <InPorts = 2> <OutPorts = 1>
ST_1 : Operation 85 [1/1] (0.00ns)   --->   "%trunc_ln45_13 = trunc i16 %data_14_V_read_1 to i15" [firmware/nnet_utils/nnet_activation.h:45]   --->   Operation 85 'trunc' 'trunc_ln45_13' <Predicate = (icmp_ln1494_13)> <Delay = 0.00>
ST_1 : Operation 86 [1/1] (0.29ns)   --->   "%select_ln45_13 = select i1 %icmp_ln1494_13, i15 %trunc_ln45_13, i15 0" [firmware/nnet_utils/nnet_activation.h:45]   --->   Operation 86 'select' 'select_ln45_13' <Predicate = true> <Delay = 0.29> <Core = "Sel">   --->   Core 26 'Sel' <Latency = 0> <II = 1> <Delay = 0.29> <FuncUnit> <Opcode : 'select'> <InPorts = 3> <OutPorts = 1>
ST_1 : Operation 87 [1/1] (0.00ns)   --->   "%zext_ln45_13 = zext i15 %select_ln45_13 to i16" [firmware/nnet_utils/nnet_activation.h:45]   --->   Operation 87 'zext' 'zext_ln45_13' <Predicate = true> <Delay = 0.00>
ST_1 : Operation 88 [1/1] (0.67ns)   --->   "%icmp_ln1494_14 = icmp sgt i16 %data_16_V_read_1, 0" [firmware/nnet_utils/nnet_activation.h:45]   --->   Operation 88 'icmp' 'icmp_ln1494_14' <Predicate = true> <Delay = 0.67> <Core = "Cmp">   --->   Core 25 'Cmp' <Latency = 0> <II = 1> <Delay = 0.67> <FuncUnit> <Opcode : 'icmp'> <InPorts = 2> <OutPorts = 1>
ST_1 : Operation 89 [1/1] (0.00ns)   --->   "%trunc_ln45_14 = trunc i16 %data_16_V_read_1 to i15" [firmware/nnet_utils/nnet_activation.h:45]   --->   Operation 89 'trunc' 'trunc_ln45_14' <Predicate = (icmp_ln1494_14)> <Delay = 0.00>
ST_1 : Operation 90 [1/1] (0.29ns)   --->   "%select_ln45_14 = select i1 %icmp_ln1494_14, i15 %trunc_ln45_14, i15 0" [firmware/nnet_utils/nnet_activation.h:45]   --->   Operation 90 'select' 'select_ln45_14' <Predicate = true> <Delay = 0.29> <Core = "Sel">   --->   Core 26 'Sel' <Latency = 0> <II = 1> <Delay = 0.29> <FuncUnit> <Opcode : 'select'> <InPorts = 3> <OutPorts = 1>
ST_1 : Operation 91 [1/1] (0.00ns)   --->   "%zext_ln45_14 = zext i15 %select_ln45_14 to i16" [firmware/nnet_utils/nnet_activation.h:45]   --->   Operation 91 'zext' 'zext_ln45_14' <Predicate = true> <Delay = 0.00>
ST_1 : Operation 92 [1/1] (0.67ns)   --->   "%icmp_ln1494_15 = icmp sgt i16 %data_17_V_read_1, 0" [firmware/nnet_utils/nnet_activation.h:45]   --->   Operation 92 'icmp' 'icmp_ln1494_15' <Predicate = true> <Delay = 0.67> <Core = "Cmp">   --->   Core 25 'Cmp' <Latency = 0> <II = 1> <Delay = 0.67> <FuncUnit> <Opcode : 'icmp'> <InPorts = 2> <OutPorts = 1>
ST_1 : Operation 93 [1/1] (0.00ns)   --->   "%trunc_ln45_15 = trunc i16 %data_17_V_read_1 to i15" [firmware/nnet_utils/nnet_activation.h:45]   --->   Operation 93 'trunc' 'trunc_ln45_15' <Predicate = (icmp_ln1494_15)> <Delay = 0.00>
ST_1 : Operation 94 [1/1] (0.29ns)   --->   "%select_ln45_15 = select i1 %icmp_ln1494_15, i15 %trunc_ln45_15, i15 0" [firmware/nnet_utils/nnet_activation.h:45]   --->   Operation 94 'select' 'select_ln45_15' <Predicate = true> <Delay = 0.29> <Core = "Sel">   --->   Core 26 'Sel' <Latency = 0> <II = 1> <Delay = 0.29> <FuncUnit> <Opcode : 'select'> <InPorts = 3> <OutPorts = 1>
ST_1 : Operation 95 [1/1] (0.00ns)   --->   "%zext_ln45_15 = zext i15 %select_ln45_15 to i16" [firmware/nnet_utils/nnet_activation.h:45]   --->   Operation 95 'zext' 'zext_ln45_15' <Predicate = true> <Delay = 0.00>
ST_1 : Operation 96 [1/1] (0.67ns)   --->   "%icmp_ln1494_16 = icmp sgt i16 %data_18_V_read_1, 0" [firmware/nnet_utils/nnet_activation.h:45]   --->   Operation 96 'icmp' 'icmp_ln1494_16' <Predicate = true> <Delay = 0.67> <Core = "Cmp">   --->   Core 25 'Cmp' <Latency = 0> <II = 1> <Delay = 0.67> <FuncUnit> <Opcode : 'icmp'> <InPorts = 2> <OutPorts = 1>
ST_1 : Operation 97 [1/1] (0.00ns)   --->   "%trunc_ln45_16 = trunc i16 %data_18_V_read_1 to i15" [firmware/nnet_utils/nnet_activation.h:45]   --->   Operation 97 'trunc' 'trunc_ln45_16' <Predicate = (icmp_ln1494_16)> <Delay = 0.00>
ST_1 : Operation 98 [1/1] (0.29ns)   --->   "%select_ln45_16 = select i1 %icmp_ln1494_16, i15 %trunc_ln45_16, i15 0" [firmware/nnet_utils/nnet_activation.h:45]   --->   Operation 98 'select' 'select_ln45_16' <Predicate = true> <Delay = 0.29> <Core = "Sel">   --->   Core 26 'Sel' <Latency = 0> <II = 1> <Delay = 0.29> <FuncUnit> <Opcode : 'select'> <InPorts = 3> <OutPorts = 1>
ST_1 : Operation 99 [1/1] (0.00ns)   --->   "%zext_ln45_16 = zext i15 %select_ln45_16 to i16" [firmware/nnet_utils/nnet_activation.h:45]   --->   Operation 99 'zext' 'zext_ln45_16' <Predicate = true> <Delay = 0.00>
ST_1 : Operation 100 [1/1] (0.67ns)   --->   "%icmp_ln1494_17 = icmp sgt i16 %data_19_V_read_1, 0" [firmware/nnet_utils/nnet_activation.h:45]   --->   Operation 100 'icmp' 'icmp_ln1494_17' <Predicate = true> <Delay = 0.67> <Core = "Cmp">   --->   Core 25 'Cmp' <Latency = 0> <II = 1> <Delay = 0.67> <FuncUnit> <Opcode : 'icmp'> <InPorts = 2> <OutPorts = 1>
ST_1 : Operation 101 [1/1] (0.00ns)   --->   "%trunc_ln45_17 = trunc i16 %data_19_V_read_1 to i15" [firmware/nnet_utils/nnet_activation.h:45]   --->   Operation 101 'trunc' 'trunc_ln45_17' <Predicate = (icmp_ln1494_17)> <Delay = 0.00>
ST_1 : Operation 102 [1/1] (0.29ns)   --->   "%select_ln45_17 = select i1 %icmp_ln1494_17, i15 %trunc_ln45_17, i15 0" [firmware/nnet_utils/nnet_activation.h:45]   --->   Operation 102 'select' 'select_ln45_17' <Predicate = true> <Delay = 0.29> <Core = "Sel">   --->   Core 26 'Sel' <Latency = 0> <II = 1> <Delay = 0.29> <FuncUnit> <Opcode : 'select'> <InPorts = 3> <OutPorts = 1>
ST_1 : Operation 103 [1/1] (0.00ns)   --->   "%zext_ln45_17 = zext i15 %select_ln45_17 to i16" [firmware/nnet_utils/nnet_activation.h:45]   --->   Operation 103 'zext' 'zext_ln45_17' <Predicate = true> <Delay = 0.00>
ST_1 : Operation 104 [1/1] (0.67ns)   --->   "%icmp_ln1494_18 = icmp sgt i16 %data_20_V_read_1, 0" [firmware/nnet_utils/nnet_activation.h:45]   --->   Operation 104 'icmp' 'icmp_ln1494_18' <Predicate = true> <Delay = 0.67> <Core = "Cmp">   --->   Core 25 'Cmp' <Latency = 0> <II = 1> <Delay = 0.67> <FuncUnit> <Opcode : 'icmp'> <InPorts = 2> <OutPorts = 1>
ST_1 : Operation 105 [1/1] (0.00ns)   --->   "%trunc_ln45_18 = trunc i16 %data_20_V_read_1 to i15" [firmware/nnet_utils/nnet_activation.h:45]   --->   Operation 105 'trunc' 'trunc_ln45_18' <Predicate = (icmp_ln1494_18)> <Delay = 0.00>
ST_1 : Operation 106 [1/1] (0.29ns)   --->   "%select_ln45_18 = select i1 %icmp_ln1494_18, i15 %trunc_ln45_18, i15 0" [firmware/nnet_utils/nnet_activation.h:45]   --->   Operation 106 'select' 'select_ln45_18' <Predicate = true> <Delay = 0.29> <Core = "Sel">   --->   Core 26 'Sel' <Latency = 0> <II = 1> <Delay = 0.29> <FuncUnit> <Opcode : 'select'> <InPorts = 3> <OutPorts = 1>
ST_1 : Operation 107 [1/1] (0.00ns)   --->   "%zext_ln45_18 = zext i15 %select_ln45_18 to i16" [firmware/nnet_utils/nnet_activation.h:45]   --->   Operation 107 'zext' 'zext_ln45_18' <Predicate = true> <Delay = 0.00>
ST_1 : Operation 108 [1/1] (0.67ns)   --->   "%icmp_ln1494_19 = icmp sgt i16 %data_21_V_read_1, 0" [firmware/nnet_utils/nnet_activation.h:45]   --->   Operation 108 'icmp' 'icmp_ln1494_19' <Predicate = true> <Delay = 0.67> <Core = "Cmp">   --->   Core 25 'Cmp' <Latency = 0> <II = 1> <Delay = 0.67> <FuncUnit> <Opcode : 'icmp'> <InPorts = 2> <OutPorts = 1>
ST_1 : Operation 109 [1/1] (0.00ns)   --->   "%trunc_ln45_19 = trunc i16 %data_21_V_read_1 to i15" [firmware/nnet_utils/nnet_activation.h:45]   --->   Operation 109 'trunc' 'trunc_ln45_19' <Predicate = (icmp_ln1494_19)> <Delay = 0.00>
ST_1 : Operation 110 [1/1] (0.29ns)   --->   "%select_ln45_19 = select i1 %icmp_ln1494_19, i15 %trunc_ln45_19, i15 0" [firmware/nnet_utils/nnet_activation.h:45]   --->   Operation 110 'select' 'select_ln45_19' <Predicate = true> <Delay = 0.29> <Core = "Sel">   --->   Core 26 'Sel' <Latency = 0> <II = 1> <Delay = 0.29> <FuncUnit> <Opcode : 'select'> <InPorts = 3> <OutPorts = 1>
ST_1 : Operation 111 [1/1] (0.00ns)   --->   "%zext_ln45_19 = zext i15 %select_ln45_19 to i16" [firmware/nnet_utils/nnet_activation.h:45]   --->   Operation 111 'zext' 'zext_ln45_19' <Predicate = true> <Delay = 0.00>
ST_1 : Operation 112 [1/1] (0.67ns)   --->   "%icmp_ln1494_20 = icmp sgt i16 %data_22_V_read_1, 0" [firmware/nnet_utils/nnet_activation.h:45]   --->   Operation 112 'icmp' 'icmp_ln1494_20' <Predicate = true> <Delay = 0.67> <Core = "Cmp">   --->   Core 25 'Cmp' <Latency = 0> <II = 1> <Delay = 0.67> <FuncUnit> <Opcode : 'icmp'> <InPorts = 2> <OutPorts = 1>
ST_1 : Operation 113 [1/1] (0.00ns)   --->   "%trunc_ln45_20 = trunc i16 %data_22_V_read_1 to i15" [firmware/nnet_utils/nnet_activation.h:45]   --->   Operation 113 'trunc' 'trunc_ln45_20' <Predicate = (icmp_ln1494_20)> <Delay = 0.00>
ST_1 : Operation 114 [1/1] (0.29ns)   --->   "%select_ln45_20 = select i1 %icmp_ln1494_20, i15 %trunc_ln45_20, i15 0" [firmware/nnet_utils/nnet_activation.h:45]   --->   Operation 114 'select' 'select_ln45_20' <Predicate = true> <Delay = 0.29> <Core = "Sel">   --->   Core 26 'Sel' <Latency = 0> <II = 1> <Delay = 0.29> <FuncUnit> <Opcode : 'select'> <InPorts = 3> <OutPorts = 1>
ST_1 : Operation 115 [1/1] (0.00ns)   --->   "%zext_ln45_20 = zext i15 %select_ln45_20 to i16" [firmware/nnet_utils/nnet_activation.h:45]   --->   Operation 115 'zext' 'zext_ln45_20' <Predicate = true> <Delay = 0.00>
ST_1 : Operation 116 [1/1] (0.67ns)   --->   "%icmp_ln1494_21 = icmp sgt i16 %data_23_V_read_1, 0" [firmware/nnet_utils/nnet_activation.h:45]   --->   Operation 116 'icmp' 'icmp_ln1494_21' <Predicate = true> <Delay = 0.67> <Core = "Cmp">   --->   Core 25 'Cmp' <Latency = 0> <II = 1> <Delay = 0.67> <FuncUnit> <Opcode : 'icmp'> <InPorts = 2> <OutPorts = 1>
ST_1 : Operation 117 [1/1] (0.00ns)   --->   "%trunc_ln45_21 = trunc i16 %data_23_V_read_1 to i15" [firmware/nnet_utils/nnet_activation.h:45]   --->   Operation 117 'trunc' 'trunc_ln45_21' <Predicate = (icmp_ln1494_21)> <Delay = 0.00>
ST_1 : Operation 118 [1/1] (0.29ns)   --->   "%select_ln45_21 = select i1 %icmp_ln1494_21, i15 %trunc_ln45_21, i15 0" [firmware/nnet_utils/nnet_activation.h:45]   --->   Operation 118 'select' 'select_ln45_21' <Predicate = true> <Delay = 0.29> <Core = "Sel">   --->   Core 26 'Sel' <Latency = 0> <II = 1> <Delay = 0.29> <FuncUnit> <Opcode : 'select'> <InPorts = 3> <OutPorts = 1>
ST_1 : Operation 119 [1/1] (0.00ns)   --->   "%zext_ln45_21 = zext i15 %select_ln45_21 to i16" [firmware/nnet_utils/nnet_activation.h:45]   --->   Operation 119 'zext' 'zext_ln45_21' <Predicate = true> <Delay = 0.00>
ST_1 : Operation 120 [1/1] (0.67ns)   --->   "%icmp_ln1494_22 = icmp sgt i16 %data_24_V_read_1, 0" [firmware/nnet_utils/nnet_activation.h:45]   --->   Operation 120 'icmp' 'icmp_ln1494_22' <Predicate = true> <Delay = 0.67> <Core = "Cmp">   --->   Core 25 'Cmp' <Latency = 0> <II = 1> <Delay = 0.67> <FuncUnit> <Opcode : 'icmp'> <InPorts = 2> <OutPorts = 1>
ST_1 : Operation 121 [1/1] (0.00ns)   --->   "%trunc_ln45_22 = trunc i16 %data_24_V_read_1 to i15" [firmware/nnet_utils/nnet_activation.h:45]   --->   Operation 121 'trunc' 'trunc_ln45_22' <Predicate = (icmp_ln1494_22)> <Delay = 0.00>
ST_1 : Operation 122 [1/1] (0.29ns)   --->   "%select_ln45_22 = select i1 %icmp_ln1494_22, i15 %trunc_ln45_22, i15 0" [firmware/nnet_utils/nnet_activation.h:45]   --->   Operation 122 'select' 'select_ln45_22' <Predicate = true> <Delay = 0.29> <Core = "Sel">   --->   Core 26 'Sel' <Latency = 0> <II = 1> <Delay = 0.29> <FuncUnit> <Opcode : 'select'> <InPorts = 3> <OutPorts = 1>
ST_1 : Operation 123 [1/1] (0.00ns)   --->   "%zext_ln45_22 = zext i15 %select_ln45_22 to i16" [firmware/nnet_utils/nnet_activation.h:45]   --->   Operation 123 'zext' 'zext_ln45_22' <Predicate = true> <Delay = 0.00>
ST_1 : Operation 124 [1/1] (0.67ns)   --->   "%icmp_ln1494_23 = icmp sgt i16 %data_25_V_read_1, 0" [firmware/nnet_utils/nnet_activation.h:45]   --->   Operation 124 'icmp' 'icmp_ln1494_23' <Predicate = true> <Delay = 0.67> <Core = "Cmp">   --->   Core 25 'Cmp' <Latency = 0> <II = 1> <Delay = 0.67> <FuncUnit> <Opcode : 'icmp'> <InPorts = 2> <OutPorts = 1>
ST_1 : Operation 125 [1/1] (0.00ns)   --->   "%trunc_ln45_23 = trunc i16 %data_25_V_read_1 to i15" [firmware/nnet_utils/nnet_activation.h:45]   --->   Operation 125 'trunc' 'trunc_ln45_23' <Predicate = (icmp_ln1494_23)> <Delay = 0.00>
ST_1 : Operation 126 [1/1] (0.29ns)   --->   "%select_ln45_23 = select i1 %icmp_ln1494_23, i15 %trunc_ln45_23, i15 0" [firmware/nnet_utils/nnet_activation.h:45]   --->   Operation 126 'select' 'select_ln45_23' <Predicate = true> <Delay = 0.29> <Core = "Sel">   --->   Core 26 'Sel' <Latency = 0> <II = 1> <Delay = 0.29> <FuncUnit> <Opcode : 'select'> <InPorts = 3> <OutPorts = 1>
ST_1 : Operation 127 [1/1] (0.00ns)   --->   "%zext_ln45_23 = zext i15 %select_ln45_23 to i16" [firmware/nnet_utils/nnet_activation.h:45]   --->   Operation 127 'zext' 'zext_ln45_23' <Predicate = true> <Delay = 0.00>
ST_1 : Operation 128 [1/1] (0.67ns)   --->   "%icmp_ln1494_24 = icmp sgt i16 %data_26_V_read_1, 0" [firmware/nnet_utils/nnet_activation.h:45]   --->   Operation 128 'icmp' 'icmp_ln1494_24' <Predicate = true> <Delay = 0.67> <Core = "Cmp">   --->   Core 25 'Cmp' <Latency = 0> <II = 1> <Delay = 0.67> <FuncUnit> <Opcode : 'icmp'> <InPorts = 2> <OutPorts = 1>
ST_1 : Operation 129 [1/1] (0.00ns)   --->   "%trunc_ln45_24 = trunc i16 %data_26_V_read_1 to i15" [firmware/nnet_utils/nnet_activation.h:45]   --->   Operation 129 'trunc' 'trunc_ln45_24' <Predicate = (icmp_ln1494_24)> <Delay = 0.00>
ST_1 : Operation 130 [1/1] (0.29ns)   --->   "%select_ln45_24 = select i1 %icmp_ln1494_24, i15 %trunc_ln45_24, i15 0" [firmware/nnet_utils/nnet_activation.h:45]   --->   Operation 130 'select' 'select_ln45_24' <Predicate = true> <Delay = 0.29> <Core = "Sel">   --->   Core 26 'Sel' <Latency = 0> <II = 1> <Delay = 0.29> <FuncUnit> <Opcode : 'select'> <InPorts = 3> <OutPorts = 1>
ST_1 : Operation 131 [1/1] (0.00ns)   --->   "%zext_ln45_24 = zext i15 %select_ln45_24 to i16" [firmware/nnet_utils/nnet_activation.h:45]   --->   Operation 131 'zext' 'zext_ln45_24' <Predicate = true> <Delay = 0.00>
ST_1 : Operation 132 [1/1] (0.67ns)   --->   "%icmp_ln1494_25 = icmp sgt i16 %data_27_V_read_1, 0" [firmware/nnet_utils/nnet_activation.h:45]   --->   Operation 132 'icmp' 'icmp_ln1494_25' <Predicate = true> <Delay = 0.67> <Core = "Cmp">   --->   Core 25 'Cmp' <Latency = 0> <II = 1> <Delay = 0.67> <FuncUnit> <Opcode : 'icmp'> <InPorts = 2> <OutPorts = 1>
ST_1 : Operation 133 [1/1] (0.00ns)   --->   "%trunc_ln45_25 = trunc i16 %data_27_V_read_1 to i15" [firmware/nnet_utils/nnet_activation.h:45]   --->   Operation 133 'trunc' 'trunc_ln45_25' <Predicate = (icmp_ln1494_25)> <Delay = 0.00>
ST_1 : Operation 134 [1/1] (0.29ns)   --->   "%select_ln45_25 = select i1 %icmp_ln1494_25, i15 %trunc_ln45_25, i15 0" [firmware/nnet_utils/nnet_activation.h:45]   --->   Operation 134 'select' 'select_ln45_25' <Predicate = true> <Delay = 0.29> <Core = "Sel">   --->   Core 26 'Sel' <Latency = 0> <II = 1> <Delay = 0.29> <FuncUnit> <Opcode : 'select'> <InPorts = 3> <OutPorts = 1>
ST_1 : Operation 135 [1/1] (0.00ns)   --->   "%zext_ln45_25 = zext i15 %select_ln45_25 to i16" [firmware/nnet_utils/nnet_activation.h:45]   --->   Operation 135 'zext' 'zext_ln45_25' <Predicate = true> <Delay = 0.00>
ST_1 : Operation 136 [1/1] (0.67ns)   --->   "%icmp_ln1494_26 = icmp sgt i16 %data_28_V_read_1, 0" [firmware/nnet_utils/nnet_activation.h:45]   --->   Operation 136 'icmp' 'icmp_ln1494_26' <Predicate = true> <Delay = 0.67> <Core = "Cmp">   --->   Core 25 'Cmp' <Latency = 0> <II = 1> <Delay = 0.67> <FuncUnit> <Opcode : 'icmp'> <InPorts = 2> <OutPorts = 1>
ST_1 : Operation 137 [1/1] (0.00ns)   --->   "%trunc_ln45_26 = trunc i16 %data_28_V_read_1 to i15" [firmware/nnet_utils/nnet_activation.h:45]   --->   Operation 137 'trunc' 'trunc_ln45_26' <Predicate = (icmp_ln1494_26)> <Delay = 0.00>
ST_1 : Operation 138 [1/1] (0.29ns)   --->   "%select_ln45_26 = select i1 %icmp_ln1494_26, i15 %trunc_ln45_26, i15 0" [firmware/nnet_utils/nnet_activation.h:45]   --->   Operation 138 'select' 'select_ln45_26' <Predicate = true> <Delay = 0.29> <Core = "Sel">   --->   Core 26 'Sel' <Latency = 0> <II = 1> <Delay = 0.29> <FuncUnit> <Opcode : 'select'> <InPorts = 3> <OutPorts = 1>
ST_1 : Operation 139 [1/1] (0.00ns)   --->   "%zext_ln45_26 = zext i15 %select_ln45_26 to i16" [firmware/nnet_utils/nnet_activation.h:45]   --->   Operation 139 'zext' 'zext_ln45_26' <Predicate = true> <Delay = 0.00>
ST_1 : Operation 140 [1/1] (0.67ns)   --->   "%icmp_ln1494_27 = icmp sgt i16 %data_29_V_read_1, 0" [firmware/nnet_utils/nnet_activation.h:45]   --->   Operation 140 'icmp' 'icmp_ln1494_27' <Predicate = true> <Delay = 0.67> <Core = "Cmp">   --->   Core 25 'Cmp' <Latency = 0> <II = 1> <Delay = 0.67> <FuncUnit> <Opcode : 'icmp'> <InPorts = 2> <OutPorts = 1>
ST_1 : Operation 141 [1/1] (0.00ns)   --->   "%trunc_ln45_27 = trunc i16 %data_29_V_read_1 to i15" [firmware/nnet_utils/nnet_activation.h:45]   --->   Operation 141 'trunc' 'trunc_ln45_27' <Predicate = (icmp_ln1494_27)> <Delay = 0.00>
ST_1 : Operation 142 [1/1] (0.29ns)   --->   "%select_ln45_27 = select i1 %icmp_ln1494_27, i15 %trunc_ln45_27, i15 0" [firmware/nnet_utils/nnet_activation.h:45]   --->   Operation 142 'select' 'select_ln45_27' <Predicate = true> <Delay = 0.29> <Core = "Sel">   --->   Core 26 'Sel' <Latency = 0> <II = 1> <Delay = 0.29> <FuncUnit> <Opcode : 'select'> <InPorts = 3> <OutPorts = 1>
ST_1 : Operation 143 [1/1] (0.00ns)   --->   "%zext_ln45_27 = zext i15 %select_ln45_27 to i16" [firmware/nnet_utils/nnet_activation.h:45]   --->   Operation 143 'zext' 'zext_ln45_27' <Predicate = true> <Delay = 0.00>
ST_1 : Operation 144 [1/1] (0.67ns)   --->   "%icmp_ln1494_28 = icmp sgt i16 %data_31_V_read_1, 0" [firmware/nnet_utils/nnet_activation.h:45]   --->   Operation 144 'icmp' 'icmp_ln1494_28' <Predicate = true> <Delay = 0.67> <Core = "Cmp">   --->   Core 25 'Cmp' <Latency = 0> <II = 1> <Delay = 0.67> <FuncUnit> <Opcode : 'icmp'> <InPorts = 2> <OutPorts = 1>
ST_1 : Operation 145 [1/1] (0.00ns)   --->   "%trunc_ln45_28 = trunc i16 %data_31_V_read_1 to i15" [firmware/nnet_utils/nnet_activation.h:45]   --->   Operation 145 'trunc' 'trunc_ln45_28' <Predicate = (icmp_ln1494_28)> <Delay = 0.00>
ST_1 : Operation 146 [1/1] (0.29ns)   --->   "%select_ln45_28 = select i1 %icmp_ln1494_28, i15 %trunc_ln45_28, i15 0" [firmware/nnet_utils/nnet_activation.h:45]   --->   Operation 146 'select' 'select_ln45_28' <Predicate = true> <Delay = 0.29> <Core = "Sel">   --->   Core 26 'Sel' <Latency = 0> <II = 1> <Delay = 0.29> <FuncUnit> <Opcode : 'select'> <InPorts = 3> <OutPorts = 1>
ST_1 : Operation 147 [1/1] (0.00ns)   --->   "%zext_ln45_28 = zext i15 %select_ln45_28 to i16" [firmware/nnet_utils/nnet_activation.h:45]   --->   Operation 147 'zext' 'zext_ln45_28' <Predicate = true> <Delay = 0.00>
ST_1 : Operation 148 [1/1] (0.00ns)   --->   "%newret = insertvalue { i16, i16, i16, i16, i16, i16, i16, i16, i16, i16, i16, i16, i16, i16, i16, i16, i16, i16, i16, i16, i16, i16, i16, i16, i16, i16, i16, i16, i16 } undef, i16 %zext_ln45, 0" [firmware/nnet_utils/nnet_activation.h:45]   --->   Operation 148 'insertvalue' 'newret' <Predicate = true> <Delay = 0.00>
ST_1 : Operation 149 [1/1] (0.00ns)   --->   "%newret2 = insertvalue { i16, i16, i16, i16, i16, i16, i16, i16, i16, i16, i16, i16, i16, i16, i16, i16, i16, i16, i16, i16, i16, i16, i16, i16, i16, i16, i16, i16, i16 } %newret, i16 %zext_ln45_1, 1" [firmware/nnet_utils/nnet_activation.h:45]   --->   Operation 149 'insertvalue' 'newret2' <Predicate = true> <Delay = 0.00>
ST_1 : Operation 150 [1/1] (0.00ns)   --->   "%newret4 = insertvalue { i16, i16, i16, i16, i16, i16, i16, i16, i16, i16, i16, i16, i16, i16, i16, i16, i16, i16, i16, i16, i16, i16, i16, i16, i16, i16, i16, i16, i16 } %newret2, i16 %zext_ln45_2, 2" [firmware/nnet_utils/nnet_activation.h:45]   --->   Operation 150 'insertvalue' 'newret4' <Predicate = true> <Delay = 0.00>
ST_1 : Operation 151 [1/1] (0.00ns)   --->   "%newret6 = insertvalue { i16, i16, i16, i16, i16, i16, i16, i16, i16, i16, i16, i16, i16, i16, i16, i16, i16, i16, i16, i16, i16, i16, i16, i16, i16, i16, i16, i16, i16 } %newret4, i16 %zext_ln45_3, 3" [firmware/nnet_utils/nnet_activation.h:45]   --->   Operation 151 'insertvalue' 'newret6' <Predicate = true> <Delay = 0.00>
ST_1 : Operation 152 [1/1] (0.00ns)   --->   "%newret8 = insertvalue { i16, i16, i16, i16, i16, i16, i16, i16, i16, i16, i16, i16, i16, i16, i16, i16, i16, i16, i16, i16, i16, i16, i16, i16, i16, i16, i16, i16, i16 } %newret6, i16 %zext_ln45_4, 4" [firmware/nnet_utils/nnet_activation.h:45]   --->   Operation 152 'insertvalue' 'newret8' <Predicate = true> <Delay = 0.00>
ST_1 : Operation 153 [1/1] (0.00ns)   --->   "%newret1 = insertvalue { i16, i16, i16, i16, i16, i16, i16, i16, i16, i16, i16, i16, i16, i16, i16, i16, i16, i16, i16, i16, i16, i16, i16, i16, i16, i16, i16, i16, i16 } %newret8, i16 %zext_ln45_5, 5" [firmware/nnet_utils/nnet_activation.h:45]   --->   Operation 153 'insertvalue' 'newret1' <Predicate = true> <Delay = 0.00>
ST_1 : Operation 154 [1/1] (0.00ns)   --->   "%newret3 = insertvalue { i16, i16, i16, i16, i16, i16, i16, i16, i16, i16, i16, i16, i16, i16, i16, i16, i16, i16, i16, i16, i16, i16, i16, i16, i16, i16, i16, i16, i16 } %newret1, i16 %zext_ln45_6, 6" [firmware/nnet_utils/nnet_activation.h:45]   --->   Operation 154 'insertvalue' 'newret3' <Predicate = true> <Delay = 0.00>
ST_1 : Operation 155 [1/1] (0.00ns)   --->   "%newret5 = insertvalue { i16, i16, i16, i16, i16, i16, i16, i16, i16, i16, i16, i16, i16, i16, i16, i16, i16, i16, i16, i16, i16, i16, i16, i16, i16, i16, i16, i16, i16 } %newret3, i16 %zext_ln45_7, 7" [firmware/nnet_utils/nnet_activation.h:45]   --->   Operation 155 'insertvalue' 'newret5' <Predicate = true> <Delay = 0.00>
ST_1 : Operation 156 [1/1] (0.00ns)   --->   "%newret7 = insertvalue { i16, i16, i16, i16, i16, i16, i16, i16, i16, i16, i16, i16, i16, i16, i16, i16, i16, i16, i16, i16, i16, i16, i16, i16, i16, i16, i16, i16, i16 } %newret5, i16 %zext_ln45_8, 8" [firmware/nnet_utils/nnet_activation.h:45]   --->   Operation 156 'insertvalue' 'newret7' <Predicate = true> <Delay = 0.00>
ST_1 : Operation 157 [1/1] (0.00ns)   --->   "%newret9 = insertvalue { i16, i16, i16, i16, i16, i16, i16, i16, i16, i16, i16, i16, i16, i16, i16, i16, i16, i16, i16, i16, i16, i16, i16, i16, i16, i16, i16, i16, i16 } %newret7, i16 %zext_ln45_9, 9" [firmware/nnet_utils/nnet_activation.h:45]   --->   Operation 157 'insertvalue' 'newret9' <Predicate = true> <Delay = 0.00>
ST_1 : Operation 158 [1/1] (0.00ns)   --->   "%newret10 = insertvalue { i16, i16, i16, i16, i16, i16, i16, i16, i16, i16, i16, i16, i16, i16, i16, i16, i16, i16, i16, i16, i16, i16, i16, i16, i16, i16, i16, i16, i16 } %newret9, i16 %zext_ln45_10, 10" [firmware/nnet_utils/nnet_activation.h:45]   --->   Operation 158 'insertvalue' 'newret10' <Predicate = true> <Delay = 0.00>
ST_1 : Operation 159 [1/1] (0.00ns)   --->   "%newret11 = insertvalue { i16, i16, i16, i16, i16, i16, i16, i16, i16, i16, i16, i16, i16, i16, i16, i16, i16, i16, i16, i16, i16, i16, i16, i16, i16, i16, i16, i16, i16 } %newret10, i16 %zext_ln45_11, 11" [firmware/nnet_utils/nnet_activation.h:45]   --->   Operation 159 'insertvalue' 'newret11' <Predicate = true> <Delay = 0.00>
ST_1 : Operation 160 [1/1] (0.00ns)   --->   "%newret12 = insertvalue { i16, i16, i16, i16, i16, i16, i16, i16, i16, i16, i16, i16, i16, i16, i16, i16, i16, i16, i16, i16, i16, i16, i16, i16, i16, i16, i16, i16, i16 } %newret11, i16 %zext_ln45_12, 12" [firmware/nnet_utils/nnet_activation.h:45]   --->   Operation 160 'insertvalue' 'newret12' <Predicate = true> <Delay = 0.00>
ST_1 : Operation 161 [1/1] (0.00ns)   --->   "%newret13 = insertvalue { i16, i16, i16, i16, i16, i16, i16, i16, i16, i16, i16, i16, i16, i16, i16, i16, i16, i16, i16, i16, i16, i16, i16, i16, i16, i16, i16, i16, i16 } %newret12, i16 %zext_ln45_13, 13" [firmware/nnet_utils/nnet_activation.h:45]   --->   Operation 161 'insertvalue' 'newret13' <Predicate = true> <Delay = 0.00>
ST_1 : Operation 162 [1/1] (0.00ns)   --->   "%newret14 = insertvalue { i16, i16, i16, i16, i16, i16, i16, i16, i16, i16, i16, i16, i16, i16, i16, i16, i16, i16, i16, i16, i16, i16, i16, i16, i16, i16, i16, i16, i16 } %newret13, i16 %zext_ln45_14, 14" [firmware/nnet_utils/nnet_activation.h:45]   --->   Operation 162 'insertvalue' 'newret14' <Predicate = true> <Delay = 0.00>
ST_1 : Operation 163 [1/1] (0.00ns)   --->   "%newret15 = insertvalue { i16, i16, i16, i16, i16, i16, i16, i16, i16, i16, i16, i16, i16, i16, i16, i16, i16, i16, i16, i16, i16, i16, i16, i16, i16, i16, i16, i16, i16 } %newret14, i16 %zext_ln45_15, 15" [firmware/nnet_utils/nnet_activation.h:45]   --->   Operation 163 'insertvalue' 'newret15' <Predicate = true> <Delay = 0.00>
ST_1 : Operation 164 [1/1] (0.00ns)   --->   "%newret16 = insertvalue { i16, i16, i16, i16, i16, i16, i16, i16, i16, i16, i16, i16, i16, i16, i16, i16, i16, i16, i16, i16, i16, i16, i16, i16, i16, i16, i16, i16, i16 } %newret15, i16 %zext_ln45_16, 16" [firmware/nnet_utils/nnet_activation.h:45]   --->   Operation 164 'insertvalue' 'newret16' <Predicate = true> <Delay = 0.00>
ST_1 : Operation 165 [1/1] (0.00ns)   --->   "%newret17 = insertvalue { i16, i16, i16, i16, i16, i16, i16, i16, i16, i16, i16, i16, i16, i16, i16, i16, i16, i16, i16, i16, i16, i16, i16, i16, i16, i16, i16, i16, i16 } %newret16, i16 %zext_ln45_17, 17" [firmware/nnet_utils/nnet_activation.h:45]   --->   Operation 165 'insertvalue' 'newret17' <Predicate = true> <Delay = 0.00>
ST_1 : Operation 166 [1/1] (0.00ns)   --->   "%newret18 = insertvalue { i16, i16, i16, i16, i16, i16, i16, i16, i16, i16, i16, i16, i16, i16, i16, i16, i16, i16, i16, i16, i16, i16, i16, i16, i16, i16, i16, i16, i16 } %newret17, i16 %zext_ln45_18, 18" [firmware/nnet_utils/nnet_activation.h:45]   --->   Operation 166 'insertvalue' 'newret18' <Predicate = true> <Delay = 0.00>
ST_1 : Operation 167 [1/1] (0.00ns)   --->   "%newret19 = insertvalue { i16, i16, i16, i16, i16, i16, i16, i16, i16, i16, i16, i16, i16, i16, i16, i16, i16, i16, i16, i16, i16, i16, i16, i16, i16, i16, i16, i16, i16 } %newret18, i16 %zext_ln45_19, 19" [firmware/nnet_utils/nnet_activation.h:45]   --->   Operation 167 'insertvalue' 'newret19' <Predicate = true> <Delay = 0.00>
ST_1 : Operation 168 [1/1] (0.00ns)   --->   "%newret20 = insertvalue { i16, i16, i16, i16, i16, i16, i16, i16, i16, i16, i16, i16, i16, i16, i16, i16, i16, i16, i16, i16, i16, i16, i16, i16, i16, i16, i16, i16, i16 } %newret19, i16 %zext_ln45_20, 20" [firmware/nnet_utils/nnet_activation.h:45]   --->   Operation 168 'insertvalue' 'newret20' <Predicate = true> <Delay = 0.00>
ST_1 : Operation 169 [1/1] (0.00ns)   --->   "%newret21 = insertvalue { i16, i16, i16, i16, i16, i16, i16, i16, i16, i16, i16, i16, i16, i16, i16, i16, i16, i16, i16, i16, i16, i16, i16, i16, i16, i16, i16, i16, i16 } %newret20, i16 %zext_ln45_21, 21" [firmware/nnet_utils/nnet_activation.h:45]   --->   Operation 169 'insertvalue' 'newret21' <Predicate = true> <Delay = 0.00>
ST_1 : Operation 170 [1/1] (0.00ns)   --->   "%newret22 = insertvalue { i16, i16, i16, i16, i16, i16, i16, i16, i16, i16, i16, i16, i16, i16, i16, i16, i16, i16, i16, i16, i16, i16, i16, i16, i16, i16, i16, i16, i16 } %newret21, i16 %zext_ln45_22, 22" [firmware/nnet_utils/nnet_activation.h:45]   --->   Operation 170 'insertvalue' 'newret22' <Predicate = true> <Delay = 0.00>
ST_1 : Operation 171 [1/1] (0.00ns)   --->   "%newret23 = insertvalue { i16, i16, i16, i16, i16, i16, i16, i16, i16, i16, i16, i16, i16, i16, i16, i16, i16, i16, i16, i16, i16, i16, i16, i16, i16, i16, i16, i16, i16 } %newret22, i16 %zext_ln45_23, 23" [firmware/nnet_utils/nnet_activation.h:45]   --->   Operation 171 'insertvalue' 'newret23' <Predicate = true> <Delay = 0.00>
ST_1 : Operation 172 [1/1] (0.00ns)   --->   "%newret24 = insertvalue { i16, i16, i16, i16, i16, i16, i16, i16, i16, i16, i16, i16, i16, i16, i16, i16, i16, i16, i16, i16, i16, i16, i16, i16, i16, i16, i16, i16, i16 } %newret23, i16 %zext_ln45_24, 24" [firmware/nnet_utils/nnet_activation.h:45]   --->   Operation 172 'insertvalue' 'newret24' <Predicate = true> <Delay = 0.00>
ST_1 : Operation 173 [1/1] (0.00ns)   --->   "%newret25 = insertvalue { i16, i16, i16, i16, i16, i16, i16, i16, i16, i16, i16, i16, i16, i16, i16, i16, i16, i16, i16, i16, i16, i16, i16, i16, i16, i16, i16, i16, i16 } %newret24, i16 %zext_ln45_25, 25" [firmware/nnet_utils/nnet_activation.h:45]   --->   Operation 173 'insertvalue' 'newret25' <Predicate = true> <Delay = 0.00>
ST_1 : Operation 174 [1/1] (0.00ns)   --->   "%newret26 = insertvalue { i16, i16, i16, i16, i16, i16, i16, i16, i16, i16, i16, i16, i16, i16, i16, i16, i16, i16, i16, i16, i16, i16, i16, i16, i16, i16, i16, i16, i16 } %newret25, i16 %zext_ln45_26, 26" [firmware/nnet_utils/nnet_activation.h:45]   --->   Operation 174 'insertvalue' 'newret26' <Predicate = true> <Delay = 0.00>
ST_1 : Operation 175 [1/1] (0.00ns)   --->   "%newret27 = insertvalue { i16, i16, i16, i16, i16, i16, i16, i16, i16, i16, i16, i16, i16, i16, i16, i16, i16, i16, i16, i16, i16, i16, i16, i16, i16, i16, i16, i16, i16 } %newret26, i16 %zext_ln45_27, 27" [firmware/nnet_utils/nnet_activation.h:45]   --->   Operation 175 'insertvalue' 'newret27' <Predicate = true> <Delay = 0.00>
ST_1 : Operation 176 [1/1] (0.00ns)   --->   "%newret28 = insertvalue { i16, i16, i16, i16, i16, i16, i16, i16, i16, i16, i16, i16, i16, i16, i16, i16, i16, i16, i16, i16, i16, i16, i16, i16, i16, i16, i16, i16, i16 } %newret27, i16 %zext_ln45_28, 28" [firmware/nnet_utils/nnet_activation.h:45]   --->   Operation 176 'insertvalue' 'newret28' <Predicate = true> <Delay = 0.00>
ST_1 : Operation 177 [1/1] (0.00ns)   --->   "ret { i16, i16, i16, i16, i16, i16, i16, i16, i16, i16, i16, i16, i16, i16, i16, i16, i16, i16, i16, i16, i16, i16, i16, i16, i16, i16, i16, i16, i16 } %newret28" [firmware/nnet_utils/nnet_activation.h:45]   --->   Operation 177 'ret' <Predicate = true> <Delay = 0.00>


============================================================
+ Verbose Summary: Timing violations
============================================================
Target clock period: 5ns, clock uncertainty: 0.625ns.

 <State 1>: 0.969ns
The critical path consists of the following:
	wire read on port 'data_31_V_read' (firmware/nnet_utils/nnet_activation.h:39) [30]  (0 ns)
	'icmp' operation ('icmp_ln1494_28', firmware/nnet_utils/nnet_activation.h:45) [172]  (0.676 ns)
	'select' operation ('res[31].V', firmware/nnet_utils/nnet_activation.h:45) [174]  (0.292 ns)


============================================================
+ Verbose Summary: Binding
============================================================
N/A
* FSMD analyzer results:
  - Output states:
 - Input state : 
  - Chain level:
	State 1


============================================================
+ Verbose Summary: Datapath Resource usage 
============================================================
N/A
