#
# An unexpected error has occurred (6)
#
Stack:
/lib/x86_64-linux-gnu/libc.so.6(+0x42520) [0x7fcfd8e1a520]
/lib/x86_64-linux-gnu/libc.so.6(pthread_kill+0x12c) [0x7fcfd8e6ea7c]
/lib/x86_64-linux-gnu/libc.so.6(raise+0x16) [0x7fcfd8e1a476]
/lib/x86_64-linux-gnu/libc.so.6(abort+0xd3) [0x7fcfd8e007f3]
/lib/x86_64-linux-gnu/libc.so.6(+0x896f6) [0x7fcfd8e616f6]
/lib/x86_64-linux-gnu/libc.so.6(+0xa0d7c) [0x7fcfd8e78d7c]
/lib/x86_64-linux-gnu/libc.so.6(realloc+0x36c) [0x7fcfd8e7db2c]
/lib/x86_64-linux-gnu/libudev.so.1(+0x15707) [0x7fcfdb0a2707]
/lib/x86_64-linux-gnu/libudev.so.1(+0x1bb1b) [0x7fcfdb0a8b1b]
/lib/x86_64-linux-gnu/libudev.so.1(+0x75ff) [0x7fcfdb0945ff]
/lib/x86_64-linux-gnu/libudev.so.1(+0x7b6b) [0x7fcfdb094b6b]
/lib/x86_64-linux-gnu/libudev.so.1(+0x10192) [0x7fcfdb09d192]
/lib/x86_64-linux-gnu/libudev.so.1(+0x105d3) [0x7fcfdb09d5d3]
/lib/x86_64-linux-gnu/libudev.so.1(udev_enumerate_scan_devices+0x2a1) [0x7fcfdb09e341]
/opt/Xilinx/Vivado/2019.2/lib/lnx64.o/libXil_lmgr11.so(+0x10f927) [0x7fcfcff0f927]
/opt/Xilinx/Vivado/2019.2/lib/lnx64.o/libXil_lmgr11.so(xilinxd_52bd858d5acf2fc4+0x9) [0x7fcfcff0fd89]
/opt/Xilinx/Vivado/2019.2/lib/lnx64.o/libXil_lmgr11.so(+0xc6566) [0x7fcfcfec6566]
/opt/Xilinx/Vivado/2019.2/lib/lnx64.o/libXil_lmgr11.so(xilinxd_52bd853912de43c2+0xc8) [0x7fcfcfec6098]
/opt/Xilinx/Vivado/2019.2/lib/lnx64.o/libXil_lmgr11.so(+0xb33a2) [0x7fcfcfeb33a2]
/opt/Xilinx/Vivado/2019.2/lib/lnx64.o/libXil_lmgr11.so(xilinxd_52bd995765656b48+0x2a) [0x7fcfcfebd5da]
/opt/Xilinx/Vivado/2019.2/lib/lnx64.o/libXil_lmgr11.so(xilinxd_52bd700d1bd3c616+0x73) [0x7fcfcfebd6c3]
/opt/Xilinx/Vivado/2019.2/lib/lnx64.o/librdi_commonxillic.so(XilReg::Utils::GetHostInfo[abi:cxx11](XilReg::Utils::HostInfoType, bool) const+0x208) [0x7fcfd38674f8]
/opt/Xilinx/Vivado/2019.2/lib/lnx64.o/librdi_commonxillic.so(XilReg::Utils::GetHostInfoFormatted[abi:cxx11](XilReg::Utils::HostInfoType, bool) const+0x52) [0x7fcfd386b2c2]
/opt/Xilinx/Vivado/2019.2/lib/lnx64.o/librdi_commonxillic.so(XilReg::Utils::GetHostInfo[abi:cxx11]() const+0x183) [0x7fcfd386b583]
/opt/Xilinx/Vivado/2019.2/lib/lnx64.o/librdi_commonxillic.so(XilReg::Utils::GetRegInfo(std::__cxx11::basic_string<char, std::char_traits<char>, std::allocator<char> > const&, bool, bool)+0xc6) [0x7fcfd3875e06]
/opt/Xilinx/Vivado/2019.2/lib/lnx64.o/librdi_commonxillic.so(XilReg::Utils::GetRegInfoWebTalk(std::__cxx11::basic_string<char, std::char_traits<char>, std::allocator<char> > const&)+0x60) [0x7fcfd3876090]
/opt/Xilinx/Vivado/2019.2/lib/lnx64.o/librdi_project.so(HAPRWebtalkHelper::getRegistrationId[abi:cxx11]() const+0x3a) [0x7fcf9f037a2a]
/opt/Xilinx/Vivado/2019.2/lib/lnx64.o/librdi_project.so(HAPRWebtalkHelper::HAPRWebtalkHelper(HAPRProject*, HAPRDesign*, HWEWebtalkMgr*, std::__cxx11::basic_string<char, std::char_traits<char>, std::allocator<char> > const&)+0xb0) [0x7fcf9f037ea0]
/opt/Xilinx/Vivado/2019.2/lib/lnx64.o/librdi_tcltasks.so(+0x180cbc6) [0x7fcfca40cbc6]
/opt/Xilinx/Vivado/2019.2/lib/lnx64.o/librdi_tcltasks.so(+0x1817914) [0x7fcfca417914]
/opt/Xilinx/Vivado/2019.2/lib/lnx64.o/librdi_common.so(+0x86eca2) [0x7fcfda46eca2]
/opt/Xilinx/Vivado/2019.2/lib/lnx64.o/libtcl8.5.so(+0x334af) [0x7fcfd2c334af]
/opt/Xilinx/Vivado/2019.2/lib/lnx64.o/libtcl8.5.so(+0x34b38) [0x7fcfd2c34b38]
/opt/Xilinx/Vivado/2019.2/lib/lnx64.o/libtcl8.5.so(Tcl_EvalEx+0x13) [0x7fcfd2c350a3]
/opt/Xilinx/Vivado/2019.2/lib/lnx64.o/libtcl8.5.so(Tcl_FSEvalFileEx+0x1da) [0x7fcfd2c99c5a]
/opt/Xilinx/Vivado/2019.2/lib/lnx64.o/librdi_commontasks.so(+0x2b1d8d) [0x7fcfcccb1d8d]
/opt/Xilinx/Vivado/2019.2/lib/lnx64.o/librdi_common.so(+0x86eca2) [0x7fcfda46eca2]
/opt/Xilinx/Vivado/2019.2/lib/lnx64.o/libtcl8.5.so(+0x334af) [0x7fcfd2c334af]
/opt/Xilinx/Vivado/2019.2/lib/lnx64.o/libtcl8.5.so(Tcl_EvalObjv+0x32) [0x7fcfd2c335e2]
/opt/Xilinx/Vivado/2019.2/lib/lnx64.o/libtcl8.5.so(TclEvalObjEx+0x322) [0x7fcfd2c35402]
/opt/Xilinx/Vivado/2019.2/lib/lnx64.o/librdi_commontasks.so(+0x2de870) [0x7fcfcccde870]
/opt/Xilinx/Vivado/2019.2/lib/lnx64.o/librdi_commontasks.so(+0x2e011e) [0x7fcfccce011e]
/opt/Xilinx/Vivado/2019.2/lib/lnx64.o/librdi_common.so(+0x86eca2) [0x7fcfda46eca2]
/opt/Xilinx/Vivado/2019.2/lib/lnx64.o/libtcl8.5.so(+0x334af) [0x7fcfd2c334af]
/opt/Xilinx/Vivado/2019.2/lib/lnx64.o/libtcl8.5.so(Tcl_EvalObjv+0x32) [0x7fcfd2c335e2]
/opt/Xilinx/Vivado/2019.2/lib/lnx64.o/libtcl8.5.so(TclEvalObjEx+0x322) [0x7fcfd2c35402]
/opt/Xilinx/Vivado/2019.2/lib/lnx64.o/librdi_commonmain.so(+0x7af3) [0x7fcfd9807af3]
/opt/Xilinx/Vivado/2019.2/lib/lnx64.o/libtcl8.5.so(Tcl_Main+0x1d0) [0x7fcfd2ca0210]
/opt/Xilinx/Vivado/2019.2/lib/lnx64.o/librdi_common.so(+0x8b30cb) [0x7fcfda4b30cb]
/lib/x86_64-linux-gnu/libc.so.6(+0x94b43) [0x7fcfd8e6cb43]
/lib/x86_64-linux-gnu/libc.so.6(clone+0x44) [0x7fcfd8efdbb4]
