0.9676669239997864 0.8316717147827148
0.7988439202308655 0.7836340665817261
0.7699270248413086 0.7707530856132507
0.7551296949386597 0.7543512582778931
0.7891573905944824 0.7528105974197388
0.7383717894554138 0.7362141013145447
0.7278599143028259 0.7293001413345337
0.7220321893692017 0.7243272066116333
0.7169898748397827 0.7206634283065796
0.7126561999320984 0.7151845693588257
0.7087383270263672 0.7123362421989441
0.7056301236152649 0.7096550464630127
0.7027509808540344 0.7067623734474182
0.7006252408027649 0.7056477665901184
0.6986952424049377 0.7029403448104858
0.6969218850135803 0.7016399502754211
0.6956115961074829 0.7009063363075256
0.6942964196205139 0.700142502784729
0.6933766603469849 0.6994042992591858
0.692393958568573 0.6981229186058044
0.6915804743766785 0.6969290375709534
0.6908506155014038 0.6972885727882385
0.6901507377624512 0.6960744261741638
0.6894350647926331 0.6961278319358826
0.6888765096664429 0.6949467062950134
0.6882997751235962 0.6949568390846252
0.687394917011261 0.6929487586021423
0.6869599223136902 0.6924704909324646
0.6864614486694336 0.692578911781311
0.686056911945343 0.6936061978340149
