

================================================================
== Vivado HLS Report for 'dense_latency_0_0_0_0_0_0_0_0_0_0_0_0_0_0_0_0_0_0_0_0_0_0_0_0_0_0_0_0_0_0_0_0_0'
================================================================
* Date:           Fri Sep 22 02:21:50 2023

* Version:        2019.2 (Build 2704478 on Wed Nov 06 22:10:23 MST 2019)
* Project:        myproject_prj
* Solution:       solution1
* Product family: virtexuplus
* Target device:  xcu250-figd2104-2L-e


================================================================
== Performance Estimates
================================================================
+ Timing: 
    * Summary: 
    +--------+---------+----------+------------+
    |  Clock |  Target | Estimated| Uncertainty|
    +--------+---------+----------+------------+
    |ap_clk  | 5.00 ns | 3.965 ns |   0.62 ns  |
    +--------+---------+----------+------------+

+ Latency: 
    * Summary: 
    +---------+---------+----------+----------+-----+-----+----------+
    |  Latency (cycles) |  Latency (absolute) |  Interval | Pipeline |
    |   min   |   max   |    min   |    max   | min | max |   Type   |
    +---------+---------+----------+----------+-----+-----+----------+
    |        1|        1| 5.000 ns | 5.000 ns |    1|    1| function |
    +---------+---------+----------+----------+-----+-----+----------+

    + Detail: 
        * Instance: 
        N/A

        * Loop: 
        N/A



================================================================
== Utilization Estimates
================================================================
* Summary: 
+---------------------+---------+-------+---------+---------+------+
|         Name        | BRAM_18K| DSP48E|    FF   |   LUT   | URAM |
+---------------------+---------+-------+---------+---------+------+
|DSP                  |        -|      -|        -|        -|     -|
|Expression           |        -|    200|        0|     6315|     -|
|FIFO                 |        -|      -|        -|        -|     -|
|Instance             |        -|      -|        -|        -|     -|
|Memory               |        -|      -|        -|        -|     -|
|Multiplexer          |        -|      -|        -|      189|     -|
|Register             |        -|      -|      896|        -|     -|
+---------------------+---------+-------+---------+---------+------+
|Total                |        0|    200|      896|     6504|     0|
+---------------------+---------+-------+---------+---------+------+
|Available SLR        |     1344|   3072|   864000|   432000|   320|
+---------------------+---------+-------+---------+---------+------+
|Utilization SLR (%)  |        0|      6|    ~0   |        1|     0|
+---------------------+---------+-------+---------+---------+------+
|Available            |     5376|  12288|  3456000|  1728000|  1280|
+---------------------+---------+-------+---------+---------+------+
|Utilization (%)      |        0|      1|    ~0   |    ~0   |     0|
+---------------------+---------+-------+---------+---------+------+

+ Detail: 
    * Instance: 
    N/A

    * DSP48E: 
    N/A

    * Memory: 
    N/A

    * FIFO: 
    N/A

    * Expression: 
    +-----------------------------+----------+-------+---+----+------------+------------+
    |        Variable Name        | Operation| DSP48E| FF| LUT| Bitwidth P0| Bitwidth P1|
    +-----------------------------+----------+-------+---+----+------------+------------+
    |mul_ln1118_100_fu_790_p2     |     *    |      1|  0|   5|          16|          10|
    |mul_ln1118_101_fu_814_p2     |     *    |      1|  0|   5|          16|           9|
    |mul_ln1118_102_fu_960_p2     |     *    |      1|  0|   5|          16|           9|
    |mul_ln1118_103_fu_924_p2     |     *    |      1|  0|   5|          16|           8|
    |mul_ln1118_104_fu_865_p2     |     *    |      1|  0|   5|          16|          10|
    |mul_ln1118_105_fu_926_p2     |     *    |      1|  0|   5|          16|           7|
    |mul_ln1118_106_fu_970_p2     |     *    |      1|  0|   5|          16|          10|
    |mul_ln1118_107_fu_928_p2     |     *    |      1|  0|   5|          16|           9|
    |mul_ln1118_108_fu_929_p2     |     *    |      1|  0|   5|          16|           9|
    |mul_ln1118_109_fu_930_p2     |     *    |      1|  0|   5|          16|           9|
    |mul_ln1118_10_fu_841_p2      |     *    |      1|  0|   5|          16|          10|
    |mul_ln1118_110_fu_935_p2     |     *    |      1|  0|   5|          16|           7|
    |mul_ln1118_111_fu_813_p2     |     *    |      1|  0|   5|          16|           9|
    |mul_ln1118_112_fu_837_p2     |     *    |      1|  0|   5|          16|          10|
    |mul_ln1118_113_fu_782_p2     |     *    |      1|  0|   5|          16|           8|
    |mul_ln1118_114_fu_806_p2     |     *    |      1|  0|   5|          16|           9|
    |mul_ln1118_115_fu_794_p2     |     *    |      1|  0|   5|          16|          10|
    |mul_ln1118_116_fu_940_p2     |     *    |      1|  0|   5|          16|          10|
    |mul_ln1118_117_fu_951_p2     |     *    |      1|  0|   5|          16|           5|
    |mul_ln1118_119_fu_952_p2     |     *    |      1|  0|   5|          16|           9|
    |mul_ln1118_11_fu_800_p2      |     *    |      1|  0|   5|          16|          10|
    |mul_ln1118_120_fu_1013_p2    |     *    |      1|  0|   5|          16|           9|
    |mul_ln1118_121_fu_1014_p2    |     *    |      1|  0|   5|          16|           6|
    |mul_ln1118_122_fu_818_p2     |     *    |      1|  0|   5|          16|           9|
    |mul_ln1118_123_fu_1016_p2    |     *    |      1|  0|   5|          16|          11|
    |mul_ln1118_124_fu_880_p2     |     *    |      1|  0|   5|          16|          12|
    |mul_ln1118_125_fu_947_p2     |     *    |      1|  0|   5|          16|           7|
    |mul_ln1118_126_fu_793_p2     |     *    |      1|  0|   5|          16|          10|
    |mul_ln1118_127_fu_975_p2     |     *    |      1|  0|   5|          16|          10|
    |mul_ln1118_128_fu_877_p2     |     *    |      1|  0|   5|          16|           9|
    |mul_ln1118_129_fu_1030_p2    |     *    |      1|  0|   5|          16|          10|
    |mul_ln1118_12_fu_910_p2      |     *    |      1|  0|   5|          16|          10|
    |mul_ln1118_130_fu_853_p2     |     *    |      1|  0|   5|          16|           7|
    |mul_ln1118_131_fu_798_p2     |     *    |      1|  0|   5|          16|          12|
    |mul_ln1118_132_fu_1021_p2    |     *    |      1|  0|   5|          16|           9|
    |mul_ln1118_133_fu_842_p2     |     *    |      1|  0|   5|          16|           9|
    |mul_ln1118_134_fu_920_p2     |     *    |      1|  0|   5|          16|           9|
    |mul_ln1118_135_fu_883_p2     |     *    |      1|  0|   5|          16|           6|
    |mul_ln1118_136_fu_982_p2     |     *    |      1|  0|   5|          16|          10|
    |mul_ln1118_137_fu_983_p2     |     *    |      1|  0|   5|          16|           7|
    |mul_ln1118_138_fu_994_p2     |     *    |      1|  0|   5|          16|           6|
    |mul_ln1118_139_fu_939_p2     |     *    |      1|  0|   5|          16|          11|
    |mul_ln1118_13_fu_812_p2      |     *    |      1|  0|   5|          16|          10|
    |mul_ln1118_140_fu_931_p2     |     *    |      1|  0|   5|          16|          10|
    |mul_ln1118_141_fu_905_p2     |     *    |      1|  0|   5|          16|           7|
    |mul_ln1118_142_fu_943_p2     |     *    |      1|  0|   5|          16|           9|
    |mul_ln1118_143_fu_888_p2     |     *    |      1|  0|   5|          16|           9|
    |mul_ln1118_144_fu_833_p2     |     *    |      1|  0|   5|          16|          10|
    |mul_ln1118_145_fu_1004_p2    |     *    |      1|  0|   5|          16|           8|
    |mul_ln1118_146_fu_945_p2     |     *    |      1|  0|   5|          16|           6|
    |mul_ln1118_147_fu_1006_p2    |     *    |      1|  0|   5|          16|           9|
    |mul_ln1118_148_fu_810_p2     |     *    |      1|  0|   5|          16|          10|
    |mul_ln1118_149_fu_1008_p2    |     *    |      1|  0|   5|          16|          10|
    |mul_ln1118_14_fu_958_p2      |     *    |      1|  0|   5|          16|          11|
    |mul_ln1118_150_fu_795_p2     |     *    |      1|  0|   5|          16|          10|
    |mul_ln1118_151_fu_1010_p2    |     *    |      1|  0|   5|          16|           8|
    |mul_ln1118_152_fu_986_p2     |     *    |      1|  0|   5|          16|           9|
    |mul_ln1118_153_fu_797_p2     |     *    |      1|  0|   5|          16|           9|
    |mul_ln1118_154_fu_875_p2     |     *    |      1|  0|   5|          16|          11|
    |mul_ln1118_155_fu_978_p2     |     *    |      1|  0|   5|          16|          10|
    |mul_ln1118_156_fu_844_p2     |     *    |      1|  0|   5|          16|           8|
    |mul_ln1118_157_fu_868_p2     |     *    |      1|  0|   5|          16|           9|
    |mul_ln1118_158_fu_892_p2     |     *    |      1|  0|   5|          16|           9|
    |mul_ln1118_159_fu_971_p2     |     *    |      1|  0|   5|          16|           8|
    |mul_ln1118_15_fu_824_p2      |     *    |      1|  0|   5|          16|          10|
    |mul_ln1118_160_fu_1032_p2    |     *    |      1|  0|   5|          16|          10|
    |mul_ln1118_161_fu_973_p2     |     *    |      1|  0|   5|          16|          10|
    |mul_ln1118_162_fu_957_p2     |     *    |      1|  0|   5|          16|           6|
    |mul_ln1118_163_fu_778_p2     |     *    |      1|  0|   5|          16|          10|
    |mul_ln1118_164_fu_839_p2     |     *    |      1|  0|   5|          16|           9|
    |mul_ln1118_165_fu_780_p2     |     *    |      1|  0|   5|          16|           9|
    |mul_ln1118_166_fu_781_p2     |     *    |      1|  0|   5|          16|           8|
    |mul_ln1118_167_fu_856_p2     |     *    |      1|  0|   5|          16|           9|
    |mul_ln1118_168_fu_934_p2     |     *    |      1|  0|   5|          16|          10|
    |mul_ln1118_169_fu_879_p2     |     *    |      1|  0|   5|          16|          10|
    |mul_ln1118_16_fu_1020_p2     |     *    |      1|  0|   5|          16|           9|
    |mul_ln1118_170_fu_903_p2     |     *    |      1|  0|   5|          16|           9|
    |mul_ln1118_171_fu_848_p2     |     *    |      1|  0|   5|          16|           6|
    |mul_ln1118_172_fu_872_p2     |     *    |      1|  0|   5|          16|           8|
    |mul_ln1118_173_fu_1024_p2    |     *    |      1|  0|   5|          16|           8|
    |mul_ln1118_174_fu_840_p2     |     *    |      1|  0|   5|          16|          11|
    |mul_ln1118_175_fu_863_p2     |     *    |      1|  0|   5|          16|           9|
    |mul_ln1118_176_fu_864_p2     |     *    |      1|  0|   5|          16|           8|
    |mul_ln1118_177_fu_805_p2     |     *    |      1|  0|   5|          16|           6|
    |mul_ln1118_178_fu_866_p2     |     *    |      1|  0|   5|          16|           7|
    |mul_ln1118_179_fu_867_p2     |     *    |      1|  0|   5|          16|           9|
    |mul_ln1118_17_fu_944_p2      |     *    |      1|  0|   5|          16|           7|
    |mul_ln1118_180_fu_789_p2     |     *    |      1|  0|   5|          16|          10|
    |mul_ln1118_181_fu_969_p2     |     *    |      1|  0|   5|          16|           9|
    |mul_ln1118_182_fu_950_p2     |     *    |      1|  0|   5|          16|           6|
    |mul_ln1118_183_fu_981_p2     |     *    |      1|  0|   5|          16|          10|
    |mul_ln1118_184_fu_1005_p2    |     *    |      1|  0|   5|          16|          10|
    |mul_ln1118_185_fu_828_p2     |     *    |      1|  0|   5|          16|           7|
    |mul_ln1118_186_fu_1017_p2    |     *    |      1|  0|   5|          16|          10|
    |mul_ln1118_187_fu_948_p2     |     *    |      1|  0|   5|          16|           6|
    |mul_ln1118_188_fu_992_p2     |     *    |      1|  0|   5|          16|           6|
    |mul_ln1118_189_fu_890_p2     |     *    |      1|  0|   5|          16|           7|
    |mul_ln1118_18_fu_885_p2      |     *    |      1|  0|   5|          16|           7|
    |mul_ln1118_190_fu_831_p2     |     *    |      1|  0|   5|          16|           6|
    |mul_ln1118_191_fu_832_p2     |     *    |      1|  0|   5|          16|           7|
    |mul_ln1118_192_fu_893_p2     |     *    |      1|  0|   5|          16|           6|
    |mul_ln1118_193_fu_954_p2     |     *    |      1|  0|   5|          16|           9|
    |mul_ln1118_194_fu_915_p2     |     *    |      1|  0|   5|          16|           8|
    |mul_ln1118_195_fu_1028_p2    |     *    |      1|  0|   5|          16|           7|
    |mul_ln1118_196_fu_894_p2     |     *    |      1|  0|   5|          16|          10|
    |mul_ln1118_197_fu_796_p2     |     *    |      1|  0|   5|          16|          10|
    |mul_ln1118_198_fu_985_p2     |     *    |      1|  0|   5|          16|           7|
    |mul_ln1118_199_fu_1009_p2    |     *    |      1|  0|   5|          16|           8|
    |mul_ln1118_19_fu_963_p2      |     *    |      1|  0|   5|          16|          10|
    |mul_ln1118_200_fu_911_p2     |     *    |      1|  0|   5|          16|           9|
    |mul_ln1118_201_fu_1003_p2    |     *    |      1|  0|   5|          16|           9|
    |mul_ln1118_202_fu_916_p2     |     *    |      1|  0|   5|          16|          10|
    |mul_ln1118_204_fu_857_p2     |     *    |      1|  0|   5|          16|          11|
    |mul_ln1118_205_fu_858_p2     |     *    |      1|  0|   5|          16|           9|
    |mul_ln1118_206_fu_919_p2     |     *    |      1|  0|   5|          16|          10|
    |mul_ln1118_207_fu_860_p2     |     *    |      1|  0|   5|          16|          11|
    |mul_ln1118_208_fu_861_p2     |     *    |      1|  0|   5|          16|           6|
    |mul_ln1118_209_fu_927_p2     |     *    |      1|  0|   5|          16|           9|
    |mul_ln1118_20_fu_827_p2      |     *    |      1|  0|   5|          16|           8|
    |mul_ln1118_21_fu_1025_p2     |     *    |      1|  0|   5|          16|          11|
    |mul_ln1118_22_fu_889_p2      |     *    |      1|  0|   5|          16|          12|
    |mul_ln1118_23_fu_955_p2      |     *    |      1|  0|   5|          16|          11|
    |mul_ln1118_24_fu_878_p2      |     *    |      1|  0|   5|          16|           6|
    |mul_ln1118_25_fu_803_p2      |     *    |      1|  0|   5|          16|           9|
    |mul_ln1118_26_fu_847_p2      |     *    |      1|  0|   5|          16|          11|
    |mul_ln1118_27_fu_914_p2      |     *    |      1|  0|   5|          16|           8|
    |mul_ln1118_28_fu_974_p2      |     *    |      1|  0|   5|          16|          11|
    |mul_ln1118_29_fu_804_p2      |     *    |      1|  0|   5|          16|           8|
    |mul_ln1118_30_fu_987_p2      |     *    |      1|  0|   5|          16|           6|
    |mul_ln1118_31_fu_1011_p2     |     *    |      1|  0|   5|          16|           6|
    |mul_ln1118_32_fu_792_p2      |     *    |      1|  0|   5|          16|           8|
    |mul_ln1118_33_fu_913_p2      |     *    |      1|  0|   5|          16|           8|
    |mul_ln1118_34_fu_991_p2      |     *    |      1|  0|   5|          16|          10|
    |mul_ln1118_35_fu_855_p2      |     *    |      1|  0|   5|          16|          10|
    |mul_ln1118_36_fu_1022_p2     |     *    |      1|  0|   5|          16|           8|
    |mul_ln1118_37_fu_967_p2      |     *    |      1|  0|   5|          16|           9|
    |mul_ln1118_38_fu_779_p2      |     *    |      1|  0|   5|          16|           9|
    |mul_ln1118_39_fu_925_p2      |     *    |      1|  0|   5|          16|           8|
    |mul_ln1118_40_fu_949_p2      |     *    |      1|  0|   5|          16|           6|
    |mul_ln1118_41_fu_851_p2      |     *    |      1|  0|   5|          16|          12|
    |mul_ln1118_42_fu_961_p2      |     *    |      1|  0|   5|          16|          12|
    |mul_ln1118_43_fu_784_p2      |     *    |      1|  0|   5|          16|           8|
    |mul_ln1118_44_fu_891_p2      |     *    |      1|  0|   5|          16|           5|
    |mul_ln1118_45_fu_938_p2      |     *    |      1|  0|   5|          16|           9|
    |mul_ln1118_46_fu_819_p2      |     *    |      1|  0|   5|          16|          10|
    |mul_ln1118_47_fu_820_p2      |     *    |      1|  0|   5|          16|           9|
    |mul_ln1118_48_fu_821_p2      |     *    |      1|  0|   5|          16|           9|
    |mul_ln1118_49_fu_942_p2      |     *    |      1|  0|   5|          16|          11|
    |mul_ln1118_50_fu_823_p2      |     *    |      1|  0|   5|          16|           9|
    |mul_ln1118_51_fu_825_p2      |     *    |      1|  0|   5|          16|           9|
    |mul_ln1118_52_fu_917_p2      |     *    |      1|  0|   5|          16|           5|
    |mul_ln1118_53_fu_984_p2      |     *    |      1|  0|   5|          16|           9|
    |mul_ln1118_55_fu_807_p2      |     *    |      1|  0|   5|          16|           9|
    |mul_ln1118_56_fu_953_p2      |     *    |      1|  0|   5|          16|           8|
    |mul_ln1118_57_fu_977_p2      |     *    |      1|  0|   5|          16|          10|
    |mul_ln1118_58_fu_843_p2      |     *    |      1|  0|   5|          16|          10|
    |mul_ln1118_59_fu_904_p2      |     *    |      1|  0|   5|          16|           8|
    |mul_ln1118_5_fu_996_p2       |     *    |      1|  0|   5|          16|          11|
    |mul_ln1118_60_fu_845_p2      |     *    |      1|  0|   5|          16|          11|
    |mul_ln1118_61_fu_906_p2      |     *    |      1|  0|   5|          16|           9|
    |mul_ln1118_62_fu_787_p2      |     *    |      1|  0|   5|          16|           6|
    |mul_ln1118_63_fu_908_p2      |     *    |      1|  0|   5|          16|          12|
    |mul_ln1118_64_fu_849_p2      |     *    |      1|  0|   5|          16|          11|
    |mul_ln1118_65_fu_850_p2      |     *    |      1|  0|   5|          16|           9|
    |mul_ln1118_66_fu_817_p2      |     *    |      1|  0|   5|          16|           9|
    |mul_ln1118_67_fu_1019_p2     |     *    |      1|  0|   5|          16|          10|
    |mul_ln1118_69_fu_964_p2      |     *    |      1|  0|   5|          16|           6|
    |mul_ln1118_6_fu_997_p2       |     *    |      1|  0|   5|          16|          10|
    |mul_ln1118_70_fu_1031_p2     |     *    |      1|  0|   5|          16|           8|
    |mul_ln1118_71_fu_976_p2      |     *    |      1|  0|   5|          16|           7|
    |mul_ln1118_72_fu_921_p2      |     *    |      1|  0|   5|          16|          10|
    |mul_ln1118_73_fu_990_p2      |     *    |      1|  0|   5|          16|           8|
    |mul_ln1118_74_fu_811_p2      |     *    |      1|  0|   5|          16|           8|
    |mul_ln1118_75_fu_932_p2      |     *    |      1|  0|   5|          16|          10|
    |mul_ln1118_76_fu_873_p2      |     *    |      1|  0|   5|          16|          11|
    |mul_ln1118_77_fu_874_p2      |     *    |      1|  0|   5|          16|           7|
    |mul_ln1118_78_fu_918_p2      |     *    |      1|  0|   5|          16|           8|
    |mul_ln1118_79_fu_876_p2      |     *    |      1|  0|   5|          16|           7|
    |mul_ln1118_7_fu_998_p2       |     *    |      1|  0|   5|          16|           6|
    |mul_ln1118_80_fu_884_p2      |     *    |      1|  0|   5|          16|           9|
    |mul_ln1118_81_fu_829_p2      |     *    |      1|  0|   5|          16|          10|
    |mul_ln1118_82_fu_999_p2      |     *    |      1|  0|   5|          16|          12|
    |mul_ln1118_83_fu_822_p2      |     *    |      1|  0|   5|          16|           5|
    |mul_ln1118_84_fu_968_p2      |     *    |      1|  0|   5|          16|           9|
    |mul_ln1118_85_fu_791_p2      |     *    |      1|  0|   5|          16|           9|
    |mul_ln1118_86_fu_815_p2      |     *    |      1|  0|   5|          16|           7|
    |mul_ln1118_87_fu_897_p2      |     *    |      1|  0|   5|          16|          11|
    |mul_ln1118_88_fu_898_p2      |     *    |      1|  0|   5|          16|           8|
    |mul_ln1118_89_fu_899_p2      |     *    |      1|  0|   5|          16|           9|
    |mul_ln1118_8_fu_862_p2       |     *    |      1|  0|   5|          16|           8|
    |mul_ln1118_91_fu_900_p2      |     *    |      1|  0|   5|          16|           7|
    |mul_ln1118_93_fu_901_p2      |     *    |      1|  0|   5|          16|          11|
    |mul_ln1118_94_fu_902_p2      |     *    |      1|  0|   5|          16|          10|
    |mul_ln1118_95_fu_1023_p2     |     *    |      1|  0|   5|          16|          10|
    |mul_ln1118_96_fu_809_p2      |     *    |      1|  0|   5|          16|           9|
    |mul_ln1118_97_fu_912_p2      |     *    |      1|  0|   5|          16|           9|
    |mul_ln1118_98_fu_979_p2      |     *    |      1|  0|   5|          16|          10|
    |mul_ln1118_99_fu_802_p2      |     *    |      1|  0|   5|          16|          11|
    |mul_ln1118_9_fu_896_p2       |     *    |      1|  0|   5|          16|           9|
    |mul_ln1118_fu_995_p2         |     *    |      1|  0|   5|          16|          10|
    |acc_10_V_fu_212543_p2        |     +    |      0|  0|  16|          16|          16|
    |acc_12_V_fu_213722_p2        |     +    |      0|  0|  16|          16|          16|
    |acc_13_V_fu_212711_p2        |     +    |      0|  0|  16|          16|          16|
    |acc_14_V_fu_212769_p2        |     +    |      0|  0|  16|          16|          16|
    |acc_15_V_fu_212831_p2        |     +    |      0|  0|  16|          16|          16|
    |acc_16_V_fu_213731_p2        |     +    |      0|  0|  16|          16|          16|
    |acc_17_V_fu_213005_p2        |     +    |      0|  0|  16|          16|          16|
    |acc_18_V_fu_213077_p2        |     +    |      0|  0|  16|          16|          16|
    |acc_19_V_fu_213153_p2        |     +    |      0|  0|  16|          16|          16|
    |acc_1_V_fu_212197_p2         |     +    |      0|  0|  16|          16|          16|
    |acc_21_V_fu_213740_p2        |     +    |      0|  0|  16|          16|          16|
    |acc_23_V_fu_213295_p2        |     +    |      0|  0|  16|          16|          16|
    |acc_24_V_fu_213753_p2        |     +    |      0|  0|  16|          16|          16|
    |acc_25_V_fu_213435_p2        |     +    |      0|  0|  16|          16|          16|
    |acc_26_V_fu_213471_p2        |     +    |      0|  0|  16|          16|          16|
    |acc_29_V_fu_213543_p2        |     +    |      0|  0|  16|          16|          16|
    |acc_30_V_fu_213762_p2        |     +    |      0|  0|  16|          16|          16|
    |acc_31_V_fu_213771_p2        |     +    |      0|  0|  16|          16|          16|
    |acc_5_V_fu_212271_p2         |     +    |      0|  0|  16|          16|          16|
    |acc_6_V_fu_212349_p2         |     +    |      0|  0|  16|          16|          16|
    |acc_7_V_fu_213713_p2         |     +    |      0|  0|  16|          16|          16|
    |add_ln1118_1_fu_208436_p2    |     +    |      0|  0|  20|          20|          20|
    |add_ln1118_2_fu_208948_p2    |     +    |      0|  0|  20|          20|          20|
    |add_ln1118_3_fu_209226_p2    |     +    |      0|  0|  25|          25|          25|
    |add_ln1118_4_fu_210674_p2    |     +    |      0|  0|  21|          21|          21|
    |add_ln1118_5_fu_211047_p2    |     +    |      0|  0|  23|          23|          23|
    |add_ln1118_6_fu_211851_p2    |     +    |      0|  0|  26|          26|          26|
    |add_ln1118_fu_207965_p2      |     +    |      0|  0|  26|          26|          26|
    |add_ln703_101_fu_212775_p2   |     +    |      0|  0|  16|          16|          16|
    |add_ln703_102_fu_212781_p2   |     +    |      0|  0|  15|          15|          15|
    |add_ln703_103_fu_212791_p2   |     +    |      0|  0|  16|          16|          16|
    |add_ln703_104_fu_212797_p2   |     +    |      0|  0|  16|          16|          16|
    |add_ln703_105_fu_212803_p2   |     +    |      0|  0|  16|          16|          16|
    |add_ln703_106_fu_212809_p2   |     +    |      0|  0|  14|          14|           8|
    |add_ln703_107_fu_212819_p2   |     +    |      0|  0|  16|          16|          16|
    |add_ln703_108_fu_212825_p2   |     +    |      0|  0|  16|          16|          16|
    |add_ln703_10_fu_212209_p2    |     +    |      0|  0|  16|          16|          16|
    |add_ln703_110_fu_212837_p2   |     +    |      0|  0|  14|          14|          14|
    |add_ln703_111_fu_212847_p2   |     +    |      0|  0|  16|          16|          16|
    |add_ln703_112_fu_212853_p2   |     +    |      0|  0|  16|          16|          16|
    |add_ln703_113_fu_212859_p2   |     +    |      0|  0|  14|          14|          14|
    |add_ln703_114_fu_212869_p2   |     +    |      0|  0|  16|          16|          16|
    |add_ln703_115_fu_212875_p2   |     +    |      0|  0|  16|          16|          16|
    |add_ln703_116_fu_212881_p2   |     +    |      0|  0|  16|          16|          16|
    |add_ln703_117_fu_212887_p2   |     +    |      0|  0|  16|          16|          16|
    |add_ln703_118_fu_212893_p2   |     +    |      0|  0|  16|          16|          16|
    |add_ln703_119_fu_212899_p2   |     +    |      0|  0|  16|          16|          16|
    |add_ln703_11_fu_212215_p2    |     +    |      0|  0|  15|          15|          15|
    |add_ln703_120_fu_212905_p2   |     +    |      0|  0|  16|          16|          16|
    |add_ln703_121_fu_212911_p2   |     +    |      0|  0|   8|           8|           6|
    |add_ln703_122_fu_212921_p2   |     +    |      0|  0|  16|          16|          16|
    |add_ln703_123_fu_213727_p2   |     +    |      0|  0|  16|          16|          16|
    |add_ln703_125_fu_212927_p2   |     +    |      0|  0|  16|          16|          16|
    |add_ln703_126_fu_212933_p2   |     +    |      0|  0|  16|          16|          16|
    |add_ln703_127_fu_212939_p2   |     +    |      0|  0|  16|          16|          16|
    |add_ln703_128_fu_212945_p2   |     +    |      0|  0|  16|          16|          16|
    |add_ln703_129_fu_212951_p2   |     +    |      0|  0|  16|          16|          16|
    |add_ln703_12_fu_212225_p2    |     +    |      0|  0|  16|          16|          16|
    |add_ln703_130_fu_212957_p2   |     +    |      0|  0|  16|          16|          16|
    |add_ln703_131_fu_212963_p2   |     +    |      0|  0|  16|          16|          16|
    |add_ln703_132_fu_212969_p2   |     +    |      0|  0|  16|          16|          16|
    |add_ln703_133_fu_212975_p2   |     +    |      0|  0|  16|          16|          16|
    |add_ln703_134_fu_212981_p2   |     +    |      0|  0|  16|          16|          16|
    |add_ln703_135_fu_212987_p2   |     +    |      0|  0|  16|          16|           9|
    |add_ln703_136_fu_212993_p2   |     +    |      0|  0|  16|          16|          16|
    |add_ln703_137_fu_212999_p2   |     +    |      0|  0|  16|          16|          16|
    |add_ln703_139_fu_213011_p2   |     +    |      0|  0|  16|          16|          16|
    |add_ln703_13_fu_212231_p2    |     +    |      0|  0|  16|          16|          16|
    |add_ln703_140_fu_213017_p2   |     +    |      0|  0|  16|          16|          16|
    |add_ln703_141_fu_213023_p2   |     +    |      0|  0|  16|          16|          16|
    |add_ln703_142_fu_213029_p2   |     +    |      0|  0|  16|          16|          16|
    |add_ln703_143_fu_213035_p2   |     +    |      0|  0|  16|          16|          16|
    |add_ln703_144_fu_213041_p2   |     +    |      0|  0|  16|          16|          16|
    |add_ln703_145_fu_213047_p2   |     +    |      0|  0|  16|          16|          16|
    |add_ln703_146_fu_213053_p2   |     +    |      0|  0|  16|          16|          16|
    |add_ln703_147_fu_213059_p2   |     +    |      0|  0|  16|          16|           7|
    |add_ln703_148_fu_213065_p2   |     +    |      0|  0|  16|          16|          16|
    |add_ln703_149_fu_213071_p2   |     +    |      0|  0|  16|          16|          16|
    |add_ln703_14_fu_212237_p2    |     +    |      0|  0|  16|          16|          16|
    |add_ln703_151_fu_213083_p2   |     +    |      0|  0|  16|          16|          16|
    |add_ln703_152_fu_213089_p2   |     +    |      0|  0|  16|          16|          16|
    |add_ln703_153_fu_213095_p2   |     +    |      0|  0|  16|          16|          16|
    |add_ln703_154_fu_213101_p2   |     +    |      0|  0|  16|          16|          16|
    |add_ln703_155_fu_213107_p2   |     +    |      0|  0|  16|          16|          16|
    |add_ln703_156_fu_213113_p2   |     +    |      0|  0|  16|          16|          16|
    |add_ln703_157_fu_213119_p2   |     +    |      0|  0|  16|          16|          16|
    |add_ln703_158_fu_213125_p2   |     +    |      0|  0|  16|          16|          16|
    |add_ln703_159_fu_213131_p2   |     +    |      0|  0|  14|          14|          10|
    |add_ln703_15_fu_212243_p2    |     +    |      0|  0|  16|          16|          16|
    |add_ln703_160_fu_213141_p2   |     +    |      0|  0|  16|          16|          16|
    |add_ln703_161_fu_213147_p2   |     +    |      0|  0|  16|          16|          16|
    |add_ln703_163_fu_213159_p2   |     +    |      0|  0|  15|          15|          15|
    |add_ln703_164_fu_213169_p2   |     +    |      0|  0|  16|          16|          16|
    |add_ln703_165_fu_213175_p2   |     +    |      0|  0|  16|          16|          16|
    |add_ln703_166_fu_213181_p2   |     +    |      0|  0|  16|          16|          16|
    |add_ln703_167_fu_213187_p2   |     +    |      0|  0|  16|          16|          16|
    |add_ln703_168_fu_213193_p2   |     +    |      0|  0|  16|          16|          16|
    |add_ln703_169_fu_213199_p2   |     +    |      0|  0|  16|          16|          16|
    |add_ln703_16_fu_212249_p2    |     +    |      0|  0|  14|          14|           8|
    |add_ln703_170_fu_213205_p2   |     +    |      0|  0|  16|          16|          16|
    |add_ln703_171_fu_213211_p2   |     +    |      0|  0|  15|          15|          15|
    |add_ln703_172_fu_213221_p2   |     +    |      0|  0|  16|          16|          16|
    |add_ln703_173_fu_213227_p2   |     +    |      0|  0|  14|          14|          14|
    |add_ln703_174_fu_213237_p2   |     +    |      0|  0|  16|          16|           6|
    |add_ln703_175_fu_213243_p2   |     +    |      0|  0|  16|          16|          16|
    |add_ln703_176_fu_213736_p2   |     +    |      0|  0|  16|          16|          16|
    |add_ln703_178_fu_213249_p2   |     +    |      0|  0|  16|          16|          16|
    |add_ln703_179_fu_213255_p2   |     +    |      0|  0|  15|          15|          15|
    |add_ln703_17_fu_212259_p2    |     +    |      0|  0|  16|          16|          16|
    |add_ln703_180_fu_213265_p2   |     +    |      0|  0|  16|          16|          16|
    |add_ln703_181_fu_213271_p2   |     +    |      0|  0|  16|          16|          16|
    |add_ln703_182_fu_213277_p2   |     +    |      0|  0|  16|          16|           9|
    |add_ln703_183_fu_213283_p2   |     +    |      0|  0|  16|          16|          16|
    |add_ln703_184_fu_213289_p2   |     +    |      0|  0|  16|          16|          16|
    |add_ln703_186_fu_213301_p2   |     +    |      0|  0|  15|          15|          15|
    |add_ln703_187_fu_213311_p2   |     +    |      0|  0|  16|          16|          16|
    |add_ln703_188_fu_213317_p2   |     +    |      0|  0|  14|          14|          14|
    |add_ln703_189_fu_213327_p2   |     +    |      0|  0|  16|          16|          16|
    |add_ln703_18_fu_212265_p2    |     +    |      0|  0|  16|          16|          16|
    |add_ln703_190_fu_213333_p2   |     +    |      0|  0|  16|          16|          16|
    |add_ln703_191_fu_213339_p2   |     +    |      0|  0|  16|          16|          16|
    |add_ln703_192_fu_213345_p2   |     +    |      0|  0|  16|          16|          16|
    |add_ln703_193_fu_213351_p2   |     +    |      0|  0|   9|           9|           8|
    |add_ln703_194_fu_213361_p2   |     +    |      0|  0|  15|          15|          15|
    |add_ln703_195_fu_213748_p2   |     +    |      0|  0|  16|          16|          16|
    |add_ln703_197_fu_213367_p2   |     +    |      0|  0|  16|          16|          16|
    |add_ln703_198_fu_213373_p2   |     +    |      0|  0|  16|          16|          16|
    |add_ln703_199_fu_213379_p2   |     +    |      0|  0|  16|          16|          16|
    |add_ln703_1_fu_212151_p2     |     +    |      0|  0|  16|          16|          16|
    |add_ln703_200_fu_213385_p2   |     +    |      0|  0|  16|          16|          16|
    |add_ln703_201_fu_213391_p2   |     +    |      0|  0|  16|          16|          16|
    |add_ln703_202_fu_213397_p2   |     +    |      0|  0|  16|          16|          16|
    |add_ln703_203_fu_213403_p2   |     +    |      0|  0|  16|          16|          16|
    |add_ln703_204_fu_213409_p2   |     +    |      0|  0|  14|          14|           9|
    |add_ln703_205_fu_213419_p2   |     +    |      0|  0|  15|          15|          15|
    |add_ln703_206_fu_213429_p2   |     +    |      0|  0|  16|          16|          16|
    |add_ln703_208_fu_213441_p2   |     +    |      0|  0|  16|          16|          16|
    |add_ln703_209_fu_213447_p2   |     +    |      0|  0|  16|          16|          16|
    |add_ln703_20_fu_212277_p2    |     +    |      0|  0|  16|          16|          16|
    |add_ln703_210_fu_213453_p2   |     +    |      0|  0|  16|          16|          16|
    |add_ln703_211_fu_213459_p2   |     +    |      0|  0|  16|          16|           8|
    |add_ln703_212_fu_213465_p2   |     +    |      0|  0|  16|          16|          16|
    |add_ln703_214_fu_213477_p2   |     +    |      0|  0|  16|          16|          16|
    |add_ln703_215_fu_213483_p2   |     +    |      0|  0|  16|          16|          16|
    |add_ln703_216_fu_213489_p2   |     +    |      0|  0|  16|          16|          16|
    |add_ln703_217_fu_213495_p2   |     +    |      0|  0|  16|          16|          16|
    |add_ln703_218_fu_213501_p2   |     +    |      0|  0|  16|          16|          16|
    |add_ln703_219_fu_213507_p2   |     +    |      0|  0|  16|          16|          16|
    |add_ln703_21_fu_212283_p2    |     +    |      0|  0|  16|          16|          16|
    |add_ln703_220_fu_213513_p2   |     +    |      0|  0|  16|          16|          16|
    |add_ln703_221_fu_213519_p2   |     +    |      0|  0|  16|          16|          16|
    |add_ln703_222_fu_213525_p2   |     +    |      0|  0|  16|          16|           9|
    |add_ln703_223_fu_213531_p2   |     +    |      0|  0|  16|          16|          16|
    |add_ln703_224_fu_213537_p2   |     +    |      0|  0|  16|          16|          16|
    |add_ln703_226_fu_213549_p2   |     +    |      0|  0|  16|          16|          16|
    |add_ln703_227_fu_213555_p2   |     +    |      0|  0|  16|          16|          16|
    |add_ln703_228_fu_213561_p2   |     +    |      0|  0|  16|          16|          16|
    |add_ln703_229_fu_213567_p2   |     +    |      0|  0|  16|          16|          16|
    |add_ln703_22_fu_212289_p2    |     +    |      0|  0|  16|          16|          16|
    |add_ln703_230_fu_213573_p2   |     +    |      0|  0|  16|          16|          16|
    |add_ln703_231_fu_213579_p2   |     +    |      0|  0|  16|          16|          16|
    |add_ln703_232_fu_213585_p2   |     +    |      0|  0|  16|          16|          16|
    |add_ln703_233_fu_213591_p2   |     +    |      0|  0|  16|          16|          16|
    |add_ln703_234_fu_213597_p2   |     +    |      0|  0|  16|          16|          16|
    |add_ln703_235_fu_213603_p2   |     +    |      0|  0|  16|          16|          16|
    |add_ln703_236_fu_213609_p2   |     +    |      0|  0|  16|          16|          16|
    |add_ln703_237_fu_213615_p2   |     +    |      0|  0|  16|          16|           8|
    |add_ln703_238_fu_213621_p2   |     +    |      0|  0|  16|          16|          16|
    |add_ln703_239_fu_213758_p2   |     +    |      0|  0|  16|          16|          16|
    |add_ln703_23_fu_212295_p2    |     +    |      0|  0|  16|          16|          16|
    |add_ln703_241_fu_213627_p2   |     +    |      0|  0|  16|          16|          16|
    |add_ln703_242_fu_213633_p2   |     +    |      0|  0|  16|          16|          16|
    |add_ln703_243_fu_213639_p2   |     +    |      0|  0|  16|          16|          16|
    |add_ln703_244_fu_213645_p2   |     +    |      0|  0|  16|          16|          16|
    |add_ln703_245_fu_213651_p2   |     +    |      0|  0|  16|          16|          16|
    |add_ln703_246_fu_213657_p2   |     +    |      0|  0|  16|          16|          16|
    |add_ln703_247_fu_213663_p2   |     +    |      0|  0|  16|          16|          16|
    |add_ln703_248_fu_213669_p2   |     +    |      0|  0|  16|          16|          16|
    |add_ln703_249_fu_213675_p2   |     +    |      0|  0|  16|          16|          16|
    |add_ln703_24_fu_212301_p2    |     +    |      0|  0|  16|          16|          16|
    |add_ln703_250_fu_213681_p2   |     +    |      0|  0|  16|          16|          16|
    |add_ln703_251_fu_213687_p2   |     +    |      0|  0|  16|          16|          16|
    |add_ln703_252_fu_213693_p2   |     +    |      0|  0|  10|          10|           5|
    |add_ln703_253_fu_213703_p2   |     +    |      0|  0|  16|          16|          16|
    |add_ln703_254_fu_213767_p2   |     +    |      0|  0|  16|          16|          16|
    |add_ln703_25_fu_212307_p2    |     +    |      0|  0|  16|          16|          16|
    |add_ln703_26_fu_212313_p2    |     +    |      0|  0|  16|          16|          16|
    |add_ln703_27_fu_212319_p2    |     +    |      0|  0|  16|          16|          16|
    |add_ln703_28_fu_212325_p2    |     +    |      0|  0|  16|          16|          16|
    |add_ln703_29_fu_212331_p2    |     +    |      0|  0|  16|          16|           9|
    |add_ln703_2_fu_212157_p2     |     +    |      0|  0|  16|          16|          16|
    |add_ln703_30_fu_212337_p2    |     +    |      0|  0|  16|          16|          16|
    |add_ln703_31_fu_212343_p2    |     +    |      0|  0|  16|          16|          16|
    |add_ln703_33_fu_212355_p2    |     +    |      0|  0|  14|          14|          14|
    |add_ln703_34_fu_212365_p2    |     +    |      0|  0|  16|          16|          16|
    |add_ln703_35_fu_212371_p2    |     +    |      0|  0|  16|          16|          16|
    |add_ln703_36_fu_212377_p2    |     +    |      0|  0|  16|          16|          16|
    |add_ln703_37_fu_212383_p2    |     +    |      0|  0|  16|          16|          16|
    |add_ln703_38_fu_212389_p2    |     +    |      0|  0|  16|          16|          16|
    |add_ln703_39_fu_212395_p2    |     +    |      0|  0|  16|          16|          16|
    |add_ln703_3_fu_212163_p2     |     +    |      0|  0|  16|          16|          16|
    |add_ln703_40_fu_212401_p2    |     +    |      0|  0|  16|          16|          16|
    |add_ln703_41_fu_212407_p2    |     +    |      0|  0|  16|          16|          16|
    |add_ln703_42_fu_212413_p2    |     +    |      0|  0|  16|          16|          16|
    |add_ln703_43_fu_212419_p2    |     +    |      0|  0|  16|          16|          16|
    |add_ln703_44_fu_212425_p2    |     +    |      0|  0|  16|          16|          16|
    |add_ln703_45_fu_212431_p2    |     +    |      0|  0|  16|          16|          16|
    |add_ln703_46_fu_212437_p2    |     +    |      0|  0|  16|          16|          16|
    |add_ln703_47_fu_212443_p2    |     +    |      0|  0|  16|          16|          16|
    |add_ln703_48_fu_212449_p2    |     +    |      0|  0|   9|           9|           9|
    |add_ln703_49_fu_212459_p2    |     +    |      0|  0|  12|          12|          12|
    |add_ln703_4_fu_212169_p2     |     +    |      0|  0|  15|          15|          15|
    |add_ln703_50_fu_212469_p2    |     +    |      0|  0|  16|          16|          16|
    |add_ln703_51_fu_213709_p2    |     +    |      0|  0|  16|          16|          16|
    |add_ln703_53_fu_212475_p2    |     +    |      0|  0|  16|          16|          16|
    |add_ln703_54_fu_212481_p2    |     +    |      0|  0|  16|          16|          16|
    |add_ln703_55_fu_212487_p2    |     +    |      0|  0|  16|          16|          16|
    |add_ln703_56_fu_212493_p2    |     +    |      0|  0|  16|          16|          16|
    |add_ln703_57_fu_212499_p2    |     +    |      0|  0|  16|          16|          16|
    |add_ln703_58_fu_212505_p2    |     +    |      0|  0|  16|          16|          16|
    |add_ln703_59_fu_212511_p2    |     +    |      0|  0|  16|          16|          16|
    |add_ln703_5_fu_212179_p2     |     +    |      0|  0|  16|          16|           8|
    |add_ln703_60_fu_212517_p2    |     +    |      0|  0|  13|          13|           9|
    |add_ln703_61_fu_212527_p2    |     +    |      0|  0|  14|          14|          14|
    |add_ln703_62_fu_212537_p2    |     +    |      0|  0|  16|          16|          16|
    |add_ln703_64_fu_212549_p2    |     +    |      0|  0|  16|          16|          16|
    |add_ln703_65_fu_212555_p2    |     +    |      0|  0|  16|          16|          16|
    |add_ln703_66_fu_212561_p2    |     +    |      0|  0|  16|          16|          16|
    |add_ln703_67_fu_212567_p2    |     +    |      0|  0|  16|          16|          16|
    |add_ln703_68_fu_212573_p2    |     +    |      0|  0|  16|          16|          16|
    |add_ln703_69_fu_212579_p2    |     +    |      0|  0|  16|          16|          16|
    |add_ln703_6_fu_212185_p2     |     +    |      0|  0|  16|          16|          16|
    |add_ln703_70_fu_212585_p2    |     +    |      0|  0|  16|          16|          16|
    |add_ln703_71_fu_212591_p2    |     +    |      0|  0|  13|          13|          13|
    |add_ln703_72_fu_212601_p2    |     +    |      0|  0|  16|          16|          16|
    |add_ln703_73_fu_212607_p2    |     +    |      0|  0|  16|          16|          16|
    |add_ln703_74_fu_212613_p2    |     +    |      0|  0|  16|          16|          16|
    |add_ln703_75_fu_212619_p2    |     +    |      0|  0|  12|          12|           9|
    |add_ln703_76_fu_212629_p2    |     +    |      0|  0|  16|          16|          16|
    |add_ln703_77_fu_212635_p2    |     +    |      0|  0|  16|          16|          16|
    |add_ln703_78_fu_213718_p2    |     +    |      0|  0|  16|          16|          16|
    |add_ln703_7_fu_212191_p2     |     +    |      0|  0|  16|          16|          16|
    |add_ln703_80_fu_212641_p2    |     +    |      0|  0|  16|          16|          16|
    |add_ln703_81_fu_212647_p2    |     +    |      0|  0|  16|          16|          16|
    |add_ln703_82_fu_212653_p2    |     +    |      0|  0|  15|          15|          15|
    |add_ln703_83_fu_212663_p2    |     +    |      0|  0|  16|          16|          16|
    |add_ln703_84_fu_212669_p2    |     +    |      0|  0|  16|          16|          16|
    |add_ln703_85_fu_212675_p2    |     +    |      0|  0|  16|          16|          16|
    |add_ln703_86_fu_212681_p2    |     +    |      0|  0|  16|          16|          16|
    |add_ln703_87_fu_212687_p2    |     +    |      0|  0|  16|          16|          16|
    |add_ln703_88_fu_212693_p2    |     +    |      0|  0|  16|          16|           7|
    |add_ln703_89_fu_212699_p2    |     +    |      0|  0|  16|          16|          16|
    |add_ln703_90_fu_212705_p2    |     +    |      0|  0|  16|          16|          16|
    |add_ln703_92_fu_212717_p2    |     +    |      0|  0|  16|          16|          16|
    |add_ln703_93_fu_212723_p2    |     +    |      0|  0|  16|          16|          16|
    |add_ln703_94_fu_212729_p2    |     +    |      0|  0|  16|          16|          16|
    |add_ln703_95_fu_212735_p2    |     +    |      0|  0|  16|          16|          16|
    |add_ln703_96_fu_212741_p2    |     +    |      0|  0|  16|          16|          16|
    |add_ln703_97_fu_212747_p2    |     +    |      0|  0|   7|           7|           7|
    |add_ln703_98_fu_212757_p2    |     +    |      0|  0|  16|          16|          16|
    |add_ln703_99_fu_212763_p2    |     +    |      0|  0|  16|          16|          16|
    |add_ln703_9_fu_212203_p2     |     +    |      0|  0|  16|          16|          16|
    |add_ln703_fu_212145_p2       |     +    |      0|  0|  16|          16|          16|
    |sub_ln1118_10_fu_207669_p2   |     -    |      0|  0|  16|          24|          24|
    |sub_ln1118_11_fu_207895_p2   |     -    |      0|  0|  26|          26|          26|
    |sub_ln1118_12_fu_207993_p2   |     -    |      0|  0|  21|          21|          21|
    |sub_ln1118_13_fu_208037_p2   |     -    |      0|  0|  24|          24|          24|
    |sub_ln1118_14_fu_208113_p2   |     -    |      0|  0|  16|           1|          19|
    |sub_ln1118_15_fu_208119_p2   |     -    |      0|  0|  16|          19|          19|
    |sub_ln1118_16_fu_208163_p2   |     -    |      0|  0|  26|          26|          26|
    |sub_ln1118_170_fu_208567_p2  |     -    |      0|  0|  22|          22|          22|
    |sub_ln1118_171_fu_209050_p2  |     -    |      0|  0|  19|          19|          19|
    |sub_ln1118_172_fu_209553_p2  |     -    |      0|  0|  19|          19|          19|
    |sub_ln1118_173_fu_209599_p2  |     -    |      0|  0|  22|          22|          22|
    |sub_ln1118_174_fu_210043_p2  |     -    |      0|  0|  21|          21|          21|
    |sub_ln1118_175_fu_212025_p2  |     -    |      0|  0|  22|          22|          22|
    |sub_ln1118_17_fu_208360_p2   |     -    |      0|  0|  22|          22|          22|
    |sub_ln1118_18_fu_208716_p2   |     -    |      0|  0|  22|           1|          22|
    |sub_ln1118_19_fu_208734_p2   |     -    |      0|  0|  22|          22|          22|
    |sub_ln1118_1_fu_207841_p2    |     -    |      0|  0|  17|           1|          17|
    |sub_ln1118_20_fu_208764_p2   |     -    |      0|  0|  22|          22|          22|
    |sub_ln1118_21_fu_208824_p2   |     -    |      0|  0|  20|           1|          20|
    |sub_ln1118_22_fu_208830_p2   |     -    |      0|  0|  20|          20|          20|
    |sub_ln1118_23_fu_208882_p2   |     -    |      0|  0|  19|           1|          19|
    |sub_ln1118_24_fu_208914_p2   |     -    |      0|  0|  20|          20|          20|
    |sub_ln1118_25_fu_209078_p2   |     -    |      0|  0|  16|           1|          26|
    |sub_ln1118_26_fu_209096_p2   |     -    |      0|  0|  16|          26|          26|
    |sub_ln1118_27_fu_209335_p2   |     -    |      0|  0|  16|           1|          19|
    |sub_ln1118_28_fu_209341_p2   |     -    |      0|  0|  16|          19|          19|
    |sub_ln1118_29_fu_209373_p2   |     -    |      0|  0|  18|           1|          18|
    |sub_ln1118_2_fu_208850_p2    |     -    |      0|  0|  17|           1|          17|
    |sub_ln1118_30_fu_209649_p2   |     -    |      0|  0|  16|           1|          19|
    |sub_ln1118_31_fu_209655_p2   |     -    |      0|  0|  16|          19|          19|
    |sub_ln1118_32_fu_209987_p2   |     -    |      0|  0|  25|          25|          25|
    |sub_ln1118_33_fu_210111_p2   |     -    |      0|  0|  16|           1|          20|
    |sub_ln1118_34_fu_210117_p2   |     -    |      0|  0|  16|          20|          20|
    |sub_ln1118_35_fu_210434_p2   |     -    |      0|  0|  22|          22|          22|
    |sub_ln1118_36_fu_210502_p2   |     -    |      0|  0|  25|          25|          25|
    |sub_ln1118_37_fu_210546_p2   |     -    |      0|  0|  23|          23|          23|
    |sub_ln1118_38_fu_210797_p2   |     -    |      0|  0|  19|          19|          19|
    |sub_ln1118_39_fu_210829_p2   |     -    |      0|  0|  22|           1|          22|
    |sub_ln1118_3_fu_207280_p2    |     -    |      0|  0|  21|          21|          21|
    |sub_ln1118_40_fu_210861_p2   |     -    |      0|  0|  16|           1|          24|
    |sub_ln1118_41_fu_210879_p2   |     -    |      0|  0|  16|          24|          24|
    |sub_ln1118_42_fu_210967_p2   |     -    |      0|  0|  25|          25|          25|
    |sub_ln1118_43_fu_211123_p2   |     -    |      0|  0|  16|           1|          24|
    |sub_ln1118_44_fu_211141_p2   |     -    |      0|  0|  16|          24|          24|
    |sub_ln1118_45_fu_211252_p2   |     -    |      0|  0|  16|           1|          19|
    |sub_ln1118_46_fu_211258_p2   |     -    |      0|  0|  16|          19|          19|
    |sub_ln1118_47_fu_211473_p2   |     -    |      0|  0|  16|           1|          20|
    |sub_ln1118_48_fu_211479_p2   |     -    |      0|  0|  16|          20|          20|
    |sub_ln1118_49_fu_211763_p2   |     -    |      0|  0|  16|           1|          21|
    |sub_ln1118_4_fu_207310_p2    |     -    |      0|  0|  18|           1|          18|
    |sub_ln1118_50_fu_211769_p2   |     -    |      0|  0|  16|          21|          21|
    |sub_ln1118_51_fu_211987_p2   |     -    |      0|  0|  16|           1|          21|
    |sub_ln1118_52_fu_211993_p2   |     -    |      0|  0|  16|          21|          21|
    |sub_ln1118_53_fu_212125_p2   |     -    |      0|  0|  19|          19|          19|
    |sub_ln1118_5_fu_207330_p2    |     -    |      0|  0|  16|           1|          21|
    |sub_ln1118_6_fu_207348_p2    |     -    |      0|  0|  16|          21|          21|
    |sub_ln1118_7_fu_207380_p2    |     -    |      0|  0|  20|           1|          20|
    |sub_ln1118_8_fu_207452_p2    |     -    |      0|  0|  26|          26|          26|
    |sub_ln1118_9_fu_207651_p2    |     -    |      0|  0|  16|           1|          24|
    |sub_ln1118_fu_207605_p2      |     -    |      0|  0|  17|           1|          17|
    +-----------------------------+----------+-------+---+----+------------+------------+
    |Total                        |          |    200|  0|6315|        8209|        7103|
    +-----------------------------+----------+-------+---+----+------------+------------+

    * Multiplexer: 
    +--------------+----+-----------+-----+-----------+
    |     Name     | LUT| Input Size| Bits| Total Bits|
    +--------------+----+-----------+-----+-----------+
    |ap_return_0   |   9|          2|   16|         32|
    |ap_return_1   |   9|          2|   16|         32|
    |ap_return_10  |   9|          2|   16|         32|
    |ap_return_11  |   9|          2|   16|         32|
    |ap_return_12  |   9|          2|   16|         32|
    |ap_return_13  |   9|          2|   16|         32|
    |ap_return_14  |   9|          2|   16|         32|
    |ap_return_15  |   9|          2|   16|         32|
    |ap_return_16  |   9|          2|   16|         32|
    |ap_return_17  |   9|          2|   16|         32|
    |ap_return_18  |   9|          2|   16|         32|
    |ap_return_19  |   9|          2|   16|         32|
    |ap_return_2   |   9|          2|   16|         32|
    |ap_return_20  |   9|          2|   16|         32|
    |ap_return_3   |   9|          2|   16|         32|
    |ap_return_4   |   9|          2|   16|         32|
    |ap_return_5   |   9|          2|   16|         32|
    |ap_return_6   |   9|          2|   16|         32|
    |ap_return_7   |   9|          2|   16|         32|
    |ap_return_8   |   9|          2|   16|         32|
    |ap_return_9   |   9|          2|   16|         32|
    +--------------+----+-----------+-----+-----------+
    |Total         | 189|         42|  336|        672|
    +--------------+----+-----------+-----+-----------+

    * Register: 
    +--------------------------+----+----+-----+-----------+
    |           Name           | FF | LUT| Bits| Const Bits|
    +--------------------------+----+----+-----+-----------+
    |acc_10_V_reg_213918       |  16|   0|   16|          0|
    |acc_13_V_reg_213938       |  16|   0|   16|          0|
    |acc_14_V_reg_213943       |  16|   0|   16|          0|
    |acc_15_V_reg_213948       |  16|   0|   16|          0|
    |acc_17_V_reg_213968       |  16|   0|   16|          0|
    |acc_18_V_reg_213973       |  16|   0|   16|          0|
    |acc_19_V_reg_213978       |  16|   0|   16|          0|
    |acc_1_V_reg_213888        |  16|   0|   16|          0|
    |acc_23_V_reg_213998       |  16|   0|   16|          0|
    |acc_25_V_reg_214018       |  16|   0|   16|          0|
    |acc_26_V_reg_214023       |  16|   0|   16|          0|
    |acc_29_V_reg_214028       |  16|   0|   16|          0|
    |acc_5_V_reg_213893        |  16|   0|   16|          0|
    |acc_6_V_reg_213898        |  16|   0|   16|          0|
    |add_ln703_116_reg_213953  |  16|   0|   16|          0|
    |add_ln703_119_reg_213958  |  16|   0|   16|          0|
    |add_ln703_122_reg_213963  |  16|   0|   16|          0|
    |add_ln703_169_reg_213983  |  16|   0|   16|          0|
    |add_ln703_172_reg_213988  |  16|   0|   16|          0|
    |add_ln703_175_reg_213993  |  16|   0|   16|          0|
    |add_ln703_190_reg_214003  |  16|   0|   16|          0|
    |add_ln703_192_reg_214008  |  16|   0|   16|          0|
    |add_ln703_194_reg_214013  |  15|   0|   15|          0|
    |add_ln703_232_reg_214033  |  16|   0|   16|          0|
    |add_ln703_235_reg_214038  |  16|   0|   16|          0|
    |add_ln703_238_reg_214043  |  16|   0|   16|          0|
    |add_ln703_247_reg_214048  |  16|   0|   16|          0|
    |add_ln703_250_reg_214053  |  16|   0|   16|          0|
    |add_ln703_253_reg_214058  |  16|   0|   16|          0|
    |add_ln703_41_reg_213903   |  16|   0|   16|          0|
    |add_ln703_45_reg_213908   |  16|   0|   16|          0|
    |add_ln703_50_reg_213913   |  16|   0|   16|          0|
    |add_ln703_70_reg_213923   |  16|   0|   16|          0|
    |add_ln703_73_reg_213928   |  16|   0|   16|          0|
    |add_ln703_77_reg_213933   |  16|   0|   16|          0|
    |ap_ce_reg                 |   1|   0|    1|          0|
    |ap_return_0_int_reg       |  16|   0|   16|          0|
    |ap_return_10_int_reg      |  16|   0|   16|          0|
    |ap_return_11_int_reg      |  16|   0|   16|          0|
    |ap_return_12_int_reg      |  16|   0|   16|          0|
    |ap_return_13_int_reg      |  16|   0|   16|          0|
    |ap_return_14_int_reg      |  16|   0|   16|          0|
    |ap_return_15_int_reg      |  16|   0|   16|          0|
    |ap_return_16_int_reg      |  16|   0|   16|          0|
    |ap_return_17_int_reg      |  16|   0|   16|          0|
    |ap_return_18_int_reg      |  16|   0|   16|          0|
    |ap_return_19_int_reg      |  16|   0|   16|          0|
    |ap_return_1_int_reg       |  16|   0|   16|          0|
    |ap_return_20_int_reg      |  16|   0|   16|          0|
    |ap_return_2_int_reg       |  16|   0|   16|          0|
    |ap_return_3_int_reg       |  16|   0|   16|          0|
    |ap_return_4_int_reg       |  16|   0|   16|          0|
    |ap_return_5_int_reg       |  16|   0|   16|          0|
    |ap_return_6_int_reg       |  16|   0|   16|          0|
    |ap_return_7_int_reg       |  16|   0|   16|          0|
    |ap_return_8_int_reg       |  16|   0|   16|          0|
    |ap_return_9_int_reg       |  16|   0|   16|          0|
    +--------------------------+----+----+-----+-----------+
    |Total                     | 896|   0|  896|          0|
    +--------------------------+----+----+-----+-----------+



================================================================
== Interface
================================================================
* Summary: 
+----------------+-----+-----+------------+---------------------------------------------------------------------------------+--------------+
|    RTL Ports   | Dir | Bits|  Protocol  |                                  Source Object                                  |    C Type    |
+----------------+-----+-----+------------+---------------------------------------------------------------------------------+--------------+
|ap_clk          |  in |    1| ap_ctrl_hs | dense_latency.0.0.0.0.0.0.0.0.0.0.0.0.0.0.0.0.0.0.0.0.0.0.0.0.0.0.0.0.0.0.0.0.0 | return value |
|ap_rst          |  in |    1| ap_ctrl_hs | dense_latency.0.0.0.0.0.0.0.0.0.0.0.0.0.0.0.0.0.0.0.0.0.0.0.0.0.0.0.0.0.0.0.0.0 | return value |
|ap_return_0     | out |   16| ap_ctrl_hs | dense_latency.0.0.0.0.0.0.0.0.0.0.0.0.0.0.0.0.0.0.0.0.0.0.0.0.0.0.0.0.0.0.0.0.0 | return value |
|ap_return_1     | out |   16| ap_ctrl_hs | dense_latency.0.0.0.0.0.0.0.0.0.0.0.0.0.0.0.0.0.0.0.0.0.0.0.0.0.0.0.0.0.0.0.0.0 | return value |
|ap_return_2     | out |   16| ap_ctrl_hs | dense_latency.0.0.0.0.0.0.0.0.0.0.0.0.0.0.0.0.0.0.0.0.0.0.0.0.0.0.0.0.0.0.0.0.0 | return value |
|ap_return_3     | out |   16| ap_ctrl_hs | dense_latency.0.0.0.0.0.0.0.0.0.0.0.0.0.0.0.0.0.0.0.0.0.0.0.0.0.0.0.0.0.0.0.0.0 | return value |
|ap_return_4     | out |   16| ap_ctrl_hs | dense_latency.0.0.0.0.0.0.0.0.0.0.0.0.0.0.0.0.0.0.0.0.0.0.0.0.0.0.0.0.0.0.0.0.0 | return value |
|ap_return_5     | out |   16| ap_ctrl_hs | dense_latency.0.0.0.0.0.0.0.0.0.0.0.0.0.0.0.0.0.0.0.0.0.0.0.0.0.0.0.0.0.0.0.0.0 | return value |
|ap_return_6     | out |   16| ap_ctrl_hs | dense_latency.0.0.0.0.0.0.0.0.0.0.0.0.0.0.0.0.0.0.0.0.0.0.0.0.0.0.0.0.0.0.0.0.0 | return value |
|ap_return_7     | out |   16| ap_ctrl_hs | dense_latency.0.0.0.0.0.0.0.0.0.0.0.0.0.0.0.0.0.0.0.0.0.0.0.0.0.0.0.0.0.0.0.0.0 | return value |
|ap_return_8     | out |   16| ap_ctrl_hs | dense_latency.0.0.0.0.0.0.0.0.0.0.0.0.0.0.0.0.0.0.0.0.0.0.0.0.0.0.0.0.0.0.0.0.0 | return value |
|ap_return_9     | out |   16| ap_ctrl_hs | dense_latency.0.0.0.0.0.0.0.0.0.0.0.0.0.0.0.0.0.0.0.0.0.0.0.0.0.0.0.0.0.0.0.0.0 | return value |
|ap_return_10    | out |   16| ap_ctrl_hs | dense_latency.0.0.0.0.0.0.0.0.0.0.0.0.0.0.0.0.0.0.0.0.0.0.0.0.0.0.0.0.0.0.0.0.0 | return value |
|ap_return_11    | out |   16| ap_ctrl_hs | dense_latency.0.0.0.0.0.0.0.0.0.0.0.0.0.0.0.0.0.0.0.0.0.0.0.0.0.0.0.0.0.0.0.0.0 | return value |
|ap_return_12    | out |   16| ap_ctrl_hs | dense_latency.0.0.0.0.0.0.0.0.0.0.0.0.0.0.0.0.0.0.0.0.0.0.0.0.0.0.0.0.0.0.0.0.0 | return value |
|ap_return_13    | out |   16| ap_ctrl_hs | dense_latency.0.0.0.0.0.0.0.0.0.0.0.0.0.0.0.0.0.0.0.0.0.0.0.0.0.0.0.0.0.0.0.0.0 | return value |
|ap_return_14    | out |   16| ap_ctrl_hs | dense_latency.0.0.0.0.0.0.0.0.0.0.0.0.0.0.0.0.0.0.0.0.0.0.0.0.0.0.0.0.0.0.0.0.0 | return value |
|ap_return_15    | out |   16| ap_ctrl_hs | dense_latency.0.0.0.0.0.0.0.0.0.0.0.0.0.0.0.0.0.0.0.0.0.0.0.0.0.0.0.0.0.0.0.0.0 | return value |
|ap_return_16    | out |   16| ap_ctrl_hs | dense_latency.0.0.0.0.0.0.0.0.0.0.0.0.0.0.0.0.0.0.0.0.0.0.0.0.0.0.0.0.0.0.0.0.0 | return value |
|ap_return_17    | out |   16| ap_ctrl_hs | dense_latency.0.0.0.0.0.0.0.0.0.0.0.0.0.0.0.0.0.0.0.0.0.0.0.0.0.0.0.0.0.0.0.0.0 | return value |
|ap_return_18    | out |   16| ap_ctrl_hs | dense_latency.0.0.0.0.0.0.0.0.0.0.0.0.0.0.0.0.0.0.0.0.0.0.0.0.0.0.0.0.0.0.0.0.0 | return value |
|ap_return_19    | out |   16| ap_ctrl_hs | dense_latency.0.0.0.0.0.0.0.0.0.0.0.0.0.0.0.0.0.0.0.0.0.0.0.0.0.0.0.0.0.0.0.0.0 | return value |
|ap_return_20    | out |   16| ap_ctrl_hs | dense_latency.0.0.0.0.0.0.0.0.0.0.0.0.0.0.0.0.0.0.0.0.0.0.0.0.0.0.0.0.0.0.0.0.0 | return value |
|ap_ce           |  in |    1| ap_ctrl_hs | dense_latency.0.0.0.0.0.0.0.0.0.0.0.0.0.0.0.0.0.0.0.0.0.0.0.0.0.0.0.0.0.0.0.0.0 | return value |
|data_0_V_read   |  in |   16|   ap_none  |                                  data_0_V_read                                  |    scalar    |
|data_1_V_read   |  in |   16|   ap_none  |                                  data_1_V_read                                  |    scalar    |
|data_2_V_read   |  in |   16|   ap_none  |                                  data_2_V_read                                  |    scalar    |
|data_3_V_read   |  in |   16|   ap_none  |                                  data_3_V_read                                  |    scalar    |
|data_4_V_read   |  in |   16|   ap_none  |                                  data_4_V_read                                  |    scalar    |
|data_5_V_read   |  in |   16|   ap_none  |                                  data_5_V_read                                  |    scalar    |
|data_6_V_read   |  in |   16|   ap_none  |                                  data_6_V_read                                  |    scalar    |
|data_7_V_read   |  in |   16|   ap_none  |                                  data_7_V_read                                  |    scalar    |
|data_9_V_read   |  in |   16|   ap_none  |                                  data_9_V_read                                  |    scalar    |
|data_10_V_read  |  in |   16|   ap_none  |                                  data_10_V_read                                 |    scalar    |
|data_11_V_read  |  in |   16|   ap_none  |                                  data_11_V_read                                 |    scalar    |
|data_12_V_read  |  in |   16|   ap_none  |                                  data_12_V_read                                 |    scalar    |
|data_13_V_read  |  in |   16|   ap_none  |                                  data_13_V_read                                 |    scalar    |
|data_14_V_read  |  in |   16|   ap_none  |                                  data_14_V_read                                 |    scalar    |
|data_16_V_read  |  in |   16|   ap_none  |                                  data_16_V_read                                 |    scalar    |
|data_17_V_read  |  in |   16|   ap_none  |                                  data_17_V_read                                 |    scalar    |
|data_18_V_read  |  in |   16|   ap_none  |                                  data_18_V_read                                 |    scalar    |
|data_19_V_read  |  in |   16|   ap_none  |                                  data_19_V_read                                 |    scalar    |
|data_20_V_read  |  in |   16|   ap_none  |                                  data_20_V_read                                 |    scalar    |
|data_21_V_read  |  in |   16|   ap_none  |                                  data_21_V_read                                 |    scalar    |
|data_22_V_read  |  in |   16|   ap_none  |                                  data_22_V_read                                 |    scalar    |
|data_23_V_read  |  in |   16|   ap_none  |                                  data_23_V_read                                 |    scalar    |
|data_24_V_read  |  in |   16|   ap_none  |                                  data_24_V_read                                 |    scalar    |
|data_25_V_read  |  in |   16|   ap_none  |                                  data_25_V_read                                 |    scalar    |
|data_26_V_read  |  in |   16|   ap_none  |                                  data_26_V_read                                 |    scalar    |
|data_27_V_read  |  in |   16|   ap_none  |                                  data_27_V_read                                 |    scalar    |
|data_28_V_read  |  in |   16|   ap_none  |                                  data_28_V_read                                 |    scalar    |
|data_29_V_read  |  in |   16|   ap_none  |                                  data_29_V_read                                 |    scalar    |
|data_31_V_read  |  in |   16|   ap_none  |                                  data_31_V_read                                 |    scalar    |
+----------------+-----+-----+------------+---------------------------------------------------------------------------------+--------------+

