

================================================================
== Vivado HLS Report for 'relu_ap_fixed_16_6_5_3_0_ap_fixed_16_6_5_3_0_relu_config4_s'
================================================================
* Date:           Fri Sep 22 02:21:42 2023

* Version:        2019.2 (Build 2704478 on Wed Nov 06 22:10:23 MST 2019)
* Project:        myproject_prj
* Solution:       solution1
* Product family: virtexuplus
* Target device:  xcu250-figd2104-2L-e


================================================================
== Performance Estimates
================================================================
+ Timing: 
    * Summary: 
    +--------+---------+----------+------------+
    |  Clock |  Target | Estimated| Uncertainty|
    +--------+---------+----------+------------+
    |ap_clk  | 5.00 ns | 0.969 ns |   0.62 ns  |
    +--------+---------+----------+------------+

+ Latency: 
    * Summary: 
    +---------+---------+----------+----------+-----+-----+----------+
    |  Latency (cycles) |  Latency (absolute) |  Interval | Pipeline |
    |   min   |   max   |    min   |    max   | min | max |   Type   |
    +---------+---------+----------+----------+-----+-----+----------+
    |        0|        0|   0 ns   |   0 ns   |    1|    1| function |
    +---------+---------+----------+----------+-----+-----+----------+

    + Detail: 
        * Instance: 
        N/A

        * Loop: 
        N/A



================================================================
== Utilization Estimates
================================================================
* Summary: 
+---------------------+---------+-------+---------+---------+------+
|         Name        | BRAM_18K| DSP48E|    FF   |   LUT   | URAM |
+---------------------+---------+-------+---------+---------+------+
|DSP                  |        -|      -|        -|        -|     -|
|Expression           |        -|      -|        0|     1624|     -|
|FIFO                 |        -|      -|        -|        -|     -|
|Instance             |        -|      -|        -|        -|     -|
|Memory               |        -|      -|        -|        -|     -|
|Multiplexer          |        -|      -|        -|        -|     -|
|Register             |        -|      -|        -|        -|     -|
+---------------------+---------+-------+---------+---------+------+
|Total                |        0|      0|        0|     1624|     0|
+---------------------+---------+-------+---------+---------+------+
|Available SLR        |     1344|   3072|   864000|   432000|   320|
+---------------------+---------+-------+---------+---------+------+
|Utilization SLR (%)  |        0|      0|        0|    ~0   |     0|
+---------------------+---------+-------+---------+---------+------+
|Available            |     5376|  12288|  3456000|  1728000|  1280|
+---------------------+---------+-------+---------+---------+------+
|Utilization (%)      |        0|      0|        0|    ~0   |     0|
+---------------------+---------+-------+---------+---------+------+

+ Detail: 
    * Instance: 
    N/A

    * DSP48E: 
    N/A

    * Memory: 
    N/A

    * FIFO: 
    N/A

    * Expression: 
    +---------------------------+----------+-------+---+----+------------+------------+
    |       Variable Name       | Operation| DSP48E| FF| LUT| Bitwidth P0| Bitwidth P1|
    +---------------------------+----------+-------+---+----+------------+------------+
    |icmp_ln1494_10_fu_658_p2   |   icmp   |      0|  0|  13|          16|           1|
    |icmp_ln1494_11_fu_680_p2   |   icmp   |      0|  0|  13|          16|           1|
    |icmp_ln1494_12_fu_702_p2   |   icmp   |      0|  0|  13|          16|           1|
    |icmp_ln1494_13_fu_724_p2   |   icmp   |      0|  0|  13|          16|           1|
    |icmp_ln1494_14_fu_746_p2   |   icmp   |      0|  0|  13|          16|           1|
    |icmp_ln1494_15_fu_768_p2   |   icmp   |      0|  0|  13|          16|           1|
    |icmp_ln1494_16_fu_790_p2   |   icmp   |      0|  0|  13|          16|           1|
    |icmp_ln1494_18_fu_812_p2   |   icmp   |      0|  0|  13|          16|           1|
    |icmp_ln1494_19_fu_834_p2   |   icmp   |      0|  0|  13|          16|           1|
    |icmp_ln1494_1_fu_482_p2    |   icmp   |      0|  0|  13|          16|           1|
    |icmp_ln1494_20_fu_856_p2   |   icmp   |      0|  0|  13|          16|           1|
    |icmp_ln1494_21_fu_878_p2   |   icmp   |      0|  0|  13|          16|           1|
    |icmp_ln1494_22_fu_900_p2   |   icmp   |      0|  0|  13|          16|           1|
    |icmp_ln1494_23_fu_922_p2   |   icmp   |      0|  0|  13|          16|           1|
    |icmp_ln1494_24_fu_944_p2   |   icmp   |      0|  0|  13|          16|           1|
    |icmp_ln1494_25_fu_966_p2   |   icmp   |      0|  0|  13|          16|           1|
    |icmp_ln1494_26_fu_988_p2   |   icmp   |      0|  0|  13|          16|           1|
    |icmp_ln1494_27_fu_1010_p2  |   icmp   |      0|  0|  13|          16|           1|
    |icmp_ln1494_28_fu_1032_p2  |   icmp   |      0|  0|  13|          16|           1|
    |icmp_ln1494_29_fu_1076_p2  |   icmp   |      0|  0|  13|          16|           1|
    |icmp_ln1494_2_fu_504_p2    |   icmp   |      0|  0|  13|          16|           1|
    |icmp_ln1494_30_fu_1098_p2  |   icmp   |      0|  0|  13|          16|           1|
    |icmp_ln1494_31_fu_1120_p2  |   icmp   |      0|  0|  13|          16|           1|
    |icmp_ln1494_32_fu_1142_p2  |   icmp   |      0|  0|  13|          16|           1|
    |icmp_ln1494_33_fu_1164_p2  |   icmp   |      0|  0|  13|          16|           1|
    |icmp_ln1494_34_fu_1186_p2  |   icmp   |      0|  0|  13|          16|           1|
    |icmp_ln1494_35_fu_1208_p2  |   icmp   |      0|  0|  13|          16|           1|
    |icmp_ln1494_36_fu_1230_p2  |   icmp   |      0|  0|  13|          16|           1|
    |icmp_ln1494_37_fu_1252_p2  |   icmp   |      0|  0|  13|          16|           1|
    |icmp_ln1494_38_fu_1274_p2  |   icmp   |      0|  0|  13|          16|           1|
    |icmp_ln1494_39_fu_1296_p2  |   icmp   |      0|  0|  13|          16|           1|
    |icmp_ln1494_40_fu_1318_p2  |   icmp   |      0|  0|  13|          16|           1|
    |icmp_ln1494_41_fu_1340_p2  |   icmp   |      0|  0|  13|          16|           1|
    |icmp_ln1494_42_fu_1362_p2  |   icmp   |      0|  0|  13|          16|           1|
    |icmp_ln1494_43_fu_1384_p2  |   icmp   |      0|  0|  13|          16|           1|
    |icmp_ln1494_44_fu_1406_p2  |   icmp   |      0|  0|  13|          16|           1|
    |icmp_ln1494_45_fu_1428_p2  |   icmp   |      0|  0|  13|          16|           1|
    |icmp_ln1494_46_fu_1450_p2  |   icmp   |      0|  0|  13|          16|           1|
    |icmp_ln1494_47_fu_1472_p2  |   icmp   |      0|  0|  13|          16|           1|
    |icmp_ln1494_48_fu_1494_p2  |   icmp   |      0|  0|  13|          16|           1|
    |icmp_ln1494_49_fu_1516_p2  |   icmp   |      0|  0|  13|          16|           1|
    |icmp_ln1494_4_fu_526_p2    |   icmp   |      0|  0|  13|          16|           1|
    |icmp_ln1494_50_fu_1538_p2  |   icmp   |      0|  0|  13|          16|           1|
    |icmp_ln1494_51_fu_1560_p2  |   icmp   |      0|  0|  13|          16|           1|
    |icmp_ln1494_52_fu_1582_p2  |   icmp   |      0|  0|  13|          16|           1|
    |icmp_ln1494_53_fu_1604_p2  |   icmp   |      0|  0|  13|          16|           1|
    |icmp_ln1494_54_fu_1626_p2  |   icmp   |      0|  0|  13|          16|           1|
    |icmp_ln1494_55_fu_1648_p2  |   icmp   |      0|  0|  13|          16|           1|
    |icmp_ln1494_56_fu_1670_p2  |   icmp   |      0|  0|  13|          16|           1|
    |icmp_ln1494_57_fu_1692_p2  |   icmp   |      0|  0|  13|          16|           1|
    |icmp_ln1494_58_fu_1714_p2  |   icmp   |      0|  0|  13|          16|           1|
    |icmp_ln1494_59_fu_1736_p2  |   icmp   |      0|  0|  13|          16|           1|
    |icmp_ln1494_5_fu_548_p2    |   icmp   |      0|  0|  13|          16|           1|
    |icmp_ln1494_6_fu_570_p2    |   icmp   |      0|  0|  13|          16|           1|
    |icmp_ln1494_7_fu_592_p2    |   icmp   |      0|  0|  13|          16|           1|
    |icmp_ln1494_8_fu_614_p2    |   icmp   |      0|  0|  13|          16|           1|
    |icmp_ln1494_9_fu_636_p2    |   icmp   |      0|  0|  13|          16|           1|
    |icmp_ln1494_fu_1054_p2     |   icmp   |      0|  0|  13|          16|           1|
    |select_ln45_29_fu_514_p3   |  select  |      0|  0|  15|           1|          15|
    |select_ln45_30_fu_536_p3   |  select  |      0|  0|  15|           1|          15|
    |select_ln45_31_fu_558_p3   |  select  |      0|  0|  15|           1|          15|
    |select_ln45_32_fu_580_p3   |  select  |      0|  0|  15|           1|          15|
    |select_ln45_33_fu_602_p3   |  select  |      0|  0|  15|           1|          15|
    |select_ln45_34_fu_624_p3   |  select  |      0|  0|  15|           1|          15|
    |select_ln45_35_fu_646_p3   |  select  |      0|  0|  15|           1|          15|
    |select_ln45_36_fu_668_p3   |  select  |      0|  0|  15|           1|          15|
    |select_ln45_37_fu_690_p3   |  select  |      0|  0|  15|           1|          15|
    |select_ln45_38_fu_712_p3   |  select  |      0|  0|  15|           1|          15|
    |select_ln45_39_fu_734_p3   |  select  |      0|  0|  15|           1|          15|
    |select_ln45_40_fu_756_p3   |  select  |      0|  0|  15|           1|          15|
    |select_ln45_41_fu_778_p3   |  select  |      0|  0|  15|           1|          15|
    |select_ln45_42_fu_800_p3   |  select  |      0|  0|  15|           1|          15|
    |select_ln45_43_fu_822_p3   |  select  |      0|  0|  15|           1|          15|
    |select_ln45_44_fu_844_p3   |  select  |      0|  0|  15|           1|          15|
    |select_ln45_45_fu_866_p3   |  select  |      0|  0|  15|           1|          15|
    |select_ln45_46_fu_888_p3   |  select  |      0|  0|  15|           1|          15|
    |select_ln45_47_fu_910_p3   |  select  |      0|  0|  15|           1|          15|
    |select_ln45_48_fu_932_p3   |  select  |      0|  0|  15|           1|          15|
    |select_ln45_49_fu_954_p3   |  select  |      0|  0|  15|           1|          15|
    |select_ln45_50_fu_976_p3   |  select  |      0|  0|  15|           1|          15|
    |select_ln45_51_fu_998_p3   |  select  |      0|  0|  15|           1|          15|
    |select_ln45_52_fu_1020_p3  |  select  |      0|  0|  15|           1|          15|
    |select_ln45_53_fu_1042_p3  |  select  |      0|  0|  15|           1|          15|
    |select_ln45_54_fu_1064_p3  |  select  |      0|  0|  15|           1|          15|
    |select_ln45_55_fu_1086_p3  |  select  |      0|  0|  15|           1|          15|
    |select_ln45_56_fu_1108_p3  |  select  |      0|  0|  15|           1|          15|
    |select_ln45_57_fu_1130_p3  |  select  |      0|  0|  15|           1|          15|
    |select_ln45_58_fu_1152_p3  |  select  |      0|  0|  15|           1|          15|
    |select_ln45_59_fu_1174_p3  |  select  |      0|  0|  15|           1|          15|
    |select_ln45_60_fu_1196_p3  |  select  |      0|  0|  15|           1|          15|
    |select_ln45_61_fu_1218_p3  |  select  |      0|  0|  15|           1|          15|
    |select_ln45_62_fu_1240_p3  |  select  |      0|  0|  15|           1|          15|
    |select_ln45_63_fu_1262_p3  |  select  |      0|  0|  15|           1|          15|
    |select_ln45_64_fu_1284_p3  |  select  |      0|  0|  15|           1|          15|
    |select_ln45_65_fu_1306_p3  |  select  |      0|  0|  15|           1|          15|
    |select_ln45_66_fu_1328_p3  |  select  |      0|  0|  15|           1|          15|
    |select_ln45_67_fu_1350_p3  |  select  |      0|  0|  15|           1|          15|
    |select_ln45_68_fu_1372_p3  |  select  |      0|  0|  15|           1|          15|
    |select_ln45_69_fu_1394_p3  |  select  |      0|  0|  15|           1|          15|
    |select_ln45_70_fu_1416_p3  |  select  |      0|  0|  15|           1|          15|
    |select_ln45_71_fu_1438_p3  |  select  |      0|  0|  15|           1|          15|
    |select_ln45_72_fu_1460_p3  |  select  |      0|  0|  15|           1|          15|
    |select_ln45_73_fu_1482_p3  |  select  |      0|  0|  15|           1|          15|
    |select_ln45_74_fu_1504_p3  |  select  |      0|  0|  15|           1|          15|
    |select_ln45_75_fu_1526_p3  |  select  |      0|  0|  15|           1|          15|
    |select_ln45_76_fu_1548_p3  |  select  |      0|  0|  15|           1|          15|
    |select_ln45_77_fu_1570_p3  |  select  |      0|  0|  15|           1|          15|
    |select_ln45_78_fu_1592_p3  |  select  |      0|  0|  15|           1|          15|
    |select_ln45_79_fu_1614_p3  |  select  |      0|  0|  15|           1|          15|
    |select_ln45_80_fu_1636_p3  |  select  |      0|  0|  15|           1|          15|
    |select_ln45_81_fu_1658_p3  |  select  |      0|  0|  15|           1|          15|
    |select_ln45_82_fu_1680_p3  |  select  |      0|  0|  15|           1|          15|
    |select_ln45_83_fu_1702_p3  |  select  |      0|  0|  15|           1|          15|
    |select_ln45_84_fu_1724_p3  |  select  |      0|  0|  15|           1|          15|
    |select_ln45_85_fu_1746_p3  |  select  |      0|  0|  15|           1|          15|
    |select_ln45_fu_492_p3      |  select  |      0|  0|  15|           1|          15|
    +---------------------------+----------+-------+---+----+------------+------------+
    |Total                      |          |      0|  0|1624|         986|         928|
    +---------------------------+----------+-------+---+----+------------+------------+

    * Multiplexer: 
    N/A

    * Register: 
    N/A



================================================================
== Interface
================================================================
* Summary: 
+----------------+-----+-----+------------+------------------------------------------------------------------------+--------------+
|    RTL Ports   | Dir | Bits|  Protocol  |                              Source Object                             |    C Type    |
+----------------+-----+-----+------------+------------------------------------------------------------------------+--------------+
|ap_ready        | out |    1| ap_ctrl_hs | relu<ap_fixed<16, 6, 5, 3, 0>, ap_fixed<16, 6, 5, 3, 0>, relu_config4> | return value |
|ap_return_0     | out |   16| ap_ctrl_hs | relu<ap_fixed<16, 6, 5, 3, 0>, ap_fixed<16, 6, 5, 3, 0>, relu_config4> | return value |
|ap_return_1     | out |   16| ap_ctrl_hs | relu<ap_fixed<16, 6, 5, 3, 0>, ap_fixed<16, 6, 5, 3, 0>, relu_config4> | return value |
|ap_return_2     | out |   16| ap_ctrl_hs | relu<ap_fixed<16, 6, 5, 3, 0>, ap_fixed<16, 6, 5, 3, 0>, relu_config4> | return value |
|ap_return_3     | out |   16| ap_ctrl_hs | relu<ap_fixed<16, 6, 5, 3, 0>, ap_fixed<16, 6, 5, 3, 0>, relu_config4> | return value |
|ap_return_4     | out |   16| ap_ctrl_hs | relu<ap_fixed<16, 6, 5, 3, 0>, ap_fixed<16, 6, 5, 3, 0>, relu_config4> | return value |
|ap_return_5     | out |   16| ap_ctrl_hs | relu<ap_fixed<16, 6, 5, 3, 0>, ap_fixed<16, 6, 5, 3, 0>, relu_config4> | return value |
|ap_return_6     | out |   16| ap_ctrl_hs | relu<ap_fixed<16, 6, 5, 3, 0>, ap_fixed<16, 6, 5, 3, 0>, relu_config4> | return value |
|ap_return_7     | out |   16| ap_ctrl_hs | relu<ap_fixed<16, 6, 5, 3, 0>, ap_fixed<16, 6, 5, 3, 0>, relu_config4> | return value |
|ap_return_8     | out |   16| ap_ctrl_hs | relu<ap_fixed<16, 6, 5, 3, 0>, ap_fixed<16, 6, 5, 3, 0>, relu_config4> | return value |
|ap_return_9     | out |   16| ap_ctrl_hs | relu<ap_fixed<16, 6, 5, 3, 0>, ap_fixed<16, 6, 5, 3, 0>, relu_config4> | return value |
|ap_return_10    | out |   16| ap_ctrl_hs | relu<ap_fixed<16, 6, 5, 3, 0>, ap_fixed<16, 6, 5, 3, 0>, relu_config4> | return value |
|ap_return_11    | out |   16| ap_ctrl_hs | relu<ap_fixed<16, 6, 5, 3, 0>, ap_fixed<16, 6, 5, 3, 0>, relu_config4> | return value |
|ap_return_12    | out |   16| ap_ctrl_hs | relu<ap_fixed<16, 6, 5, 3, 0>, ap_fixed<16, 6, 5, 3, 0>, relu_config4> | return value |
|ap_return_13    | out |   16| ap_ctrl_hs | relu<ap_fixed<16, 6, 5, 3, 0>, ap_fixed<16, 6, 5, 3, 0>, relu_config4> | return value |
|ap_return_14    | out |   16| ap_ctrl_hs | relu<ap_fixed<16, 6, 5, 3, 0>, ap_fixed<16, 6, 5, 3, 0>, relu_config4> | return value |
|ap_return_15    | out |   16| ap_ctrl_hs | relu<ap_fixed<16, 6, 5, 3, 0>, ap_fixed<16, 6, 5, 3, 0>, relu_config4> | return value |
|ap_return_16    | out |   16| ap_ctrl_hs | relu<ap_fixed<16, 6, 5, 3, 0>, ap_fixed<16, 6, 5, 3, 0>, relu_config4> | return value |
|ap_return_17    | out |   16| ap_ctrl_hs | relu<ap_fixed<16, 6, 5, 3, 0>, ap_fixed<16, 6, 5, 3, 0>, relu_config4> | return value |
|ap_return_18    | out |   16| ap_ctrl_hs | relu<ap_fixed<16, 6, 5, 3, 0>, ap_fixed<16, 6, 5, 3, 0>, relu_config4> | return value |
|ap_return_19    | out |   16| ap_ctrl_hs | relu<ap_fixed<16, 6, 5, 3, 0>, ap_fixed<16, 6, 5, 3, 0>, relu_config4> | return value |
|ap_return_20    | out |   16| ap_ctrl_hs | relu<ap_fixed<16, 6, 5, 3, 0>, ap_fixed<16, 6, 5, 3, 0>, relu_config4> | return value |
|ap_return_21    | out |   16| ap_ctrl_hs | relu<ap_fixed<16, 6, 5, 3, 0>, ap_fixed<16, 6, 5, 3, 0>, relu_config4> | return value |
|ap_return_22    | out |   16| ap_ctrl_hs | relu<ap_fixed<16, 6, 5, 3, 0>, ap_fixed<16, 6, 5, 3, 0>, relu_config4> | return value |
|ap_return_23    | out |   16| ap_ctrl_hs | relu<ap_fixed<16, 6, 5, 3, 0>, ap_fixed<16, 6, 5, 3, 0>, relu_config4> | return value |
|ap_return_24    | out |   16| ap_ctrl_hs | relu<ap_fixed<16, 6, 5, 3, 0>, ap_fixed<16, 6, 5, 3, 0>, relu_config4> | return value |
|ap_return_25    | out |   16| ap_ctrl_hs | relu<ap_fixed<16, 6, 5, 3, 0>, ap_fixed<16, 6, 5, 3, 0>, relu_config4> | return value |
|ap_return_26    | out |   16| ap_ctrl_hs | relu<ap_fixed<16, 6, 5, 3, 0>, ap_fixed<16, 6, 5, 3, 0>, relu_config4> | return value |
|ap_return_27    | out |   16| ap_ctrl_hs | relu<ap_fixed<16, 6, 5, 3, 0>, ap_fixed<16, 6, 5, 3, 0>, relu_config4> | return value |
|ap_return_28    | out |   16| ap_ctrl_hs | relu<ap_fixed<16, 6, 5, 3, 0>, ap_fixed<16, 6, 5, 3, 0>, relu_config4> | return value |
|ap_return_29    | out |   16| ap_ctrl_hs | relu<ap_fixed<16, 6, 5, 3, 0>, ap_fixed<16, 6, 5, 3, 0>, relu_config4> | return value |
|ap_return_30    | out |   16| ap_ctrl_hs | relu<ap_fixed<16, 6, 5, 3, 0>, ap_fixed<16, 6, 5, 3, 0>, relu_config4> | return value |
|ap_return_31    | out |   16| ap_ctrl_hs | relu<ap_fixed<16, 6, 5, 3, 0>, ap_fixed<16, 6, 5, 3, 0>, relu_config4> | return value |
|ap_return_32    | out |   16| ap_ctrl_hs | relu<ap_fixed<16, 6, 5, 3, 0>, ap_fixed<16, 6, 5, 3, 0>, relu_config4> | return value |
|ap_return_33    | out |   16| ap_ctrl_hs | relu<ap_fixed<16, 6, 5, 3, 0>, ap_fixed<16, 6, 5, 3, 0>, relu_config4> | return value |
|ap_return_34    | out |   16| ap_ctrl_hs | relu<ap_fixed<16, 6, 5, 3, 0>, ap_fixed<16, 6, 5, 3, 0>, relu_config4> | return value |
|ap_return_35    | out |   16| ap_ctrl_hs | relu<ap_fixed<16, 6, 5, 3, 0>, ap_fixed<16, 6, 5, 3, 0>, relu_config4> | return value |
|ap_return_36    | out |   16| ap_ctrl_hs | relu<ap_fixed<16, 6, 5, 3, 0>, ap_fixed<16, 6, 5, 3, 0>, relu_config4> | return value |
|ap_return_37    | out |   16| ap_ctrl_hs | relu<ap_fixed<16, 6, 5, 3, 0>, ap_fixed<16, 6, 5, 3, 0>, relu_config4> | return value |
|ap_return_38    | out |   16| ap_ctrl_hs | relu<ap_fixed<16, 6, 5, 3, 0>, ap_fixed<16, 6, 5, 3, 0>, relu_config4> | return value |
|ap_return_39    | out |   16| ap_ctrl_hs | relu<ap_fixed<16, 6, 5, 3, 0>, ap_fixed<16, 6, 5, 3, 0>, relu_config4> | return value |
|ap_return_40    | out |   16| ap_ctrl_hs | relu<ap_fixed<16, 6, 5, 3, 0>, ap_fixed<16, 6, 5, 3, 0>, relu_config4> | return value |
|ap_return_41    | out |   16| ap_ctrl_hs | relu<ap_fixed<16, 6, 5, 3, 0>, ap_fixed<16, 6, 5, 3, 0>, relu_config4> | return value |
|ap_return_42    | out |   16| ap_ctrl_hs | relu<ap_fixed<16, 6, 5, 3, 0>, ap_fixed<16, 6, 5, 3, 0>, relu_config4> | return value |
|ap_return_43    | out |   16| ap_ctrl_hs | relu<ap_fixed<16, 6, 5, 3, 0>, ap_fixed<16, 6, 5, 3, 0>, relu_config4> | return value |
|ap_return_44    | out |   16| ap_ctrl_hs | relu<ap_fixed<16, 6, 5, 3, 0>, ap_fixed<16, 6, 5, 3, 0>, relu_config4> | return value |
|ap_return_45    | out |   16| ap_ctrl_hs | relu<ap_fixed<16, 6, 5, 3, 0>, ap_fixed<16, 6, 5, 3, 0>, relu_config4> | return value |
|ap_return_46    | out |   16| ap_ctrl_hs | relu<ap_fixed<16, 6, 5, 3, 0>, ap_fixed<16, 6, 5, 3, 0>, relu_config4> | return value |
|ap_return_47    | out |   16| ap_ctrl_hs | relu<ap_fixed<16, 6, 5, 3, 0>, ap_fixed<16, 6, 5, 3, 0>, relu_config4> | return value |
|ap_return_48    | out |   16| ap_ctrl_hs | relu<ap_fixed<16, 6, 5, 3, 0>, ap_fixed<16, 6, 5, 3, 0>, relu_config4> | return value |
|ap_return_49    | out |   16| ap_ctrl_hs | relu<ap_fixed<16, 6, 5, 3, 0>, ap_fixed<16, 6, 5, 3, 0>, relu_config4> | return value |
|ap_return_50    | out |   16| ap_ctrl_hs | relu<ap_fixed<16, 6, 5, 3, 0>, ap_fixed<16, 6, 5, 3, 0>, relu_config4> | return value |
|ap_return_51    | out |   16| ap_ctrl_hs | relu<ap_fixed<16, 6, 5, 3, 0>, ap_fixed<16, 6, 5, 3, 0>, relu_config4> | return value |
|ap_return_52    | out |   16| ap_ctrl_hs | relu<ap_fixed<16, 6, 5, 3, 0>, ap_fixed<16, 6, 5, 3, 0>, relu_config4> | return value |
|ap_return_53    | out |   16| ap_ctrl_hs | relu<ap_fixed<16, 6, 5, 3, 0>, ap_fixed<16, 6, 5, 3, 0>, relu_config4> | return value |
|ap_return_54    | out |   16| ap_ctrl_hs | relu<ap_fixed<16, 6, 5, 3, 0>, ap_fixed<16, 6, 5, 3, 0>, relu_config4> | return value |
|ap_return_55    | out |   16| ap_ctrl_hs | relu<ap_fixed<16, 6, 5, 3, 0>, ap_fixed<16, 6, 5, 3, 0>, relu_config4> | return value |
|ap_return_56    | out |   16| ap_ctrl_hs | relu<ap_fixed<16, 6, 5, 3, 0>, ap_fixed<16, 6, 5, 3, 0>, relu_config4> | return value |
|ap_return_57    | out |   16| ap_ctrl_hs | relu<ap_fixed<16, 6, 5, 3, 0>, ap_fixed<16, 6, 5, 3, 0>, relu_config4> | return value |
|data_1_V_read   |  in |   16|   ap_none  |                              data_1_V_read                             |    scalar    |
|data_2_V_read   |  in |   16|   ap_none  |                              data_2_V_read                             |    scalar    |
|data_4_V_read   |  in |   16|   ap_none  |                              data_4_V_read                             |    scalar    |
|data_5_V_read   |  in |   16|   ap_none  |                              data_5_V_read                             |    scalar    |
|data_6_V_read   |  in |   16|   ap_none  |                              data_6_V_read                             |    scalar    |
|data_7_V_read   |  in |   16|   ap_none  |                              data_7_V_read                             |    scalar    |
|data_8_V_read   |  in |   16|   ap_none  |                              data_8_V_read                             |    scalar    |
|data_9_V_read   |  in |   16|   ap_none  |                              data_9_V_read                             |    scalar    |
|data_10_V_read  |  in |   16|   ap_none  |                             data_10_V_read                             |    scalar    |
|data_11_V_read  |  in |   16|   ap_none  |                             data_11_V_read                             |    scalar    |
|data_12_V_read  |  in |   16|   ap_none  |                             data_12_V_read                             |    scalar    |
|data_13_V_read  |  in |   16|   ap_none  |                             data_13_V_read                             |    scalar    |
|data_14_V_read  |  in |   16|   ap_none  |                             data_14_V_read                             |    scalar    |
|data_15_V_read  |  in |   16|   ap_none  |                             data_15_V_read                             |    scalar    |
|data_16_V_read  |  in |   16|   ap_none  |                             data_16_V_read                             |    scalar    |
|data_18_V_read  |  in |   16|   ap_none  |                             data_18_V_read                             |    scalar    |
|data_19_V_read  |  in |   16|   ap_none  |                             data_19_V_read                             |    scalar    |
|data_20_V_read  |  in |   16|   ap_none  |                             data_20_V_read                             |    scalar    |
|data_21_V_read  |  in |   16|   ap_none  |                             data_21_V_read                             |    scalar    |
|data_22_V_read  |  in |   16|   ap_none  |                             data_22_V_read                             |    scalar    |
|data_23_V_read  |  in |   16|   ap_none  |                             data_23_V_read                             |    scalar    |
|data_24_V_read  |  in |   16|   ap_none  |                             data_24_V_read                             |    scalar    |
|data_25_V_read  |  in |   16|   ap_none  |                             data_25_V_read                             |    scalar    |
|data_26_V_read  |  in |   16|   ap_none  |                             data_26_V_read                             |    scalar    |
|data_27_V_read  |  in |   16|   ap_none  |                             data_27_V_read                             |    scalar    |
|data_28_V_read  |  in |   16|   ap_none  |                             data_28_V_read                             |    scalar    |
|data_29_V_read  |  in |   16|   ap_none  |                             data_29_V_read                             |    scalar    |
|data_30_V_read  |  in |   16|   ap_none  |                             data_30_V_read                             |    scalar    |
|data_31_V_read  |  in |   16|   ap_none  |                             data_31_V_read                             |    scalar    |
|data_32_V_read  |  in |   16|   ap_none  |                             data_32_V_read                             |    scalar    |
|data_33_V_read  |  in |   16|   ap_none  |                             data_33_V_read                             |    scalar    |
|data_34_V_read  |  in |   16|   ap_none  |                             data_34_V_read                             |    scalar    |
|data_35_V_read  |  in |   16|   ap_none  |                             data_35_V_read                             |    scalar    |
|data_36_V_read  |  in |   16|   ap_none  |                             data_36_V_read                             |    scalar    |
|data_37_V_read  |  in |   16|   ap_none  |                             data_37_V_read                             |    scalar    |
|data_38_V_read  |  in |   16|   ap_none  |                             data_38_V_read                             |    scalar    |
|data_40_V_read  |  in |   16|   ap_none  |                             data_40_V_read                             |    scalar    |
|data_41_V_read  |  in |   16|   ap_none  |                             data_41_V_read                             |    scalar    |
|data_42_V_read  |  in |   16|   ap_none  |                             data_42_V_read                             |    scalar    |
|data_43_V_read  |  in |   16|   ap_none  |                             data_43_V_read                             |    scalar    |
|data_44_V_read  |  in |   16|   ap_none  |                             data_44_V_read                             |    scalar    |
|data_45_V_read  |  in |   16|   ap_none  |                             data_45_V_read                             |    scalar    |
|data_46_V_read  |  in |   16|   ap_none  |                             data_46_V_read                             |    scalar    |
|data_47_V_read  |  in |   16|   ap_none  |                             data_47_V_read                             |    scalar    |
|data_48_V_read  |  in |   16|   ap_none  |                             data_48_V_read                             |    scalar    |
|data_49_V_read  |  in |   16|   ap_none  |                             data_49_V_read                             |    scalar    |
|data_50_V_read  |  in |   16|   ap_none  |                             data_50_V_read                             |    scalar    |
|data_51_V_read  |  in |   16|   ap_none  |                             data_51_V_read                             |    scalar    |
|data_52_V_read  |  in |   16|   ap_none  |                             data_52_V_read                             |    scalar    |
|data_53_V_read  |  in |   16|   ap_none  |                             data_53_V_read                             |    scalar    |
|data_54_V_read  |  in |   16|   ap_none  |                             data_54_V_read                             |    scalar    |
|data_55_V_read  |  in |   16|   ap_none  |                             data_55_V_read                             |    scalar    |
|data_56_V_read  |  in |   16|   ap_none  |                             data_56_V_read                             |    scalar    |
|data_57_V_read  |  in |   16|   ap_none  |                             data_57_V_read                             |    scalar    |
|data_58_V_read  |  in |   16|   ap_none  |                             data_58_V_read                             |    scalar    |
|data_61_V_read  |  in |   16|   ap_none  |                             data_61_V_read                             |    scalar    |
|data_62_V_read  |  in |   16|   ap_none  |                             data_62_V_read                             |    scalar    |
|data_63_V_read  |  in |   16|   ap_none  |                             data_63_V_read                             |    scalar    |
+----------------+-----+-----+------------+------------------------------------------------------------------------+--------------+

