

================================================================
== Vivado HLS Report for 'dense_latency_ap_ufixed_ap_fixed_16_6_5_3_0_config11_0_0_0_0_0_0'
================================================================
* Date:           Fri Sep 22 02:31:20 2023

* Version:        2019.2 (Build 2704478 on Wed Nov 06 22:10:23 MST 2019)
* Project:        myproject_prj
* Solution:       solution1
* Product family: virtexuplus
* Target device:  xcu250-figd2104-2L-e


================================================================
== Performance Estimates
================================================================
+ Timing: 
    * Summary: 
    +--------+---------+----------+------------+
    |  Clock |  Target | Estimated| Uncertainty|
    +--------+---------+----------+------------+
    |ap_clk  | 5.00 ns | 3.403 ns |   0.62 ns  |
    +--------+---------+----------+------------+

+ Latency: 
    * Summary: 
    +---------+---------+----------+----------+-----+-----+----------+
    |  Latency (cycles) |  Latency (absolute) |  Interval | Pipeline |
    |   min   |   max   |    min   |    max   | min | max |   Type   |
    +---------+---------+----------+----------+-----+-----+----------+
    |        0|        0|   0 ns   |   0 ns   |    1|    1| function |
    +---------+---------+----------+----------+-----+-----+----------+

    + Detail: 
        * Instance: 
        N/A

        * Loop: 
        N/A



================================================================
== Utilization Estimates
================================================================
* Summary: 
+---------------------+---------+-------+---------+---------+------+
|         Name        | BRAM_18K| DSP48E|    FF   |   LUT   | URAM |
+---------------------+---------+-------+---------+---------+------+
|DSP                  |        -|      -|        -|        -|     -|
|Expression           |        -|      0|        0|      960|     -|
|FIFO                 |        -|      -|        -|        -|     -|
|Instance             |        -|      -|        -|        -|     -|
|Memory               |        -|      -|        -|        -|     -|
|Multiplexer          |        -|      -|        -|        -|     -|
|Register             |        -|      -|        -|        -|     -|
+---------------------+---------+-------+---------+---------+------+
|Total                |        0|      0|        0|      960|     0|
+---------------------+---------+-------+---------+---------+------+
|Available SLR        |     1344|   3072|   864000|   432000|   320|
+---------------------+---------+-------+---------+---------+------+
|Utilization SLR (%)  |        0|      0|        0|    ~0   |     0|
+---------------------+---------+-------+---------+---------+------+
|Available            |     5376|  12288|  3456000|  1728000|  1280|
+---------------------+---------+-------+---------+---------+------+
|Utilization (%)      |        0|      0|        0|    ~0   |     0|
+---------------------+---------+-------+---------+---------+------+

+ Detail: 
    * Instance: 
    N/A

    * DSP48E: 
    N/A

    * Memory: 
    N/A

    * FIFO: 
    N/A

    * Expression: 
    +--------------------------+----------+-------+---+----+------------+------------+
    |       Variable Name      | Operation| DSP48E| FF| LUT| Bitwidth P0| Bitwidth P1|
    +--------------------------+----------+-------+---+----+------------+------------+
    |mul_ln708_1_fu_294_p2     |     *    |      0|  0|  23|           6|           5|
    |mul_ln708_fu_266_p2       |     *    |      0|  0|  23|           6|           5|
    |acc_1_V_fu_1891_p2        |     +    |      0|  0|  14|          14|          14|
    |acc_2_V_fu_1941_p2        |     +    |      0|  0|  14|          14|          14|
    |acc_3_V_fu_2051_p2        |     +    |      0|  0|  15|          15|          15|
    |acc_4_V_fu_2181_p2        |     +    |      0|  0|  15|          15|          15|
    |add_ln703_10_fu_1861_p2   |     +    |      0|  0|  12|          12|          12|
    |add_ln703_11_fu_1871_p2   |     +    |      0|  0|  11|          11|          10|
    |add_ln703_12_fu_1881_p2   |     +    |      0|  0|  13|          13|          13|
    |add_ln703_14_fu_1901_p2   |     +    |      0|  0|  12|          12|          12|
    |add_ln703_15_fu_1911_p2   |     +    |      0|  0|  13|          13|          13|
    |add_ln703_16_fu_1921_p2   |     +    |      0|  0|  11|          11|          11|
    |add_ln703_17_fu_1931_p2   |     +    |      0|  0|  12|          12|          11|
    |add_ln703_19_fu_1951_p2   |     +    |      0|  0|  12|          12|          12|
    |add_ln703_20_fu_1961_p2   |     +    |      0|  0|  13|          13|          13|
    |add_ln703_21_fu_1971_p2   |     +    |      0|  0|  12|          12|          12|
    |add_ln703_22_fu_1981_p2   |     +    |      0|  0|  13|          13|          13|
    |add_ln703_23_fu_1991_p2   |     +    |      0|  0|  14|          14|          14|
    |add_ln703_24_fu_2001_p2   |     +    |      0|  0|  11|          11|          11|
    |add_ln703_25_fu_2011_p2   |     +    |      0|  0|  12|          12|          12|
    |add_ln703_26_fu_2021_p2   |     +    |      0|  0|  11|          11|          10|
    |add_ln703_27_fu_2031_p2   |     +    |      0|  0|  12|          12|          12|
    |add_ln703_28_fu_2041_p2   |     +    |      0|  0|  14|          14|          14|
    |add_ln703_30_fu_2061_p2   |     +    |      0|  0|  12|          12|          12|
    |add_ln703_31_fu_2071_p2   |     +    |      0|  0|  13|          13|          13|
    |add_ln703_32_fu_2081_p2   |     +    |      0|  0|  12|          12|          12|
    |add_ln703_33_fu_2091_p2   |     +    |      0|  0|  12|          12|          12|
    |add_ln703_34_fu_2101_p2   |     +    |      0|  0|  13|          13|          13|
    |add_ln703_35_fu_2111_p2   |     +    |      0|  0|  14|          14|          14|
    |add_ln703_36_fu_2121_p2   |     +    |      0|  0|  11|          11|          11|
    |add_ln703_37_fu_2131_p2   |     +    |      0|  0|  12|          12|          12|
    |add_ln703_38_fu_2141_p2   |     +    |      0|  0|  11|          11|          11|
    |add_ln703_39_fu_2151_p2   |     +    |      0|  0|  11|          11|          10|
    |add_ln703_40_fu_2161_p2   |     +    |      0|  0|  13|          13|          13|
    |add_ln703_41_fu_2171_p2   |     +    |      0|  0|  14|          14|          14|
    |add_ln703_4_fu_1801_p2    |     +    |      0|  0|  12|          12|          12|
    |add_ln703_5_fu_1811_p2    |     +    |      0|  0|  13|          13|          13|
    |add_ln703_6_fu_1821_p2    |     +    |      0|  0|  11|          11|          11|
    |add_ln703_7_fu_1831_p2    |     +    |      0|  0|  11|          11|           6|
    |add_ln703_8_fu_1841_p2    |     +    |      0|  0|  12|          12|          12|
    |add_ln703_9_fu_1851_p2    |     +    |      0|  0|  14|          14|          14|
    |add_ln703_fu_1791_p2      |     +    |      0|  0|  12|          12|          12|
    |sub_ln1118_10_fu_1232_p2  |     -    |      0|  0|  12|           1|          12|
    |sub_ln1118_11_fu_1264_p2  |     -    |      0|  0|  12|           1|          12|
    |sub_ln1118_12_fu_1296_p2  |     -    |      0|  0|  12|           1|          12|
    |sub_ln1118_13_fu_1413_p2  |     -    |      0|  0|  12|           1|          12|
    |sub_ln1118_14_fu_1483_p2  |     -    |      0|  0|  12|           1|          12|
    |sub_ln1118_15_fu_1539_p2  |     -    |      0|  0|  12|           1|          12|
    |sub_ln1118_16_fu_1595_p2  |     -    |      0|  0|  12|           1|          12|
    |sub_ln1118_17_fu_1683_p2  |     -    |      0|  0|  12|           1|          12|
    |sub_ln1118_18_fu_1715_p2  |     -    |      0|  0|  12|           1|          12|
    |sub_ln1118_19_fu_1751_p2  |     -    |      0|  0|  12|           1|          12|
    |sub_ln1118_1_fu_777_p2    |     -    |      0|  0|  12|           1|          12|
    |sub_ln1118_2_fu_809_p2    |     -    |      0|  0|  12|           1|          12|
    |sub_ln1118_3_fu_860_p2    |     -    |      0|  0|  12|           1|          12|
    |sub_ln1118_4_fu_916_p2    |     -    |      0|  0|  12|           1|          12|
    |sub_ln1118_5_fu_952_p2    |     -    |      0|  0|  12|           1|          12|
    |sub_ln1118_6_fu_1004_p2   |     -    |      0|  0|  12|           1|          12|
    |sub_ln1118_7_fu_1068_p2   |     -    |      0|  0|  12|           1|          12|
    |sub_ln1118_8_fu_1144_p2   |     -    |      0|  0|  12|           1|          12|
    |sub_ln1118_9_fu_1180_p2   |     -    |      0|  0|  12|           1|          12|
    |sub_ln1118_fu_705_p2      |     -    |      0|  0|  12|           1|          12|
    |sub_ln708_10_fu_1433_p2   |     -    |      0|  0|  11|          11|          11|
    |sub_ln708_11_fu_1503_p2   |     -    |      0|  0|  11|          11|          11|
    |sub_ln708_12_fu_1563_p2   |     -    |      0|  0|  11|          11|          11|
    |sub_ln708_13_fu_1627_p2   |     -    |      0|  0|  11|          11|          11|
    |sub_ln708_14_fu_1659_p2   |     -    |      0|  0|  11|          11|          11|
    |sub_ln708_15_fu_1771_p2   |     -    |      0|  0|  11|          11|          11|
    |sub_ln708_1_fu_681_p2     |     -    |      0|  0|  11|          11|          11|
    |sub_ln708_2_fu_745_p2     |     -    |      0|  0|  11|          11|          11|
    |sub_ln708_3_fu_892_p2     |     -    |      0|  0|  11|          11|          11|
    |sub_ln708_4_fu_972_p2     |     -    |      0|  0|  11|          11|          11|
    |sub_ln708_5_fu_1036_p2    |     -    |      0|  0|  11|          11|          11|
    |sub_ln708_6_fu_1112_p2    |     -    |      0|  0|  11|          11|          11|
    |sub_ln708_7_fu_1200_p2    |     -    |      0|  0|  11|          11|          11|
    |sub_ln708_8_fu_1340_p2    |     -    |      0|  0|  10|          10|          10|
    |sub_ln708_9_fu_1376_p2    |     -    |      0|  0|  11|          11|          11|
    |sub_ln708_fu_649_p2       |     -    |      0|  0|  11|          11|          11|
    +--------------------------+----------+-------+---+----+------------+------------+
    |Total                     |          |      0|  0| 960|         706|         915|
    +--------------------------+----------+-------+---+----+------------+------------+

    * Multiplexer: 
    N/A

    * Register: 
    N/A



================================================================
== Interface
================================================================
* Summary: 
+----------------+-----+-----+------------+--------------------------------------------------------------------+--------------+
|    RTL Ports   | Dir | Bits|  Protocol  |                            Source Object                           |    C Type    |
+----------------+-----+-----+------------+--------------------------------------------------------------------+--------------+
|ap_ready        | out |    1| ap_ctrl_hs | dense_latency<ap_ufixed,ap_fixed<16,6,5,3,0>,config11>.0.0.0.0.0.0 | return value |
|ap_return_0     | out |   16| ap_ctrl_hs | dense_latency<ap_ufixed,ap_fixed<16,6,5,3,0>,config11>.0.0.0.0.0.0 | return value |
|ap_return_1     | out |   16| ap_ctrl_hs | dense_latency<ap_ufixed,ap_fixed<16,6,5,3,0>,config11>.0.0.0.0.0.0 | return value |
|ap_return_2     | out |   16| ap_ctrl_hs | dense_latency<ap_ufixed,ap_fixed<16,6,5,3,0>,config11>.0.0.0.0.0.0 | return value |
|ap_return_3     | out |   16| ap_ctrl_hs | dense_latency<ap_ufixed,ap_fixed<16,6,5,3,0>,config11>.0.0.0.0.0.0 | return value |
|ap_return_4     | out |   16| ap_ctrl_hs | dense_latency<ap_ufixed,ap_fixed<16,6,5,3,0>,config11>.0.0.0.0.0.0 | return value |
|data_0_V_read   |  in |    6|   ap_none  |                            data_0_V_read                           |    scalar    |
|data_1_V_read   |  in |    6|   ap_none  |                            data_1_V_read                           |    scalar    |
|data_2_V_read   |  in |    6|   ap_none  |                            data_2_V_read                           |    scalar    |
|data_3_V_read   |  in |    6|   ap_none  |                            data_3_V_read                           |    scalar    |
|data_4_V_read   |  in |    6|   ap_none  |                            data_4_V_read                           |    scalar    |
|data_5_V_read   |  in |    6|   ap_none  |                            data_5_V_read                           |    scalar    |
|data_6_V_read   |  in |    6|   ap_none  |                            data_6_V_read                           |    scalar    |
|data_8_V_read   |  in |    6|   ap_none  |                            data_8_V_read                           |    scalar    |
|data_9_V_read   |  in |    6|   ap_none  |                            data_9_V_read                           |    scalar    |
|data_10_V_read  |  in |    6|   ap_none  |                           data_10_V_read                           |    scalar    |
|data_11_V_read  |  in |    6|   ap_none  |                           data_11_V_read                           |    scalar    |
|data_12_V_read  |  in |    6|   ap_none  |                           data_12_V_read                           |    scalar    |
|data_13_V_read  |  in |    6|   ap_none  |                           data_13_V_read                           |    scalar    |
|data_17_V_read  |  in |    6|   ap_none  |                           data_17_V_read                           |    scalar    |
|data_18_V_read  |  in |    6|   ap_none  |                           data_18_V_read                           |    scalar    |
|data_19_V_read  |  in |    6|   ap_none  |                           data_19_V_read                           |    scalar    |
|data_20_V_read  |  in |    6|   ap_none  |                           data_20_V_read                           |    scalar    |
|data_21_V_read  |  in |    6|   ap_none  |                           data_21_V_read                           |    scalar    |
|data_22_V_read  |  in |    6|   ap_none  |                           data_22_V_read                           |    scalar    |
|data_24_V_read  |  in |    6|   ap_none  |                           data_24_V_read                           |    scalar    |
|data_25_V_read  |  in |    6|   ap_none  |                           data_25_V_read                           |    scalar    |
|data_26_V_read  |  in |    6|   ap_none  |                           data_26_V_read                           |    scalar    |
|data_28_V_read  |  in |    6|   ap_none  |                           data_28_V_read                           |    scalar    |
|data_29_V_read  |  in |    6|   ap_none  |                           data_29_V_read                           |    scalar    |
|data_31_V_read  |  in |    6|   ap_none  |                           data_31_V_read                           |    scalar    |
+----------------+-----+-----+------------+--------------------------------------------------------------------+--------------+

