

================================================================
== Vivado HLS Report for 'relu_ap_fixed_16_6_5_3_0_ap_ufixed_6_0_4_0_0_relu_config7_s'
================================================================
* Date:           Fri Sep 22 02:31:10 2023

* Version:        2019.2 (Build 2704478 on Wed Nov 06 22:10:23 MST 2019)
* Project:        myproject_prj
* Solution:       solution1
* Product family: virtexuplus
* Target device:  xcu250-figd2104-2L-e


================================================================
== Performance Estimates
================================================================
+ Timing: 
    * Summary: 
    +--------+---------+----------+------------+
    |  Clock |  Target | Estimated| Uncertainty|
    +--------+---------+----------+------------+
    |ap_clk  | 5.00 ns | 1.226 ns |   0.62 ns  |
    +--------+---------+----------+------------+

+ Latency: 
    * Summary: 
    +---------+---------+----------+----------+-----+-----+----------+
    |  Latency (cycles) |  Latency (absolute) |  Interval | Pipeline |
    |   min   |   max   |    min   |    max   | min | max |   Type   |
    +---------+---------+----------+----------+-----+-----+----------+
    |        0|        0|   0 ns   |   0 ns   |    1|    1| function |
    +---------+---------+----------+----------+-----+-----+----------+

    + Detail: 
        * Instance: 
        N/A

        * Loop: 
        N/A



================================================================
== Utilization Estimates
================================================================
* Summary: 
+---------------------+---------+-------+---------+---------+------+
|         Name        | BRAM_18K| DSP48E|    FF   |   LUT   | URAM |
+---------------------+---------+-------+---------+---------+------+
|DSP                  |        -|      -|        -|        -|     -|
|Expression           |        -|      -|        0|     2160|     -|
|FIFO                 |        -|      -|        -|        -|     -|
|Instance             |        -|      -|        -|        -|     -|
|Memory               |        -|      -|        -|        -|     -|
|Multiplexer          |        -|      -|        -|        -|     -|
|Register             |        -|      -|        -|        -|     -|
+---------------------+---------+-------+---------+---------+------+
|Total                |        0|      0|        0|     2160|     0|
+---------------------+---------+-------+---------+---------+------+
|Available SLR        |     1344|   3072|   864000|   432000|   320|
+---------------------+---------+-------+---------+---------+------+
|Utilization SLR (%)  |        0|      0|        0|    ~0   |     0|
+---------------------+---------+-------+---------+---------+------+
|Available            |     5376|  12288|  3456000|  1728000|  1280|
+---------------------+---------+-------+---------+---------+------+
|Utilization (%)      |        0|      0|        0|    ~0   |     0|
+---------------------+---------+-------+---------+---------+------+

+ Detail: 
    * Instance: 
    N/A

    * DSP48E: 
    N/A

    * Memory: 
    N/A

    * FIFO: 
    N/A

    * Expression: 
    +-----------------------------+----------+-------+---+----+------------+------------+
    |        Variable Name        | Operation| DSP48E| FF| LUT| Bitwidth P0| Bitwidth P1|
    +-----------------------------+----------+-------+---+----+------------+------------+
    |add_ln415_10_fu_1728_p2      |     +    |      0|  0|   6|           6|           6|
    |add_ln415_11_fu_1866_p2      |     +    |      0|  0|   6|           6|           6|
    |add_ln415_12_fu_2004_p2      |     +    |      0|  0|   6|           6|           6|
    |add_ln415_13_fu_2142_p2      |     +    |      0|  0|   6|           6|           6|
    |add_ln415_14_fu_2280_p2      |     +    |      0|  0|   6|           6|           6|
    |add_ln415_15_fu_2418_p2      |     +    |      0|  0|   6|           6|           6|
    |add_ln415_16_fu_2556_p2      |     +    |      0|  0|   6|           6|           6|
    |add_ln415_17_fu_2694_p2      |     +    |      0|  0|   6|           6|           6|
    |add_ln415_18_fu_2832_p2      |     +    |      0|  0|   6|           6|           6|
    |add_ln415_19_fu_2970_p2      |     +    |      0|  0|   6|           6|           6|
    |add_ln415_1_fu_486_p2        |     +    |      0|  0|   6|           6|           6|
    |add_ln415_20_fu_3108_p2      |     +    |      0|  0|   6|           6|           6|
    |add_ln415_21_fu_3246_p2      |     +    |      0|  0|   6|           6|           6|
    |add_ln415_22_fu_3384_p2      |     +    |      0|  0|   6|           6|           6|
    |add_ln415_23_fu_3522_p2      |     +    |      0|  0|   6|           6|           6|
    |add_ln415_24_fu_3660_p2      |     +    |      0|  0|   6|           6|           6|
    |add_ln415_25_fu_3798_p2      |     +    |      0|  0|   6|           6|           6|
    |add_ln415_26_fu_3936_p2      |     +    |      0|  0|   6|           6|           6|
    |add_ln415_27_fu_4074_p2      |     +    |      0|  0|   6|           6|           6|
    |add_ln415_28_fu_4212_p2      |     +    |      0|  0|   6|           6|           6|
    |add_ln415_29_fu_4350_p2      |     +    |      0|  0|   6|           6|           6|
    |add_ln415_2_fu_624_p2        |     +    |      0|  0|   6|           6|           6|
    |add_ln415_3_fu_762_p2        |     +    |      0|  0|   6|           6|           6|
    |add_ln415_4_fu_900_p2        |     +    |      0|  0|   6|           6|           6|
    |add_ln415_5_fu_1038_p2       |     +    |      0|  0|   6|           6|           6|
    |add_ln415_6_fu_1176_p2       |     +    |      0|  0|   6|           6|           6|
    |add_ln415_7_fu_1314_p2       |     +    |      0|  0|   6|           6|           6|
    |add_ln415_8_fu_1452_p2       |     +    |      0|  0|   6|           6|           6|
    |add_ln415_9_fu_1590_p2       |     +    |      0|  0|   6|           6|           6|
    |add_ln415_fu_348_p2          |     +    |      0|  0|   6|           6|           6|
    |and_ln415_10_fu_1718_p2      |    and   |      0|  0|   2|           1|           1|
    |and_ln415_11_fu_1856_p2      |    and   |      0|  0|   2|           1|           1|
    |and_ln415_12_fu_1994_p2      |    and   |      0|  0|   2|           1|           1|
    |and_ln415_13_fu_2132_p2      |    and   |      0|  0|   2|           1|           1|
    |and_ln415_14_fu_2270_p2      |    and   |      0|  0|   2|           1|           1|
    |and_ln415_15_fu_2408_p2      |    and   |      0|  0|   2|           1|           1|
    |and_ln415_16_fu_2546_p2      |    and   |      0|  0|   2|           1|           1|
    |and_ln415_17_fu_2684_p2      |    and   |      0|  0|   2|           1|           1|
    |and_ln415_18_fu_2822_p2      |    and   |      0|  0|   2|           1|           1|
    |and_ln415_19_fu_2960_p2      |    and   |      0|  0|   2|           1|           1|
    |and_ln415_1_fu_476_p2        |    and   |      0|  0|   2|           1|           1|
    |and_ln415_20_fu_3098_p2      |    and   |      0|  0|   2|           1|           1|
    |and_ln415_21_fu_3236_p2      |    and   |      0|  0|   2|           1|           1|
    |and_ln415_22_fu_3374_p2      |    and   |      0|  0|   2|           1|           1|
    |and_ln415_23_fu_3512_p2      |    and   |      0|  0|   2|           1|           1|
    |and_ln415_24_fu_3650_p2      |    and   |      0|  0|   2|           1|           1|
    |and_ln415_25_fu_3788_p2      |    and   |      0|  0|   2|           1|           1|
    |and_ln415_26_fu_3926_p2      |    and   |      0|  0|   2|           1|           1|
    |and_ln415_27_fu_4064_p2      |    and   |      0|  0|   2|           1|           1|
    |and_ln415_28_fu_4202_p2      |    and   |      0|  0|   2|           1|           1|
    |and_ln415_29_fu_4340_p2      |    and   |      0|  0|   2|           1|           1|
    |and_ln415_2_fu_614_p2        |    and   |      0|  0|   2|           1|           1|
    |and_ln415_3_fu_752_p2        |    and   |      0|  0|   2|           1|           1|
    |and_ln415_4_fu_890_p2        |    and   |      0|  0|   2|           1|           1|
    |and_ln415_5_fu_1028_p2       |    and   |      0|  0|   2|           1|           1|
    |and_ln415_6_fu_1166_p2       |    and   |      0|  0|   2|           1|           1|
    |and_ln415_7_fu_1304_p2       |    and   |      0|  0|   2|           1|           1|
    |and_ln415_8_fu_1442_p2       |    and   |      0|  0|   2|           1|           1|
    |and_ln415_9_fu_1580_p2       |    and   |      0|  0|   2|           1|           1|
    |and_ln415_fu_338_p2          |    and   |      0|  0|   2|           1|           1|
    |and_ln416_10_fu_1748_p2      |    and   |      0|  0|   2|           1|           1|
    |and_ln416_11_fu_1886_p2      |    and   |      0|  0|   2|           1|           1|
    |and_ln416_12_fu_2024_p2      |    and   |      0|  0|   2|           1|           1|
    |and_ln416_13_fu_2162_p2      |    and   |      0|  0|   2|           1|           1|
    |and_ln416_14_fu_2300_p2      |    and   |      0|  0|   2|           1|           1|
    |and_ln416_15_fu_2438_p2      |    and   |      0|  0|   2|           1|           1|
    |and_ln416_16_fu_2576_p2      |    and   |      0|  0|   2|           1|           1|
    |and_ln416_17_fu_2714_p2      |    and   |      0|  0|   2|           1|           1|
    |and_ln416_18_fu_2852_p2      |    and   |      0|  0|   2|           1|           1|
    |and_ln416_19_fu_2990_p2      |    and   |      0|  0|   2|           1|           1|
    |and_ln416_1_fu_506_p2        |    and   |      0|  0|   2|           1|           1|
    |and_ln416_20_fu_3128_p2      |    and   |      0|  0|   2|           1|           1|
    |and_ln416_21_fu_3266_p2      |    and   |      0|  0|   2|           1|           1|
    |and_ln416_22_fu_3404_p2      |    and   |      0|  0|   2|           1|           1|
    |and_ln416_23_fu_3542_p2      |    and   |      0|  0|   2|           1|           1|
    |and_ln416_24_fu_3680_p2      |    and   |      0|  0|   2|           1|           1|
    |and_ln416_25_fu_3818_p2      |    and   |      0|  0|   2|           1|           1|
    |and_ln416_26_fu_3956_p2      |    and   |      0|  0|   2|           1|           1|
    |and_ln416_27_fu_4094_p2      |    and   |      0|  0|   2|           1|           1|
    |and_ln416_28_fu_4232_p2      |    and   |      0|  0|   2|           1|           1|
    |and_ln416_29_fu_4370_p2      |    and   |      0|  0|   2|           1|           1|
    |and_ln416_2_fu_644_p2        |    and   |      0|  0|   2|           1|           1|
    |and_ln416_3_fu_782_p2        |    and   |      0|  0|   2|           1|           1|
    |and_ln416_4_fu_920_p2        |    and   |      0|  0|   2|           1|           1|
    |and_ln416_5_fu_1058_p2       |    and   |      0|  0|   2|           1|           1|
    |and_ln416_6_fu_1196_p2       |    and   |      0|  0|   2|           1|           1|
    |and_ln416_7_fu_1334_p2       |    and   |      0|  0|   2|           1|           1|
    |and_ln416_8_fu_1472_p2       |    and   |      0|  0|   2|           1|           1|
    |and_ln416_9_fu_1610_p2       |    and   |      0|  0|   2|           1|           1|
    |and_ln416_fu_368_p2          |    and   |      0|  0|   2|           1|           1|
    |icmp_ln1494_10_fu_1662_p2    |   icmp   |      0|  0|  13|          16|           1|
    |icmp_ln1494_11_fu_1800_p2    |   icmp   |      0|  0|  13|          16|           1|
    |icmp_ln1494_12_fu_1938_p2    |   icmp   |      0|  0|  13|          16|           1|
    |icmp_ln1494_13_fu_2076_p2    |   icmp   |      0|  0|  13|          16|           1|
    |icmp_ln1494_14_fu_2214_p2    |   icmp   |      0|  0|  13|          16|           1|
    |icmp_ln1494_15_fu_2352_p2    |   icmp   |      0|  0|  13|          16|           1|
    |icmp_ln1494_16_fu_2490_p2    |   icmp   |      0|  0|  13|          16|           1|
    |icmp_ln1494_17_fu_2628_p2    |   icmp   |      0|  0|  13|          16|           1|
    |icmp_ln1494_18_fu_2766_p2    |   icmp   |      0|  0|  13|          16|           1|
    |icmp_ln1494_19_fu_2904_p2    |   icmp   |      0|  0|  13|          16|           1|
    |icmp_ln1494_1_fu_420_p2      |   icmp   |      0|  0|  13|          16|           1|
    |icmp_ln1494_20_fu_3042_p2    |   icmp   |      0|  0|  13|          16|           1|
    |icmp_ln1494_21_fu_3180_p2    |   icmp   |      0|  0|  13|          16|           1|
    |icmp_ln1494_22_fu_3318_p2    |   icmp   |      0|  0|  13|          16|           1|
    |icmp_ln1494_23_fu_3456_p2    |   icmp   |      0|  0|  13|          16|           1|
    |icmp_ln1494_24_fu_3594_p2    |   icmp   |      0|  0|  13|          16|           1|
    |icmp_ln1494_25_fu_3732_p2    |   icmp   |      0|  0|  13|          16|           1|
    |icmp_ln1494_26_fu_3870_p2    |   icmp   |      0|  0|  13|          16|           1|
    |icmp_ln1494_27_fu_4008_p2    |   icmp   |      0|  0|  13|          16|           1|
    |icmp_ln1494_28_fu_4146_p2    |   icmp   |      0|  0|  13|          16|           1|
    |icmp_ln1494_29_fu_4284_p2    |   icmp   |      0|  0|  13|          16|           1|
    |icmp_ln1494_2_fu_558_p2      |   icmp   |      0|  0|  13|          16|           1|
    |icmp_ln1494_3_fu_696_p2      |   icmp   |      0|  0|  13|          16|           1|
    |icmp_ln1494_4_fu_834_p2      |   icmp   |      0|  0|  13|          16|           1|
    |icmp_ln1494_5_fu_972_p2      |   icmp   |      0|  0|  13|          16|           1|
    |icmp_ln1494_6_fu_1110_p2     |   icmp   |      0|  0|  13|          16|           1|
    |icmp_ln1494_7_fu_1248_p2     |   icmp   |      0|  0|  13|          16|           1|
    |icmp_ln1494_8_fu_1386_p2     |   icmp   |      0|  0|  13|          16|           1|
    |icmp_ln1494_9_fu_1524_p2     |   icmp   |      0|  0|  13|          16|           1|
    |icmp_ln1494_fu_282_p2        |   icmp   |      0|  0|  13|          16|           1|
    |icmp_ln718_10_fu_1690_p2     |   icmp   |      0|  0|   9|           3|           1|
    |icmp_ln718_11_fu_1828_p2     |   icmp   |      0|  0|   9|           3|           1|
    |icmp_ln718_12_fu_1966_p2     |   icmp   |      0|  0|   9|           3|           1|
    |icmp_ln718_13_fu_2104_p2     |   icmp   |      0|  0|   9|           3|           1|
    |icmp_ln718_14_fu_2242_p2     |   icmp   |      0|  0|   9|           3|           1|
    |icmp_ln718_15_fu_2380_p2     |   icmp   |      0|  0|   9|           3|           1|
    |icmp_ln718_16_fu_2518_p2     |   icmp   |      0|  0|   9|           3|           1|
    |icmp_ln718_17_fu_2656_p2     |   icmp   |      0|  0|   9|           3|           1|
    |icmp_ln718_18_fu_2794_p2     |   icmp   |      0|  0|   9|           3|           1|
    |icmp_ln718_19_fu_2932_p2     |   icmp   |      0|  0|   9|           3|           1|
    |icmp_ln718_1_fu_448_p2       |   icmp   |      0|  0|   9|           3|           1|
    |icmp_ln718_20_fu_3070_p2     |   icmp   |      0|  0|   9|           3|           1|
    |icmp_ln718_21_fu_3208_p2     |   icmp   |      0|  0|   9|           3|           1|
    |icmp_ln718_22_fu_3346_p2     |   icmp   |      0|  0|   9|           3|           1|
    |icmp_ln718_23_fu_3484_p2     |   icmp   |      0|  0|   9|           3|           1|
    |icmp_ln718_24_fu_3622_p2     |   icmp   |      0|  0|   9|           3|           1|
    |icmp_ln718_25_fu_3760_p2     |   icmp   |      0|  0|   9|           3|           1|
    |icmp_ln718_26_fu_3898_p2     |   icmp   |      0|  0|   9|           3|           1|
    |icmp_ln718_27_fu_4036_p2     |   icmp   |      0|  0|   9|           3|           1|
    |icmp_ln718_28_fu_4174_p2     |   icmp   |      0|  0|   9|           3|           1|
    |icmp_ln718_29_fu_4312_p2     |   icmp   |      0|  0|   9|           3|           1|
    |icmp_ln718_2_fu_586_p2       |   icmp   |      0|  0|   9|           3|           1|
    |icmp_ln718_3_fu_724_p2       |   icmp   |      0|  0|   9|           3|           1|
    |icmp_ln718_4_fu_862_p2       |   icmp   |      0|  0|   9|           3|           1|
    |icmp_ln718_5_fu_1000_p2      |   icmp   |      0|  0|   9|           3|           1|
    |icmp_ln718_6_fu_1138_p2      |   icmp   |      0|  0|   9|           3|           1|
    |icmp_ln718_7_fu_1276_p2      |   icmp   |      0|  0|   9|           3|           1|
    |icmp_ln718_8_fu_1414_p2      |   icmp   |      0|  0|   9|           3|           1|
    |icmp_ln718_9_fu_1552_p2      |   icmp   |      0|  0|   9|           3|           1|
    |icmp_ln718_fu_310_p2         |   icmp   |      0|  0|   9|           3|           1|
    |icmp_ln768_10_fu_1770_p2     |   icmp   |      0|  0|  11|           6|           1|
    |icmp_ln768_11_fu_1908_p2     |   icmp   |      0|  0|  11|           6|           1|
    |icmp_ln768_12_fu_2046_p2     |   icmp   |      0|  0|  11|           6|           1|
    |icmp_ln768_13_fu_2184_p2     |   icmp   |      0|  0|  11|           6|           1|
    |icmp_ln768_14_fu_2322_p2     |   icmp   |      0|  0|  11|           6|           1|
    |icmp_ln768_15_fu_2460_p2     |   icmp   |      0|  0|  11|           6|           1|
    |icmp_ln768_16_fu_2598_p2     |   icmp   |      0|  0|  11|           6|           1|
    |icmp_ln768_17_fu_2736_p2     |   icmp   |      0|  0|  11|           6|           1|
    |icmp_ln768_18_fu_2874_p2     |   icmp   |      0|  0|  11|           6|           1|
    |icmp_ln768_19_fu_3012_p2     |   icmp   |      0|  0|  11|           6|           1|
    |icmp_ln768_1_fu_528_p2       |   icmp   |      0|  0|  11|           6|           1|
    |icmp_ln768_20_fu_3150_p2     |   icmp   |      0|  0|  11|           6|           1|
    |icmp_ln768_21_fu_3288_p2     |   icmp   |      0|  0|  11|           6|           1|
    |icmp_ln768_22_fu_3426_p2     |   icmp   |      0|  0|  11|           6|           1|
    |icmp_ln768_23_fu_3564_p2     |   icmp   |      0|  0|  11|           6|           1|
    |icmp_ln768_24_fu_3702_p2     |   icmp   |      0|  0|  11|           6|           1|
    |icmp_ln768_25_fu_3840_p2     |   icmp   |      0|  0|  11|           6|           1|
    |icmp_ln768_26_fu_3978_p2     |   icmp   |      0|  0|  11|           6|           1|
    |icmp_ln768_27_fu_4116_p2     |   icmp   |      0|  0|  11|           6|           1|
    |icmp_ln768_28_fu_4254_p2     |   icmp   |      0|  0|  11|           6|           1|
    |icmp_ln768_29_fu_4392_p2     |   icmp   |      0|  0|  11|           6|           1|
    |icmp_ln768_2_fu_666_p2       |   icmp   |      0|  0|  11|           6|           1|
    |icmp_ln768_3_fu_804_p2       |   icmp   |      0|  0|  11|           6|           1|
    |icmp_ln768_4_fu_942_p2       |   icmp   |      0|  0|  11|           6|           1|
    |icmp_ln768_5_fu_1080_p2      |   icmp   |      0|  0|  11|           6|           1|
    |icmp_ln768_6_fu_1218_p2      |   icmp   |      0|  0|  11|           6|           1|
    |icmp_ln768_7_fu_1356_p2      |   icmp   |      0|  0|  11|           6|           1|
    |icmp_ln768_8_fu_1494_p2      |   icmp   |      0|  0|  11|           6|           1|
    |icmp_ln768_9_fu_1632_p2      |   icmp   |      0|  0|  11|           6|           1|
    |icmp_ln768_fu_390_p2         |   icmp   |      0|  0|  11|           6|           1|
    |icmp_ln879_10_fu_1764_p2     |   icmp   |      0|  0|  11|           6|           2|
    |icmp_ln879_11_fu_1902_p2     |   icmp   |      0|  0|  11|           6|           2|
    |icmp_ln879_12_fu_2040_p2     |   icmp   |      0|  0|  11|           6|           2|
    |icmp_ln879_13_fu_2178_p2     |   icmp   |      0|  0|  11|           6|           2|
    |icmp_ln879_14_fu_2316_p2     |   icmp   |      0|  0|  11|           6|           2|
    |icmp_ln879_15_fu_2454_p2     |   icmp   |      0|  0|  11|           6|           2|
    |icmp_ln879_16_fu_2592_p2     |   icmp   |      0|  0|  11|           6|           2|
    |icmp_ln879_17_fu_2730_p2     |   icmp   |      0|  0|  11|           6|           2|
    |icmp_ln879_18_fu_2868_p2     |   icmp   |      0|  0|  11|           6|           2|
    |icmp_ln879_19_fu_3006_p2     |   icmp   |      0|  0|  11|           6|           2|
    |icmp_ln879_1_fu_522_p2       |   icmp   |      0|  0|  11|           6|           2|
    |icmp_ln879_20_fu_3144_p2     |   icmp   |      0|  0|  11|           6|           2|
    |icmp_ln879_21_fu_3282_p2     |   icmp   |      0|  0|  11|           6|           2|
    |icmp_ln879_22_fu_3420_p2     |   icmp   |      0|  0|  11|           6|           2|
    |icmp_ln879_23_fu_3558_p2     |   icmp   |      0|  0|  11|           6|           2|
    |icmp_ln879_24_fu_3696_p2     |   icmp   |      0|  0|  11|           6|           2|
    |icmp_ln879_25_fu_3834_p2     |   icmp   |      0|  0|  11|           6|           2|
    |icmp_ln879_26_fu_3972_p2     |   icmp   |      0|  0|  11|           6|           2|
    |icmp_ln879_27_fu_4110_p2     |   icmp   |      0|  0|  11|           6|           2|
    |icmp_ln879_28_fu_4248_p2     |   icmp   |      0|  0|  11|           6|           2|
    |icmp_ln879_29_fu_4386_p2     |   icmp   |      0|  0|  11|           6|           2|
    |icmp_ln879_2_fu_660_p2       |   icmp   |      0|  0|  11|           6|           2|
    |icmp_ln879_3_fu_798_p2       |   icmp   |      0|  0|  11|           6|           2|
    |icmp_ln879_4_fu_936_p2       |   icmp   |      0|  0|  11|           6|           2|
    |icmp_ln879_5_fu_1074_p2      |   icmp   |      0|  0|  11|           6|           2|
    |icmp_ln879_6_fu_1212_p2      |   icmp   |      0|  0|  11|           6|           2|
    |icmp_ln879_7_fu_1350_p2      |   icmp   |      0|  0|  11|           6|           2|
    |icmp_ln879_8_fu_1488_p2      |   icmp   |      0|  0|  11|           6|           2|
    |icmp_ln879_9_fu_1626_p2      |   icmp   |      0|  0|  11|           6|           2|
    |icmp_ln879_fu_384_p2         |   icmp   |      0|  0|  11|           6|           2|
    |or_ln412_10_fu_1704_p2       |    or    |      0|  0|   2|           1|           1|
    |or_ln412_11_fu_1842_p2       |    or    |      0|  0|   2|           1|           1|
    |or_ln412_12_fu_1980_p2       |    or    |      0|  0|   2|           1|           1|
    |or_ln412_13_fu_2118_p2       |    or    |      0|  0|   2|           1|           1|
    |or_ln412_14_fu_2256_p2       |    or    |      0|  0|   2|           1|           1|
    |or_ln412_15_fu_2394_p2       |    or    |      0|  0|   2|           1|           1|
    |or_ln412_16_fu_2532_p2       |    or    |      0|  0|   2|           1|           1|
    |or_ln412_17_fu_2670_p2       |    or    |      0|  0|   2|           1|           1|
    |or_ln412_18_fu_2808_p2       |    or    |      0|  0|   2|           1|           1|
    |or_ln412_19_fu_2946_p2       |    or    |      0|  0|   2|           1|           1|
    |or_ln412_1_fu_462_p2         |    or    |      0|  0|   2|           1|           1|
    |or_ln412_20_fu_3084_p2       |    or    |      0|  0|   2|           1|           1|
    |or_ln412_21_fu_3222_p2       |    or    |      0|  0|   2|           1|           1|
    |or_ln412_22_fu_3360_p2       |    or    |      0|  0|   2|           1|           1|
    |or_ln412_23_fu_3498_p2       |    or    |      0|  0|   2|           1|           1|
    |or_ln412_24_fu_3636_p2       |    or    |      0|  0|   2|           1|           1|
    |or_ln412_25_fu_3774_p2       |    or    |      0|  0|   2|           1|           1|
    |or_ln412_26_fu_3912_p2       |    or    |      0|  0|   2|           1|           1|
    |or_ln412_27_fu_4050_p2       |    or    |      0|  0|   2|           1|           1|
    |or_ln412_28_fu_4188_p2       |    or    |      0|  0|   2|           1|           1|
    |or_ln412_29_fu_4326_p2       |    or    |      0|  0|   2|           1|           1|
    |or_ln412_2_fu_600_p2         |    or    |      0|  0|   2|           1|           1|
    |or_ln412_3_fu_738_p2         |    or    |      0|  0|   2|           1|           1|
    |or_ln412_4_fu_876_p2         |    or    |      0|  0|   2|           1|           1|
    |or_ln412_5_fu_1014_p2        |    or    |      0|  0|   2|           1|           1|
    |or_ln412_6_fu_1152_p2        |    or    |      0|  0|   2|           1|           1|
    |or_ln412_7_fu_1290_p2        |    or    |      0|  0|   2|           1|           1|
    |or_ln412_8_fu_1428_p2        |    or    |      0|  0|   2|           1|           1|
    |or_ln412_9_fu_1566_p2        |    or    |      0|  0|   2|           1|           1|
    |or_ln412_fu_324_p2           |    or    |      0|  0|   2|           1|           1|
    |select_ln1494_10_fu_1792_p3  |  select  |      0|  0|   6|           1|           6|
    |select_ln1494_11_fu_1930_p3  |  select  |      0|  0|   6|           1|           6|
    |select_ln1494_12_fu_2068_p3  |  select  |      0|  0|   6|           1|           6|
    |select_ln1494_13_fu_2206_p3  |  select  |      0|  0|   6|           1|           6|
    |select_ln1494_14_fu_2344_p3  |  select  |      0|  0|   6|           1|           6|
    |select_ln1494_15_fu_2482_p3  |  select  |      0|  0|   6|           1|           6|
    |select_ln1494_16_fu_2620_p3  |  select  |      0|  0|   6|           1|           6|
    |select_ln1494_17_fu_2758_p3  |  select  |      0|  0|   6|           1|           6|
    |select_ln1494_18_fu_2896_p3  |  select  |      0|  0|   6|           1|           6|
    |select_ln1494_19_fu_3034_p3  |  select  |      0|  0|   6|           1|           6|
    |select_ln1494_1_fu_550_p3    |  select  |      0|  0|   6|           1|           6|
    |select_ln1494_20_fu_3172_p3  |  select  |      0|  0|   6|           1|           6|
    |select_ln1494_21_fu_3310_p3  |  select  |      0|  0|   6|           1|           6|
    |select_ln1494_22_fu_3448_p3  |  select  |      0|  0|   6|           1|           6|
    |select_ln1494_23_fu_3586_p3  |  select  |      0|  0|   6|           1|           6|
    |select_ln1494_24_fu_3724_p3  |  select  |      0|  0|   6|           1|           6|
    |select_ln1494_25_fu_3862_p3  |  select  |      0|  0|   6|           1|           6|
    |select_ln1494_26_fu_4000_p3  |  select  |      0|  0|   6|           1|           6|
    |select_ln1494_27_fu_4138_p3  |  select  |      0|  0|   6|           1|           6|
    |select_ln1494_28_fu_4276_p3  |  select  |      0|  0|   6|           1|           6|
    |select_ln1494_29_fu_4414_p3  |  select  |      0|  0|   6|           1|           6|
    |select_ln1494_2_fu_688_p3    |  select  |      0|  0|   6|           1|           6|
    |select_ln1494_3_fu_826_p3    |  select  |      0|  0|   6|           1|           6|
    |select_ln1494_4_fu_964_p3    |  select  |      0|  0|   6|           1|           6|
    |select_ln1494_5_fu_1102_p3   |  select  |      0|  0|   6|           1|           6|
    |select_ln1494_6_fu_1240_p3   |  select  |      0|  0|   6|           1|           6|
    |select_ln1494_7_fu_1378_p3   |  select  |      0|  0|   6|           1|           6|
    |select_ln1494_8_fu_1516_p3   |  select  |      0|  0|   6|           1|           6|
    |select_ln1494_9_fu_1654_p3   |  select  |      0|  0|   6|           1|           6|
    |select_ln1494_fu_412_p3      |  select  |      0|  0|   6|           1|           6|
    |select_ln340_10_fu_1784_p3   |  select  |      0|  0|   6|           1|           6|
    |select_ln340_11_fu_1922_p3   |  select  |      0|  0|   6|           1|           6|
    |select_ln340_12_fu_2060_p3   |  select  |      0|  0|   6|           1|           6|
    |select_ln340_13_fu_2198_p3   |  select  |      0|  0|   6|           1|           6|
    |select_ln340_14_fu_2336_p3   |  select  |      0|  0|   6|           1|           6|
    |select_ln340_15_fu_2474_p3   |  select  |      0|  0|   6|           1|           6|
    |select_ln340_16_fu_2612_p3   |  select  |      0|  0|   6|           1|           6|
    |select_ln340_17_fu_2750_p3   |  select  |      0|  0|   6|           1|           6|
    |select_ln340_18_fu_2888_p3   |  select  |      0|  0|   6|           1|           6|
    |select_ln340_19_fu_3026_p3   |  select  |      0|  0|   6|           1|           6|
    |select_ln340_1_fu_542_p3     |  select  |      0|  0|   6|           1|           6|
    |select_ln340_20_fu_3164_p3   |  select  |      0|  0|   6|           1|           6|
    |select_ln340_21_fu_3302_p3   |  select  |      0|  0|   6|           1|           6|
    |select_ln340_22_fu_3440_p3   |  select  |      0|  0|   6|           1|           6|
    |select_ln340_23_fu_3578_p3   |  select  |      0|  0|   6|           1|           6|
    |select_ln340_24_fu_3716_p3   |  select  |      0|  0|   6|           1|           6|
    |select_ln340_25_fu_3854_p3   |  select  |      0|  0|   6|           1|           6|
    |select_ln340_26_fu_3992_p3   |  select  |      0|  0|   6|           1|           6|
    |select_ln340_27_fu_4130_p3   |  select  |      0|  0|   6|           1|           6|
    |select_ln340_28_fu_4268_p3   |  select  |      0|  0|   6|           1|           6|
    |select_ln340_29_fu_4406_p3   |  select  |      0|  0|   6|           1|           6|
    |select_ln340_2_fu_680_p3     |  select  |      0|  0|   6|           1|           6|
    |select_ln340_3_fu_818_p3     |  select  |      0|  0|   6|           1|           6|
    |select_ln340_4_fu_956_p3     |  select  |      0|  0|   6|           1|           6|
    |select_ln340_5_fu_1094_p3    |  select  |      0|  0|   6|           1|           6|
    |select_ln340_6_fu_1232_p3    |  select  |      0|  0|   6|           1|           6|
    |select_ln340_7_fu_1370_p3    |  select  |      0|  0|   6|           1|           6|
    |select_ln340_8_fu_1508_p3    |  select  |      0|  0|   6|           1|           6|
    |select_ln340_9_fu_1646_p3    |  select  |      0|  0|   6|           1|           6|
    |select_ln340_fu_404_p3       |  select  |      0|  0|   6|           1|           6|
    |select_ln777_10_fu_1776_p3   |  select  |      0|  0|   2|           1|           1|
    |select_ln777_11_fu_1914_p3   |  select  |      0|  0|   2|           1|           1|
    |select_ln777_12_fu_2052_p3   |  select  |      0|  0|   2|           1|           1|
    |select_ln777_13_fu_2190_p3   |  select  |      0|  0|   2|           1|           1|
    |select_ln777_14_fu_2328_p3   |  select  |      0|  0|   2|           1|           1|
    |select_ln777_15_fu_2466_p3   |  select  |      0|  0|   2|           1|           1|
    |select_ln777_16_fu_2604_p3   |  select  |      0|  0|   2|           1|           1|
    |select_ln777_17_fu_2742_p3   |  select  |      0|  0|   2|           1|           1|
    |select_ln777_18_fu_2880_p3   |  select  |      0|  0|   2|           1|           1|
    |select_ln777_19_fu_3018_p3   |  select  |      0|  0|   2|           1|           1|
    |select_ln777_1_fu_534_p3     |  select  |      0|  0|   2|           1|           1|
    |select_ln777_20_fu_3156_p3   |  select  |      0|  0|   2|           1|           1|
    |select_ln777_21_fu_3294_p3   |  select  |      0|  0|   2|           1|           1|
    |select_ln777_22_fu_3432_p3   |  select  |      0|  0|   2|           1|           1|
    |select_ln777_23_fu_3570_p3   |  select  |      0|  0|   2|           1|           1|
    |select_ln777_24_fu_3708_p3   |  select  |      0|  0|   2|           1|           1|
    |select_ln777_25_fu_3846_p3   |  select  |      0|  0|   2|           1|           1|
    |select_ln777_26_fu_3984_p3   |  select  |      0|  0|   2|           1|           1|
    |select_ln777_27_fu_4122_p3   |  select  |      0|  0|   2|           1|           1|
    |select_ln777_28_fu_4260_p3   |  select  |      0|  0|   2|           1|           1|
    |select_ln777_29_fu_4398_p3   |  select  |      0|  0|   2|           1|           1|
    |select_ln777_2_fu_672_p3     |  select  |      0|  0|   2|           1|           1|
    |select_ln777_3_fu_810_p3     |  select  |      0|  0|   2|           1|           1|
    |select_ln777_4_fu_948_p3     |  select  |      0|  0|   2|           1|           1|
    |select_ln777_5_fu_1086_p3    |  select  |      0|  0|   2|           1|           1|
    |select_ln777_6_fu_1224_p3    |  select  |      0|  0|   2|           1|           1|
    |select_ln777_7_fu_1362_p3    |  select  |      0|  0|   2|           1|           1|
    |select_ln777_8_fu_1500_p3    |  select  |      0|  0|   2|           1|           1|
    |select_ln777_9_fu_1638_p3    |  select  |      0|  0|   2|           1|           1|
    |select_ln777_fu_396_p3       |  select  |      0|  0|   2|           1|           1|
    |xor_ln416_10_fu_1742_p2      |    xor   |      0|  0|   2|           1|           2|
    |xor_ln416_11_fu_1880_p2      |    xor   |      0|  0|   2|           1|           2|
    |xor_ln416_12_fu_2018_p2      |    xor   |      0|  0|   2|           1|           2|
    |xor_ln416_13_fu_2156_p2      |    xor   |      0|  0|   2|           1|           2|
    |xor_ln416_14_fu_2294_p2      |    xor   |      0|  0|   2|           1|           2|
    |xor_ln416_15_fu_2432_p2      |    xor   |      0|  0|   2|           1|           2|
    |xor_ln416_16_fu_2570_p2      |    xor   |      0|  0|   2|           1|           2|
    |xor_ln416_17_fu_2708_p2      |    xor   |      0|  0|   2|           1|           2|
    |xor_ln416_18_fu_2846_p2      |    xor   |      0|  0|   2|           1|           2|
    |xor_ln416_19_fu_2984_p2      |    xor   |      0|  0|   2|           1|           2|
    |xor_ln416_1_fu_500_p2        |    xor   |      0|  0|   2|           1|           2|
    |xor_ln416_20_fu_3122_p2      |    xor   |      0|  0|   2|           1|           2|
    |xor_ln416_21_fu_3260_p2      |    xor   |      0|  0|   2|           1|           2|
    |xor_ln416_22_fu_3398_p2      |    xor   |      0|  0|   2|           1|           2|
    |xor_ln416_23_fu_3536_p2      |    xor   |      0|  0|   2|           1|           2|
    |xor_ln416_24_fu_3674_p2      |    xor   |      0|  0|   2|           1|           2|
    |xor_ln416_25_fu_3812_p2      |    xor   |      0|  0|   2|           1|           2|
    |xor_ln416_26_fu_3950_p2      |    xor   |      0|  0|   2|           1|           2|
    |xor_ln416_27_fu_4088_p2      |    xor   |      0|  0|   2|           1|           2|
    |xor_ln416_28_fu_4226_p2      |    xor   |      0|  0|   2|           1|           2|
    |xor_ln416_29_fu_4364_p2      |    xor   |      0|  0|   2|           1|           2|
    |xor_ln416_2_fu_638_p2        |    xor   |      0|  0|   2|           1|           2|
    |xor_ln416_3_fu_776_p2        |    xor   |      0|  0|   2|           1|           2|
    |xor_ln416_4_fu_914_p2        |    xor   |      0|  0|   2|           1|           2|
    |xor_ln416_5_fu_1052_p2       |    xor   |      0|  0|   2|           1|           2|
    |xor_ln416_6_fu_1190_p2       |    xor   |      0|  0|   2|           1|           2|
    |xor_ln416_7_fu_1328_p2       |    xor   |      0|  0|   2|           1|           2|
    |xor_ln416_8_fu_1466_p2       |    xor   |      0|  0|   2|           1|           2|
    |xor_ln416_9_fu_1604_p2       |    xor   |      0|  0|   2|           1|           2|
    |xor_ln416_fu_362_p2          |    xor   |      0|  0|   2|           1|           2|
    +-----------------------------+----------+-------+---+----+------------+------------+
    |Total                        |          |      0|  0|2160|        1320|         870|
    +-----------------------------+----------+-------+---+----+------------+------------+

    * Multiplexer: 
    N/A

    * Register: 
    N/A



================================================================
== Interface
================================================================
* Summary: 
+----------------+-----+-----+------------+------------------------------------------------------------------------+--------------+
|    RTL Ports   | Dir | Bits|  Protocol  |                              Source Object                             |    C Type    |
+----------------+-----+-----+------------+------------------------------------------------------------------------+--------------+
|ap_ready        | out |    1| ap_ctrl_hs | relu<ap_fixed<16, 6, 5, 3, 0>, ap_ufixed<6, 0, 4, 0, 0>, relu_config7> | return value |
|ap_return_0     | out |    6| ap_ctrl_hs | relu<ap_fixed<16, 6, 5, 3, 0>, ap_ufixed<6, 0, 4, 0, 0>, relu_config7> | return value |
|ap_return_1     | out |    6| ap_ctrl_hs | relu<ap_fixed<16, 6, 5, 3, 0>, ap_ufixed<6, 0, 4, 0, 0>, relu_config7> | return value |
|ap_return_2     | out |    6| ap_ctrl_hs | relu<ap_fixed<16, 6, 5, 3, 0>, ap_ufixed<6, 0, 4, 0, 0>, relu_config7> | return value |
|ap_return_3     | out |    6| ap_ctrl_hs | relu<ap_fixed<16, 6, 5, 3, 0>, ap_ufixed<6, 0, 4, 0, 0>, relu_config7> | return value |
|ap_return_4     | out |    6| ap_ctrl_hs | relu<ap_fixed<16, 6, 5, 3, 0>, ap_ufixed<6, 0, 4, 0, 0>, relu_config7> | return value |
|ap_return_5     | out |    6| ap_ctrl_hs | relu<ap_fixed<16, 6, 5, 3, 0>, ap_ufixed<6, 0, 4, 0, 0>, relu_config7> | return value |
|ap_return_6     | out |    6| ap_ctrl_hs | relu<ap_fixed<16, 6, 5, 3, 0>, ap_ufixed<6, 0, 4, 0, 0>, relu_config7> | return value |
|ap_return_7     | out |    6| ap_ctrl_hs | relu<ap_fixed<16, 6, 5, 3, 0>, ap_ufixed<6, 0, 4, 0, 0>, relu_config7> | return value |
|ap_return_8     | out |    6| ap_ctrl_hs | relu<ap_fixed<16, 6, 5, 3, 0>, ap_ufixed<6, 0, 4, 0, 0>, relu_config7> | return value |
|ap_return_9     | out |    6| ap_ctrl_hs | relu<ap_fixed<16, 6, 5, 3, 0>, ap_ufixed<6, 0, 4, 0, 0>, relu_config7> | return value |
|ap_return_10    | out |    6| ap_ctrl_hs | relu<ap_fixed<16, 6, 5, 3, 0>, ap_ufixed<6, 0, 4, 0, 0>, relu_config7> | return value |
|ap_return_11    | out |    6| ap_ctrl_hs | relu<ap_fixed<16, 6, 5, 3, 0>, ap_ufixed<6, 0, 4, 0, 0>, relu_config7> | return value |
|ap_return_12    | out |    6| ap_ctrl_hs | relu<ap_fixed<16, 6, 5, 3, 0>, ap_ufixed<6, 0, 4, 0, 0>, relu_config7> | return value |
|ap_return_13    | out |    6| ap_ctrl_hs | relu<ap_fixed<16, 6, 5, 3, 0>, ap_ufixed<6, 0, 4, 0, 0>, relu_config7> | return value |
|ap_return_14    | out |    6| ap_ctrl_hs | relu<ap_fixed<16, 6, 5, 3, 0>, ap_ufixed<6, 0, 4, 0, 0>, relu_config7> | return value |
|ap_return_15    | out |    6| ap_ctrl_hs | relu<ap_fixed<16, 6, 5, 3, 0>, ap_ufixed<6, 0, 4, 0, 0>, relu_config7> | return value |
|ap_return_16    | out |    6| ap_ctrl_hs | relu<ap_fixed<16, 6, 5, 3, 0>, ap_ufixed<6, 0, 4, 0, 0>, relu_config7> | return value |
|ap_return_17    | out |    6| ap_ctrl_hs | relu<ap_fixed<16, 6, 5, 3, 0>, ap_ufixed<6, 0, 4, 0, 0>, relu_config7> | return value |
|ap_return_18    | out |    6| ap_ctrl_hs | relu<ap_fixed<16, 6, 5, 3, 0>, ap_ufixed<6, 0, 4, 0, 0>, relu_config7> | return value |
|ap_return_19    | out |    6| ap_ctrl_hs | relu<ap_fixed<16, 6, 5, 3, 0>, ap_ufixed<6, 0, 4, 0, 0>, relu_config7> | return value |
|ap_return_20    | out |    6| ap_ctrl_hs | relu<ap_fixed<16, 6, 5, 3, 0>, ap_ufixed<6, 0, 4, 0, 0>, relu_config7> | return value |
|ap_return_21    | out |    6| ap_ctrl_hs | relu<ap_fixed<16, 6, 5, 3, 0>, ap_ufixed<6, 0, 4, 0, 0>, relu_config7> | return value |
|ap_return_22    | out |    6| ap_ctrl_hs | relu<ap_fixed<16, 6, 5, 3, 0>, ap_ufixed<6, 0, 4, 0, 0>, relu_config7> | return value |
|ap_return_23    | out |    6| ap_ctrl_hs | relu<ap_fixed<16, 6, 5, 3, 0>, ap_ufixed<6, 0, 4, 0, 0>, relu_config7> | return value |
|ap_return_24    | out |    6| ap_ctrl_hs | relu<ap_fixed<16, 6, 5, 3, 0>, ap_ufixed<6, 0, 4, 0, 0>, relu_config7> | return value |
|ap_return_25    | out |    6| ap_ctrl_hs | relu<ap_fixed<16, 6, 5, 3, 0>, ap_ufixed<6, 0, 4, 0, 0>, relu_config7> | return value |
|ap_return_26    | out |    6| ap_ctrl_hs | relu<ap_fixed<16, 6, 5, 3, 0>, ap_ufixed<6, 0, 4, 0, 0>, relu_config7> | return value |
|ap_return_27    | out |    6| ap_ctrl_hs | relu<ap_fixed<16, 6, 5, 3, 0>, ap_ufixed<6, 0, 4, 0, 0>, relu_config7> | return value |
|ap_return_28    | out |    6| ap_ctrl_hs | relu<ap_fixed<16, 6, 5, 3, 0>, ap_ufixed<6, 0, 4, 0, 0>, relu_config7> | return value |
|ap_return_29    | out |    6| ap_ctrl_hs | relu<ap_fixed<16, 6, 5, 3, 0>, ap_ufixed<6, 0, 4, 0, 0>, relu_config7> | return value |
|data_0_V_read   |  in |   16|   ap_none  |                              data_0_V_read                             |    scalar    |
|data_1_V_read   |  in |   16|   ap_none  |                              data_1_V_read                             |    scalar    |
|data_2_V_read   |  in |   16|   ap_none  |                              data_2_V_read                             |    scalar    |
|data_3_V_read   |  in |   16|   ap_none  |                              data_3_V_read                             |    scalar    |
|data_4_V_read   |  in |   16|   ap_none  |                              data_4_V_read                             |    scalar    |
|data_5_V_read   |  in |   16|   ap_none  |                              data_5_V_read                             |    scalar    |
|data_6_V_read   |  in |   16|   ap_none  |                              data_6_V_read                             |    scalar    |
|data_7_V_read   |  in |   16|   ap_none  |                              data_7_V_read                             |    scalar    |
|data_8_V_read   |  in |   16|   ap_none  |                              data_8_V_read                             |    scalar    |
|data_9_V_read   |  in |   16|   ap_none  |                              data_9_V_read                             |    scalar    |
|data_10_V_read  |  in |   16|   ap_none  |                             data_10_V_read                             |    scalar    |
|data_11_V_read  |  in |   16|   ap_none  |                             data_11_V_read                             |    scalar    |
|data_13_V_read  |  in |   16|   ap_none  |                             data_13_V_read                             |    scalar    |
|data_14_V_read  |  in |   16|   ap_none  |                             data_14_V_read                             |    scalar    |
|data_15_V_read  |  in |   16|   ap_none  |                             data_15_V_read                             |    scalar    |
|data_16_V_read  |  in |   16|   ap_none  |                             data_16_V_read                             |    scalar    |
|data_17_V_read  |  in |   16|   ap_none  |                             data_17_V_read                             |    scalar    |
|data_18_V_read  |  in |   16|   ap_none  |                             data_18_V_read                             |    scalar    |
|data_19_V_read  |  in |   16|   ap_none  |                             data_19_V_read                             |    scalar    |
|data_20_V_read  |  in |   16|   ap_none  |                             data_20_V_read                             |    scalar    |
|data_21_V_read  |  in |   16|   ap_none  |                             data_21_V_read                             |    scalar    |
|data_22_V_read  |  in |   16|   ap_none  |                             data_22_V_read                             |    scalar    |
|data_23_V_read  |  in |   16|   ap_none  |                             data_23_V_read                             |    scalar    |
|data_24_V_read  |  in |   16|   ap_none  |                             data_24_V_read                             |    scalar    |
|data_26_V_read  |  in |   16|   ap_none  |                             data_26_V_read                             |    scalar    |
|data_27_V_read  |  in |   16|   ap_none  |                             data_27_V_read                             |    scalar    |
|data_28_V_read  |  in |   16|   ap_none  |                             data_28_V_read                             |    scalar    |
|data_29_V_read  |  in |   16|   ap_none  |                             data_29_V_read                             |    scalar    |
|data_30_V_read  |  in |   16|   ap_none  |                             data_30_V_read                             |    scalar    |
|data_31_V_read  |  in |   16|   ap_none  |                             data_31_V_read                             |    scalar    |
+----------------+-----+-----+------------+------------------------------------------------------------------------+--------------+

