

================================================================
== Vivado HLS Report for 'softmax_stable_ap_fixed_ap_fixed_16_6_5_3_0_softmax_config13_s'
================================================================
* Date:           Fri Sep 22 04:21:05 2023

* Version:        2019.2 (Build 2704478 on Wed Nov 06 22:10:23 MST 2019)
* Project:        myproject_prj
* Solution:       solution1
* Product family: virtexuplus
* Target device:  xcu250-figd2104-2L-e


================================================================
== Performance Estimates
================================================================
+ Timing: 
    * Summary: 
    +--------+---------+----------+------------+
    |  Clock |  Target | Estimated| Uncertainty|
    +--------+---------+----------+------------+
    |ap_clk  | 5.00 ns | 3.971 ns |   0.62 ns  |
    +--------+---------+----------+------------+

+ Latency: 
    * Summary: 
    +---------+---------+-----------+-----------+-----+-----+----------+
    |  Latency (cycles) |   Latency (absolute)  |  Interval | Pipeline |
    |   min   |   max   |    min    |    max    | min | max |   Type   |
    +---------+---------+-----------+-----------+-----+-----+----------+
    |        3|        3| 15.000 ns | 15.000 ns |    1|    1| function |
    +---------+---------+-----------+-----------+-----+-----+----------+

    + Detail: 
        * Instance: 
        N/A

        * Loop: 
        N/A



================================================================
== Utilization Estimates
================================================================
* Summary: 
+---------------------+---------+-------+---------+---------+------+
|         Name        | BRAM_18K| DSP48E|    FF   |   LUT   | URAM |
+---------------------+---------+-------+---------+---------+------+
|DSP                  |        -|      5|        -|        -|     -|
|Expression           |        -|      -|        0|      484|     -|
|FIFO                 |        -|      -|        -|        -|     -|
|Instance             |        -|      -|        -|        -|     -|
|Memory               |        4|      -|        0|        0|     -|
|Multiplexer          |        -|      -|        -|        -|     -|
|Register             |        -|      -|      144|        -|     -|
+---------------------+---------+-------+---------+---------+------+
|Total                |        4|      5|      144|      484|     0|
+---------------------+---------+-------+---------+---------+------+
|Available SLR        |     1344|   3072|   864000|   432000|   320|
+---------------------+---------+-------+---------+---------+------+
|Utilization SLR (%)  |    ~0   |   ~0  |    ~0   |    ~0   |     0|
+---------------------+---------+-------+---------+---------+------+
|Available            |     5376|  12288|  3456000|  1728000|  1280|
+---------------------+---------+-------+---------+---------+------+
|Utilization (%)      |    ~0   |   ~0  |    ~0   |    ~0   |     0|
+---------------------+---------+-------+---------+---------+------+

+ Detail: 
    * Instance: 
    N/A

    * DSP48E: 
    +---------------------------------------+----------------------------------+-----------+
    |                Instance               |              Module              | Expression|
    +---------------------------------------+----------------------------------+-----------+
    |myproject_mul_mul_18s_18s_30_1_1_U222  |myproject_mul_mul_18s_18s_30_1_1  |  i0 * i1  |
    |myproject_mul_mul_18s_18s_30_1_1_U223  |myproject_mul_mul_18s_18s_30_1_1  |  i0 * i1  |
    |myproject_mul_mul_18s_18s_30_1_1_U224  |myproject_mul_mul_18s_18s_30_1_1  |  i0 * i1  |
    |myproject_mul_mul_18s_18s_30_1_1_U225  |myproject_mul_mul_18s_18s_30_1_1  |  i0 * i1  |
    |myproject_mul_mul_18s_18s_30_1_1_U226  |myproject_mul_mul_18s_18s_30_1_1  |  i0 * i1  |
    +---------------------------------------+----------------------------------+-----------+

    * Memory: 
    +-----------------+------------------------------------------------------------------------------+---------+---+----+-----+------+-----+------+-------------+
    |      Memory     |                                    Module                                    | BRAM_18K| FF| LUT| URAM| Words| Bits| Banks| W*Bits*Banks|
    +-----------------+------------------------------------------------------------------------------+---------+---+----+-----+------+-----+------+-------------+
    |exp_table1_U     |softmax_stable_ap_fixed_ap_fixed_16_6_5_3_0_softmax_config13_s_exp_table1     |        3|  0|   0|    0|  1024|   18|     1|        18432|
    |invert_table2_U  |softmax_stable_ap_fixed_ap_fixed_16_6_5_3_0_softmax_config13_s_invert_table2  |        1|  0|   0|    0|  1024|   18|     1|        18432|
    +-----------------+------------------------------------------------------------------------------+---------+---+----+-----+------+-----+------+-------------+
    |Total            |                                                                              |        4|  0|   0|    0|  2048|   36|     2|        36864|
    +-----------------+------------------------------------------------------------------------------+---------+---+----+-----+------+-----+------+-------------+

    * FIFO: 
    N/A

    * Expression: 
    +-----------------------------+----------+-------+---+----+------------+------------+
    |        Variable Name        | Operation| DSP48E| FF| LUT| Bitwidth P0| Bitwidth P1|
    +-----------------------------+----------+-------+---+----+------------+------------+
    |add_ln703_1_fu_698_p2        |     +    |      0|  0|  18|          18|          18|
    |add_ln703_2_fu_704_p2        |     +    |      0|  0|  18|          18|          18|
    |add_ln703_fu_692_p2          |     +    |      0|  0|  18|          18|          18|
    |exp_sum_V_fu_710_p2          |     +    |      0|  0|  18|          18|          18|
    |sub_ln1193_1_fu_282_p2       |     -    |      0|  0|  17|          17|          17|
    |sub_ln1193_2_fu_338_p2       |     -    |      0|  0|  17|          17|          17|
    |sub_ln1193_3_fu_394_p2       |     -    |      0|  0|  17|          17|          17|
    |sub_ln1193_4_fu_450_p2       |     -    |      0|  0|  17|          17|          17|
    |sub_ln1193_fu_226_p2         |     -    |      0|  0|  17|          17|          17|
    |and_ln786_1_fu_310_p2        |    and   |      0|  0|   2|           1|           1|
    |and_ln786_2_fu_366_p2        |    and   |      0|  0|   2|           1|           1|
    |and_ln786_3_fu_422_p2        |    and   |      0|  0|   2|           1|           1|
    |and_ln786_4_fu_478_p2        |    and   |      0|  0|   2|           1|           1|
    |and_ln786_fu_254_p2          |    and   |      0|  0|   2|           1|           1|
    |ap_block_pp0_stage0_11001    |    and   |      0|  0|   2|           1|           1|
    |icmp_ln1496_1_fu_176_p2      |   icmp   |      0|  0|  13|          16|          16|
    |icmp_ln1496_2_fu_190_p2      |   icmp   |      0|  0|  13|          16|          16|
    |icmp_ln1496_3_fu_204_p2      |   icmp   |      0|  0|  13|          16|          16|
    |icmp_ln1496_fu_162_p2        |   icmp   |      0|  0|  13|          16|          16|
    |ap_block_pp0_stage0_subdone  |    or    |      0|  0|   2|           1|           1|
    |or_ln340_1_fu_328_p2         |    or    |      0|  0|   2|           1|           1|
    |or_ln340_2_fu_384_p2         |    or    |      0|  0|   2|           1|           1|
    |or_ln340_3_fu_440_p2         |    or    |      0|  0|   2|           1|           1|
    |or_ln340_4_fu_496_p2         |    or    |      0|  0|   2|           1|           1|
    |or_ln340_fu_272_p2           |    or    |      0|  0|   2|           1|           1|
    |select_ln340_2_fu_546_p3     |  select  |      0|  0|  10|           1|           9|
    |select_ln340_4_fu_580_p3     |  select  |      0|  0|  10|           1|           9|
    |select_ln340_6_fu_614_p3     |  select  |      0|  0|  10|           1|           9|
    |select_ln340_8_fu_648_p3     |  select  |      0|  0|  10|           1|           9|
    |select_ln340_fu_512_p3       |  select  |      0|  0|  10|           1|           9|
    |select_ln388_1_fu_554_p3     |  select  |      0|  0|  11|           1|          11|
    |select_ln388_2_fu_588_p3     |  select  |      0|  0|  11|           1|          11|
    |select_ln388_3_fu_622_p3     |  select  |      0|  0|  11|           1|          11|
    |select_ln388_4_fu_656_p3     |  select  |      0|  0|  11|           1|          11|
    |select_ln388_fu_520_p3       |  select  |      0|  0|  11|           1|          11|
    |select_ln65_1_fu_182_p3      |  select  |      0|  0|  16|           1|          16|
    |select_ln65_2_fu_196_p3      |  select  |      0|  0|  16|           1|          16|
    |select_ln65_fu_168_p3        |  select  |      0|  0|  16|           1|          16|
    |x_max_V_fu_210_p3            |  select  |      0|  0|  16|           1|          16|
    |y_V_1_fu_562_p3              |  select  |      0|  0|  10|           1|          10|
    |y_V_2_fu_596_p3              |  select  |      0|  0|  10|           1|          10|
    |y_V_3_fu_630_p3              |  select  |      0|  0|  10|           1|          10|
    |y_V_4_fu_664_p3              |  select  |      0|  0|  10|           1|          10|
    |y_V_fu_528_p3                |  select  |      0|  0|  10|           1|          10|
    |ap_enable_pp0                |    xor   |      0|  0|   2|           1|           2|
    |xor_ln340_1_fu_322_p2        |    xor   |      0|  0|   2|           1|           2|
    |xor_ln340_2_fu_378_p2        |    xor   |      0|  0|   2|           1|           2|
    |xor_ln340_3_fu_434_p2        |    xor   |      0|  0|   2|           1|           2|
    |xor_ln340_4_fu_490_p2        |    xor   |      0|  0|   2|           1|           2|
    |xor_ln340_5_fu_260_p2        |    xor   |      0|  0|   2|           1|           1|
    |xor_ln340_6_fu_316_p2        |    xor   |      0|  0|   2|           1|           1|
    |xor_ln340_7_fu_372_p2        |    xor   |      0|  0|   2|           1|           1|
    |xor_ln340_8_fu_428_p2        |    xor   |      0|  0|   2|           1|           1|
    |xor_ln340_9_fu_484_p2        |    xor   |      0|  0|   2|           1|           1|
    |xor_ln340_fu_266_p2          |    xor   |      0|  0|   2|           1|           2|
    |xor_ln786_1_fu_304_p2        |    xor   |      0|  0|   2|           1|           2|
    |xor_ln786_2_fu_360_p2        |    xor   |      0|  0|   2|           1|           2|
    |xor_ln786_3_fu_416_p2        |    xor   |      0|  0|   2|           1|           2|
    |xor_ln786_4_fu_472_p2        |    xor   |      0|  0|   2|           1|           2|
    |xor_ln786_fu_248_p2          |    xor   |      0|  0|   2|           1|           2|
    +-----------------------------+----------+-------+---+----+------------+------------+
    |Total                        |          |      0|  0| 484|         268|         474|
    +-----------------------------+----------+-------+---+----+------------+------------+

    * Multiplexer: 
    N/A

    * Register: 
    +-------------------------+----+----+-----+-----------+
    |           Name          | FF | LUT| Bits| Const Bits|
    +-------------------------+----+----+-----+-----------+
    |ap_CS_fsm                |   1|   0|    1|          0|
    |ap_enable_reg_pp0_iter1  |   1|   0|    1|          0|
    |ap_enable_reg_pp0_iter2  |   1|   0|    1|          0|
    |ap_enable_reg_pp0_iter3  |   1|   0|    1|          0|
    |exp_res_0_V_reg_910      |  18|   0|   18|          0|
    |exp_res_1_V_reg_915      |  18|   0|   18|          0|
    |exp_res_2_V_reg_920      |  18|   0|   18|          0|
    |exp_res_3_V_reg_925      |  18|   0|   18|          0|
    |exp_res_4_V_reg_930      |  18|   0|   18|          0|
    |y_V_1_reg_865            |  10|   0|   10|          0|
    |y_V_2_reg_870            |  10|   0|   10|          0|
    |y_V_3_reg_875            |  10|   0|   10|          0|
    |y_V_4_reg_880            |  10|   0|   10|          0|
    |y_V_reg_860              |  10|   0|   10|          0|
    +-------------------------+----+----+-----+-----------+
    |Total                    | 144|   0|  144|          0|
    +-------------------------+----+----+-----+-----------+



================================================================
== Interface
================================================================
* Summary: 
+---------------+-----+-----+------------+----------------------------------------------------------------+--------------+
|   RTL Ports   | Dir | Bits|  Protocol  |                          Source Object                         |    C Type    |
+---------------+-----+-----+------------+----------------------------------------------------------------+--------------+
|ap_clk         |  in |    1| ap_ctrl_hs | softmax_stable<ap_fixed,ap_fixed<16,6,5,3,0>,softmax_config13> | return value |
|ap_rst         |  in |    1| ap_ctrl_hs | softmax_stable<ap_fixed,ap_fixed<16,6,5,3,0>,softmax_config13> | return value |
|ap_start       |  in |    1| ap_ctrl_hs | softmax_stable<ap_fixed,ap_fixed<16,6,5,3,0>,softmax_config13> | return value |
|ap_done        | out |    1| ap_ctrl_hs | softmax_stable<ap_fixed,ap_fixed<16,6,5,3,0>,softmax_config13> | return value |
|ap_idle        | out |    1| ap_ctrl_hs | softmax_stable<ap_fixed,ap_fixed<16,6,5,3,0>,softmax_config13> | return value |
|ap_ready       | out |    1| ap_ctrl_hs | softmax_stable<ap_fixed,ap_fixed<16,6,5,3,0>,softmax_config13> | return value |
|ap_ce          |  in |    1| ap_ctrl_hs | softmax_stable<ap_fixed,ap_fixed<16,6,5,3,0>,softmax_config13> | return value |
|ap_return_0    | out |   16| ap_ctrl_hs | softmax_stable<ap_fixed,ap_fixed<16,6,5,3,0>,softmax_config13> | return value |
|ap_return_1    | out |   16| ap_ctrl_hs | softmax_stable<ap_fixed,ap_fixed<16,6,5,3,0>,softmax_config13> | return value |
|ap_return_2    | out |   16| ap_ctrl_hs | softmax_stable<ap_fixed,ap_fixed<16,6,5,3,0>,softmax_config13> | return value |
|ap_return_3    | out |   16| ap_ctrl_hs | softmax_stable<ap_fixed,ap_fixed<16,6,5,3,0>,softmax_config13> | return value |
|ap_return_4    | out |   16| ap_ctrl_hs | softmax_stable<ap_fixed,ap_fixed<16,6,5,3,0>,softmax_config13> | return value |
|data_0_V_read  |  in |   16|   ap_none  |                          data_0_V_read                         |    scalar    |
|data_1_V_read  |  in |   16|   ap_none  |                          data_1_V_read                         |    scalar    |
|data_2_V_read  |  in |   16|   ap_none  |                          data_2_V_read                         |    scalar    |
|data_3_V_read  |  in |   16|   ap_none  |                          data_3_V_read                         |    scalar    |
|data_4_V_read  |  in |   16|   ap_none  |                          data_4_V_read                         |    scalar    |
+---------------+-----+-----+------------+----------------------------------------------------------------+--------------+

