

================================================================
== Vivado HLS Report for 'dense_latency_0_0_0_0_0_0_0_0_0_0_0_0_0_0_0_0_0_0_0_0_0_0_0_0_0_0_0_0_0_0_0_0_0_s'
================================================================
* Date:           Fri Sep 22 02:39:43 2023

* Version:        2019.2 (Build 2704478 on Wed Nov 06 22:10:23 MST 2019)
* Project:        myproject_prj
* Solution:       solution1
* Product family: zynq
* Target device:  xc7z020-clg400-1


================================================================
== Performance Estimates
================================================================
+ Timing: 
    * Summary: 
    +--------+---------+----------+------------+
    |  Clock |  Target | Estimated| Uncertainty|
    +--------+---------+----------+------------+
    |ap_clk  | 5.00 ns | 4.535 ns |   0.62 ns  |
    +--------+---------+----------+------------+

+ Latency: 
    * Summary: 
    +---------+---------+-----------+-----------+-----+-----+----------+
    |  Latency (cycles) |   Latency (absolute)  |  Interval | Pipeline |
    |   min   |   max   |    min    |    max    | min | max |   Type   |
    +---------+---------+-----------+-----------+-----+-----+----------+
    |        9|        9| 45.000 ns | 45.000 ns |   10|   10| function |
    +---------+---------+-----------+-----------+-----+-----+----------+

    + Detail: 
        * Instance: 
        N/A

        * Loop: 
        N/A



================================================================
== Utilization Estimates
================================================================
* Summary: 
+-----------------+---------+-------+--------+-------+-----+
|       Name      | BRAM_18K| DSP48E|   FF   |  LUT  | URAM|
+-----------------+---------+-------+--------+-------+-----+
|DSP              |        -|      -|       -|      -|    -|
|Expression       |        -|      -|       0|   6691|    -|
|FIFO             |        -|      -|       -|      -|    -|
|Instance         |        -|      4|     268|      8|    -|
|Memory           |        -|      -|       -|      -|    -|
|Multiplexer      |        -|      -|       -|    316|    -|
|Register         |        -|      -|    4957|      -|    -|
+-----------------+---------+-------+--------+-------+-----+
|Total            |        0|      4|    5225|   7015|    0|
+-----------------+---------+-------+--------+-------+-----+
|Available        |      280|    220|  106400|  53200|    0|
+-----------------+---------+-------+--------+-------+-----+
|Utilization (%)  |        0|      1|       4|     13|    0|
+-----------------+---------+-------+--------+-------+-----+

+ Detail: 
    * Instance: 
    +------------------------------------+---------------------------------+---------+-------+----+----+-----+
    |              Instance              |              Module             | BRAM_18K| DSP48E| FF | LUT| URAM|
    +------------------------------------+---------------------------------+---------+-------+----+----+-----+
    |myproject_axi_mul_6s_16s_21_2_1_U2  |myproject_axi_mul_6s_16s_21_2_1  |        0|      1|  67|   2|    0|
    |myproject_axi_mul_7s_16s_21_2_1_U1  |myproject_axi_mul_7s_16s_21_2_1  |        0|      1|  67|   2|    0|
    |myproject_axi_mul_7s_16s_21_2_1_U3  |myproject_axi_mul_7s_16s_21_2_1  |        0|      1|  67|   2|    0|
    |myproject_axi_mul_7s_16s_21_2_1_U4  |myproject_axi_mul_7s_16s_21_2_1  |        0|      1|  67|   2|    0|
    +------------------------------------+---------------------------------+---------+-------+----+----+-----+
    |Total                               |                                 |        0|      4| 268|   8|    0|
    +------------------------------------+---------------------------------+---------+-------+----+----+-----+

    * DSP48E: 
    N/A

    * Memory: 
    N/A

    * FIFO: 
    N/A

    * Expression: 
    +---------------------------+----------+-------+---+----+------------+------------+
    |       Variable Name       | Operation| DSP48E| FF| LUT| Bitwidth P0| Bitwidth P1|
    +---------------------------+----------+-------+---+----+------------+------------+
    |acc_10_V_fu_5746_p2        |     +    |      0|  0|   8|          16|          16|
    |acc_11_V_fu_5102_p2        |     +    |      0|  0|   8|          16|          16|
    |acc_12_V_fu_6058_p2        |     +    |      0|  0|   8|          16|          16|
    |acc_14_V_fu_5761_p2        |     +    |      0|  0|   8|          16|          16|
    |acc_15_V_fu_5139_p2        |     +    |      0|  0|   8|          16|          16|
    |acc_17_V_fu_5153_p2        |     +    |      0|  0|   8|          16|          16|
    |acc_18_V_fu_6063_p2        |     +    |      0|  0|  17|           8|          13|
    |acc_19_V_fu_6073_p2        |     +    |      0|  0|  23|          16|          16|
    |acc_1_V_fu_5712_p2         |     +    |      0|  0|   8|          16|          16|
    |acc_20_V_fu_5775_p2        |     +    |      0|  0|  23|          16|          16|
    |acc_21_V_fu_5164_p2        |     +    |      0|  0|   8|          16|          16|
    |acc_22_V_fu_5786_p2        |     +    |      0|  0|   8|          16|          16|
    |acc_23_V_fu_5795_p2        |     +    |      0|  0|   8|          16|          16|
    |acc_24_V_fu_5209_p2        |     +    |      0|  0|   8|          16|          16|
    |acc_25_V_fu_5805_p2        |     +    |      0|  0|   8|          16|          16|
    |acc_26_V_fu_5815_p2        |     +    |      0|  0|   8|          16|          16|
    |acc_27_V_fu_5826_p2        |     +    |      0|  0|   8|          16|          16|
    |acc_28_V_fu_5835_p2        |     +    |      0|  0|   8|          16|          16|
    |acc_29_V_fu_5267_p2        |     +    |      0|  0|   8|          16|          16|
    |acc_2_V_fu_5012_p2         |     +    |      0|  0|   8|          16|          16|
    |acc_30_V_fu_5850_p2        |     +    |      0|  0|  23|          16|          16|
    |acc_31_V_fu_5281_p2        |     +    |      0|  0|   8|          16|          16|
    |acc_32_V_fu_5861_p2        |     +    |      0|  0|   8|          16|          16|
    |acc_35_V_fu_5872_p2        |     +    |      0|  0|   8|          16|          16|
    |acc_36_V_fu_5309_p2        |     +    |      0|  0|   8|          16|          16|
    |acc_37_V_fu_5319_p2        |     +    |      0|  0|   8|          16|          16|
    |acc_38_V_fu_5881_p2        |     +    |      0|  0|   8|          16|          16|
    |acc_39_V_fu_5348_p2        |     +    |      0|  0|   8|          16|          16|
    |acc_3_V_fu_5727_p2         |     +    |      0|  0|   8|          16|          16|
    |acc_40_V_fu_5360_p2        |     +    |      0|  0|   8|          16|          16|
    |acc_41_V_fu_5374_p2        |     +    |      0|  0|   8|          16|          16|
    |acc_42_V_fu_5890_p2        |     +    |      0|  0|   8|          16|          16|
    |acc_43_V_fu_5405_p2        |     +    |      0|  0|   8|          16|          16|
    |acc_44_V_fu_5416_p2        |     +    |      0|  0|   8|          16|          16|
    |acc_45_V_fu_5899_p2        |     +    |      0|  0|   8|          16|          16|
    |acc_46_V_fu_5908_p2        |     +    |      0|  0|   8|          16|          16|
    |acc_47_V_fu_5477_p2        |     +    |      0|  0|   8|          16|          16|
    |acc_48_V_fu_5917_p2        |     +    |      0|  0|   8|          16|          16|
    |acc_49_V_fu_6078_p2        |     +    |      0|  0|  23|           8|          16|
    |acc_4_V_fu_6040_p2         |     +    |      0|  0|  21|           7|          15|
    |acc_50_V_fu_5927_p2        |     +    |      0|  0|   8|          16|          16|
    |acc_51_V_fu_5937_p2        |     +    |      0|  0|   8|          16|          16|
    |acc_52_V_fu_5531_p2        |     +    |      0|  0|   8|          16|          16|
    |acc_53_V_fu_5947_p2        |     +    |      0|  0|   8|          16|          16|
    |acc_54_V_fu_5958_p2        |     +    |      0|  0|   8|          16|          16|
    |acc_55_V_fu_6093_p2        |     +    |      0|  0|   8|          16|          16|
    |acc_56_V_fu_5570_p2        |     +    |      0|  0|   8|          16|          16|
    |acc_57_V_fu_5968_p2        |     +    |      0|  0|   8|          16|          16|
    |acc_58_V_fu_5979_p2        |     +    |      0|  0|   8|          16|          16|
    |acc_59_V_fu_5990_p2        |     +    |      0|  0|   8|          16|          16|
    |acc_5_V_fu_5030_p2         |     +    |      0|  0|   8|          16|          16|
    |acc_60_V_fu_5999_p2        |     +    |      0|  0|   8|          16|          16|
    |acc_61_V_fu_6012_p2        |     +    |      0|  0|   8|          16|          16|
    |acc_62_V_fu_5626_p2        |     +    |      0|  0|   8|          16|          16|
    |acc_63_V_fu_6023_p2        |     +    |      0|  0|   8|          16|          16|
    |acc_6_V_fu_5737_p2         |     +    |      0|  0|   8|          16|          16|
    |acc_7_V_fu_5061_p2         |     +    |      0|  0|   8|          16|          16|
    |acc_9_V_fu_5074_p2         |     +    |      0|  0|   8|          16|          16|
    |add_ln1118_10_fu_2170_p2   |     +    |      0|  0|  26|          19|          19|
    |add_ln1118_11_fu_2317_p2   |     +    |      0|  0|  26|          19|          19|
    |add_ln1118_12_fu_2465_p2   |     +    |      0|  0|  27|          20|          20|
    |add_ln1118_13_fu_2567_p2   |     +    |      0|  0|  26|          19|          19|
    |add_ln1118_14_fu_4842_p2   |     +    |      0|  0|  27|          20|          20|
    |add_ln1118_15_fu_2846_p2   |     +    |      0|  0|  27|          20|          20|
    |add_ln1118_16_fu_2869_p2   |     +    |      0|  0|  27|          20|          20|
    |add_ln1118_17_fu_3191_p2   |     +    |      0|  0|  26|          19|          19|
    |add_ln1118_18_fu_3272_p2   |     +    |      0|  0|  27|          20|          20|
    |add_ln1118_19_fu_3423_p2   |     +    |      0|  0|  28|          21|          21|
    |add_ln1118_1_fu_4424_p2    |     +    |      0|  0|  28|          21|          21|
    |add_ln1118_20_fu_3504_p2   |     +    |      0|  0|  26|          19|          19|
    |add_ln1118_21_fu_3520_p2   |     +    |      0|  0|  28|          21|          21|
    |add_ln1118_22_fu_3603_p2   |     +    |      0|  0|  27|          20|          20|
    |add_ln1118_23_fu_3740_p2   |     +    |      0|  0|  27|          20|          20|
    |add_ln1118_2_fu_1453_p2    |     +    |      0|  0|  28|          21|          21|
    |add_ln1118_3_fu_1479_p2    |     +    |      0|  0|  27|          20|          20|
    |add_ln1118_4_fu_1499_p2    |     +    |      0|  0|  28|          21|          21|
    |add_ln1118_5_fu_1721_p2    |     +    |      0|  0|  28|          21|          21|
    |add_ln1118_6_fu_1777_p2    |     +    |      0|  0|  27|          20|          20|
    |add_ln1118_7_fu_1797_p2    |     +    |      0|  0|  28|          21|          21|
    |add_ln1118_8_fu_1952_p2    |     +    |      0|  0|  26|          19|          19|
    |add_ln1118_9_fu_2144_p2    |     +    |      0|  0|  28|          21|          21|
    |add_ln1118_fu_4348_p2      |     +    |      0|  0|  28|          21|          21|
    |add_ln703_460_fu_5695_p2   |     +    |      0|  0|   8|          16|          16|
    |add_ln703_461_fu_4984_p2   |     +    |      0|  0|  19|           7|          14|
    |add_ln703_462_fu_4994_p2   |     +    |      0|  0|  23|          16|          16|
    |add_ln703_463_fu_5699_p2   |     +    |      0|  0|   8|          16|          16|
    |add_ln703_464_fu_5704_p2   |     +    |      0|  0|   8|          16|          16|
    |add_ln703_465_fu_4999_p2   |     +    |      0|  0|  19|           9|          14|
    |add_ln703_467_fu_3809_p2   |     +    |      0|  0|  23|          16|          16|
    |add_ln703_468_fu_5005_p2   |     +    |      0|  0|   8|          16|          16|
    |add_ln703_469_fu_3815_p2   |     +    |      0|  0|  17|          13|          13|
    |add_ln703_470_fu_3825_p2   |     +    |      0|  0|  12|          10|          12|
    |add_ln703_471_fu_3835_p2   |     +    |      0|  0|  19|          14|          14|
    |add_ln703_473_fu_5018_p2   |     +    |      0|  0|  21|          15|          15|
    |add_ln703_474_fu_5721_p2   |     +    |      0|  0|   8|          10|          16|
    |add_ln703_477_fu_3841_p2   |     +    |      0|  0|  21|          15|          15|
    |add_ln703_478_fu_3847_p2   |     +    |      0|  0|  23|           8|          16|
    |add_ln703_479_fu_5026_p2   |     +    |      0|  0|   8|          16|          16|
    |add_ln703_481_fu_5036_p2   |     +    |      0|  0|  23|          16|          16|
    |add_ln703_482_fu_5733_p2   |     +    |      0|  0|   8|          16|          16|
    |add_ln703_483_fu_5042_p2   |     +    |      0|  0|   8|          16|          16|
    |add_ln703_484_fu_3853_p2   |     +    |      0|  0|  17|           8|          13|
    |add_ln703_485_fu_5050_p2   |     +    |      0|  0|   8|          16|          16|
    |add_ln703_487_fu_5056_p2   |     +    |      0|  0|   8|          16|          16|
    |add_ln703_488_fu_3859_p2   |     +    |      0|  0|  17|           9|          13|
    |add_ln703_489_fu_3869_p2   |     +    |      0|  0|  23|          16|          16|
    |add_ln703_491_fu_3875_p2   |     +    |      0|  0|  23|          16|          16|
    |add_ln703_492_fu_5066_p2   |     +    |      0|  0|   8|          16|          16|
    |add_ln703_493_fu_1144_p2   |     +    |      0|  0|  12|           9|          12|
    |add_ln703_494_fu_1154_p2   |     +    |      0|  0|  17|          13|          13|
    |add_ln703_496_fu_5080_p2   |     +    |      0|  0|  23|          16|          16|
    |add_ln703_497_fu_5742_p2   |     +    |      0|  0|   8|          16|          16|
    |add_ln703_498_fu_5086_p2   |     +    |      0|  0|   8|           9|          16|
    |add_ln703_499_fu_5091_p2   |     +    |      0|  0|   8|          16|          16|
    |add_ln703_501_fu_1264_p2   |     +    |      0|  0|  23|          16|          16|
    |add_ln703_502_fu_5097_p2   |     +    |      0|  0|   8|          16|          16|
    |add_ln703_503_fu_3881_p2   |     +    |      0|  0|  19|           8|          14|
    |add_ln703_504_fu_3891_p2   |     +    |      0|  0|  23|          16|          16|
    |add_ln703_506_fu_5751_p2   |     +    |      0|  0|  21|          15|          15|
    |add_ln703_507_fu_6053_p2   |     +    |      0|  0|   8|          16|          16|
    |add_ln703_508_fu_5107_p2   |     +    |      0|  0|   8|          10|          16|
    |add_ln703_509_fu_5112_p2   |     +    |      0|  0|   8|          16|          16|
    |add_ln703_511_fu_3897_p2   |     +    |      0|  0|  23|          16|          16|
    |add_ln703_512_fu_5757_p2   |     +    |      0|  0|   8|          16|          16|
    |add_ln703_513_fu_5117_p2   |     +    |      0|  0|   8|          16|          16|
    |add_ln703_514_fu_3903_p2   |     +    |      0|  0|  12|           7|          12|
    |add_ln703_515_fu_5125_p2   |     +    |      0|  0|   8|          16|          16|
    |add_ln703_517_fu_5131_p2   |     +    |      0|  0|   8|          16|          16|
    |add_ln703_518_fu_3909_p2   |     +    |      0|  0|  12|           9|          12|
    |add_ln703_519_fu_3918_p2   |     +    |      0|  0|  17|          13|          13|
    |add_ln703_521_fu_5145_p2   |     +    |      0|  0|   8|          16|          16|
    |add_ln703_522_fu_3924_p2   |     +    |      0|  0|  17|          11|          13|
    |add_ln703_526_fu_5766_p2   |     +    |      0|  0|  19|           7|          14|
    |add_ln703_528_fu_3930_p2   |     +    |      0|  0|  23|          16|          16|
    |add_ln703_529_fu_5159_p2   |     +    |      0|  0|   8|          16|          16|
    |add_ln703_530_fu_3936_p2   |     +    |      0|  0|  21|           9|          15|
    |add_ln703_531_fu_3946_p2   |     +    |      0|  0|  23|          16|          16|
    |add_ln703_533_fu_5169_p2   |     +    |      0|  0|  23|          16|          16|
    |add_ln703_534_fu_5781_p2   |     +    |      0|  0|   8|          16|          16|
    |add_ln703_535_fu_5173_p2   |     +    |      0|  0|   8|          16|          16|
    |add_ln703_536_fu_3952_p2   |     +    |      0|  0|  23|           9|          16|
    |add_ln703_537_fu_5178_p2   |     +    |      0|  0|   8|          16|          16|
    |add_ln703_539_fu_5183_p2   |     +    |      0|  0|  23|          16|          16|
    |add_ln703_540_fu_5791_p2   |     +    |      0|  0|   8|          16|          16|
    |add_ln703_541_fu_5189_p2   |     +    |      0|  0|  21|           7|          15|
    |add_ln703_542_fu_5199_p2   |     +    |      0|  0|  23|          16|          16|
    |add_ln703_544_fu_3958_p2   |     +    |      0|  0|  23|          16|          16|
    |add_ln703_545_fu_5205_p2   |     +    |      0|  0|   8|          16|          16|
    |add_ln703_546_fu_3964_p2   |     +    |      0|  0|  17|           7|          13|
    |add_ln703_547_fu_3974_p2   |     +    |      0|  0|  23|          16|          16|
    |add_ln703_549_fu_3980_p2   |     +    |      0|  0|  23|          16|          16|
    |add_ln703_550_fu_5800_p2   |     +    |      0|  0|   8|          16|          16|
    |add_ln703_551_fu_5214_p2   |     +    |      0|  0|  21|           7|          15|
    |add_ln703_552_fu_5224_p2   |     +    |      0|  0|  23|          16|          16|
    |add_ln703_554_fu_5810_p2   |     +    |      0|  0|   8|          16|          16|
    |add_ln703_555_fu_5230_p2   |     +    |      0|  0|  21|           8|          15|
    |add_ln703_556_fu_5240_p2   |     +    |      0|  0|  23|          16|          16|
    |add_ln703_558_fu_5820_p2   |     +    |      0|  0|   8|          16|          16|
    |add_ln703_559_fu_5246_p2   |     +    |      0|  0|  23|           8|          16|
    |add_ln703_561_fu_5831_p2   |     +    |      0|  0|   8|          16|          16|
    |add_ln703_562_fu_5251_p2   |     +    |      0|  0|   8|           7|          16|
    |add_ln703_563_fu_5256_p2   |     +    |      0|  0|   8|          16|          16|
    |add_ln703_565_fu_5262_p2   |     +    |      0|  0|   8|          10|          16|
    |add_ln703_567_fu_5840_p2   |     +    |      0|  0|  19|          10|          14|
    |add_ln703_569_fu_3986_p2   |     +    |      0|  0|  23|          16|          16|
    |add_ln703_570_fu_5273_p2   |     +    |      0|  0|   8|          16|          16|
    |add_ln703_571_fu_1160_p2   |     +    |      0|  0|  12|           8|          12|
    |add_ln703_572_fu_1170_p2   |     +    |      0|  0|  17|          13|          13|
    |add_ln703_574_fu_5287_p2   |     +    |      0|  0|  23|          16|          16|
    |add_ln703_575_fu_5856_p2   |     +    |      0|  0|   8|          16|          16|
    |add_ln703_576_fu_5293_p2   |     +    |      0|  0|   8|           9|          16|
    |add_ln703_577_fu_5299_p2   |     +    |      0|  0|   8|          16|          16|
    |add_ln703_579_fu_5866_p2   |     +    |      0|  0|   8|           8|          16|
    |add_ln703_581_fu_3992_p2   |     +    |      0|  0|  23|          16|          16|
    |add_ln703_582_fu_5305_p2   |     +    |      0|  0|   8|          16|          16|
    |add_ln703_583_fu_1270_p2   |     +    |      0|  0|   8|          16|          16|
    |add_ln703_584_fu_1233_p2   |     +    |      0|  0|  12|           6|          12|
    |add_ln703_585_fu_1279_p2   |     +    |      0|  0|   8|          16|          16|
    |add_ln703_587_fu_5314_p2   |     +    |      0|  0|   8|          16|          16|
    |add_ln703_588_fu_3998_p2   |     +    |      0|  0|  23|           9|          16|
    |add_ln703_590_fu_4004_p2   |     +    |      0|  0|  23|          16|          16|
    |add_ln703_591_fu_5324_p2   |     +    |      0|  0|  23|          16|          16|
    |add_ln703_592_fu_5877_p2   |     +    |      0|  0|   8|          16|          16|
    |add_ln703_593_fu_5330_p2   |     +    |      0|  0|   8|          16|          16|
    |add_ln703_594_fu_4010_p2   |     +    |      0|  0|  17|           9|          13|
    |add_ln703_595_fu_4020_p2   |     +    |      0|  0|  19|          14|          14|
    |add_ln703_596_fu_5338_p2   |     +    |      0|  0|   8|          16|          16|
    |add_ln703_598_fu_4026_p2   |     +    |      0|  0|  23|          16|          16|
    |add_ln703_599_fu_5344_p2   |     +    |      0|  0|   8|          16|          16|
    |add_ln703_600_fu_4032_p2   |     +    |      0|  0|  21|           8|          15|
    |add_ln703_601_fu_4042_p2   |     +    |      0|  0|  23|          16|          16|
    |add_ln703_603_fu_4048_p2   |     +    |      0|  0|  23|          16|          16|
    |add_ln703_604_fu_5353_p2   |     +    |      0|  0|   8|          16|          16|
    |add_ln703_605_fu_1204_p2   |     +    |      0|  0|   8|          14|          14|
    |add_ln703_606_fu_1176_p2   |     +    |      0|  0|  12|           6|          12|
    |add_ln703_607_fu_1213_p2   |     +    |      0|  0|   8|          14|          14|
    |add_ln703_609_fu_4054_p2   |     +    |      0|  0|  21|          15|          15|
    |add_ln703_610_fu_4060_p2   |     +    |      0|  0|  23|           9|          16|
    |add_ln703_611_fu_5369_p2   |     +    |      0|  0|   8|          16|          16|
    |add_ln703_613_fu_5380_p2   |     +    |      0|  0|  23|          16|          16|
    |add_ln703_614_fu_5886_p2   |     +    |      0|  0|   8|          16|          16|
    |add_ln703_615_fu_5386_p2   |     +    |      0|  0|   8|           8|          16|
    |add_ln703_616_fu_5391_p2   |     +    |      0|  0|   8|          16|          16|
    |add_ln703_618_fu_5397_p2   |     +    |      0|  0|   8|          16|          16|
    |add_ln703_619_fu_4066_p2   |     +    |      0|  0|  21|           8|          15|
    |add_ln703_621_fu_5411_p2   |     +    |      0|  0|   8|          10|          16|
    |add_ln703_623_fu_5422_p2   |     +    |      0|  0|  23|          16|          16|
    |add_ln703_624_fu_5428_p2   |     +    |      0|  0|   8|          16|          16|
    |add_ln703_625_fu_5434_p2   |     +    |      0|  0|   8|          16|          16|
    |add_ln703_626_fu_5895_p2   |     +    |      0|  0|   8|          16|          16|
    |add_ln703_627_fu_4072_p2   |     +    |      0|  0|  21|          15|          15|
    |add_ln703_628_fu_4078_p2   |     +    |      0|  0|  23|           7|          16|
    |add_ln703_629_fu_5443_p2   |     +    |      0|  0|   8|          16|          16|
    |add_ln703_630_fu_5448_p2   |     +    |      0|  0|   8|          16|          16|
    |add_ln703_632_fu_5454_p2   |     +    |      0|  0|  23|          16|          16|
    |add_ln703_633_fu_5904_p2   |     +    |      0|  0|   8|          16|          16|
    |add_ln703_634_fu_5460_p2   |     +    |      0|  0|   8|           9|          16|
    |add_ln703_635_fu_5465_p2   |     +    |      0|  0|   8|          16|          16|
    |add_ln703_637_fu_5471_p2   |     +    |      0|  0|   8|          16|          16|
    |add_ln703_638_fu_4084_p2   |     +    |      0|  0|  23|           6|          16|
    |add_ln703_640_fu_5913_p2   |     +    |      0|  0|   8|          16|          16|
    |add_ln703_641_fu_5482_p2   |     +    |      0|  0|   8|          16|          16|
    |add_ln703_642_fu_5488_p2   |     +    |      0|  0|   8|          16|          16|
    |add_ln703_645_fu_5922_p2   |     +    |      0|  0|   8|          16|          16|
    |add_ln703_646_fu_5494_p2   |     +    |      0|  0|   8|           9|          16|
    |add_ln703_647_fu_5499_p2   |     +    |      0|  0|   8|          16|          16|
    |add_ln703_649_fu_5505_p2   |     +    |      0|  0|  23|          16|          16|
    |add_ln703_650_fu_5932_p2   |     +    |      0|  0|   8|          16|          16|
    |add_ln703_651_fu_5511_p2   |     +    |      0|  0|   8|          16|          16|
    |add_ln703_652_fu_4090_p2   |     +    |      0|  0|  23|           6|          16|
    |add_ln703_653_fu_5517_p2   |     +    |      0|  0|   8|          16|          16|
    |add_ln703_655_fu_5522_p2   |     +    |      0|  0|   8|          16|          16|
    |add_ln703_656_fu_4096_p2   |     +    |      0|  0|  12|           7|          12|
    |add_ln703_657_fu_4106_p2   |     +    |      0|  0|  21|          15|          15|
    |add_ln703_659_fu_5942_p2   |     +    |      0|  0|   8|          16|          16|
    |add_ln703_660_fu_5537_p2   |     +    |      0|  0|   8|           9|          16|
    |add_ln703_661_fu_5542_p2   |     +    |      0|  0|   8|          16|          16|
    |add_ln703_663_fu_5952_p2   |     +    |      0|  0|   8|          16|          16|
    |add_ln703_664_fu_5548_p2   |     +    |      0|  0|   8|           6|          16|
    |add_ln703_665_fu_5553_p2   |     +    |      0|  0|   8|          16|          16|
    |add_ln703_667_fu_5559_p2   |     +    |      0|  0|  21|          15|          15|
    |add_ln703_668_fu_6087_p2   |     +    |      0|  0|   8|          10|          16|
    |add_ln703_670_fu_5565_p2   |     +    |      0|  0|   8|          16|          16|
    |add_ln703_671_fu_1239_p2   |     +    |      0|  0|  17|           8|          13|
    |add_ln703_672_fu_1249_p2   |     +    |      0|  0|  23|          16|          16|
    |add_ln703_674_fu_5575_p2   |     +    |      0|  0|  23|          16|          16|
    |add_ln703_675_fu_5963_p2   |     +    |      0|  0|   8|          16|          16|
    |add_ln703_676_fu_4112_p2   |     +    |      0|  0|  12|           7|          12|
    |add_ln703_677_fu_4122_p2   |     +    |      0|  0|  23|          16|          16|
    |add_ln703_679_fu_5973_p2   |     +    |      0|  0|   8|           9|          16|
    |add_ln703_681_fu_5580_p2   |     +    |      0|  0|  23|          16|          16|
    |add_ln703_682_fu_5985_p2   |     +    |      0|  0|   8|          16|          16|
    |add_ln703_683_fu_5584_p2   |     +    |      0|  0|  21|           9|          15|
    |add_ln703_684_fu_5594_p2   |     +    |      0|  0|  23|          16|          16|
    |add_ln703_686_fu_5995_p2   |     +    |      0|  0|   8|          16|          16|
    |add_ln703_687_fu_5599_p2   |     +    |      0|  0|   8|           8|          16|
    |add_ln703_688_fu_5605_p2   |     +    |      0|  0|   8|          16|          16|
    |add_ln703_690_fu_5610_p2   |     +    |      0|  0|  21|          15|          15|
    |add_ln703_691_fu_5616_p2   |     +    |      0|  0|  23|          10|          16|
    |add_ln703_692_fu_6007_p2   |     +    |      0|  0|   8|          16|          16|
    |add_ln703_694_fu_5621_p2   |     +    |      0|  0|   8|          16|          16|
    |add_ln703_695_fu_4128_p2   |     +    |      0|  0|  23|           8|          16|
    |add_ln703_697_fu_6018_p2   |     +    |      0|  0|   8|          16|          16|
    |add_ln703_698_fu_5631_p2   |     +    |      0|  0|   8|          16|          16|
    |add_ln703_699_fu_5636_p2   |     +    |      0|  0|   8|          16|          16|
    |add_ln703_fu_4978_p2       |     +    |      0|  0|  23|          16|          16|
    |sub_ln1118_173_fu_4150_p2  |     -    |      0|  0|  26|          19|          19|
    |sub_ln1118_174_fu_4185_p2  |     -    |      0|  0|  28|          21|          21|
    |sub_ln1118_175_fu_4212_p2  |     -    |      0|  0|  28|          21|          21|
    |sub_ln1118_176_fu_4255_p2  |     -    |      0|  0|  27|           1|          20|
    |sub_ln1118_177_fu_4271_p2  |     -    |      0|  0|  28|          21|          21|
    |sub_ln1118_178_fu_4287_p2  |     -    |      0|  0|  26|           1|          19|
    |sub_ln1118_179_fu_4293_p2  |     -    |      0|  0|  26|          19|          19|
    |sub_ln1118_180_fu_4364_p2  |     -    |      0|  0|   8|           1|          19|
    |sub_ln1118_181_fu_4370_p2  |     -    |      0|  0|   8|          19|          19|
    |sub_ln1118_182_fu_4401_p2  |     -    |      0|  0|  25|           1|          18|
    |sub_ln1118_183_fu_4440_p2  |     -    |      0|  0|  26|          19|          19|
    |sub_ln1118_184_fu_1402_p2  |     -    |      0|  0|  27|           1|          20|
    |sub_ln1118_185_fu_1408_p2  |     -    |      0|  0|  27|          20|          20|
    |sub_ln1118_186_fu_1514_p2  |     -    |      0|  0|  28|          21|          21|
    |sub_ln1118_187_fu_1530_p2  |     -    |      0|  0|  28|          21|          21|
    |sub_ln1118_188_fu_1545_p2  |     -    |      0|  0|  27|          20|          20|
    |sub_ln1118_189_fu_1561_p2  |     -    |      0|  0|  28|          21|          21|
    |sub_ln1118_190_fu_1584_p2  |     -    |      0|  0|  28|          21|          21|
    |sub_ln1118_191_fu_1600_p2  |     -    |      0|  0|  28|           1|          21|
    |sub_ln1118_192_fu_1627_p2  |     -    |      0|  0|  26|           1|          19|
    |sub_ln1118_193_fu_1643_p2  |     -    |      0|  0|  28|          21|          21|
    |sub_ln1118_194_fu_4483_p2  |     -    |      0|  0|  28|          21|          21|
    |sub_ln1118_195_fu_4498_p2  |     -    |      0|  0|  28|          21|          21|
    |sub_ln1118_196_fu_1683_p2  |     -    |      0|  0|  27|          20|          20|
    |sub_ln1118_197_fu_1706_p2  |     -    |      0|  0|  28|          21|          21|
    |sub_ln1118_198_fu_1736_p2  |     -    |      0|  0|   8|           1|          20|
    |sub_ln1118_199_fu_1761_p2  |     -    |      0|  0|   8|          20|          20|
    |sub_ln1118_200_fu_1813_p2  |     -    |      0|  0|  25|           1|          18|
    |sub_ln1118_201_fu_4538_p2  |     -    |      0|  0|  28|           1|          21|
    |sub_ln1118_202_fu_4553_p2  |     -    |      0|  0|  26|           1|          19|
    |sub_ln1118_203_fu_4573_p2  |     -    |      0|  0|  26|          19|          19|
    |sub_ln1118_204_fu_1849_p2  |     -    |      0|  0|  28|           1|          21|
    |sub_ln1118_205_fu_4593_p2  |     -    |      0|  0|  28|          21|          21|
    |sub_ln1118_206_fu_1866_p2  |     -    |      0|  0|  26|          19|          19|
    |sub_ln1118_207_fu_1905_p2  |     -    |      0|  0|  28|          21|          21|
    |sub_ln1118_208_fu_1932_p2  |     -    |      0|  0|  27|          20|          20|
    |sub_ln1118_209_fu_1968_p2  |     -    |      0|  0|  28|          21|          21|
    |sub_ln1118_210_fu_1984_p2  |     -    |      0|  0|  27|          20|          20|
    |sub_ln1118_211_fu_2030_p2  |     -    |      0|  0|  28|          21|          21|
    |sub_ln1118_212_fu_2045_p2  |     -    |      0|  0|   8|           1|          19|
    |sub_ln1118_213_fu_2051_p2  |     -    |      0|  0|   8|          19|          19|
    |sub_ln1118_214_fu_2067_p2  |     -    |      0|  0|  28|          21|          21|
    |sub_ln1118_215_fu_2082_p2  |     -    |      0|  0|  25|           1|          18|
    |sub_ln1118_216_fu_2098_p2  |     -    |      0|  0|  27|          20|          20|
    |sub_ln1118_217_fu_2114_p2  |     -    |      0|  0|  28|          21|          21|
    |sub_ln1118_218_fu_2197_p2  |     -    |      0|  0|  27|           1|          20|
    |sub_ln1118_219_fu_2224_p2  |     -    |      0|  0|  27|          20|          20|
    |sub_ln1118_220_fu_2243_p2  |     -    |      0|  0|  26|           1|          19|
    |sub_ln1118_221_fu_2262_p2  |     -    |      0|  0|  28|           1|          21|
    |sub_ln1118_222_fu_2298_p2  |     -    |      0|  0|  26|          19|          19|
    |sub_ln1118_223_fu_4669_p2  |     -    |      0|  0|  27|          20|          20|
    |sub_ln1118_224_fu_2349_p2  |     -    |      0|  0|   8|           1|          19|
    |sub_ln1118_225_fu_2355_p2  |     -    |      0|  0|   8|          19|          19|
    |sub_ln1118_226_fu_4698_p2  |     -    |      0|  0|  25|           1|          18|
    |sub_ln1118_227_fu_4718_p2  |     -    |      0|  0|  27|          20|          20|
    |sub_ln1118_228_fu_2385_p2  |     -    |      0|  0|  26|           1|          19|
    |sub_ln1118_229_fu_2416_p2  |     -    |      0|  0|  27|          20|          20|
    |sub_ln1118_230_fu_2435_p2  |     -    |      0|  0|  27|          20|          20|
    |sub_ln1118_231_fu_2499_p2  |     -    |      0|  0|  27|          20|          20|
    |sub_ln1118_232_fu_1304_p2  |     -    |      0|  0|   8|           1|          19|
    |sub_ln1118_233_fu_1310_p2  |     -    |      0|  0|   8|          19|          19|
    |sub_ln1118_234_fu_2518_p2  |     -    |      0|  0|  25|           1|          18|
    |sub_ln1118_235_fu_2551_p2  |     -    |      0|  0|  26|           1|          19|
    |sub_ln1118_236_fu_4787_p2  |     -    |      0|  0|  27|          20|          20|
    |sub_ln1118_237_fu_2598_p2  |     -    |      0|  0|  28|          21|          21|
    |sub_ln1118_238_fu_4807_p2  |     -    |      0|  0|  28|          21|          21|
    |sub_ln1118_239_fu_4822_p2  |     -    |      0|  0|  27|          20|          20|
    |sub_ln1118_240_fu_2614_p2  |     -    |      0|  0|   8|           1|          21|
    |sub_ln1118_241_fu_2620_p2  |     -    |      0|  0|   8|          21|          21|
    |sub_ln1118_242_fu_2656_p2  |     -    |      0|  0|  26|          19|          19|
    |sub_ln1118_243_fu_2690_p2  |     -    |      0|  0|  27|           1|          20|
    |sub_ln1118_244_fu_2721_p2  |     -    |      0|  0|  25|           1|          18|
    |sub_ln1118_245_fu_2741_p2  |     -    |      0|  0|  27|          20|          20|
    |sub_ln1118_246_fu_2757_p2  |     -    |      0|  0|  27|          20|          20|
    |sub_ln1118_247_fu_2773_p2  |     -    |      0|  0|  27|          20|          20|
    |sub_ln1118_248_fu_2789_p2  |     -    |      0|  0|  26|           1|          19|
    |sub_ln1118_249_fu_2830_p2  |     -    |      0|  0|  27|          20|          20|
    |sub_ln1118_250_fu_2885_p2  |     -    |      0|  0|  27|          20|          20|
    |sub_ln1118_251_fu_2901_p2  |     -    |      0|  0|  27|          20|          20|
    |sub_ln1118_252_fu_4917_p2  |     -    |      0|  0|  28|          21|          21|
    |sub_ln1118_253_fu_2957_p2  |     -    |      0|  0|  27|          20|          20|
    |sub_ln1118_254_fu_2973_p2  |     -    |      0|  0|  25|           1|          18|
    |sub_ln1118_255_fu_2993_p2  |     -    |      0|  0|  27|          20|          20|
    |sub_ln1118_256_fu_3024_p2  |     -    |      0|  0|  26|           1|          19|
    |sub_ln1118_257_fu_3044_p2  |     -    |      0|  0|  26|          19|          19|
    |sub_ln1118_258_fu_3071_p2  |     -    |      0|  0|  28|          21|          21|
    |sub_ln1118_259_fu_3087_p2  |     -    |      0|  0|   8|           1|          21|
    |sub_ln1118_260_fu_3093_p2  |     -    |      0|  0|   8|          21|          21|
    |sub_ln1118_261_fu_3137_p2  |     -    |      0|  0|  27|          20|          20|
    |sub_ln1118_262_fu_3207_p2  |     -    |      0|  0|   8|           1|          19|
    |sub_ln1118_263_fu_3213_p2  |     -    |      0|  0|   8|          19|          19|
    |sub_ln1118_264_fu_3229_p2  |     -    |      0|  0|  26|          19|          19|
    |sub_ln1118_265_fu_3256_p2  |     -    |      0|  0|  28|           1|          21|
    |sub_ln1118_266_fu_3324_p2  |     -    |      0|  0|  28|          21|          21|
    |sub_ln1118_267_fu_3347_p2  |     -    |      0|  0|  28|          21|          21|
    |sub_ln1118_268_fu_3362_p2  |     -    |      0|  0|  28|           1|          21|
    |sub_ln1118_269_fu_3378_p2  |     -    |      0|  0|  28|          21|          21|
    |sub_ln1118_270_fu_3393_p2  |     -    |      0|  0|  28|          21|          21|
    |sub_ln1118_271_fu_3439_p2  |     -    |      0|  0|  26|           1|          19|
    |sub_ln1118_272_fu_3455_p2  |     -    |      0|  0|  28|          21|          21|
    |sub_ln1118_273_fu_3482_p2  |     -    |      0|  0|   8|           1|          20|
    |sub_ln1118_274_fu_3488_p2  |     -    |      0|  0|   8|          20|          20|
    |sub_ln1118_275_fu_3535_p2  |     -    |      0|  0|  25|           1|          18|
    |sub_ln1118_276_fu_3551_p2  |     -    |      0|  0|  26|          19|          19|
    |sub_ln1118_277_fu_3567_p2  |     -    |      0|  0|  26|          19|          19|
    |sub_ln1118_278_fu_3587_p2  |     -    |      0|  0|  28|           1|          21|
    |sub_ln1118_279_fu_1356_p2  |     -    |      0|  0|  28|           1|          21|
    |sub_ln1118_280_fu_3628_p2  |     -    |      0|  0|  28|          21|          21|
    |sub_ln1118_281_fu_3657_p2  |     -    |      0|  0|  28|          21|          21|
    |sub_ln1118_282_fu_3683_p2  |     -    |      0|  0|  27|          20|          20|
    |sub_ln1118_283_fu_3718_p2  |     -    |      0|  0|   8|           1|          19|
    |sub_ln1118_284_fu_3724_p2  |     -    |      0|  0|   8|          19|          19|
    |sub_ln1118_285_fu_3763_p2  |     -    |      0|  0|  28|          21|          21|
    |sub_ln1118_286_fu_3778_p2  |     -    |      0|  0|  27|          20|          20|
    |sub_ln1118_287_fu_3794_p2  |     -    |      0|  0|  28|          21|          21|
    |sub_ln1118_30_fu_1365_p2   |     -    |      0|  0|  24|           1|          17|
    |sub_ln1118_31_fu_4516_p2   |     -    |      0|  0|  24|           1|          17|
    |sub_ln1118_32_fu_2004_p2   |     -    |      0|  0|  24|           1|          17|
    |sub_ln1118_33_fu_2333_p2   |     -    |      0|  0|  24|           1|          17|
    |sub_ln1118_34_fu_4858_p2   |     -    |      0|  0|  24|           1|          17|
    |sub_ln1118_35_fu_3157_p2   |     -    |      0|  0|  24|           1|          17|
    |sub_ln1118_36_fu_1329_p2   |     -    |      0|  0|  24|           1|          17|
    |sub_ln1118_fu_4228_p2      |     -    |      0|  0|  24|           1|          17|
    +---------------------------+----------+-------+---+----+------------+------------+
    |Total                      |          |      0|  0|6691|        5475|        6682|
    +---------------------------+----------+-------+---+----+------------+------------+

    * Multiplexer: 
    +---------------+----+-----------+-----+-----------+
    |      Name     | LUT| Input Size| Bits| Total Bits|
    +---------------+----+-----------+-----+-----------+
    |ap_NS_fsm      |  50|         11|    1|         11|
    |grp_fu_322_p0  |  27|          5|    7|         35|
    |grp_fu_322_p1  |  41|          8|   16|        128|
    |grp_fu_323_p0  |  27|          5|    6|         30|
    |grp_fu_323_p1  |  41|          8|   16|        128|
    |grp_fu_324_p0  |  27|          5|    7|         35|
    |grp_fu_324_p1  |  38|          7|   16|        112|
    |grp_fu_325_p0  |  27|          5|    7|         35|
    |grp_fu_325_p1  |  38|          7|   16|        112|
    +---------------+----+-----------+-----+-----------+
    |Total          | 316|         61|   92|        626|
    +---------------+----+-----------+-----+-----------+

    * Register: 
    +--------------------------+----+----+-----+-----------+
    |           Name           | FF | LUT| Bits| Const Bits|
    +--------------------------+----+----+-----+-----------+
    |acc_10_V_reg_7991         |  16|   0|   16|          0|
    |acc_11_V_reg_7706         |  16|   0|   16|          0|
    |acc_14_V_reg_8001         |  16|   0|   16|          0|
    |acc_15_V_reg_7721         |  16|   0|   16|          0|
    |acc_17_V_reg_7726         |  16|   0|   16|          0|
    |acc_1_V_reg_7976          |  16|   0|   16|          0|
    |acc_20_V_reg_8006         |  16|   0|   16|          0|
    |acc_21_V_reg_7731         |  16|   0|   16|          0|
    |acc_22_V_reg_8011         |  16|   0|   16|          0|
    |acc_23_V_reg_8016         |  16|   0|   16|          0|
    |acc_24_V_reg_7756         |  16|   0|   16|          0|
    |acc_25_V_reg_8021         |  16|   0|   16|          0|
    |acc_26_V_reg_8026         |  16|   0|   16|          0|
    |acc_27_V_reg_8031         |  16|   0|   16|          0|
    |acc_28_V_reg_8036         |  16|   0|   16|          0|
    |acc_29_V_reg_7781         |  16|   0|   16|          0|
    |acc_2_V_reg_7661          |  16|   0|   16|          0|
    |acc_30_V_reg_8041         |  16|   0|   16|          0|
    |acc_31_V_reg_7786         |  16|   0|   16|          0|
    |acc_32_V_reg_8046         |  16|   0|   16|          0|
    |acc_35_V_reg_8051         |  16|   0|   16|          0|
    |acc_36_V_reg_7801         |  16|   0|   16|          0|
    |acc_37_V_reg_7806         |  16|   0|   16|          0|
    |acc_38_V_reg_8056         |  16|   0|   16|          0|
    |acc_39_V_reg_7821         |  16|   0|   16|          0|
    |acc_3_V_reg_7981          |  16|   0|   16|          0|
    |acc_40_V_reg_7826         |  16|   0|   16|          0|
    |acc_41_V_reg_7831         |  16|   0|   16|          0|
    |acc_42_V_reg_8061         |  16|   0|   16|          0|
    |acc_43_V_reg_7846         |  16|   0|   16|          0|
    |acc_44_V_reg_7851         |  16|   0|   16|          0|
    |acc_45_V_reg_8066         |  16|   0|   16|          0|
    |acc_46_V_reg_8071         |  16|   0|   16|          0|
    |acc_47_V_reg_7881         |  16|   0|   16|          0|
    |acc_48_V_reg_8076         |  16|   0|   16|          0|
    |acc_50_V_reg_8081         |  16|   0|   16|          0|
    |acc_51_V_reg_8086         |  16|   0|   16|          0|
    |acc_52_V_reg_7906         |  16|   0|   16|          0|
    |acc_53_V_reg_8091         |  16|   0|   16|          0|
    |acc_54_V_reg_8096         |  16|   0|   16|          0|
    |acc_56_V_reg_7926         |  16|   0|   16|          0|
    |acc_57_V_reg_8101         |  16|   0|   16|          0|
    |acc_58_V_reg_8106         |  16|   0|   16|          0|
    |acc_59_V_reg_8111         |  16|   0|   16|          0|
    |acc_5_V_reg_7671          |  16|   0|   16|          0|
    |acc_60_V_reg_8116         |  16|   0|   16|          0|
    |acc_61_V_reg_8121         |  16|   0|   16|          0|
    |acc_62_V_reg_7961         |  16|   0|   16|          0|
    |acc_63_V_reg_8126         |  16|   0|   16|          0|
    |acc_6_V_reg_7986          |  16|   0|   16|          0|
    |acc_7_V_reg_7686          |  16|   0|   16|          0|
    |acc_9_V_reg_7691          |  16|   0|   16|          0|
    |add_ln703_462_reg_7651    |  16|   0|   16|          0|
    |add_ln703_463_reg_7971    |  16|   0|   16|          0|
    |add_ln703_465_reg_7656    |  14|   0|   14|          0|
    |add_ln703_467_reg_7348    |  16|   0|   16|          0|
    |add_ln703_471_reg_7353    |  14|   0|   14|          0|
    |add_ln703_473_reg_7666    |  15|   0|   15|          0|
    |add_ln703_477_reg_7358    |  15|   0|   15|          0|
    |add_ln703_478_reg_7363    |  16|   0|   16|          0|
    |add_ln703_481_reg_7676    |  16|   0|   16|          0|
    |add_ln703_484_reg_7368    |  13|   0|   13|          0|
    |add_ln703_485_reg_7681    |  16|   0|   16|          0|
    |add_ln703_489_reg_7373    |  16|   0|   16|          0|
    |add_ln703_491_reg_7378    |  16|   0|   16|          0|
    |add_ln703_494_reg_6734    |  13|   0|   13|          0|
    |add_ln703_496_reg_7696    |  16|   0|   16|          0|
    |add_ln703_499_reg_7701    |  16|   0|   16|          0|
    |add_ln703_501_reg_6820    |  16|   0|   16|          0|
    |add_ln703_504_reg_7383    |  16|   0|   16|          0|
    |add_ln703_506_reg_7996    |  15|   0|   15|          0|
    |add_ln703_509_reg_7711    |  16|   0|   16|          0|
    |add_ln703_511_reg_7388    |  16|   0|   16|          0|
    |add_ln703_514_reg_7393    |  12|   0|   12|          0|
    |add_ln703_515_reg_7716    |  16|   0|   16|          0|
    |add_ln703_519_reg_7398    |  13|   0|   13|          0|
    |add_ln703_522_reg_7403    |  13|   0|   13|          0|
    |add_ln703_528_reg_7408    |  16|   0|   16|          0|
    |add_ln703_531_reg_7413    |  16|   0|   16|          0|
    |add_ln703_533_reg_7736    |  16|   0|   16|          0|
    |add_ln703_536_reg_7418    |  16|   0|   16|          0|
    |add_ln703_537_reg_7741    |  16|   0|   16|          0|
    |add_ln703_539_reg_7746    |  16|   0|   16|          0|
    |add_ln703_542_reg_7751    |  16|   0|   16|          0|
    |add_ln703_544_reg_7423    |  16|   0|   16|          0|
    |add_ln703_547_reg_7428    |  16|   0|   16|          0|
    |add_ln703_549_reg_7433    |  16|   0|   16|          0|
    |add_ln703_552_reg_7761    |  16|   0|   16|          0|
    |add_ln703_556_reg_7766    |  16|   0|   16|          0|
    |add_ln703_559_reg_7771    |  16|   0|   16|          0|
    |add_ln703_563_reg_7776    |  16|   0|   16|          0|
    |add_ln703_569_reg_7438    |  16|   0|   16|          0|
    |add_ln703_572_reg_6739    |  13|   0|   13|          0|
    |add_ln703_574_reg_7791    |  16|   0|   16|          0|
    |add_ln703_577_reg_7796    |  16|   0|   16|          0|
    |add_ln703_581_reg_7443    |  16|   0|   16|          0|
    |add_ln703_584_reg_6796    |  12|   0|   12|          0|
    |add_ln703_585_reg_6825    |  16|   0|   16|          0|
    |add_ln703_588_reg_7448    |  16|   0|   16|          0|
    |add_ln703_590_reg_7453    |  16|   0|   16|          0|
    |add_ln703_591_reg_7811    |  16|   0|   16|          0|
    |add_ln703_595_reg_7458    |  14|   0|   14|          0|
    |add_ln703_596_reg_7816    |  16|   0|   16|          0|
    |add_ln703_598_reg_7463    |  16|   0|   16|          0|
    |add_ln703_601_reg_7468    |  16|   0|   16|          0|
    |add_ln703_603_reg_7473    |  16|   0|   16|          0|
    |add_ln703_606_reg_6744    |  12|   0|   12|          0|
    |add_ln703_607_reg_6771    |  14|   0|   14|          0|
    |add_ln703_609_reg_7478    |  15|   0|   15|          0|
    |add_ln703_610_reg_7483    |  16|   0|   16|          0|
    |add_ln703_613_reg_7836    |  16|   0|   16|          0|
    |add_ln703_616_reg_7841    |  16|   0|   16|          0|
    |add_ln703_619_reg_7488    |  15|   0|   15|          0|
    |add_ln703_623_reg_7856    |  16|   0|   16|          0|
    |add_ln703_625_reg_7861    |  16|   0|   16|          0|
    |add_ln703_627_reg_7493    |  15|   0|   15|          0|
    |add_ln703_628_reg_7498    |  16|   0|   16|          0|
    |add_ln703_630_reg_7866    |  16|   0|   16|          0|
    |add_ln703_632_reg_7871    |  16|   0|   16|          0|
    |add_ln703_635_reg_7876    |  16|   0|   16|          0|
    |add_ln703_638_reg_7503    |  16|   0|   16|          0|
    |add_ln703_642_reg_7886    |  16|   0|   16|          0|
    |add_ln703_647_reg_7891    |  16|   0|   16|          0|
    |add_ln703_649_reg_7896    |  16|   0|   16|          0|
    |add_ln703_652_reg_7508    |  16|   0|   16|          0|
    |add_ln703_653_reg_7901    |  16|   0|   16|          0|
    |add_ln703_657_reg_7513    |  15|   0|   15|          0|
    |add_ln703_661_reg_7911    |  16|   0|   16|          0|
    |add_ln703_665_reg_7916    |  16|   0|   16|          0|
    |add_ln703_667_reg_7921    |  15|   0|   15|          0|
    |add_ln703_672_reg_6801    |  16|   0|   16|          0|
    |add_ln703_674_reg_7931    |  16|   0|   16|          0|
    |add_ln703_677_reg_7518    |  16|   0|   16|          0|
    |add_ln703_681_reg_7936    |  16|   0|   16|          0|
    |add_ln703_684_reg_7941    |  16|   0|   16|          0|
    |add_ln703_688_reg_7946    |  16|   0|   16|          0|
    |add_ln703_690_reg_7951    |  15|   0|   15|          0|
    |add_ln703_691_reg_7956    |  16|   0|   16|          0|
    |add_ln703_695_reg_7523    |  16|   0|   16|          0|
    |add_ln703_699_reg_7966    |  16|   0|   16|          0|
    |add_ln703_reg_7646        |  16|   0|   16|          0|
    |ap_CS_fsm                 |  10|   0|   10|          0|
    |mult_1004_V_reg_7332      |  16|   0|   16|          0|
    |mult_1013_V_reg_7343      |  16|   0|   16|          0|
    |mult_10_V_reg_7528        |  16|   0|   16|          0|
    |mult_12_V_reg_7533        |  16|   0|   16|          0|
    |mult_134_V_reg_6891       |  16|   0|   16|          0|
    |mult_151_V_reg_6901       |  16|   0|   16|          0|
    |mult_152_V_reg_6906       |  16|   0|   16|          0|
    |mult_164_V_reg_6916       |  16|   0|   16|          0|
    |mult_174_V_reg_6922       |  16|   0|   16|          0|
    |mult_176_V_reg_6830       |  16|   0|   16|          0|
    |mult_184_V_reg_6933       |  16|   0|   16|          0|
    |mult_194_V_reg_6835       |  16|   0|   16|          0|
    |mult_200_V_reg_7580       |  16|   0|   16|          0|
    |mult_206_V_reg_6950       |  16|   0|   16|          0|
    |mult_209_V_reg_6956       |  16|   0|   16|          0|
    |mult_215_V_reg_7590       |  16|   0|   16|          0|
    |mult_231_V_reg_6840       |  16|   0|   16|          0|
    |mult_232_V_reg_6966       |  16|   0|   16|          0|
    |mult_240_V_reg_6845       |  16|   0|   16|          0|
    |mult_257_V_reg_7596       |  16|   0|   16|          0|
    |mult_263_V_reg_6981       |  16|   0|   16|          0|
    |mult_268_V_reg_6997       |  16|   0|   16|          0|
    |mult_284_V_reg_7601       |  16|   0|   16|          0|
    |mult_309_V_reg_7022       |  16|   0|   16|          0|
    |mult_318_V_reg_7027       |  16|   0|   16|          0|
    |mult_332_V_reg_7032       |  16|   0|   16|          0|
    |mult_380_V_reg_7057       |  16|   0|   16|          0|
    |mult_42_V_reg_7549        |  16|   0|   16|          0|
    |mult_485_V_reg_7611       |  16|   0|   16|          0|
    |mult_510_V_reg_6776       |  16|   0|   16|          0|
    |mult_598_V_reg_7132       |  16|   0|   16|          0|
    |mult_611_V_reg_7621       |  16|   0|   16|          0|
    |mult_635_V_reg_7137       |  16|   0|   16|          0|
    |mult_64_V_reg_7564        |  16|   0|   16|          0|
    |mult_730_V_reg_7636       |  16|   0|   16|          0|
    |mult_767_V_reg_7641       |  16|   0|   16|          0|
    |mult_804_V_reg_7197       |  16|   0|   16|          0|
    |mult_818_V_reg_7207       |  16|   0|   16|          0|
    |mult_831_V_reg_7212       |  16|   0|   16|          0|
    |mult_837_V_reg_7217       |  16|   0|   16|          0|
    |mult_869_V_reg_7242       |  16|   0|   16|          0|
    |mult_896_V_reg_7247       |  16|   0|   16|          0|
    |mult_898_V_reg_7252       |  16|   0|   16|          0|
    |mult_901_V_reg_7261       |  16|   0|   16|          0|
    |mult_902_V_reg_6791       |  16|   0|   16|          0|
    |mult_905_V_reg_7267       |  16|   0|   16|          0|
    |mult_920_V_reg_7272       |  16|   0|   16|          0|
    |mult_925_V_reg_7282       |  16|   0|   16|          0|
    |mult_938_V_reg_7297       |  16|   0|   16|          0|
    |mult_955_V_reg_7312       |  16|   0|   16|          0|
    |mult_957_V_reg_6815       |  16|   0|   16|          0|
    |mult_970_V_reg_7322       |  16|   0|   16|          0|
    |reg_634                   |  16|   0|   16|          0|
    |reg_638                   |  16|   0|   16|          0|
    |reg_642                   |  16|   0|   16|          0|
    |reg_646                   |  16|   0|   16|          0|
    |reg_650                   |  16|   0|   16|          0|
    |reg_654                   |  16|   0|   16|          0|
    |reg_658                   |  16|   0|   16|          0|
    |reg_662                   |  16|   0|   16|          0|
    |reg_666                   |  16|   0|   16|          0|
    |sext_ln1118_104_reg_7127  |  17|   0|   21|          4|
    |sext_ln1118_127_reg_6700  |  21|   0|   21|          0|
    |sext_ln1118_136_reg_6723  |  21|   0|   21|          0|
    |sext_ln1118_140_reg_6869  |  17|   0|   21|          4|
    |sext_ln1118_49_reg_6447   |  21|   0|   21|          0|
    |sext_ln1118_58_reg_6806   |  21|   0|   21|          0|
    |sext_ln1118_61_reg_6938   |  17|   0|   21|          4|
    |sext_ln1118_70_reg_6850   |  21|   0|   21|          0|
    |sext_ln1118_94_reg_6760   |  21|   0|   21|          0|
    |sext_ln203_75_reg_7087    |  15|   0|   15|          0|
    |sext_ln203_78_reg_6587    |  12|   0|   12|          0|
    |sext_ln203_80_reg_7616    |  14|   0|   14|          0|
    |sext_ln708_72_reg_6749    |  21|   0|   21|          0|
    |sext_ln708_reg_6506       |  21|   0|   21|          0|
    |sub_ln1118_204_reg_6976   |  17|   0|   21|          4|
    |sub_ln1118_279_reg_6875   |  17|   0|   21|          4|
    |tmp_10_reg_6633           |  16|   0|   16|          0|
    |tmp_11_reg_6653           |  16|   0|   16|          0|
    |tmp_12_reg_6669           |  16|   0|   16|          0|
    |tmp_13_reg_6689           |  16|   0|   16|          0|
    |tmp_14_reg_6712           |  16|   0|   16|          0|
    |tmp_1_reg_6559            |  16|   0|   16|          0|
    |tmp_2_reg_6577            |  16|   0|   16|          0|
    |tmp_3_reg_6597            |  16|   0|   16|          0|
    |tmp_4_reg_6614            |  16|   0|   16|          0|
    |tmp_5_reg_6422            |  16|   0|   16|          0|
    |tmp_619_reg_7539          |  12|   0|   12|          0|
    |tmp_620_reg_7585          |  12|   0|   12|          0|
    |tmp_624_reg_7077          |  14|   0|   14|          0|
    |tmp_625_reg_7117          |  14|   0|   14|          0|
    |tmp_627_reg_7227          |  14|   0|   14|          0|
    |tmp_628_reg_7277          |  14|   0|   14|          0|
    |tmp_630_reg_6864          |  12|   0|   12|          0|
    |tmp_6_reg_6437            |  16|   0|   16|          0|
    |tmp_7_reg_6467            |  16|   0|   16|          0|
    |tmp_8_reg_6480            |  16|   0|   16|          0|
    |tmp_9_reg_6497            |  16|   0|   16|          0|
    |tmp_s_reg_6527            |  16|   0|   16|          0|
    |trunc_ln203_reg_6411      |  16|   0|   16|          0|
    |trunc_ln708_213_reg_7554  |  14|   0|   14|          0|
    |trunc_ln708_214_reg_7559  |  14|   0|   14|          0|
    |trunc_ln708_215_reg_7569  |  14|   0|   14|          0|
    |trunc_ln708_217_reg_6881  |  12|   0|   12|          0|
    |trunc_ln708_218_reg_6432  |  13|   0|   13|          0|
    |trunc_ln708_219_reg_7575  |  14|   0|   14|          0|
    |trunc_ln708_220_reg_6886  |  15|   0|   15|          0|
    |trunc_ln708_221_reg_6457  |  11|   0|   11|          0|
    |trunc_ln708_222_reg_6896  |  15|   0|   15|          0|
    |trunc_ln708_224_reg_6911  |  15|   0|   15|          0|
    |trunc_ln708_225_reg_6462  |  13|   0|   13|          0|
    |trunc_ln708_226_reg_6927  |  14|   0|   14|          0|
    |trunc_ln708_228_reg_6945  |  15|   0|   15|          0|
    |trunc_ln708_229_reg_6961  |  15|   0|   15|          0|
    |trunc_ln708_231_reg_6971  |  13|   0|   13|          0|
    |trunc_ln708_232_reg_6492  |  15|   0|   15|          0|
    |trunc_ln708_233_reg_6987  |  15|   0|   15|          0|
    |trunc_ln708_234_reg_6992  |  14|   0|   14|          0|
    |trunc_ln708_236_reg_7002  |  12|   0|   12|          0|
    |trunc_ln708_237_reg_7007  |  14|   0|   14|          0|
    |trunc_ln708_239_reg_7012  |  13|   0|   13|          0|
    |trunc_ln708_240_reg_7017  |  15|   0|   15|          0|
    |trunc_ln708_242_reg_7037  |  14|   0|   14|          0|
    |trunc_ln708_243_reg_7042  |  15|   0|   15|          0|
    |trunc_ln708_244_reg_6512  |  13|   0|   13|          0|
    |trunc_ln708_245_reg_7047  |  15|   0|   15|          0|
    |trunc_ln708_246_reg_6517  |  14|   0|   14|          0|
    |trunc_ln708_247_reg_7052  |  14|   0|   14|          0|
    |trunc_ln708_248_reg_6522  |  11|   0|   11|          0|
    |trunc_ln708_249_reg_6538  |  12|   0|   12|          0|
    |trunc_ln708_250_reg_7062  |  14|   0|   14|          0|
    |trunc_ln708_251_reg_6544  |  13|   0|   13|          0|
    |trunc_ln708_253_reg_6549  |  14|   0|   14|          0|
    |trunc_ln708_254_reg_6554  |  11|   0|   11|          0|
    |trunc_ln708_255_reg_7067  |  14|   0|   14|          0|
    |trunc_ln708_256_reg_7072  |  12|   0|   12|          0|
    |trunc_ln708_258_reg_7606  |  15|   0|   15|          0|
    |trunc_ln708_259_reg_7082  |  14|   0|   14|          0|
    |trunc_ln708_260_reg_7092  |  15|   0|   15|          0|
    |trunc_ln708_261_reg_6567  |  11|   0|   11|          0|
    |trunc_ln708_262_reg_7097  |  15|   0|   15|          0|
    |trunc_ln708_263_reg_6572  |  12|   0|   12|          0|
    |trunc_ln708_264_reg_7102  |  15|   0|   15|          0|
    |trunc_ln708_266_reg_6592  |  12|   0|   12|          0|
    |trunc_ln708_267_reg_7107  |  15|   0|   15|          0|
    |trunc_ln708_268_reg_6859  |  14|   0|   14|          0|
    |trunc_ln708_269_reg_7112  |  13|   0|   13|          0|
    |trunc_ln708_270_reg_6609  |  13|   0|   13|          0|
    |trunc_ln708_271_reg_7122  |  14|   0|   14|          0|
    |trunc_ln708_274_reg_7626  |  15|   0|   15|          0|
    |trunc_ln708_275_reg_7631  |  12|   0|   12|          0|
    |trunc_ln708_276_reg_6623  |  12|   0|   12|          0|
    |trunc_ln708_278_reg_6628  |  14|   0|   14|          0|
    |trunc_ln708_280_reg_7142  |  15|   0|   15|          0|
    |trunc_ln708_282_reg_7147  |  15|   0|   15|          0|
    |trunc_ln708_283_reg_7152  |  15|   0|   15|          0|
    |trunc_ln708_284_reg_7157  |  15|   0|   15|          0|
    |trunc_ln708_285_reg_7162  |  14|   0|   14|          0|
    |trunc_ln708_286_reg_7167  |  15|   0|   15|          0|
    |trunc_ln708_288_reg_6643  |  13|   0|   13|          0|
    |trunc_ln708_289_reg_7172  |  15|   0|   15|          0|
    |trunc_ln708_290_reg_6648  |  11|   0|   11|          0|
    |trunc_ln708_291_reg_7177  |  15|   0|   15|          0|
    |trunc_ln708_292_reg_7182  |  15|   0|   15|          0|
    |trunc_ln708_293_reg_6664  |  13|   0|   13|          0|
    |trunc_ln708_294_reg_7192  |  15|   0|   15|          0|
    |trunc_ln708_297_reg_7202  |  14|   0|   14|          0|
    |trunc_ln708_299_reg_7222  |  12|   0|   12|          0|
    |trunc_ln708_300_reg_6679  |  12|   0|   12|          0|
    |trunc_ln708_301_reg_6684  |  14|   0|   14|          0|
    |trunc_ln708_302_reg_7232  |  14|   0|   14|          0|
    |trunc_ln708_303_reg_7237  |  14|   0|   14|          0|
    |trunc_ln708_305_reg_7287  |  15|   0|   15|          0|
    |trunc_ln708_306_reg_7292  |  14|   0|   14|          0|
    |trunc_ln708_307_reg_7302  |  13|   0|   13|          0|
    |trunc_ln708_308_reg_7307  |  14|   0|   14|          0|
    |trunc_ln708_309_reg_7317  |  15|   0|   15|          0|
    |trunc_ln708_311_reg_7327  |  14|   0|   14|          0|
    |trunc_ln708_313_reg_6729  |  14|   0|   14|          0|
    |trunc_ln708_314_reg_7338  |  15|   0|   15|          0|
    |trunc_ln708_s_reg_7544    |  15|   0|   15|          0|
    +--------------------------+----+----+-----+-----------+
    |Total                     |4957|   0| 4977|         20|
    +--------------------------+----+----+-----+-----------+



================================================================
== Interface
================================================================
* Summary: 
+--------------+-----+-----+------------+----------------------------------------------------------------------------------+--------------+
|   RTL Ports  | Dir | Bits|  Protocol  |                                   Source Object                                  |    C Type    |
+--------------+-----+-----+------------+----------------------------------------------------------------------------------+--------------+
|ap_clk        |  in |    1| ap_ctrl_hs | dense_latency.0.0.0.0.0.0.0.0.0.0.0.0.0.0.0.0.0.0.0.0.0.0.0.0.0.0.0.0.0.0.0.0.0. | return value |
|ap_rst        |  in |    1| ap_ctrl_hs | dense_latency.0.0.0.0.0.0.0.0.0.0.0.0.0.0.0.0.0.0.0.0.0.0.0.0.0.0.0.0.0.0.0.0.0. | return value |
|ap_start      |  in |    1| ap_ctrl_hs | dense_latency.0.0.0.0.0.0.0.0.0.0.0.0.0.0.0.0.0.0.0.0.0.0.0.0.0.0.0.0.0.0.0.0.0. | return value |
|ap_done       | out |    1| ap_ctrl_hs | dense_latency.0.0.0.0.0.0.0.0.0.0.0.0.0.0.0.0.0.0.0.0.0.0.0.0.0.0.0.0.0.0.0.0.0. | return value |
|ap_idle       | out |    1| ap_ctrl_hs | dense_latency.0.0.0.0.0.0.0.0.0.0.0.0.0.0.0.0.0.0.0.0.0.0.0.0.0.0.0.0.0.0.0.0.0. | return value |
|ap_ready      | out |    1| ap_ctrl_hs | dense_latency.0.0.0.0.0.0.0.0.0.0.0.0.0.0.0.0.0.0.0.0.0.0.0.0.0.0.0.0.0.0.0.0.0. | return value |
|ap_return_0   | out |   16| ap_ctrl_hs | dense_latency.0.0.0.0.0.0.0.0.0.0.0.0.0.0.0.0.0.0.0.0.0.0.0.0.0.0.0.0.0.0.0.0.0. | return value |
|ap_return_1   | out |   16| ap_ctrl_hs | dense_latency.0.0.0.0.0.0.0.0.0.0.0.0.0.0.0.0.0.0.0.0.0.0.0.0.0.0.0.0.0.0.0.0.0. | return value |
|ap_return_2   | out |   16| ap_ctrl_hs | dense_latency.0.0.0.0.0.0.0.0.0.0.0.0.0.0.0.0.0.0.0.0.0.0.0.0.0.0.0.0.0.0.0.0.0. | return value |
|ap_return_3   | out |   16| ap_ctrl_hs | dense_latency.0.0.0.0.0.0.0.0.0.0.0.0.0.0.0.0.0.0.0.0.0.0.0.0.0.0.0.0.0.0.0.0.0. | return value |
|ap_return_4   | out |   16| ap_ctrl_hs | dense_latency.0.0.0.0.0.0.0.0.0.0.0.0.0.0.0.0.0.0.0.0.0.0.0.0.0.0.0.0.0.0.0.0.0. | return value |
|ap_return_5   | out |   16| ap_ctrl_hs | dense_latency.0.0.0.0.0.0.0.0.0.0.0.0.0.0.0.0.0.0.0.0.0.0.0.0.0.0.0.0.0.0.0.0.0. | return value |
|ap_return_6   | out |   16| ap_ctrl_hs | dense_latency.0.0.0.0.0.0.0.0.0.0.0.0.0.0.0.0.0.0.0.0.0.0.0.0.0.0.0.0.0.0.0.0.0. | return value |
|ap_return_7   | out |   16| ap_ctrl_hs | dense_latency.0.0.0.0.0.0.0.0.0.0.0.0.0.0.0.0.0.0.0.0.0.0.0.0.0.0.0.0.0.0.0.0.0. | return value |
|ap_return_8   | out |   16| ap_ctrl_hs | dense_latency.0.0.0.0.0.0.0.0.0.0.0.0.0.0.0.0.0.0.0.0.0.0.0.0.0.0.0.0.0.0.0.0.0. | return value |
|ap_return_9   | out |   16| ap_ctrl_hs | dense_latency.0.0.0.0.0.0.0.0.0.0.0.0.0.0.0.0.0.0.0.0.0.0.0.0.0.0.0.0.0.0.0.0.0. | return value |
|ap_return_10  | out |   16| ap_ctrl_hs | dense_latency.0.0.0.0.0.0.0.0.0.0.0.0.0.0.0.0.0.0.0.0.0.0.0.0.0.0.0.0.0.0.0.0.0. | return value |
|ap_return_11  | out |   16| ap_ctrl_hs | dense_latency.0.0.0.0.0.0.0.0.0.0.0.0.0.0.0.0.0.0.0.0.0.0.0.0.0.0.0.0.0.0.0.0.0. | return value |
|ap_return_12  | out |   16| ap_ctrl_hs | dense_latency.0.0.0.0.0.0.0.0.0.0.0.0.0.0.0.0.0.0.0.0.0.0.0.0.0.0.0.0.0.0.0.0.0. | return value |
|ap_return_13  | out |   16| ap_ctrl_hs | dense_latency.0.0.0.0.0.0.0.0.0.0.0.0.0.0.0.0.0.0.0.0.0.0.0.0.0.0.0.0.0.0.0.0.0. | return value |
|ap_return_14  | out |   16| ap_ctrl_hs | dense_latency.0.0.0.0.0.0.0.0.0.0.0.0.0.0.0.0.0.0.0.0.0.0.0.0.0.0.0.0.0.0.0.0.0. | return value |
|ap_return_15  | out |   16| ap_ctrl_hs | dense_latency.0.0.0.0.0.0.0.0.0.0.0.0.0.0.0.0.0.0.0.0.0.0.0.0.0.0.0.0.0.0.0.0.0. | return value |
|ap_return_16  | out |   16| ap_ctrl_hs | dense_latency.0.0.0.0.0.0.0.0.0.0.0.0.0.0.0.0.0.0.0.0.0.0.0.0.0.0.0.0.0.0.0.0.0. | return value |
|ap_return_17  | out |   16| ap_ctrl_hs | dense_latency.0.0.0.0.0.0.0.0.0.0.0.0.0.0.0.0.0.0.0.0.0.0.0.0.0.0.0.0.0.0.0.0.0. | return value |
|ap_return_18  | out |   16| ap_ctrl_hs | dense_latency.0.0.0.0.0.0.0.0.0.0.0.0.0.0.0.0.0.0.0.0.0.0.0.0.0.0.0.0.0.0.0.0.0. | return value |
|ap_return_19  | out |   16| ap_ctrl_hs | dense_latency.0.0.0.0.0.0.0.0.0.0.0.0.0.0.0.0.0.0.0.0.0.0.0.0.0.0.0.0.0.0.0.0.0. | return value |
|ap_return_20  | out |   16| ap_ctrl_hs | dense_latency.0.0.0.0.0.0.0.0.0.0.0.0.0.0.0.0.0.0.0.0.0.0.0.0.0.0.0.0.0.0.0.0.0. | return value |
|ap_return_21  | out |   16| ap_ctrl_hs | dense_latency.0.0.0.0.0.0.0.0.0.0.0.0.0.0.0.0.0.0.0.0.0.0.0.0.0.0.0.0.0.0.0.0.0. | return value |
|ap_return_22  | out |   16| ap_ctrl_hs | dense_latency.0.0.0.0.0.0.0.0.0.0.0.0.0.0.0.0.0.0.0.0.0.0.0.0.0.0.0.0.0.0.0.0.0. | return value |
|ap_return_23  | out |   16| ap_ctrl_hs | dense_latency.0.0.0.0.0.0.0.0.0.0.0.0.0.0.0.0.0.0.0.0.0.0.0.0.0.0.0.0.0.0.0.0.0. | return value |
|ap_return_24  | out |   16| ap_ctrl_hs | dense_latency.0.0.0.0.0.0.0.0.0.0.0.0.0.0.0.0.0.0.0.0.0.0.0.0.0.0.0.0.0.0.0.0.0. | return value |
|ap_return_25  | out |   16| ap_ctrl_hs | dense_latency.0.0.0.0.0.0.0.0.0.0.0.0.0.0.0.0.0.0.0.0.0.0.0.0.0.0.0.0.0.0.0.0.0. | return value |
|ap_return_26  | out |   16| ap_ctrl_hs | dense_latency.0.0.0.0.0.0.0.0.0.0.0.0.0.0.0.0.0.0.0.0.0.0.0.0.0.0.0.0.0.0.0.0.0. | return value |
|ap_return_27  | out |   16| ap_ctrl_hs | dense_latency.0.0.0.0.0.0.0.0.0.0.0.0.0.0.0.0.0.0.0.0.0.0.0.0.0.0.0.0.0.0.0.0.0. | return value |
|ap_return_28  | out |   16| ap_ctrl_hs | dense_latency.0.0.0.0.0.0.0.0.0.0.0.0.0.0.0.0.0.0.0.0.0.0.0.0.0.0.0.0.0.0.0.0.0. | return value |
|ap_return_29  | out |   16| ap_ctrl_hs | dense_latency.0.0.0.0.0.0.0.0.0.0.0.0.0.0.0.0.0.0.0.0.0.0.0.0.0.0.0.0.0.0.0.0.0. | return value |
|ap_return_30  | out |   16| ap_ctrl_hs | dense_latency.0.0.0.0.0.0.0.0.0.0.0.0.0.0.0.0.0.0.0.0.0.0.0.0.0.0.0.0.0.0.0.0.0. | return value |
|ap_return_31  | out |   16| ap_ctrl_hs | dense_latency.0.0.0.0.0.0.0.0.0.0.0.0.0.0.0.0.0.0.0.0.0.0.0.0.0.0.0.0.0.0.0.0.0. | return value |
|ap_return_32  | out |   16| ap_ctrl_hs | dense_latency.0.0.0.0.0.0.0.0.0.0.0.0.0.0.0.0.0.0.0.0.0.0.0.0.0.0.0.0.0.0.0.0.0. | return value |
|ap_return_33  | out |   16| ap_ctrl_hs | dense_latency.0.0.0.0.0.0.0.0.0.0.0.0.0.0.0.0.0.0.0.0.0.0.0.0.0.0.0.0.0.0.0.0.0. | return value |
|ap_return_34  | out |   16| ap_ctrl_hs | dense_latency.0.0.0.0.0.0.0.0.0.0.0.0.0.0.0.0.0.0.0.0.0.0.0.0.0.0.0.0.0.0.0.0.0. | return value |
|ap_return_35  | out |   16| ap_ctrl_hs | dense_latency.0.0.0.0.0.0.0.0.0.0.0.0.0.0.0.0.0.0.0.0.0.0.0.0.0.0.0.0.0.0.0.0.0. | return value |
|ap_return_36  | out |   16| ap_ctrl_hs | dense_latency.0.0.0.0.0.0.0.0.0.0.0.0.0.0.0.0.0.0.0.0.0.0.0.0.0.0.0.0.0.0.0.0.0. | return value |
|ap_return_37  | out |   16| ap_ctrl_hs | dense_latency.0.0.0.0.0.0.0.0.0.0.0.0.0.0.0.0.0.0.0.0.0.0.0.0.0.0.0.0.0.0.0.0.0. | return value |
|ap_return_38  | out |   16| ap_ctrl_hs | dense_latency.0.0.0.0.0.0.0.0.0.0.0.0.0.0.0.0.0.0.0.0.0.0.0.0.0.0.0.0.0.0.0.0.0. | return value |
|ap_return_39  | out |   16| ap_ctrl_hs | dense_latency.0.0.0.0.0.0.0.0.0.0.0.0.0.0.0.0.0.0.0.0.0.0.0.0.0.0.0.0.0.0.0.0.0. | return value |
|ap_return_40  | out |   16| ap_ctrl_hs | dense_latency.0.0.0.0.0.0.0.0.0.0.0.0.0.0.0.0.0.0.0.0.0.0.0.0.0.0.0.0.0.0.0.0.0. | return value |
|ap_return_41  | out |   16| ap_ctrl_hs | dense_latency.0.0.0.0.0.0.0.0.0.0.0.0.0.0.0.0.0.0.0.0.0.0.0.0.0.0.0.0.0.0.0.0.0. | return value |
|ap_return_42  | out |   16| ap_ctrl_hs | dense_latency.0.0.0.0.0.0.0.0.0.0.0.0.0.0.0.0.0.0.0.0.0.0.0.0.0.0.0.0.0.0.0.0.0. | return value |
|ap_return_43  | out |   16| ap_ctrl_hs | dense_latency.0.0.0.0.0.0.0.0.0.0.0.0.0.0.0.0.0.0.0.0.0.0.0.0.0.0.0.0.0.0.0.0.0. | return value |
|ap_return_44  | out |   16| ap_ctrl_hs | dense_latency.0.0.0.0.0.0.0.0.0.0.0.0.0.0.0.0.0.0.0.0.0.0.0.0.0.0.0.0.0.0.0.0.0. | return value |
|ap_return_45  | out |   16| ap_ctrl_hs | dense_latency.0.0.0.0.0.0.0.0.0.0.0.0.0.0.0.0.0.0.0.0.0.0.0.0.0.0.0.0.0.0.0.0.0. | return value |
|ap_return_46  | out |   16| ap_ctrl_hs | dense_latency.0.0.0.0.0.0.0.0.0.0.0.0.0.0.0.0.0.0.0.0.0.0.0.0.0.0.0.0.0.0.0.0.0. | return value |
|ap_return_47  | out |   16| ap_ctrl_hs | dense_latency.0.0.0.0.0.0.0.0.0.0.0.0.0.0.0.0.0.0.0.0.0.0.0.0.0.0.0.0.0.0.0.0.0. | return value |
|ap_return_48  | out |   16| ap_ctrl_hs | dense_latency.0.0.0.0.0.0.0.0.0.0.0.0.0.0.0.0.0.0.0.0.0.0.0.0.0.0.0.0.0.0.0.0.0. | return value |
|ap_return_49  | out |   16| ap_ctrl_hs | dense_latency.0.0.0.0.0.0.0.0.0.0.0.0.0.0.0.0.0.0.0.0.0.0.0.0.0.0.0.0.0.0.0.0.0. | return value |
|ap_return_50  | out |   16| ap_ctrl_hs | dense_latency.0.0.0.0.0.0.0.0.0.0.0.0.0.0.0.0.0.0.0.0.0.0.0.0.0.0.0.0.0.0.0.0.0. | return value |
|ap_return_51  | out |   16| ap_ctrl_hs | dense_latency.0.0.0.0.0.0.0.0.0.0.0.0.0.0.0.0.0.0.0.0.0.0.0.0.0.0.0.0.0.0.0.0.0. | return value |
|ap_return_52  | out |   16| ap_ctrl_hs | dense_latency.0.0.0.0.0.0.0.0.0.0.0.0.0.0.0.0.0.0.0.0.0.0.0.0.0.0.0.0.0.0.0.0.0. | return value |
|ap_return_53  | out |   16| ap_ctrl_hs | dense_latency.0.0.0.0.0.0.0.0.0.0.0.0.0.0.0.0.0.0.0.0.0.0.0.0.0.0.0.0.0.0.0.0.0. | return value |
|ap_return_54  | out |   16| ap_ctrl_hs | dense_latency.0.0.0.0.0.0.0.0.0.0.0.0.0.0.0.0.0.0.0.0.0.0.0.0.0.0.0.0.0.0.0.0.0. | return value |
|ap_return_55  | out |   16| ap_ctrl_hs | dense_latency.0.0.0.0.0.0.0.0.0.0.0.0.0.0.0.0.0.0.0.0.0.0.0.0.0.0.0.0.0.0.0.0.0. | return value |
|ap_return_56  | out |   16| ap_ctrl_hs | dense_latency.0.0.0.0.0.0.0.0.0.0.0.0.0.0.0.0.0.0.0.0.0.0.0.0.0.0.0.0.0.0.0.0.0. | return value |
|ap_return_57  | out |   16| ap_ctrl_hs | dense_latency.0.0.0.0.0.0.0.0.0.0.0.0.0.0.0.0.0.0.0.0.0.0.0.0.0.0.0.0.0.0.0.0.0. | return value |
|ap_return_58  | out |   16| ap_ctrl_hs | dense_latency.0.0.0.0.0.0.0.0.0.0.0.0.0.0.0.0.0.0.0.0.0.0.0.0.0.0.0.0.0.0.0.0.0. | return value |
|ap_return_59  | out |   16| ap_ctrl_hs | dense_latency.0.0.0.0.0.0.0.0.0.0.0.0.0.0.0.0.0.0.0.0.0.0.0.0.0.0.0.0.0.0.0.0.0. | return value |
|ap_return_60  | out |   16| ap_ctrl_hs | dense_latency.0.0.0.0.0.0.0.0.0.0.0.0.0.0.0.0.0.0.0.0.0.0.0.0.0.0.0.0.0.0.0.0.0. | return value |
|ap_ce         |  in |    1| ap_ctrl_hs | dense_latency.0.0.0.0.0.0.0.0.0.0.0.0.0.0.0.0.0.0.0.0.0.0.0.0.0.0.0.0.0.0.0.0.0. | return value |
|data_V_read   |  in |  256|   ap_none  |                                    data_V_read                                   |    scalar    |
+--------------+-----+-----+------------+----------------------------------------------------------------------------------+--------------+

