

================================================================
== Vivado HLS Report for 'dense_latency_0_0_0_0_0_0_0_0_0_0_0_0_0_0_0_0_0_0_0_0_0_0_0_0_0_0_0_0_0_0_0_0_0'
================================================================
* Date:           Fri Sep 22 02:39:59 2023

* Version:        2019.2 (Build 2704478 on Wed Nov 06 22:10:23 MST 2019)
* Project:        myproject_prj
* Solution:       solution1
* Product family: zynq
* Target device:  xc7z020-clg400-1


================================================================
== Performance Estimates
================================================================
+ Timing: 
    * Summary: 
    +--------+---------+----------+------------+
    |  Clock |  Target | Estimated| Uncertainty|
    +--------+---------+----------+------------+
    |ap_clk  | 5.00 ns | 3.845 ns |   0.62 ns  |
    +--------+---------+----------+------------+

+ Latency: 
    * Summary: 
    +---------+---------+-----------+-----------+-----+-----+----------+
    |  Latency (cycles) |   Latency (absolute)  |  Interval | Pipeline |
    |   min   |   max   |    min    |    max    | min | max |   Type   |
    +---------+---------+-----------+-----------+-----+-----+----------+
    |       14|       14| 70.000 ns | 70.000 ns |   15|   15| function |
    +---------+---------+-----------+-----------+-----+-----+----------+

    + Detail: 
        * Instance: 
        N/A

        * Loop: 
        N/A



================================================================
== Utilization Estimates
================================================================
* Summary: 
+-----------------+---------+-------+--------+-------+-----+
|       Name      | BRAM_18K| DSP48E|   FF   |  LUT  | URAM|
+-----------------+---------+-------+--------+-------+-----+
|DSP              |        -|      -|       -|      -|    -|
|Expression       |        -|      0|       0|   4851|    -|
|FIFO             |        -|      -|       -|      -|    -|
|Instance         |        -|      -|       -|      -|    -|
|Memory           |        -|      -|       -|      -|    -|
|Multiplexer      |        -|      -|       -|    449|    -|
|Register         |        -|      -|    3099|      -|    -|
+-----------------+---------+-------+--------+-------+-----+
|Total            |        0|      0|    3099|   5300|    0|
+-----------------+---------+-------+--------+-------+-----+
|Available        |      280|    220|  106400|  53200|    0|
+-----------------+---------+-------+--------+-------+-----+
|Utilization (%)  |        0|      0|       2|      9|    0|
+-----------------+---------+-------+--------+-------+-----+

+ Detail: 
    * Instance: 
    N/A

    * DSP48E: 
    N/A

    * Memory: 
    N/A

    * FIFO: 
    N/A

    * Expression: 
    +---------------------------+----------+-------+---+----+------------+------------+
    |       Variable Name       | Operation| DSP48E| FF| LUT| Bitwidth P0| Bitwidth P1|
    +---------------------------+----------+-------+---+----+------------+------------+
    |grp_fu_402_p2              |     *    |      0|  0|  33|           6|           7|
    |grp_fu_403_p2              |     *    |      0|  0|  33|           6|           7|
    |grp_fu_404_p2              |     *    |      0|  0|  33|           6|           7|
    |grp_fu_405_p2              |     *    |      0|  0|  33|           6|           7|
    |acc_10_V_fu_7232_p2        |     +    |      0|  0|  19|          14|          14|
    |acc_11_V_fu_7244_p2        |     +    |      0|  0|  19|          14|          14|
    |acc_12_V_fu_7527_p2        |     +    |      0|  0|  17|          13|          13|
    |acc_13_V_fu_6949_p2        |     +    |      0|  0|  21|          15|          15|
    |acc_17_V_fu_7559_p2        |     +    |      0|  0|  19|          14|          14|
    |acc_18_V_fu_6412_p2        |     +    |      0|  0|  19|          14|          14|
    |acc_19_V_fu_7269_p2        |     +    |      0|  0|  19|          14|          14|
    |acc_1_V_fu_7401_p2         |     +    |      0|  0|  19|          14|          14|
    |acc_20_V_fu_6973_p2        |     +    |      0|  0|  19|          14|          14|
    |acc_21_V_fu_7290_p2        |     +    |      0|  0|   8|          14|          14|
    |acc_22_V_fu_7035_p2        |     +    |      0|  0|  19|          14|          14|
    |acc_24_V_fu_7047_p2        |     +    |      0|  0|  19|          14|          14|
    |acc_25_V_fu_7302_p2        |     +    |      0|  0|  19|          14|          14|
    |acc_26_V_fu_7482_p2        |     +    |      0|  0|  19|          14|          14|
    |acc_28_V_fu_7075_p2        |     +    |      0|  0|  21|          15|          15|
    |acc_29_V_fu_7333_p2        |     +    |      0|  0|  19|          14|          14|
    |acc_2_V_fu_6828_p2         |     +    |      0|  0|  19|          14|          14|
    |acc_31_V_fu_6721_p2        |     +    |      0|  0|   8|          13|          13|
    |acc_3_V_fu_7413_p2         |     +    |      0|  0|  19|          14|          14|
    |acc_4_V_fu_7425_p2         |     +    |      0|  0|  17|          13|          13|
    |acc_5_V_fu_6840_p2         |     +    |      0|  0|  19|          14|          14|
    |acc_6_V_fu_6852_p2         |     +    |      0|  0|  19|          14|          14|
    |acc_8_V_fu_6877_p2         |     +    |      0|  0|  19|          14|          14|
    |acc_9_V_fu_6889_p2         |     +    |      0|  0|  19|          14|          14|
    |add_ln703_100_fu_6937_p2   |     +    |      0|  0|   8|          12|          12|
    |add_ln703_101_fu_5268_p2   |     +    |      0|  0|  14|          10|          10|
    |add_ln703_102_fu_7434_p2   |     +    |      0|  0|  13|          11|           8|
    |add_ln703_103_fu_7444_p2   |     +    |      0|  0|  12|          12|          12|
    |add_ln703_105_fu_1651_p2   |     +    |      0|  0|  13|          11|          11|
    |add_ln703_106_fu_5277_p2   |     +    |      0|  0|  12|          12|          12|
    |add_ln703_107_fu_5283_p2   |     +    |      0|  0|  12|          12|          12|
    |add_ln703_108_fu_6309_p2   |     +    |      0|  0|   8|          13|          13|
    |add_ln703_109_fu_6315_p2   |     +    |      0|  0|   8|          13|          13|
    |add_ln703_10_fu_6052_p2    |     +    |      0|  0|  14|          10|           9|
    |add_ln703_110_fu_5289_p2   |     +    |      0|  0|  13|          11|          11|
    |add_ln703_111_fu_6324_p2   |     +    |      0|  0|  17|          13|          13|
    |add_ln703_112_fu_5295_p2   |     +    |      0|  0|  13|          11|          11|
    |add_ln703_113_fu_6348_p2   |     +    |      0|  0|  12|          12|          12|
    |add_ln703_114_fu_6358_p2   |     +    |      0|  0|  19|          14|          14|
    |add_ln703_116_fu_6364_p2   |     +    |      0|  0|  12|          12|          12|
    |add_ln703_117_fu_5301_p2   |     +    |      0|  0|  14|          10|          10|
    |add_ln703_118_fu_6377_p2   |     +    |      0|  0|  17|          13|          13|
    |add_ln703_119_fu_5307_p2   |     +    |      0|  0|  13|          11|          11|
    |add_ln703_11_fu_6061_p2    |     +    |      0|  0|  13|          11|          11|
    |add_ln703_120_fu_7450_p2   |     +    |      0|  0|  13|          11|          11|
    |add_ln703_121_fu_7460_p2   |     +    |      0|  0|  12|          12|          12|
    |add_ln703_122_fu_7549_p2   |     +    |      0|  0|  17|          13|          13|
    |add_ln703_124_fu_5313_p2   |     +    |      0|  0|  12|          12|          12|
    |add_ln703_125_fu_6386_p2   |     +    |      0|  0|  17|          13|          13|
    |add_ln703_126_fu_5319_p2   |     +    |      0|  0|  12|          12|          12|
    |add_ln703_127_fu_5325_p2   |     +    |      0|  0|  13|          11|          11|
    |add_ln703_128_fu_6402_p2   |     +    |      0|  0|  17|          13|          13|
    |add_ln703_12_fu_7370_p2    |     +    |      0|  0|   8|          14|          14|
    |add_ln703_130_fu_5331_p2   |     +    |      0|  0|  15|           9|           9|
    |add_ln703_131_fu_5337_p2   |     +    |      0|  0|  13|          11|          11|
    |add_ln703_132_fu_6424_p2   |     +    |      0|  0|   8|          12|          12|
    |add_ln703_133_fu_6430_p2   |     +    |      0|  0|   8|          12|          12|
    |add_ln703_134_fu_5343_p2   |     +    |      0|  0|  12|          12|          12|
    |add_ln703_135_fu_6955_p2   |     +    |      0|  0|   8|          11|           9|
    |add_ln703_136_fu_6961_p2   |     +    |      0|  0|   8|          11|          11|
    |add_ln703_137_fu_7259_p2   |     +    |      0|  0|  17|          13|          13|
    |add_ln703_139_fu_5349_p2   |     +    |      0|  0|  13|          11|          11|
    |add_ln703_140_fu_6439_p2   |     +    |      0|  0|   8|          12|          12|
    |add_ln703_141_fu_6445_p2   |     +    |      0|  0|   8|          12|          12|
    |add_ln703_142_fu_5355_p2   |     +    |      0|  0|  13|          11|          11|
    |add_ln703_143_fu_6454_p2   |     +    |      0|  0|  13|          11|          11|
    |add_ln703_144_fu_6464_p2   |     +    |      0|  0|  12|          12|          12|
    |add_ln703_146_fu_5361_p2   |     +    |      0|  0|  14|          10|          10|
    |add_ln703_147_fu_6473_p2   |     +    |      0|  0|  13|          11|          11|
    |add_ln703_148_fu_5367_p2   |     +    |      0|  0|  14|          10|          10|
    |add_ln703_149_fu_6482_p2   |     +    |      0|  0|   8|          12|          12|
    |add_ln703_14_fu_5072_p2    |     +    |      0|  0|  13|          11|          11|
    |add_ln703_150_fu_6488_p2   |     +    |      0|  0|   8|          12|          12|
    |add_ln703_151_fu_6985_p2   |     +    |      0|  0|  17|          13|          13|
    |add_ln703_152_fu_6494_p2   |     +    |      0|  0|  12|          12|          12|
    |add_ln703_153_fu_6500_p2   |     +    |      0|  0|  13|          11|          11|
    |add_ln703_154_fu_6997_p2   |     +    |      0|  0|  17|          13|          13|
    |add_ln703_155_fu_5373_p2   |     +    |      0|  0|   8|          11|          11|
    |add_ln703_156_fu_1657_p2   |     +    |      0|  0|  14|          10|           8|
    |add_ln703_157_fu_5382_p2   |     +    |      0|  0|   8|          11|          11|
    |add_ln703_158_fu_7284_p2   |     +    |      0|  0|   8|          14|          14|
    |add_ln703_15_fu_6067_p2    |     +    |      0|  0|   8|          12|          12|
    |add_ln703_160_fu_5388_p2   |     +    |      0|  0|  12|          12|          12|
    |add_ln703_161_fu_6506_p2   |     +    |      0|  0|   8|          12|          12|
    |add_ln703_162_fu_6512_p2   |     +    |      0|  0|   8|          12|          12|
    |add_ln703_163_fu_7009_p2   |     +    |      0|  0|  17|          13|          13|
    |add_ln703_164_fu_6518_p2   |     +    |      0|  0|   8|          10|          10|
    |add_ln703_165_fu_6523_p2   |     +    |      0|  0|   8|          10|          10|
    |add_ln703_166_fu_6529_p2   |     +    |      0|  0|   8|          11|           6|
    |add_ln703_167_fu_6535_p2   |     +    |      0|  0|   8|          11|          11|
    |add_ln703_168_fu_7025_p2   |     +    |      0|  0|  12|          12|          12|
    |add_ln703_16_fu_6073_p2    |     +    |      0|  0|   8|          12|          12|
    |add_ln703_170_fu_5394_p2   |     +    |      0|  0|  13|          11|          11|
    |add_ln703_171_fu_6544_p2   |     +    |      0|  0|  12|          12|          12|
    |add_ln703_172_fu_5400_p2   |     +    |      0|  0|  13|          11|          11|
    |add_ln703_173_fu_6557_p2   |     +    |      0|  0|  12|          12|          12|
    |add_ln703_174_fu_6567_p2   |     +    |      0|  0|  17|          13|          13|
    |add_ln703_175_fu_5406_p2   |     +    |      0|  0|  13|          11|          11|
    |add_ln703_176_fu_6576_p2   |     +    |      0|  0|   8|          12|          12|
    |add_ln703_177_fu_5412_p2   |     +    |      0|  0|   8|          11|          11|
    |add_ln703_178_fu_1663_p2   |     +    |      0|  0|  15|           7|           6|
    |add_ln703_179_fu_5421_p2   |     +    |      0|  0|   8|          11|          11|
    |add_ln703_17_fu_6816_p2    |     +    |      0|  0|  17|          13|          13|
    |add_ln703_180_fu_6585_p2   |     +    |      0|  0|   8|          12|          12|
    |add_ln703_182_fu_7053_p2   |     +    |      0|  0|  12|          12|          12|
    |add_ln703_183_fu_7063_p2   |     +    |      0|  0|  17|          13|          13|
    |add_ln703_184_fu_5427_p2   |     +    |      0|  0|  13|          11|          11|
    |add_ln703_185_fu_6594_p2   |     +    |      0|  0|  13|          11|           9|
    |add_ln703_186_fu_6604_p2   |     +    |      0|  0|  12|          12|          12|
    |add_ln703_188_fu_6610_p2   |     +    |      0|  0|  12|          12|          12|
    |add_ln703_189_fu_6620_p2   |     +    |      0|  0|  17|          13|          13|
    |add_ln703_18_fu_1193_p2    |     +    |      0|  0|  13|          11|          11|
    |add_ln703_190_fu_7308_p2   |     +    |      0|  0|  13|          11|           8|
    |add_ln703_191_fu_7472_p2   |     +    |      0|  0|  12|          12|          12|
    |add_ln703_193_fu_1669_p2   |     +    |      0|  0|  15|           9|           9|
    |add_ln703_194_fu_5436_p2   |     +    |      0|  0|  13|          11|          11|
    |add_ln703_195_fu_1028_p2   |     +    |      0|  0|  12|          12|          12|
    |add_ln703_196_fu_5442_p2   |     +    |      0|  0|  12|          12|          12|
    |add_ln703_197_fu_6635_p2   |     +    |      0|  0|   8|          13|          13|
    |add_ln703_198_fu_6641_p2   |     +    |      0|  0|   8|          13|          13|
    |add_ln703_199_fu_5448_p2   |     +    |      0|  0|  13|          11|          11|
    |add_ln703_19_fu_7175_p2    |     +    |      0|  0|  14|          10|          10|
    |add_ln703_200_fu_5454_p2   |     +    |      0|  0|  13|          11|          11|
    |add_ln703_201_fu_6653_p2   |     +    |      0|  0|  12|          12|          12|
    |add_ln703_202_fu_5460_p2   |     +    |      0|  0|  13|          11|          11|
    |add_ln703_203_fu_5466_p2   |     +    |      0|  0|  13|          11|           9|
    |add_ln703_204_fu_6669_p2   |     +    |      0|  0|  17|          13|          13|
    |add_ln703_205_fu_6679_p2   |     +    |      0|  0|  19|          14|          14|
    |add_ln703_207_fu_7081_p2   |     +    |      0|  0|  12|          12|          12|
    |add_ln703_208_fu_6685_p2   |     +    |      0|  0|   8|          12|          12|
    |add_ln703_209_fu_6691_p2   |     +    |      0|  0|   8|          12|          12|
    |add_ln703_20_fu_7185_p2    |     +    |      0|  0|  13|          11|          11|
    |add_ln703_210_fu_7094_p2   |     +    |      0|  0|  17|          13|          13|
    |add_ln703_211_fu_6697_p2   |     +    |      0|  0|   8|          11|          11|
    |add_ln703_212_fu_6703_p2   |     +    |      0|  0|   8|          11|          11|
    |add_ln703_213_fu_7100_p2   |     +    |      0|  0|   8|          11|          11|
    |add_ln703_214_fu_7106_p2   |     +    |      0|  0|   8|          11|          11|
    |add_ln703_215_fu_7323_p2   |     +    |      0|  0|  12|          12|          12|
    |add_ln703_217_fu_5472_p2   |     +    |      0|  0|  12|          12|          12|
    |add_ln703_218_fu_6712_p2   |     +    |      0|  0|   8|          13|          13|
    |add_ln703_219_fu_5478_p2   |     +    |      0|  0|   8|           9|           9|
    |add_ln703_21_fu_7391_p2    |     +    |      0|  0|  12|          12|          12|
    |add_ln703_220_fu_5483_p2   |     +    |      0|  0|   8|           9|           9|
    |add_ln703_23_fu_6079_p2    |     +    |      0|  0|  12|          12|          12|
    |add_ln703_24_fu_5078_p2    |     +    |      0|  0|  14|          10|          10|
    |add_ln703_25_fu_6092_p2    |     +    |      0|  0|  17|          13|          13|
    |add_ln703_26_fu_6098_p2    |     +    |      0|  0|   8|          11|          11|
    |add_ln703_27_fu_5084_p2    |     +    |      0|  0|  15|           8|           8|
    |add_ln703_28_fu_5094_p2    |     +    |      0|  0|  14|          10|          10|
    |add_ln703_29_fu_6106_p2    |     +    |      0|  0|   8|          11|          11|
    |add_ln703_31_fu_5099_p2    |     +    |      0|  0|  13|          11|          11|
    |add_ln703_32_fu_6115_p2    |     +    |      0|  0|  12|          12|          12|
    |add_ln703_33_fu_5105_p2    |     +    |      0|  0|  13|          11|          11|
    |add_ln703_34_fu_7194_p2    |     +    |      0|  0|  14|          10|          10|
    |add_ln703_35_fu_7204_p2    |     +    |      0|  0|  12|          12|          12|
    |add_ln703_37_fu_5111_p2    |     +    |      0|  0|  12|          12|          12|
    |add_ln703_38_fu_7210_p2    |     +    |      0|  0|  14|          10|           9|
    |add_ln703_39_fu_7220_p2    |     +    |      0|  0|  13|          11|          11|
    |add_ln703_3_fu_5048_p2     |     +    |      0|  0|  13|          11|           8|
    |add_ln703_41_fu_5117_p2    |     +    |      0|  0|  15|           9|           9|
    |add_ln703_42_fu_5123_p2    |     +    |      0|  0|  12|          12|          12|
    |add_ln703_43_fu_6124_p2    |     +    |      0|  0|   8|          12|          12|
    |add_ln703_44_fu_6129_p2    |     +    |      0|  0|   8|          12|          12|
    |add_ln703_45_fu_1630_p2    |     +    |      0|  0|  14|          10|          10|
    |add_ln703_46_fu_5132_p2    |     +    |      0|  0|  13|          11|          11|
    |add_ln703_47_fu_5138_p2    |     +    |      0|  0|  13|          11|           7|
    |add_ln703_48_fu_6141_p2    |     +    |      0|  0|  12|          12|          12|
    |add_ln703_49_fu_6151_p2    |     +    |      0|  0|  17|          13|          13|
    |add_ln703_4_fu_5066_p2     |     +    |      0|  0|  12|          12|          12|
    |add_ln703_51_fu_5144_p2    |     +    |      0|  0|  14|          10|          10|
    |add_ln703_52_fu_5150_p2    |     +    |      0|  0|  13|          11|          11|
    |add_ln703_53_fu_6163_p2    |     +    |      0|  0|   8|          13|          13|
    |add_ln703_54_fu_6169_p2    |     +    |      0|  0|   8|          13|          13|
    |add_ln703_55_fu_5156_p2    |     +    |      0|  0|  13|          11|          11|
    |add_ln703_56_fu_6178_p2    |     +    |      0|  0|   8|          12|          12|
    |add_ln703_57_fu_5173_p2    |     +    |      0|  0|  14|          10|          10|
    |add_ln703_58_fu_6187_p2    |     +    |      0|  0|   8|          12|          12|
    |add_ln703_5_fu_6034_p2     |     +    |      0|  0|   8|          12|          12|
    |add_ln703_60_fu_5179_p2    |     +    |      0|  0|  12|          12|          12|
    |add_ln703_61_fu_6193_p2    |     +    |      0|  0|   8|          12|          12|
    |add_ln703_62_fu_6199_p2    |     +    |      0|  0|   8|          12|          12|
    |add_ln703_63_fu_6864_p2    |     +    |      0|  0|  17|          13|          13|
    |add_ln703_64_fu_5185_p2    |     +    |      0|  0|  15|           9|           9|
    |add_ln703_65_fu_6208_p2    |     +    |      0|  0|   8|          11|          11|
    |add_ln703_66_fu_5191_p2    |     +    |      0|  0|   8|          10|           7|
    |add_ln703_67_fu_5196_p2    |     +    |      0|  0|   8|          10|          10|
    |add_ln703_68_fu_6217_p2    |     +    |      0|  0|   8|          11|          11|
    |add_ln703_6_fu_6040_p2     |     +    |      0|  0|   8|          12|          12|
    |add_ln703_701_fu_7376_p2   |     +    |      0|  0|   8|          14|          14|
    |add_ln703_70_fu_5202_p2    |     +    |      0|  0|  12|          12|          12|
    |add_ln703_71_fu_1635_p2    |     +    |      0|  0|  14|          10|          10|
    |add_ln703_72_fu_1645_p2    |     +    |      0|  0|  12|          12|          12|
    |add_ln703_73_fu_5215_p2    |     +    |      0|  0|  17|          13|          13|
    |add_ln703_74_fu_5221_p2    |     +    |      0|  0|  15|           9|           9|
    |add_ln703_75_fu_5226_p2    |     +    |      0|  0|  13|          11|           9|
    |add_ln703_76_fu_6229_p2    |     +    |      0|  0|   8|          12|          12|
    |add_ln703_77_fu_6235_p2    |     +    |      0|  0|   8|          12|          12|
    |add_ln703_79_fu_1139_p2    |     +    |      0|  0|  12|          12|          12|
    |add_ln703_7_fu_6804_p2     |     +    |      0|  0|  17|          13|          13|
    |add_ln703_80_fu_5232_p2    |     +    |      0|  0|   8|          12|          12|
    |add_ln703_81_fu_5238_p2    |     +    |      0|  0|   8|          12|          12|
    |add_ln703_82_fu_6247_p2    |     +    |      0|  0|  17|          13|          13|
    |add_ln703_83_fu_5244_p2    |     +    |      0|  0|  14|          10|          10|
    |add_ln703_84_fu_6253_p2    |     +    |      0|  0|  13|          11|           8|
    |add_ln703_85_fu_6901_p2    |     +    |      0|  0|   8|          12|          12|
    |add_ln703_86_fu_6907_p2    |     +    |      0|  0|   8|          12|          12|
    |add_ln703_88_fu_5250_p2    |     +    |      0|  0|  12|          12|          12|
    |add_ln703_89_fu_6916_p2    |     +    |      0|  0|   8|          13|          13|
    |add_ln703_8_fu_6046_p2     |     +    |      0|  0|  13|          11|          11|
    |add_ln703_90_fu_6259_p2    |     +    |      0|  0|   8|          12|          12|
    |add_ln703_91_fu_6265_p2    |     +    |      0|  0|   8|          12|          12|
    |add_ln703_92_fu_6925_p2    |     +    |      0|  0|   8|          13|          13|
    |add_ln703_93_fu_5256_p2    |     +    |      0|  0|  14|          10|          10|
    |add_ln703_94_fu_6274_p2    |     +    |      0|  0|  13|          11|          11|
    |add_ln703_95_fu_5262_p2    |     +    |      0|  0|  15|           8|           8|
    |add_ln703_96_fu_6287_p2    |     +    |      0|  0|  13|          11|          11|
    |add_ln703_97_fu_6297_p2    |     +    |      0|  0|  12|          12|          12|
    |add_ln703_99_fu_6931_p2    |     +    |      0|  0|   8|          12|          12|
    |add_ln703_9_fu_7169_p2     |     +    |      0|  0|  17|          13|          13|
    |add_ln703_fu_6015_p2       |     +    |      0|  0|  13|          11|           8|
    |add_ln708_10_fu_3231_p2    |     +    |      0|  0|  14|          10|          10|
    |add_ln708_11_fu_3356_p2    |     +    |      0|  0|  15|           9|           9|
    |add_ln708_12_fu_3609_p2    |     +    |      0|  0|  15|           9|           9|
    |add_ln708_13_fu_3766_p2    |     +    |      0|  0|  15|           9|           9|
    |add_ln708_14_fu_3808_p2    |     +    |      0|  0|  13|          11|          11|
    |add_ln708_15_fu_4008_p2    |     +    |      0|  0|  13|          11|          11|
    |add_ln708_16_fu_4060_p2    |     +    |      0|  0|  13|          11|          11|
    |add_ln708_17_fu_4114_p2    |     +    |      0|  0|  15|           9|           9|
    |add_ln708_18_fu_4283_p2    |     +    |      0|  0|  13|          11|          11|
    |add_ln708_19_fu_5863_p2    |     +    |      0|  0|  13|          11|          11|
    |add_ln708_1_fu_1953_p2     |     +    |      0|  0|  13|          11|          11|
    |add_ln708_20_fu_4534_p2    |     +    |      0|  0|  13|          11|          11|
    |add_ln708_21_fu_4620_p2    |     +    |      0|  0|  15|           9|           9|
    |add_ln708_22_fu_4880_p2    |     +    |      0|  0|  15|           9|           9|
    |add_ln708_23_fu_1574_p2    |     +    |      0|  0|  14|          10|          10|
    |add_ln708_24_fu_1614_p2    |     +    |      0|  0|  13|          11|          11|
    |add_ln708_2_fu_1221_p2     |     +    |      0|  0|  13|          11|          11|
    |add_ln708_3_fu_2044_p2     |     +    |      0|  0|  15|           9|           9|
    |add_ln708_4_fu_2236_p2     |     +    |      0|  0|  13|          11|          11|
    |add_ln708_5_fu_2278_p2     |     +    |      0|  0|  15|           9|           9|
    |add_ln708_6_fu_2511_p2     |     +    |      0|  0|  14|          10|          10|
    |add_ln708_7_fu_1389_p2     |     +    |      0|  0|  15|           9|           9|
    |add_ln708_8_fu_2759_p2     |     +    |      0|  0|  13|          11|          11|
    |add_ln708_9_fu_3136_p2     |     +    |      0|  0|  13|          11|          11|
    |add_ln708_fu_1836_p2       |     +    |      0|  0|  13|          11|          11|
    |sub_ln1118_10_fu_1686_p2   |     -    |      0|  0|  12|           1|          12|
    |sub_ln1118_11_fu_1996_p2   |     -    |      0|  0|  15|           1|           9|
    |sub_ln1118_12_fu_1237_p2   |     -    |      0|  0|  13|           1|          11|
    |sub_ln1118_13_fu_1065_p2   |     -    |      0|  0|  13|           1|          11|
    |sub_ln1118_14_fu_1075_p2   |     -    |      0|  0|  12|          12|          12|
    |sub_ln1118_15_fu_2111_p2   |     -    |      0|  0|  12|          12|          12|
    |sub_ln1118_16_fu_2216_p2   |     -    |      0|  0|  14|          10|          10|
    |sub_ln1118_17_fu_2294_p2   |     -    |      0|  0|  15|           1|           9|
    |sub_ln1118_18_fu_2350_p2   |     -    |      0|  0|  13|           1|          11|
    |sub_ln1118_19_fu_1287_p2   |     -    |      0|  0|  15|           1|           8|
    |sub_ln1118_1_fu_2020_p2    |     -    |      0|  0|  15|           1|           7|
    |sub_ln1118_20_fu_1319_p2   |     -    |      0|  0|  15|           1|           9|
    |sub_ln1118_21_fu_2480_p2   |     -    |      0|  0|  14|           1|          10|
    |sub_ln1118_22_fu_2545_p2   |     -    |      0|  0|  13|          11|          11|
    |sub_ln1118_23_fu_2567_p2   |     -    |      0|  0|  14|          10|          10|
    |sub_ln1118_24_fu_1353_p2   |     -    |      0|  0|  15|           1|           9|
    |sub_ln1118_25_fu_2663_p2   |     -    |      0|  0|  13|          11|          11|
    |sub_ln1118_26_fu_2812_p2   |     -    |      0|  0|  13|          11|          11|
    |sub_ln1118_27_fu_2839_p2   |     -    |      0|  0|  14|          10|          10|
    |sub_ln1118_288_fu_1763_p2  |     -    |      0|  0|  12|          12|          12|
    |sub_ln1118_289_fu_1871_p2  |     -    |      0|  0|  14|          10|          10|
    |sub_ln1118_28_fu_2908_p2   |     -    |      0|  0|  15|           1|           9|
    |sub_ln1118_290_fu_1922_p2  |     -    |      0|  0|  15|           9|           9|
    |sub_ln1118_291_fu_1257_p2  |     -    |      0|  0|  13|          11|          11|
    |sub_ln1118_292_fu_2179_p2  |     -    |      0|  0|  13|          11|          11|
    |sub_ln1118_293_fu_1369_p2  |     -    |      0|  0|  15|           9|           9|
    |sub_ln1118_294_fu_2703_p2  |     -    |      0|  0|  15|           9|           9|
    |sub_ln1118_295_fu_2740_p2  |     -    |      0|  0|  13|          11|          11|
    |sub_ln1118_296_fu_2859_p2  |     -    |      0|  0|  15|           9|           9|
    |sub_ln1118_297_fu_2990_p2  |     -    |      0|  0|  12|          12|          12|
    |sub_ln1118_298_fu_4234_p2  |     -    |      0|  0|  14|          10|          10|
    |sub_ln1118_299_fu_4496_p2  |     -    |      0|  0|  14|          10|          10|
    |sub_ln1118_29_fu_2943_p2   |     -    |      0|  0|  14|           1|          10|
    |sub_ln1118_2_fu_2323_p2    |     -    |      0|  0|  15|           1|           7|
    |sub_ln1118_300_fu_4781_p2  |     -    |      0|  0|  12|          12|          12|
    |sub_ln1118_301_fu_5029_p2  |     -    |      0|  0|  15|           9|           9|
    |sub_ln1118_302_fu_5961_p2  |     -    |      0|  0|  14|          10|          10|
    |sub_ln1118_30_fu_2974_p2   |     -    |      0|  0|  12|           1|          12|
    |sub_ln1118_31_fu_3047_p2   |     -    |      0|  0|  13|          11|          11|
    |sub_ln1118_32_fu_3063_p2   |     -    |      0|  0|  12|          12|          12|
    |sub_ln1118_33_fu_3109_p2   |     -    |      0|  0|  14|          10|          10|
    |sub_ln1118_34_fu_3158_p2   |     -    |      0|  0|  15|           1|           8|
    |sub_ln1118_35_fu_3270_p2   |     -    |      0|  0|  12|          12|          12|
    |sub_ln1118_36_fu_3286_p2   |     -    |      0|  0|  15|           1|           8|
    |sub_ln1118_37_fu_3325_p2   |     -    |      0|  0|  14|          10|          10|
    |sub_ln1118_38_fu_3463_p2   |     -    |      0|  0|  12|           1|          12|
    |sub_ln1118_39_fu_3494_p2   |     -    |      0|  0|  13|           1|          11|
    |sub_ln1118_3_fu_2422_p2    |     -    |      0|  0|  15|           1|           7|
    |sub_ln1118_40_fu_3515_p2   |     -    |      0|  0|  12|          12|          12|
    |sub_ln1118_41_fu_1447_p2   |     -    |      0|  0|  14|           1|          10|
    |sub_ln1118_42_fu_3680_p2   |     -    |      0|  0|  13|          11|          11|
    |sub_ln1118_43_fu_3716_p2   |     -    |      0|  0|  15|           1|           9|
    |sub_ln1118_44_fu_3743_p2   |     -    |      0|  0|  15|           1|           9|
    |sub_ln1118_45_fu_3862_p2   |     -    |      0|  0|  12|          12|          12|
    |sub_ln1118_46_fu_3890_p2   |     -    |      0|  0|  15|           1|           8|
    |sub_ln1118_47_fu_4182_p2   |     -    |      0|  0|  14|          10|          10|
    |sub_ln1118_48_fu_4214_p2   |     -    |      0|  0|  12|           1|          12|
    |sub_ln1118_49_fu_4311_p2   |     -    |      0|  0|  13|          11|          11|
    |sub_ln1118_4_fu_2881_p2    |     -    |      0|  0|  15|           1|           7|
    |sub_ln1118_50_fu_4409_p2   |     -    |      0|  0|  13|           1|          11|
    |sub_ln1118_51_fu_4423_p2   |     -    |      0|  0|  12|          12|          12|
    |sub_ln1118_52_fu_1498_p2   |     -    |      0|  0|  14|           1|          10|
    |sub_ln1118_53_fu_1508_p2   |     -    |      0|  0|  13|          11|          11|
    |sub_ln1118_54_fu_5800_p2   |     -    |      0|  0|  15|           1|           9|
    |sub_ln1118_55_fu_4480_p2   |     -    |      0|  0|  14|           1|          10|
    |sub_ln1118_56_fu_4561_p2   |     -    |      0|  0|  15|           1|           8|
    |sub_ln1118_57_fu_4704_p2   |     -    |      0|  0|  13|          11|          11|
    |sub_ln1118_58_fu_4808_p2   |     -    |      0|  0|  12|          12|          12|
    |sub_ln1118_59_fu_4850_p2   |     -    |      0|  0|  13|          11|          11|
    |sub_ln1118_5_fu_3382_p2    |     -    |      0|  0|  15|           1|           7|
    |sub_ln1118_60_fu_1568_p2   |     -    |      0|  0|  14|           1|          10|
    |sub_ln1118_61_fu_4916_p2   |     -    |      0|  0|  13|          11|          11|
    |sub_ln1118_62_fu_5005_p2   |     -    |      0|  0|  13|           1|          11|
    |sub_ln1118_6_fu_3633_p2    |     -    |      0|  0|  15|           1|           7|
    |sub_ln1118_7_fu_4331_p2    |     -    |      0|  0|  15|           1|           7|
    |sub_ln1118_8_fu_1466_p2    |     -    |      0|  0|  15|           1|           7|
    |sub_ln1118_9_fu_4754_p2    |     -    |      0|  0|  15|           1|           7|
    |sub_ln1118_fu_1898_p2      |     -    |      0|  0|  15|           1|           7|
    |sub_ln708_10_fu_2449_p2    |     -    |      0|  0|  13|          11|          11|
    |sub_ln708_11_fu_1123_p2    |     -    |      0|  0|  13|          11|          11|
    |sub_ln708_12_fu_2625_p2    |     -    |      0|  0|  14|          10|          10|
    |sub_ln708_13_fu_2687_p2    |     -    |      0|  0|  15|           9|           9|
    |sub_ln708_14_fu_2785_p2    |     -    |      0|  0|  14|          10|          10|
    |sub_ln708_15_fu_3017_p2    |     -    |      0|  0|  13|          11|          11|
    |sub_ln708_16_fu_7129_p2    |     -    |      0|  0|  15|           9|           9|
    |sub_ln708_17_fu_3185_p2    |     -    |      0|  0|  13|          11|          11|
    |sub_ln708_18_fu_3306_p2    |     -    |      0|  0|  13|          11|          11|
    |sub_ln708_19_fu_3428_p2    |     -    |      0|  0|  14|          10|          10|
    |sub_ln708_1_fu_5515_p2     |     -    |      0|  0|  14|          10|          10|
    |sub_ln708_20_fu_3531_p2    |     -    |      0|  0|  13|          11|          11|
    |sub_ln708_21_fu_3578_p2    |     -    |      0|  0|  13|          11|          11|
    |sub_ln708_22_fu_3653_p2    |     -    |      0|  0|  15|           9|           9|
    |sub_ln708_23_fu_3700_p2    |     -    |      0|  0|  13|          11|          11|
    |sub_ln708_24_fu_3918_p2    |     -    |      0|  0|  13|          11|          11|
    |sub_ln708_25_fu_3972_p2    |     -    |      0|  0|  13|          11|          11|
    |sub_ln708_26_fu_3992_p2    |     -    |      0|  0|  14|          10|          10|
    |sub_ln708_27_fu_4024_p2    |     -    |      0|  0|  13|          11|          11|
    |sub_ln708_28_fu_4044_p2    |     -    |      0|  0|  13|          11|          11|
    |sub_ln708_29_fu_4158_p2    |     -    |      0|  0|  14|          10|          10|
    |sub_ln708_2_fu_1748_p2     |     -    |      0|  0|  13|          11|          11|
    |sub_ln708_30_fu_4347_p2    |     -    |      0|  0|  13|          11|          11|
    |sub_ln708_31_fu_4389_p2    |     -    |      0|  0|  13|          11|          11|
    |sub_ln708_32_fu_4442_p2    |     -    |      0|  0|  13|          11|          11|
    |sub_ln708_33_fu_1532_p2    |     -    |      0|  0|  13|          11|          11|
    |sub_ln708_34_fu_5841_p2    |     -    |      0|  0|  13|          11|          11|
    |sub_ln708_35_fu_4648_p2    |     -    |      0|  0|  14|          10|          10|
    |sub_ln708_36_fu_4664_p2    |     -    |      0|  0|  15|           9|           9|
    |sub_ln708_37_fu_4732_p2    |     -    |      0|  0|  13|          11|          11|
    |sub_ln708_38_fu_4958_p2    |     -    |      0|  0|  13|          11|          11|
    |sub_ln708_39_fu_4989_p2    |     -    |      0|  0|  13|          11|          11|
    |sub_ln708_3_fu_1782_p2     |     -    |      0|  0|  13|          11|          11|
    |sub_ln708_40_fu_5993_p2    |     -    |      0|  0|  15|           9|           9|
    |sub_ln708_4_fu_5545_p2     |     -    |      0|  0|  13|          11|          11|
    |sub_ln708_5_fu_5579_p2     |     -    |      0|  0|  14|          10|          10|
    |sub_ln708_6_fu_2141_p2     |     -    |      0|  0|  14|          10|          10|
    |sub_ln708_7_fu_2262_p2     |     -    |      0|  0|  15|           9|           9|
    |sub_ln708_8_fu_5641_p2     |     -    |      0|  0|  14|          10|          10|
    |sub_ln708_9_fu_2398_p2     |     -    |      0|  0|  14|          10|          10|
    |sub_ln708_fu_1728_p2       |     -    |      0|  0|  13|          11|          11|
    +---------------------------+----------+-------+---+----+------------+------------+
    |Total                      |          |      0|  0|4851|        3759|        4040|
    +---------------------------+----------+-------+---+----+------------+------------+

    * Multiplexer: 
    +---------------+----+-----------+-----+-----------+
    |      Name     | LUT| Input Size| Bits| Total Bits|
    +---------------+----+-----------+-----+-----------+
    |ap_NS_fsm      |  65|         16|    1|         16|
    |grp_fu_402_p0  |  59|         14|    6|         84|
    |grp_fu_402_p1  |  27|          5|    7|         35|
    |grp_fu_403_p0  |  56|         13|    6|         78|
    |grp_fu_403_p1  |  33|          6|    7|         42|
    |grp_fu_404_p0  |  59|         14|    6|         84|
    |grp_fu_404_p1  |  44|          9|    7|         63|
    |grp_fu_405_p0  |  59|         14|    6|         84|
    |grp_fu_405_p1  |  47|         10|    7|         70|
    +---------------+----+-----------+-----+-----------+
    |Total          | 449|        101|   53|        556|
    +---------------+----+-----------+-----+-----------+

    * Register: 
    +----------------------------+----+----+-----+-----------+
    |            Name            | FF | LUT| Bits| Const Bits|
    +----------------------------+----+----+-----+-----------+
    |acc_10_V_reg_9210           |  14|   0|   14|          0|
    |acc_11_V_reg_9215           |  14|   0|   14|          0|
    |acc_13_V_reg_9135           |  15|   0|   15|          0|
    |acc_18_V_reg_8979           |  14|   0|   14|          0|
    |acc_19_V_reg_9220           |  14|   0|   14|          0|
    |acc_1_V_reg_9250            |  14|   0|   14|          0|
    |acc_20_V_reg_9145           |  14|   0|   14|          0|
    |acc_21_V_reg_9225           |  14|   0|   14|          0|
    |acc_22_V_reg_9160           |  14|   0|   14|          0|
    |acc_24_V_reg_9165           |  14|   0|   14|          0|
    |acc_25_V_reg_9230           |  14|   0|   14|          0|
    |acc_26_V_reg_9275           |  14|   0|   14|          0|
    |acc_28_V_reg_9175           |  15|   0|   15|          0|
    |acc_29_V_reg_9240           |  14|   0|   14|          0|
    |acc_2_V_reg_9095            |  14|   0|   14|          0|
    |acc_31_V_reg_9074           |  13|   0|   13|          0|
    |acc_3_V_reg_9255            |  14|   0|   14|          0|
    |acc_4_V_reg_9260            |  13|   0|   13|          0|
    |acc_5_V_reg_9100            |  14|   0|   14|          0|
    |acc_6_V_reg_9105            |  14|   0|   14|          0|
    |acc_8_V_reg_9110            |  14|   0|   14|          0|
    |acc_9_V_reg_9115            |  14|   0|   14|          0|
    |add_ln703_100_reg_9130      |  12|   0|   12|          0|
    |add_ln703_101_reg_8676      |  10|   0|   10|          0|
    |add_ln703_103_reg_9265      |  12|   0|   12|          0|
    |add_ln703_105_reg_8232      |  10|   0|   11|          1|
    |add_ln703_106_reg_8681      |  12|   0|   12|          0|
    |add_ln703_107_reg_8686      |  12|   0|   12|          0|
    |add_ln703_109_reg_8964      |  13|   0|   13|          0|
    |add_ln703_110_reg_8691      |  11|   0|   11|          0|
    |add_ln703_112_reg_8696      |  11|   0|   11|          0|
    |add_ln703_114_reg_8969      |  14|   0|   14|          0|
    |add_ln703_117_reg_8701      |  10|   0|   10|          0|
    |add_ln703_118_reg_8974      |  13|   0|   13|          0|
    |add_ln703_119_reg_8706      |  11|   0|   11|          0|
    |add_ln703_11_reg_8884       |  11|   0|   11|          0|
    |add_ln703_121_reg_9270      |  12|   0|   12|          0|
    |add_ln703_124_reg_8711      |  12|   0|   12|          0|
    |add_ln703_126_reg_8716      |  12|   0|   12|          0|
    |add_ln703_127_reg_8721      |   9|   0|   11|          2|
    |add_ln703_130_reg_8726      |   9|   0|    9|          0|
    |add_ln703_131_reg_8731      |  11|   0|   11|          0|
    |add_ln703_133_reg_8984      |  12|   0|   12|          0|
    |add_ln703_134_reg_8736      |  11|   0|   12|          1|
    |add_ln703_136_reg_9140      |  11|   0|   11|          0|
    |add_ln703_139_reg_8741      |  11|   0|   11|          0|
    |add_ln703_141_reg_8989      |  12|   0|   12|          0|
    |add_ln703_142_reg_8746      |  11|   0|   11|          0|
    |add_ln703_144_reg_8994      |  12|   0|   12|          0|
    |add_ln703_146_reg_8751      |   9|   0|   10|          1|
    |add_ln703_147_reg_8999      |  11|   0|   11|          0|
    |add_ln703_148_reg_8756      |  10|   0|   10|          0|
    |add_ln703_14_reg_8551       |  11|   0|   11|          0|
    |add_ln703_150_reg_9004      |  12|   0|   12|          0|
    |add_ln703_151_reg_9150      |  13|   0|   13|          0|
    |add_ln703_152_reg_9009      |  12|   0|   12|          0|
    |add_ln703_153_reg_9014      |  11|   0|   11|          0|
    |add_ln703_154_reg_9155      |  13|   0|   13|          0|
    |add_ln703_156_reg_8237      |  10|   0|   10|          0|
    |add_ln703_157_reg_8761      |  11|   0|   11|          0|
    |add_ln703_160_reg_8766      |  12|   0|   12|          0|
    |add_ln703_162_reg_9019      |  12|   0|   12|          0|
    |add_ln703_165_reg_9024      |  10|   0|   10|          0|
    |add_ln703_167_reg_9029      |  11|   0|   11|          0|
    |add_ln703_16_reg_8889       |  12|   0|   12|          0|
    |add_ln703_170_reg_8771      |  11|   0|   11|          0|
    |add_ln703_172_reg_8776      |  11|   0|   11|          0|
    |add_ln703_174_reg_9034      |  13|   0|   13|          0|
    |add_ln703_175_reg_8781      |  10|   0|   11|          1|
    |add_ln703_178_reg_8242      |   7|   0|    7|          0|
    |add_ln703_179_reg_8786      |  11|   0|   11|          0|
    |add_ln703_17_reg_9090       |  13|   0|   13|          0|
    |add_ln703_180_reg_9039      |  12|   0|   12|          0|
    |add_ln703_183_reg_9170      |  13|   0|   13|          0|
    |add_ln703_184_reg_8791      |  11|   0|   11|          0|
    |add_ln703_186_reg_9044      |  12|   0|   12|          0|
    |add_ln703_189_reg_9049      |  13|   0|   13|          0|
    |add_ln703_18_reg_8070       |  11|   0|   11|          0|
    |add_ln703_190_reg_9235      |  11|   0|   11|          0|
    |add_ln703_193_reg_8247      |   9|   0|    9|          0|
    |add_ln703_194_reg_8796      |  11|   0|   11|          0|
    |add_ln703_195_reg_7909      |  12|   0|   12|          0|
    |add_ln703_196_reg_8801      |  12|   0|   12|          0|
    |add_ln703_198_reg_9054      |  13|   0|   13|          0|
    |add_ln703_199_reg_8806      |  11|   0|   11|          0|
    |add_ln703_200_reg_8811      |  11|   0|   11|          0|
    |add_ln703_202_reg_8816      |  11|   0|   11|          0|
    |add_ln703_203_reg_8821      |   9|   0|   11|          2|
    |add_ln703_205_reg_9059      |  14|   0|   14|          0|
    |add_ln703_209_reg_9064      |  12|   0|   12|          0|
    |add_ln703_20_reg_9195       |  11|   0|   11|          0|
    |add_ln703_210_reg_9180      |  13|   0|   13|          0|
    |add_ln703_212_reg_9069      |  11|   0|   11|          0|
    |add_ln703_214_reg_9185      |  11|   0|   11|          0|
    |add_ln703_217_reg_8826      |  12|   0|   12|          0|
    |add_ln703_220_reg_8831      |   9|   0|    9|          0|
    |add_ln703_24_reg_8556       |  10|   0|   10|          0|
    |add_ln703_25_reg_8894       |  13|   0|   13|          0|
    |add_ln703_28_reg_8561       |  10|   0|   10|          0|
    |add_ln703_29_reg_8899       |  11|   0|   11|          0|
    |add_ln703_31_reg_8566       |  11|   0|   11|          0|
    |add_ln703_32_reg_8904       |  12|   0|   12|          0|
    |add_ln703_33_reg_8571       |  11|   0|   11|          0|
    |add_ln703_35_reg_9200       |  12|   0|   12|          0|
    |add_ln703_37_reg_8576       |  12|   0|   12|          0|
    |add_ln703_39_reg_9205       |  11|   0|   11|          0|
    |add_ln703_3_reg_8540        |  11|   0|   11|          0|
    |add_ln703_41_reg_8581       |   9|   0|    9|          0|
    |add_ln703_42_reg_8586       |  12|   0|   12|          0|
    |add_ln703_44_reg_8909       |  12|   0|   12|          0|
    |add_ln703_45_reg_8222       |  10|   0|   10|          0|
    |add_ln703_46_reg_8591       |  11|   0|   11|          0|
    |add_ln703_47_reg_8596       |  11|   0|   11|          0|
    |add_ln703_49_reg_8914       |  13|   0|   13|          0|
    |add_ln703_4_reg_8546        |  12|   0|   12|          0|
    |add_ln703_51_reg_8601       |  10|   0|   10|          0|
    |add_ln703_52_reg_8606       |  11|   0|   11|          0|
    |add_ln703_54_reg_8919       |  13|   0|   13|          0|
    |add_ln703_55_reg_8611       |  11|   0|   11|          0|
    |add_ln703_57_reg_8616       |  10|   0|   10|          0|
    |add_ln703_58_reg_8924       |  12|   0|   12|          0|
    |add_ln703_60_reg_8621       |  12|   0|   12|          0|
    |add_ln703_62_reg_8929       |  12|   0|   12|          0|
    |add_ln703_64_reg_8626       |   9|   0|    9|          0|
    |add_ln703_67_reg_8631       |  10|   0|   10|          0|
    |add_ln703_68_reg_8934       |  11|   0|   11|          0|
    |add_ln703_6_reg_8874        |  12|   0|   12|          0|
    |add_ln703_701_reg_9245      |  14|   0|   14|          0|
    |add_ln703_72_reg_8227       |  12|   0|   12|          0|
    |add_ln703_73_reg_8636       |  13|   0|   13|          0|
    |add_ln703_74_reg_8641       |   9|   0|    9|          0|
    |add_ln703_75_reg_8646       |  11|   0|   11|          0|
    |add_ln703_77_reg_8939       |  12|   0|   12|          0|
    |add_ln703_79_reg_7979       |  12|   0|   12|          0|
    |add_ln703_7_reg_9085        |  13|   0|   13|          0|
    |add_ln703_81_reg_8651       |  12|   0|   12|          0|
    |add_ln703_82_reg_8944       |  13|   0|   13|          0|
    |add_ln703_83_reg_8656       |  10|   0|   10|          0|
    |add_ln703_84_reg_8949       |  11|   0|   11|          0|
    |add_ln703_86_reg_9120       |  12|   0|   12|          0|
    |add_ln703_88_reg_8661       |  12|   0|   12|          0|
    |add_ln703_8_reg_8879        |  11|   0|   11|          0|
    |add_ln703_91_reg_8954       |  12|   0|   12|          0|
    |add_ln703_92_reg_9125       |  13|   0|   13|          0|
    |add_ln703_93_reg_8666       |  10|   0|   10|          0|
    |add_ln703_95_reg_8671       |   8|   0|    8|          0|
    |add_ln703_97_reg_8959       |  12|   0|   12|          0|
    |add_ln703_9_reg_9190        |  13|   0|   13|          0|
    |add_ln703_reg_8868          |  11|   0|   11|          0|
    |ap_CS_fsm                   |  15|   0|   15|          0|
    |ap_port_reg_data_10_V_read  |   6|   0|    6|          0|
    |ap_port_reg_data_11_V_read  |   6|   0|    6|          0|
    |ap_port_reg_data_13_V_read  |   6|   0|    6|          0|
    |ap_port_reg_data_14_V_read  |   6|   0|    6|          0|
    |ap_port_reg_data_15_V_read  |   6|   0|    6|          0|
    |ap_port_reg_data_16_V_read  |   6|   0|    6|          0|
    |ap_port_reg_data_17_V_read  |   6|   0|    6|          0|
    |ap_port_reg_data_18_V_read  |   6|   0|    6|          0|
    |ap_port_reg_data_19_V_read  |   6|   0|    6|          0|
    |ap_port_reg_data_1_V_read   |   6|   0|    6|          0|
    |ap_port_reg_data_20_V_read  |   6|   0|    6|          0|
    |ap_port_reg_data_21_V_read  |   6|   0|    6|          0|
    |ap_port_reg_data_22_V_read  |   6|   0|    6|          0|
    |ap_port_reg_data_23_V_read  |   6|   0|    6|          0|
    |ap_port_reg_data_24_V_read  |   6|   0|    6|          0|
    |ap_port_reg_data_26_V_read  |   6|   0|    6|          0|
    |ap_port_reg_data_27_V_read  |   6|   0|    6|          0|
    |ap_port_reg_data_28_V_read  |   6|   0|    6|          0|
    |ap_port_reg_data_29_V_read  |   6|   0|    6|          0|
    |ap_port_reg_data_2_V_read   |   6|   0|    6|          0|
    |ap_port_reg_data_30_V_read  |   6|   0|    6|          0|
    |ap_port_reg_data_31_V_read  |   6|   0|    6|          0|
    |ap_port_reg_data_4_V_read   |   6|   0|    6|          0|
    |ap_port_reg_data_6_V_read   |   6|   0|    6|          0|
    |ap_port_reg_data_7_V_read   |   6|   0|    6|          0|
    |ap_port_reg_data_8_V_read   |   6|   0|    6|          0|
    |data_0_V_read_7_reg_7785    |   6|   0|    6|          0|
    |data_10_V_read_5_reg_7841   |   6|   0|    6|          0|
    |data_11_V_read41_reg_7995   |   6|   0|    6|          0|
    |data_13_V_read42_reg_7984   |   6|   0|    6|          0|
    |data_14_V_read43_reg_8039   |   6|   0|    6|          0|
    |data_15_V_read_4_reg_8027   |   6|   0|    6|          0|
    |data_16_V_read_2_reg_8118   |   6|   0|    6|          0|
    |data_17_V_read_6_reg_8108   |   6|   0|    6|          0|
    |data_18_V_read_6_reg_8100   |   6|   0|    6|          0|
    |data_1_V_read31_reg_7888    |   6|   0|    6|          0|
    |data_22_V_read51_reg_8093   |   6|   0|    6|          0|
    |data_23_V_read52_reg_8252   |   6|   0|    6|          0|
    |data_24_V_read53_reg_7834   |   6|   0|    6|          0|
    |data_27_V_read_4_reg_7825   |   6|   0|    6|          0|
    |data_28_V_read_5_reg_7855   |   6|   0|    6|          0|
    |data_29_V_read_6_reg_8081   |   6|   0|    6|          0|
    |data_30_V_read_4_reg_8075   |   6|   0|    6|          0|
    |data_31_V_read_6_reg_8836   |   6|   0|    6|          0|
    |data_3_V_read33_reg_7773    |   6|   0|    6|          0|
    |data_4_V_read34_reg_7914    |   6|   0|    6|          0|
    |data_5_V_read35_reg_7764    |   6|   0|    6|          0|
    |data_7_V_read_4_reg_7951    |   6|   0|    6|          0|
    |data_8_V_read_6_reg_8128    |   6|   0|    6|          0|
    |data_9_V_read_6_reg_7752    |   6|   0|    6|          0|
    |lshr_ln708_100_reg_8280     |  10|   0|   10|          0|
    |lshr_ln708_102_reg_8290     |   8|   0|    8|          0|
    |lshr_ln708_107_reg_7964     |  10|   0|   10|          0|
    |lshr_ln708_112_reg_7814     |   9|   0|    9|          0|
    |lshr_ln708_113_reg_7974     |  10|   0|   10|          0|
    |lshr_ln708_114_reg_7820     |   5|   0|    5|          0|
    |lshr_ln708_115_reg_8157     |   8|   0|    8|          0|
    |lshr_ln708_117_reg_8022     |   9|   0|    9|          0|
    |lshr_ln708_121_reg_8060     |   9|   0|    9|          0|
    |lshr_ln708_122_reg_8370     |  10|   0|   10|          0|
    |lshr_ln708_123_reg_8065     |   9|   0|    9|          0|
    |lshr_ln708_127_reg_8172     |   5|   0|    5|          0|
    |lshr_ln708_129_reg_8385     |  10|   0|   10|          0|
    |lshr_ln708_132_reg_8390     |   9|   0|   10|          1|
    |lshr_ln708_139_reg_8420     |  10|   0|   10|          0|
    |lshr_ln708_141_reg_8425     |  10|   0|   10|          0|
    |lshr_ln708_142_reg_8430     |  10|   0|   10|          0|
    |lshr_ln708_144_reg_8435     |   5|   0|    5|          0|
    |lshr_ln708_146_reg_8445     |  10|   0|   10|          0|
    |lshr_ln708_149_reg_8465     |  10|   0|   10|          0|
    |lshr_ln708_150_reg_8202     |  10|   0|   10|          0|
    |lshr_ln708_151_reg_8852     |  10|   0|   10|          0|
    |lshr_ln708_152_reg_8858     |  10|   0|   10|          0|
    |lshr_ln708_154_reg_8490     |   8|   0|    8|          0|
    |lshr_ln708_155_reg_8505     |  10|   0|   10|          0|
    |lshr_ln708_158_reg_8530     |  10|   0|   10|          0|
    |lshr_ln708_66_reg_8265      |  10|   0|   10|          0|
    |lshr_ln708_71_reg_8842      |   8|   0|   10|          2|
    |lshr_ln708_75_reg_7899      |  10|   0|   10|          0|
    |lshr_ln708_78_reg_7904      |  10|   0|   10|          0|
    |lshr_ln708_83_reg_7803      |   5|   0|    5|          0|
    |lshr_ln708_84_reg_8137      |  10|   0|   10|          0|
    |lshr_ln708_91_reg_7926      |  10|   0|   10|          0|
    |lshr_ln708_92_reg_7931      |   9|   0|    9|          0|
    |lshr_ln708_96_reg_7946      |  10|   0|   10|          0|
    |reg_899                     |  10|   0|   10|          0|
    |reg_903                     |  11|   0|   11|          0|
    |reg_907                     |  10|   0|   10|          0|
    |reg_911                     |  10|   0|   10|          0|
    |reg_915                     |   9|   0|    9|          0|
    |reg_919                     |  10|   0|   10|          0|
    |reg_923                     |  11|   0|   11|          0|
    |reg_927                     |  10|   0|   10|          0|
    |reg_931                     |  10|   0|   10|          0|
    |shl_ln1118_14_reg_8147      |   6|   0|    8|          2|
    |shl_ln1118_27_reg_8360      |   6|   0|    9|          3|
    |shl_ln708_64_reg_8197       |   6|   0|   11|          5|
    |shl_ln_reg_8260             |   6|   0|   11|          5|
    |sub_ln1118_41_reg_8177      |   7|   0|   10|          3|
    |sub_ln1118_60_reg_8207      |   7|   0|   10|          3|
    |tmp_631_reg_7868            |  10|   0|   10|          0|
    |tmp_632_reg_7873            |  11|   0|   11|          0|
    |tmp_639_reg_8142            |  10|   0|   10|          0|
    |tmp_640_reg_8275            |  10|   0|   10|          0|
    |tmp_646_reg_8305            |   9|   0|   10|          1|
    |tmp_647_reg_8152            |   7|   0|    8|          1|
    |tmp_651_reg_8325            |   9|   0|   10|          1|
    |tmp_652_reg_8330            |   9|   0|    9|          0|
    |tmp_654_reg_8355            |  10|   0|   10|          0|
    |tmp_655_reg_8365            |   9|   0|    9|          0|
    |tmp_657_reg_8167            |  10|   0|   10|          0|
    |tmp_663_reg_8405            |   7|   0|    7|          0|
    |tmp_666_reg_8440            |   9|   0|    9|          0|
    |tmp_667_reg_8450            |   9|   0|   10|          1|
    |tmp_668_reg_8455            |   6|   0|    6|          0|
    |tmp_669_reg_8847            |   7|   0|    8|          1|
    |trunc_ln203_10_reg_8212     |   9|   0|    9|          0|
    |trunc_ln203_11_reg_8217     |  10|   0|   10|          0|
    |trunc_ln203_1_reg_7850      |   9|   0|    9|          0|
    |trunc_ln203_3_reg_8011      |  10|   0|   10|          0|
    |trunc_ln203_5_reg_8187      |  10|   0|   10|          0|
    |trunc_ln203_6_reg_8480      |   9|   0|   10|          1|
    |trunc_ln203_8_reg_7878      |  10|   0|   10|          0|
    |trunc_ln708_132_reg_7936    |  11|   0|   11|          0|
    |trunc_ln708_133_reg_7941    |  11|   0|   11|          0|
    |trunc_ln708_134_reg_8270    |   9|   0|   11|          2|
    |trunc_ln708_139_reg_7959    |  11|   0|   11|          0|
    |trunc_ln708_141_reg_8285    |   8|   0|    8|          0|
    |trunc_ln708_142_reg_8295    |   7|   0|    8|          1|
    |trunc_ln708_145_reg_8300    |   6|   0|    6|          0|
    |trunc_ln708_148_reg_7969    |  11|   0|   11|          0|
    |trunc_ln708_157_reg_8310    |   9|   0|    9|          0|
    |trunc_ln708_159_reg_8315    |   8|   0|    8|          0|
    |trunc_ln708_162_reg_8345    |   7|   0|   11|          4|
    |trunc_ln708_163_reg_8350    |  11|   0|   11|          0|
    |trunc_ln708_166_reg_8320    |   9|   0|    9|          0|
    |trunc_ln708_169_reg_8375    |  11|   0|   11|          0|
    |trunc_ln708_170_reg_8335    |   8|   0|    8|          0|
    |trunc_ln708_171_reg_8049    |  10|   0|   10|          0|
    |trunc_ln708_172_reg_8340    |   6|   0|    6|          0|
    |trunc_ln708_174_reg_8380    |  10|   0|   11|          1|
    |trunc_ln708_180_reg_8400    |   9|   0|   11|          2|
    |trunc_ln708_189_reg_8460    |  11|   0|   11|          0|
    |trunc_ln708_195_reg_8395    |   7|   0|    8|          1|
    |trunc_ln708_196_reg_8485    |  11|   0|   11|          0|
    |trunc_ln708_199_reg_8515    |  11|   0|   11|          0|
    |trunc_ln708_201_reg_8415    |   9|   0|    9|          0|
    |trunc_ln708_202_reg_7883    |  11|   0|   11|          0|
    |trunc_ln708_211_reg_8192    |  10|   0|   10|          0|
    |trunc_ln708_213_reg_8470    |   7|   0|    9|          2|
    |trunc_ln708_214_reg_8475    |   9|   0|    9|          0|
    |trunc_ln708_216_reg_8495    |   9|   0|    9|          0|
    |trunc_ln708_217_reg_8500    |   8|   0|    8|          0|
    |trunc_ln708_219_reg_8510    |   6|   0|    6|          0|
    |trunc_ln708_220_reg_8520    |  10|   0|   10|          0|
    |trunc_ln708_224_reg_8535    |   8|   0|    8|          0|
    |trunc_ln708_226_reg_8863    |   8|   0|    8|          0|
    |zext_ln1116_reg_7863        |   6|   0|   12|          6|
    |zext_ln1118_11_reg_8054     |   6|   0|   11|          5|
    |zext_ln1118_147_reg_8525    |   6|   0|   11|          5|
    |zext_ln1118_14_reg_8182     |   6|   0|   11|          5|
    |zext_ln1118_25_reg_9079     |   6|   0|   11|          5|
    |zext_ln1118_38_reg_7808     |   6|   0|   11|          5|
    |zext_ln1118_4_reg_7796      |   6|   0|   11|          5|
    |zext_ln1118_65_reg_8005     |   6|   0|   11|          5|
    |zext_ln1118_76_reg_8016     |   6|   0|   11|          5|
    |zext_ln708_20_reg_7921      |   6|   0|   11|          5|
    |zext_ln708_323_reg_8410     |   8|   0|   11|          3|
    |zext_ln708_95_reg_8162      |   6|   0|   11|          5|
    +----------------------------+----+----+-----+-----------+
    |Total                       |3099|   0| 3209|        110|
    +----------------------------+----+----+-----+-----------+



================================================================
== Interface
================================================================
* Summary: 
+----------------+-----+-----+------------+---------------------------------------------------------------------------------+--------------+
|    RTL Ports   | Dir | Bits|  Protocol  |                                  Source Object                                  |    C Type    |
+----------------+-----+-----+------------+---------------------------------------------------------------------------------+--------------+
|ap_clk          |  in |    1| ap_ctrl_hs | dense_latency.0.0.0.0.0.0.0.0.0.0.0.0.0.0.0.0.0.0.0.0.0.0.0.0.0.0.0.0.0.0.0.0.0 | return value |
|ap_rst          |  in |    1| ap_ctrl_hs | dense_latency.0.0.0.0.0.0.0.0.0.0.0.0.0.0.0.0.0.0.0.0.0.0.0.0.0.0.0.0.0.0.0.0.0 | return value |
|ap_start        |  in |    1| ap_ctrl_hs | dense_latency.0.0.0.0.0.0.0.0.0.0.0.0.0.0.0.0.0.0.0.0.0.0.0.0.0.0.0.0.0.0.0.0.0 | return value |
|ap_done         | out |    1| ap_ctrl_hs | dense_latency.0.0.0.0.0.0.0.0.0.0.0.0.0.0.0.0.0.0.0.0.0.0.0.0.0.0.0.0.0.0.0.0.0 | return value |
|ap_idle         | out |    1| ap_ctrl_hs | dense_latency.0.0.0.0.0.0.0.0.0.0.0.0.0.0.0.0.0.0.0.0.0.0.0.0.0.0.0.0.0.0.0.0.0 | return value |
|ap_ready        | out |    1| ap_ctrl_hs | dense_latency.0.0.0.0.0.0.0.0.0.0.0.0.0.0.0.0.0.0.0.0.0.0.0.0.0.0.0.0.0.0.0.0.0 | return value |
|ap_return_0     | out |   16| ap_ctrl_hs | dense_latency.0.0.0.0.0.0.0.0.0.0.0.0.0.0.0.0.0.0.0.0.0.0.0.0.0.0.0.0.0.0.0.0.0 | return value |
|ap_return_1     | out |   16| ap_ctrl_hs | dense_latency.0.0.0.0.0.0.0.0.0.0.0.0.0.0.0.0.0.0.0.0.0.0.0.0.0.0.0.0.0.0.0.0.0 | return value |
|ap_return_2     | out |   16| ap_ctrl_hs | dense_latency.0.0.0.0.0.0.0.0.0.0.0.0.0.0.0.0.0.0.0.0.0.0.0.0.0.0.0.0.0.0.0.0.0 | return value |
|ap_return_3     | out |   16| ap_ctrl_hs | dense_latency.0.0.0.0.0.0.0.0.0.0.0.0.0.0.0.0.0.0.0.0.0.0.0.0.0.0.0.0.0.0.0.0.0 | return value |
|ap_return_4     | out |   16| ap_ctrl_hs | dense_latency.0.0.0.0.0.0.0.0.0.0.0.0.0.0.0.0.0.0.0.0.0.0.0.0.0.0.0.0.0.0.0.0.0 | return value |
|ap_return_5     | out |   16| ap_ctrl_hs | dense_latency.0.0.0.0.0.0.0.0.0.0.0.0.0.0.0.0.0.0.0.0.0.0.0.0.0.0.0.0.0.0.0.0.0 | return value |
|ap_return_6     | out |   16| ap_ctrl_hs | dense_latency.0.0.0.0.0.0.0.0.0.0.0.0.0.0.0.0.0.0.0.0.0.0.0.0.0.0.0.0.0.0.0.0.0 | return value |
|ap_return_7     | out |   16| ap_ctrl_hs | dense_latency.0.0.0.0.0.0.0.0.0.0.0.0.0.0.0.0.0.0.0.0.0.0.0.0.0.0.0.0.0.0.0.0.0 | return value |
|ap_return_8     | out |   16| ap_ctrl_hs | dense_latency.0.0.0.0.0.0.0.0.0.0.0.0.0.0.0.0.0.0.0.0.0.0.0.0.0.0.0.0.0.0.0.0.0 | return value |
|ap_return_9     | out |   16| ap_ctrl_hs | dense_latency.0.0.0.0.0.0.0.0.0.0.0.0.0.0.0.0.0.0.0.0.0.0.0.0.0.0.0.0.0.0.0.0.0 | return value |
|ap_return_10    | out |   16| ap_ctrl_hs | dense_latency.0.0.0.0.0.0.0.0.0.0.0.0.0.0.0.0.0.0.0.0.0.0.0.0.0.0.0.0.0.0.0.0.0 | return value |
|ap_return_11    | out |   16| ap_ctrl_hs | dense_latency.0.0.0.0.0.0.0.0.0.0.0.0.0.0.0.0.0.0.0.0.0.0.0.0.0.0.0.0.0.0.0.0.0 | return value |
|ap_return_12    | out |   16| ap_ctrl_hs | dense_latency.0.0.0.0.0.0.0.0.0.0.0.0.0.0.0.0.0.0.0.0.0.0.0.0.0.0.0.0.0.0.0.0.0 | return value |
|ap_return_13    | out |   16| ap_ctrl_hs | dense_latency.0.0.0.0.0.0.0.0.0.0.0.0.0.0.0.0.0.0.0.0.0.0.0.0.0.0.0.0.0.0.0.0.0 | return value |
|ap_return_14    | out |   16| ap_ctrl_hs | dense_latency.0.0.0.0.0.0.0.0.0.0.0.0.0.0.0.0.0.0.0.0.0.0.0.0.0.0.0.0.0.0.0.0.0 | return value |
|ap_return_15    | out |   16| ap_ctrl_hs | dense_latency.0.0.0.0.0.0.0.0.0.0.0.0.0.0.0.0.0.0.0.0.0.0.0.0.0.0.0.0.0.0.0.0.0 | return value |
|ap_return_16    | out |   16| ap_ctrl_hs | dense_latency.0.0.0.0.0.0.0.0.0.0.0.0.0.0.0.0.0.0.0.0.0.0.0.0.0.0.0.0.0.0.0.0.0 | return value |
|ap_return_17    | out |   16| ap_ctrl_hs | dense_latency.0.0.0.0.0.0.0.0.0.0.0.0.0.0.0.0.0.0.0.0.0.0.0.0.0.0.0.0.0.0.0.0.0 | return value |
|ap_return_18    | out |   16| ap_ctrl_hs | dense_latency.0.0.0.0.0.0.0.0.0.0.0.0.0.0.0.0.0.0.0.0.0.0.0.0.0.0.0.0.0.0.0.0.0 | return value |
|ap_return_19    | out |   16| ap_ctrl_hs | dense_latency.0.0.0.0.0.0.0.0.0.0.0.0.0.0.0.0.0.0.0.0.0.0.0.0.0.0.0.0.0.0.0.0.0 | return value |
|ap_return_20    | out |   16| ap_ctrl_hs | dense_latency.0.0.0.0.0.0.0.0.0.0.0.0.0.0.0.0.0.0.0.0.0.0.0.0.0.0.0.0.0.0.0.0.0 | return value |
|ap_return_21    | out |   16| ap_ctrl_hs | dense_latency.0.0.0.0.0.0.0.0.0.0.0.0.0.0.0.0.0.0.0.0.0.0.0.0.0.0.0.0.0.0.0.0.0 | return value |
|ap_return_22    | out |   16| ap_ctrl_hs | dense_latency.0.0.0.0.0.0.0.0.0.0.0.0.0.0.0.0.0.0.0.0.0.0.0.0.0.0.0.0.0.0.0.0.0 | return value |
|ap_return_23    | out |   16| ap_ctrl_hs | dense_latency.0.0.0.0.0.0.0.0.0.0.0.0.0.0.0.0.0.0.0.0.0.0.0.0.0.0.0.0.0.0.0.0.0 | return value |
|ap_return_24    | out |   16| ap_ctrl_hs | dense_latency.0.0.0.0.0.0.0.0.0.0.0.0.0.0.0.0.0.0.0.0.0.0.0.0.0.0.0.0.0.0.0.0.0 | return value |
|ap_ce           |  in |    1| ap_ctrl_hs | dense_latency.0.0.0.0.0.0.0.0.0.0.0.0.0.0.0.0.0.0.0.0.0.0.0.0.0.0.0.0.0.0.0.0.0 | return value |
|data_0_V_read   |  in |    6|   ap_none  |                                  data_0_V_read                                  |    scalar    |
|data_1_V_read   |  in |    6|   ap_none  |                                  data_1_V_read                                  |    scalar    |
|data_2_V_read   |  in |    6|   ap_none  |                                  data_2_V_read                                  |    scalar    |
|data_3_V_read   |  in |    6|   ap_none  |                                  data_3_V_read                                  |    scalar    |
|data_4_V_read   |  in |    6|   ap_none  |                                  data_4_V_read                                  |    scalar    |
|data_5_V_read   |  in |    6|   ap_none  |                                  data_5_V_read                                  |    scalar    |
|data_6_V_read   |  in |    6|   ap_none  |                                  data_6_V_read                                  |    scalar    |
|data_7_V_read   |  in |    6|   ap_none  |                                  data_7_V_read                                  |    scalar    |
|data_8_V_read   |  in |    6|   ap_none  |                                  data_8_V_read                                  |    scalar    |
|data_9_V_read   |  in |    6|   ap_none  |                                  data_9_V_read                                  |    scalar    |
|data_10_V_read  |  in |    6|   ap_none  |                                  data_10_V_read                                 |    scalar    |
|data_11_V_read  |  in |    6|   ap_none  |                                  data_11_V_read                                 |    scalar    |
|data_13_V_read  |  in |    6|   ap_none  |                                  data_13_V_read                                 |    scalar    |
|data_14_V_read  |  in |    6|   ap_none  |                                  data_14_V_read                                 |    scalar    |
|data_15_V_read  |  in |    6|   ap_none  |                                  data_15_V_read                                 |    scalar    |
|data_16_V_read  |  in |    6|   ap_none  |                                  data_16_V_read                                 |    scalar    |
|data_17_V_read  |  in |    6|   ap_none  |                                  data_17_V_read                                 |    scalar    |
|data_18_V_read  |  in |    6|   ap_none  |                                  data_18_V_read                                 |    scalar    |
|data_19_V_read  |  in |    6|   ap_none  |                                  data_19_V_read                                 |    scalar    |
|data_20_V_read  |  in |    6|   ap_none  |                                  data_20_V_read                                 |    scalar    |
|data_21_V_read  |  in |    6|   ap_none  |                                  data_21_V_read                                 |    scalar    |
|data_22_V_read  |  in |    6|   ap_none  |                                  data_22_V_read                                 |    scalar    |
|data_23_V_read  |  in |    6|   ap_none  |                                  data_23_V_read                                 |    scalar    |
|data_24_V_read  |  in |    6|   ap_none  |                                  data_24_V_read                                 |    scalar    |
|data_26_V_read  |  in |    6|   ap_none  |                                  data_26_V_read                                 |    scalar    |
|data_27_V_read  |  in |    6|   ap_none  |                                  data_27_V_read                                 |    scalar    |
|data_28_V_read  |  in |    6|   ap_none  |                                  data_28_V_read                                 |    scalar    |
|data_29_V_read  |  in |    6|   ap_none  |                                  data_29_V_read                                 |    scalar    |
|data_30_V_read  |  in |    6|   ap_none  |                                  data_30_V_read                                 |    scalar    |
|data_31_V_read  |  in |    6|   ap_none  |                                  data_31_V_read                                 |    scalar    |
+----------------+-----+-----+------------+---------------------------------------------------------------------------------+--------------+

