

================================================================
== Vivado HLS Report for 'dense_latency_ap_ufixed_ap_fixed_16_6_5_3_0_config11_0_0_0_0_0_0'
================================================================
* Date:           Fri Sep 22 04:29:52 2023

* Version:        2019.2 (Build 2704478 on Wed Nov 06 22:10:23 MST 2019)
* Project:        myproject_prj
* Solution:       solution1
* Product family: zynq
* Target device:  xc7z020-clg400-1


================================================================
== Performance Estimates
================================================================
+ Timing: 
    * Summary: 
    +--------+---------+----------+------------+
    |  Clock |  Target | Estimated| Uncertainty|
    +--------+---------+----------+------------+
    |ap_clk  | 5.00 ns | 3.780 ns |   0.62 ns  |
    +--------+---------+----------+------------+

+ Latency: 
    * Summary: 
    +---------+---------+-----------+-----------+-----+-----+----------+
    |  Latency (cycles) |   Latency (absolute)  |  Interval | Pipeline |
    |   min   |   max   |    min    |    max    | min | max |   Type   |
    +---------+---------+-----------+-----------+-----+-----+----------+
    |        2|        2| 10.000 ns | 10.000 ns |    3|    3| function |
    +---------+---------+-----------+-----------+-----+-----+----------+

    + Detail: 
        * Instance: 
        N/A

        * Loop: 
        N/A



================================================================
== Utilization Estimates
================================================================
* Summary: 
+-----------------+---------+-------+--------+-------+-----+
|       Name      | BRAM_18K| DSP48E|   FF   |  LUT  | URAM|
+-----------------+---------+-------+--------+-------+-----+
|DSP              |        -|      -|       -|      -|    -|
|Expression       |        -|      0|       0|   1095|    -|
|FIFO             |        -|      -|       -|      -|    -|
|Instance         |        -|      -|       -|      -|    -|
|Memory           |        -|      -|       -|      -|    -|
|Multiplexer      |        -|      -|       -|     21|    -|
|Register         |        -|      -|     385|      -|    -|
+-----------------+---------+-------+--------+-------+-----+
|Total            |        0|      0|     385|   1116|    0|
+-----------------+---------+-------+--------+-------+-----+
|Available        |      280|    220|  106400|  53200|    0|
+-----------------+---------+-------+--------+-------+-----+
|Utilization (%)  |        0|      0|   ~0   |      2|    0|
+-----------------+---------+-------+--------+-------+-----+

+ Detail: 
    * Instance: 
    N/A

    * DSP48E: 
    N/A

    * Memory: 
    N/A

    * FIFO: 
    N/A

    * Expression: 
    +--------------------------+----------+-------+---+----+------------+------------+
    |       Variable Name      | Operation| DSP48E| FF| LUT| Bitwidth P0| Bitwidth P1|
    +--------------------------+----------+-------+---+----+------------+------------+
    |mul_ln1118_fu_260_p2      |     *    |      0|  0|  26|           6|           6|
    |mul_ln708_fu_261_p2       |     *    |      0|  0|  26|           6|           5|
    |acc_1_V_fu_1686_p2        |     +    |      0|  0|  19|          14|          14|
    |acc_2_V_fu_1715_p2        |     +    |      0|  0|  19|          14|          14|
    |acc_3_V_fu_1744_p2        |     +    |      0|  0|  19|          14|          14|
    |acc_4_V_fu_1773_p2        |     +    |      0|  0|  21|          15|          15|
    |add_ln703_10_fu_1660_p2   |     +    |      0|  0|  17|          13|          13|
    |add_ln703_11_fu_1670_p2   |     +    |      0|  0|  21|          15|          15|
    |add_ln703_12_fu_1497_p2   |     +    |      0|  0|  12|          12|          12|
    |add_ln703_13_fu_1507_p2   |     +    |      0|  0|  17|          13|          13|
    |add_ln703_14_fu_1513_p2   |     +    |      0|  0|  13|          11|           9|
    |add_ln703_15_fu_1523_p2   |     +    |      0|  0|  12|          12|          12|
    |add_ln703_17_fu_1529_p2   |     +    |      0|  0|  12|          12|          12|
    |add_ln703_18_fu_1535_p2   |     +    |      0|  0|  12|          12|          12|
    |add_ln703_19_fu_1702_p2   |     +    |      0|  0|  17|          13|          13|
    |add_ln703_20_fu_1059_p2   |     +    |      0|  0|  13|          11|          11|
    |add_ln703_21_fu_1544_p2   |     +    |      0|  0|  13|          11|          10|
    |add_ln703_22_fu_1554_p2   |     +    |      0|  0|  12|          12|          12|
    |add_ln703_24_fu_1065_p2   |     +    |      0|  0|  12|          12|          12|
    |add_ln703_25_fu_1071_p2   |     +    |      0|  0|  12|          12|          12|
    |add_ln703_26_fu_1566_p2   |     +    |      0|  0|  17|          13|          13|
    |add_ln703_27_fu_1572_p2   |     +    |      0|  0|  13|          11|          11|
    |add_ln703_28_fu_1578_p2   |     +    |      0|  0|  13|          11|           9|
    |add_ln703_29_fu_1588_p2   |     +    |      0|  0|  12|          12|          12|
    |add_ln703_30_fu_1734_p2   |     +    |      0|  0|  17|          13|          13|
    |add_ln703_32_fu_1077_p2   |     +    |      0|  0|  12|          12|          12|
    |add_ln703_33_fu_1597_p2   |     +    |      0|  0|  17|          13|          13|
    |add_ln703_34_fu_1083_p2   |     +    |      0|  0|  12|          12|          12|
    |add_ln703_35_fu_1610_p2   |     +    |      0|  0|  17|          13|          13|
    |add_ln703_36_fu_1620_p2   |     +    |      0|  0|  19|          14|          14|
    |add_ln703_37_fu_1089_p2   |     +    |      0|  0|  13|          11|          11|
    |add_ln703_38_fu_1629_p2   |     +    |      0|  0|  17|          13|          13|
    |add_ln703_39_fu_1635_p2   |     +    |      0|  0|  13|          11|          10|
    |add_ln703_40_fu_1645_p2   |     +    |      0|  0|  12|          12|          12|
    |add_ln703_41_fu_1763_p2   |     +    |      0|  0|  19|          14|          14|
    |add_ln703_4_fu_1047_p2    |     +    |      0|  0|  12|          12|          12|
    |add_ln703_5_fu_1466_p2    |     +    |      0|  0|  17|          13|          13|
    |add_ln703_6_fu_1476_p2    |     +    |      0|  0|  19|          14|          14|
    |add_ln703_7_fu_1482_p2    |     +    |      0|  0|  13|          11|          11|
    |add_ln703_8_fu_1053_p2    |     +    |      0|  0|  13|          11|          11|
    |add_ln703_9_fu_1491_p2    |     +    |      0|  0|  12|          12|          12|
    |add_ln703_fu_1453_p2      |     +    |      0|  0|  12|          12|          11|
    |sub_ln1118_10_fu_1336_p2  |     -    |      0|  0|  12|           1|          12|
    |sub_ln1118_11_fu_1392_p2  |     -    |      0|  0|  12|           1|          12|
    |sub_ln1118_12_fu_767_p2   |     -    |      0|  0|  12|           1|          12|
    |sub_ln1118_13_fu_799_p2   |     -    |      0|  0|  12|           1|          12|
    |sub_ln1118_14_fu_859_p2   |     -    |      0|  0|  12|           1|          12|
    |sub_ln1118_15_fu_911_p2   |     -    |      0|  0|  12|           1|          12|
    |sub_ln1118_16_fu_967_p2   |     -    |      0|  0|  12|           1|          12|
    |sub_ln1118_17_fu_999_p2   |     -    |      0|  0|  12|           1|          12|
    |sub_ln1118_18_fu_1031_p2  |     -    |      0|  0|  12|          12|          12|
    |sub_ln1118_1_fu_324_p2    |     -    |      0|  0|  12|           1|          12|
    |sub_ln1118_2_fu_1207_p2   |     -    |      0|  0|  12|           1|          12|
    |sub_ln1118_3_fu_408_p2    |     -    |      0|  0|  12|           1|          12|
    |sub_ln1118_4_fu_476_p2    |     -    |      0|  0|  12|           1|          12|
    |sub_ln1118_5_fu_532_p2    |     -    |      0|  0|  12|           1|          12|
    |sub_ln1118_6_fu_564_p2    |     -    |      0|  0|  12|           1|          12|
    |sub_ln1118_7_fu_625_p2    |     -    |      0|  0|  12|           1|          12|
    |sub_ln1118_8_fu_679_p2    |     -    |      0|  0|  12|           1|          12|
    |sub_ln1118_9_fu_711_p2    |     -    |      0|  0|  12|           1|          12|
    |sub_ln1118_fu_1172_p2     |     -    |      0|  0|  12|           1|          12|
    |sub_ln708_10_fu_1304_p2   |     -    |      0|  0|  13|          11|          11|
    |sub_ln708_11_fu_1368_p2   |     -    |      0|  0|  13|          11|          11|
    |sub_ln708_12_fu_743_p2    |     -    |      0|  0|  13|          11|          11|
    |sub_ln708_13_fu_1424_p2   |     -    |      0|  0|  13|          11|          11|
    |sub_ln708_14_fu_831_p2    |     -    |      0|  0|  13|          11|          11|
    |sub_ln708_15_fu_891_p2    |     -    |      0|  0|  13|          11|          11|
    |sub_ln708_16_fu_943_p2    |     -    |      0|  0|  13|          11|          11|
    |sub_ln708_1_fu_1140_p2    |     -    |      0|  0|  13|          11|          11|
    |sub_ln708_2_fu_340_p2     |     -    |      0|  0|  13|          11|          11|
    |sub_ln708_3_fu_372_p2     |     -    |      0|  0|  13|          11|          11|
    |sub_ln708_4_fu_424_p2     |     -    |      0|  0|  13|          11|          11|
    |sub_ln708_5_fu_456_p2     |     -    |      0|  0|  13|          11|          11|
    |sub_ln708_6_fu_508_p2     |     -    |      0|  0|  13|          11|          11|
    |sub_ln708_7_fu_1245_p2    |     -    |      0|  0|  13|          11|          11|
    |sub_ln708_8_fu_592_p2     |     -    |      0|  0|  13|          11|          11|
    |sub_ln708_9_fu_641_p2     |     -    |      0|  0|  13|          11|          11|
    |sub_ln708_fu_1108_p2      |     -    |      0|  0|  13|          11|          11|
    +--------------------------+----------+-------+---+----+------------+------------+
    |Total                     |          |      0|  0|1095|         727|         917|
    +--------------------------+----------+-------+---+----+------------+------------+

    * Multiplexer: 
    +-----------+----+-----------+-----+-----------+
    |    Name   | LUT| Input Size| Bits| Total Bits|
    +-----------+----+-----------+-----+-----------+
    |ap_NS_fsm  |  21|          4|    1|          4|
    +-----------+----+-----------+-----+-----------+
    |Total      |  21|          4|    1|          4|
    +-----------+----+-----------+-----+-----------+

    * Register: 
    +----------------------------+----+----+-----+-----------+
    |            Name            | FF | LUT| Bits| Const Bits|
    +----------------------------+----+----+-----+-----------+
    |add_ln703_13_reg_1934       |  13|   0|   13|          0|
    |add_ln703_15_reg_1939       |  12|   0|   12|          0|
    |add_ln703_17_reg_1944       |   8|   0|   12|          4|
    |add_ln703_18_reg_1949       |   8|   0|   12|          4|
    |add_ln703_20_reg_1889       |  11|   0|   11|          0|
    |add_ln703_22_reg_1954       |  12|   0|   12|          0|
    |add_ln703_24_reg_1894       |   8|   0|   12|          4|
    |add_ln703_25_reg_1899       |   8|   0|   12|          4|
    |add_ln703_26_reg_1959       |   9|   0|   13|          4|
    |add_ln703_27_reg_1964       |  11|   0|   11|          0|
    |add_ln703_29_reg_1969       |  12|   0|   12|          0|
    |add_ln703_32_reg_1904       |   8|   0|   12|          4|
    |add_ln703_34_reg_1909       |   8|   0|   12|          4|
    |add_ln703_36_reg_1974       |  10|   0|   14|          4|
    |add_ln703_37_reg_1914       |  11|   0|   11|          0|
    |add_ln703_38_reg_1979       |  13|   0|   13|          0|
    |add_ln703_40_reg_1984       |  12|   0|   12|          0|
    |add_ln703_4_reg_1879        |   8|   0|   12|          4|
    |add_ln703_6_reg_1919        |  10|   0|   14|          4|
    |add_ln703_7_reg_1924        |  11|   0|   11|          0|
    |add_ln703_8_reg_1884        |  11|   0|   11|          0|
    |add_ln703_9_reg_1929        |  12|   0|   12|          0|
    |ap_CS_fsm                   |   3|   0|    3|          0|
    |ap_port_reg_data_10_V_read  |   6|   0|    6|          0|
    |ap_port_reg_data_18_V_read  |   6|   0|    6|          0|
    |ap_port_reg_data_19_V_read  |   6|   0|    6|          0|
    |ap_port_reg_data_22_V_read  |   6|   0|    6|          0|
    |ap_port_reg_data_2_V_read   |   6|   0|    6|          0|
    |ap_port_reg_data_3_V_read   |   6|   0|    6|          0|
    |ap_port_reg_data_6_V_read   |   6|   0|    6|          0|
    |data_0_V_read_5_reg_1813    |   6|   0|    6|          0|
    |lshr_ln708_10_reg_1859      |  10|   0|   10|          0|
    |lshr_ln708_15_reg_1864      |  10|   0|   10|          0|
    |lshr_ln708_16_reg_1869      |  10|   0|   10|          0|
    |lshr_ln708_5_reg_1834       |  10|   0|   10|          0|
    |lshr_ln708_8_reg_1844       |  10|   0|   10|          0|
    |lshr_ln708_9_reg_1854       |  10|   0|   10|          0|
    |trunc_ln708_105_reg_1824    |   7|   0|   11|          4|
    |trunc_ln708_107_reg_1829    |   7|   0|   11|          4|
    |trunc_ln708_110_reg_1839    |   7|   0|   11|          4|
    |trunc_ln708_111_reg_1849    |   7|   0|   11|          4|
    |trunc_ln708_122_reg_1874    |   9|   0|   11|          2|
    |trunc_ln_reg_1819           |  11|   0|   11|          0|
    +----------------------------+----+----+-----+-----------+
    |Total                       | 385|   0|  443|         58|
    +----------------------------+----+----+-----+-----------+



================================================================
== Interface
================================================================
* Summary: 
+----------------+-----+-----+------------+--------------------------------------------------------------------+--------------+
|    RTL Ports   | Dir | Bits|  Protocol  |                            Source Object                           |    C Type    |
+----------------+-----+-----+------------+--------------------------------------------------------------------+--------------+
|ap_clk          |  in |    1| ap_ctrl_hs | dense_latency<ap_ufixed,ap_fixed<16,6,5,3,0>,config11>.0.0.0.0.0.0 | return value |
|ap_rst          |  in |    1| ap_ctrl_hs | dense_latency<ap_ufixed,ap_fixed<16,6,5,3,0>,config11>.0.0.0.0.0.0 | return value |
|ap_start        |  in |    1| ap_ctrl_hs | dense_latency<ap_ufixed,ap_fixed<16,6,5,3,0>,config11>.0.0.0.0.0.0 | return value |
|ap_done         | out |    1| ap_ctrl_hs | dense_latency<ap_ufixed,ap_fixed<16,6,5,3,0>,config11>.0.0.0.0.0.0 | return value |
|ap_idle         | out |    1| ap_ctrl_hs | dense_latency<ap_ufixed,ap_fixed<16,6,5,3,0>,config11>.0.0.0.0.0.0 | return value |
|ap_ready        | out |    1| ap_ctrl_hs | dense_latency<ap_ufixed,ap_fixed<16,6,5,3,0>,config11>.0.0.0.0.0.0 | return value |
|ap_return_0     | out |   16| ap_ctrl_hs | dense_latency<ap_ufixed,ap_fixed<16,6,5,3,0>,config11>.0.0.0.0.0.0 | return value |
|ap_return_1     | out |   16| ap_ctrl_hs | dense_latency<ap_ufixed,ap_fixed<16,6,5,3,0>,config11>.0.0.0.0.0.0 | return value |
|ap_return_2     | out |   16| ap_ctrl_hs | dense_latency<ap_ufixed,ap_fixed<16,6,5,3,0>,config11>.0.0.0.0.0.0 | return value |
|ap_return_3     | out |   16| ap_ctrl_hs | dense_latency<ap_ufixed,ap_fixed<16,6,5,3,0>,config11>.0.0.0.0.0.0 | return value |
|ap_return_4     | out |   16| ap_ctrl_hs | dense_latency<ap_ufixed,ap_fixed<16,6,5,3,0>,config11>.0.0.0.0.0.0 | return value |
|ap_ce           |  in |    1| ap_ctrl_hs | dense_latency<ap_ufixed,ap_fixed<16,6,5,3,0>,config11>.0.0.0.0.0.0 | return value |
|data_0_V_read   |  in |    6|   ap_none  |                            data_0_V_read                           |    scalar    |
|data_2_V_read   |  in |    6|   ap_none  |                            data_2_V_read                           |    scalar    |
|data_3_V_read   |  in |    6|   ap_none  |                            data_3_V_read                           |    scalar    |
|data_4_V_read   |  in |    6|   ap_none  |                            data_4_V_read                           |    scalar    |
|data_5_V_read   |  in |    6|   ap_none  |                            data_5_V_read                           |    scalar    |
|data_6_V_read   |  in |    6|   ap_none  |                            data_6_V_read                           |    scalar    |
|data_7_V_read   |  in |    6|   ap_none  |                            data_7_V_read                           |    scalar    |
|data_8_V_read   |  in |    6|   ap_none  |                            data_8_V_read                           |    scalar    |
|data_9_V_read   |  in |    6|   ap_none  |                            data_9_V_read                           |    scalar    |
|data_10_V_read  |  in |    6|   ap_none  |                           data_10_V_read                           |    scalar    |
|data_12_V_read  |  in |    6|   ap_none  |                           data_12_V_read                           |    scalar    |
|data_13_V_read  |  in |    6|   ap_none  |                           data_13_V_read                           |    scalar    |
|data_15_V_read  |  in |    6|   ap_none  |                           data_15_V_read                           |    scalar    |
|data_16_V_read  |  in |    6|   ap_none  |                           data_16_V_read                           |    scalar    |
|data_17_V_read  |  in |    6|   ap_none  |                           data_17_V_read                           |    scalar    |
|data_18_V_read  |  in |    6|   ap_none  |                           data_18_V_read                           |    scalar    |
|data_19_V_read  |  in |    6|   ap_none  |                           data_19_V_read                           |    scalar    |
|data_20_V_read  |  in |    6|   ap_none  |                           data_20_V_read                           |    scalar    |
|data_21_V_read  |  in |    6|   ap_none  |                           data_21_V_read                           |    scalar    |
|data_22_V_read  |  in |    6|   ap_none  |                           data_22_V_read                           |    scalar    |
|data_24_V_read  |  in |    6|   ap_none  |                           data_24_V_read                           |    scalar    |
|data_25_V_read  |  in |    6|   ap_none  |                           data_25_V_read                           |    scalar    |
|data_26_V_read  |  in |    6|   ap_none  |                           data_26_V_read                           |    scalar    |
|data_29_V_read  |  in |    6|   ap_none  |                           data_29_V_read                           |    scalar    |
|data_31_V_read  |  in |    6|   ap_none  |                           data_31_V_read                           |    scalar    |
+----------------+-----+-----+------------+--------------------------------------------------------------------+--------------+

