

================================================================
== Vivado HLS Report for 'relu_ap_fixed_16_6_5_3_0_ap_ufixed_6_0_4_0_0_relu_config4_s'
================================================================
* Date:           Fri Sep 22 02:39:45 2023

* Version:        2019.2 (Build 2704478 on Wed Nov 06 22:10:23 MST 2019)
* Project:        myproject_prj
* Solution:       solution1
* Product family: zynq
* Target device:  xc7z020-clg400-1


================================================================
== Performance Estimates
================================================================
+ Timing: 
    * Summary: 
    +--------+---------+----------+------------+
    |  Clock |  Target | Estimated| Uncertainty|
    +--------+---------+----------+------------+
    |ap_clk  | 5.00 ns | 4.144 ns |   0.62 ns  |
    +--------+---------+----------+------------+

+ Latency: 
    * Summary: 
    +---------+---------+----------+----------+-----+-----+----------+
    |  Latency (cycles) |  Latency (absolute) |  Interval | Pipeline |
    |   min   |   max   |    min   |    max   | min | max |   Type   |
    +---------+---------+----------+----------+-----+-----+----------+
    |        0|        0|   0 ns   |   0 ns   |    1|    1| function |
    +---------+---------+----------+----------+-----+-----+----------+

    + Detail: 
        * Instance: 
        N/A

        * Loop: 
        N/A



================================================================
== Utilization Estimates
================================================================
* Summary: 
+-----------------+---------+-------+--------+-------+-----+
|       Name      | BRAM_18K| DSP48E|   FF   |  LUT  | URAM|
+-----------------+---------+-------+--------+-------+-----+
|DSP              |        -|      -|       -|      -|    -|
|Expression       |        -|      -|       0|   4941|    -|
|FIFO             |        -|      -|       -|      -|    -|
|Instance         |        -|      -|       -|      -|    -|
|Memory           |        -|      -|       -|      -|    -|
|Multiplexer      |        -|      -|       -|      -|    -|
|Register         |        -|      -|       -|      -|    -|
+-----------------+---------+-------+--------+-------+-----+
|Total            |        0|      0|       0|   4941|    0|
+-----------------+---------+-------+--------+-------+-----+
|Available        |      280|    220|  106400|  53200|    0|
+-----------------+---------+-------+--------+-------+-----+
|Utilization (%)  |        0|      0|       0|      9|    0|
+-----------------+---------+-------+--------+-------+-----+

+ Detail: 
    * Instance: 
    N/A

    * DSP48E: 
    N/A

    * Memory: 
    N/A

    * FIFO: 
    N/A

    * Expression: 
    +-----------------------------+----------+-------+---+----+------------+------------+
    |        Variable Name        | Operation| DSP48E| FF| LUT| Bitwidth P0| Bitwidth P1|
    +-----------------------------+----------+-------+---+----+------------+------------+
    |add_ln415_30_fu_734_p2       |     +    |      0|  0|  15|           6|           6|
    |add_ln415_31_fu_872_p2       |     +    |      0|  0|  15|           6|           6|
    |add_ln415_32_fu_1010_p2      |     +    |      0|  0|  15|           6|           6|
    |add_ln415_33_fu_1148_p2      |     +    |      0|  0|  15|           6|           6|
    |add_ln415_34_fu_1286_p2      |     +    |      0|  0|  15|           6|           6|
    |add_ln415_35_fu_1424_p2      |     +    |      0|  0|  15|           6|           6|
    |add_ln415_36_fu_1562_p2      |     +    |      0|  0|  15|           6|           6|
    |add_ln415_37_fu_1700_p2      |     +    |      0|  0|  15|           6|           6|
    |add_ln415_38_fu_1838_p2      |     +    |      0|  0|  15|           6|           6|
    |add_ln415_39_fu_1976_p2      |     +    |      0|  0|  15|           6|           6|
    |add_ln415_40_fu_2114_p2      |     +    |      0|  0|  15|           6|           6|
    |add_ln415_41_fu_2252_p2      |     +    |      0|  0|  15|           6|           6|
    |add_ln415_42_fu_2390_p2      |     +    |      0|  0|  15|           6|           6|
    |add_ln415_43_fu_2528_p2      |     +    |      0|  0|  15|           6|           6|
    |add_ln415_44_fu_2666_p2      |     +    |      0|  0|  15|           6|           6|
    |add_ln415_45_fu_2804_p2      |     +    |      0|  0|  15|           6|           6|
    |add_ln415_46_fu_2942_p2      |     +    |      0|  0|  15|           6|           6|
    |add_ln415_47_fu_3080_p2      |     +    |      0|  0|  15|           6|           6|
    |add_ln415_48_fu_3218_p2      |     +    |      0|  0|  15|           6|           6|
    |add_ln415_49_fu_3356_p2      |     +    |      0|  0|  15|           6|           6|
    |add_ln415_50_fu_3494_p2      |     +    |      0|  0|  15|           6|           6|
    |add_ln415_51_fu_3632_p2      |     +    |      0|  0|  15|           6|           6|
    |add_ln415_52_fu_3770_p2      |     +    |      0|  0|  15|           6|           6|
    |add_ln415_53_fu_3908_p2      |     +    |      0|  0|  15|           6|           6|
    |add_ln415_54_fu_4046_p2      |     +    |      0|  0|  15|           6|           6|
    |add_ln415_55_fu_4184_p2      |     +    |      0|  0|  15|           6|           6|
    |add_ln415_56_fu_4322_p2      |     +    |      0|  0|  15|           6|           6|
    |add_ln415_57_fu_4460_p2      |     +    |      0|  0|  15|           6|           6|
    |add_ln415_58_fu_4598_p2      |     +    |      0|  0|  15|           6|           6|
    |add_ln415_59_fu_4736_p2      |     +    |      0|  0|  15|           6|           6|
    |add_ln415_60_fu_4874_p2      |     +    |      0|  0|  15|           6|           6|
    |add_ln415_61_fu_5012_p2      |     +    |      0|  0|  15|           6|           6|
    |add_ln415_62_fu_5150_p2      |     +    |      0|  0|  15|           6|           6|
    |add_ln415_63_fu_5288_p2      |     +    |      0|  0|  15|           6|           6|
    |add_ln415_64_fu_5426_p2      |     +    |      0|  0|  15|           6|           6|
    |add_ln415_65_fu_5564_p2      |     +    |      0|  0|  15|           6|           6|
    |add_ln415_66_fu_5702_p2      |     +    |      0|  0|  15|           6|           6|
    |add_ln415_67_fu_5840_p2      |     +    |      0|  0|  15|           6|           6|
    |add_ln415_68_fu_5978_p2      |     +    |      0|  0|  15|           6|           6|
    |add_ln415_69_fu_6116_p2      |     +    |      0|  0|  15|           6|           6|
    |add_ln415_70_fu_6254_p2      |     +    |      0|  0|  15|           6|           6|
    |add_ln415_71_fu_6392_p2      |     +    |      0|  0|  15|           6|           6|
    |add_ln415_72_fu_6530_p2      |     +    |      0|  0|  15|           6|           6|
    |add_ln415_73_fu_6668_p2      |     +    |      0|  0|  15|           6|           6|
    |add_ln415_74_fu_6806_p2      |     +    |      0|  0|  15|           6|           6|
    |add_ln415_75_fu_6944_p2      |     +    |      0|  0|  15|           6|           6|
    |add_ln415_76_fu_7082_p2      |     +    |      0|  0|  15|           6|           6|
    |add_ln415_77_fu_7220_p2      |     +    |      0|  0|  15|           6|           6|
    |add_ln415_78_fu_7358_p2      |     +    |      0|  0|  15|           6|           6|
    |add_ln415_79_fu_7496_p2      |     +    |      0|  0|  15|           6|           6|
    |add_ln415_80_fu_7634_p2      |     +    |      0|  0|  15|           6|           6|
    |add_ln415_81_fu_7772_p2      |     +    |      0|  0|  15|           6|           6|
    |add_ln415_82_fu_7910_p2      |     +    |      0|  0|  15|           6|           6|
    |add_ln415_83_fu_8048_p2      |     +    |      0|  0|  15|           6|           6|
    |add_ln415_84_fu_8186_p2      |     +    |      0|  0|  15|           6|           6|
    |add_ln415_85_fu_8324_p2      |     +    |      0|  0|  15|           6|           6|
    |add_ln415_86_fu_8462_p2      |     +    |      0|  0|  15|           6|           6|
    |add_ln415_87_fu_8600_p2      |     +    |      0|  0|  15|           6|           6|
    |add_ln415_88_fu_8738_p2      |     +    |      0|  0|  15|           6|           6|
    |add_ln415_89_fu_8876_p2      |     +    |      0|  0|  15|           6|           6|
    |add_ln415_fu_596_p2          |     +    |      0|  0|  15|           6|           6|
    |and_ln415_10_fu_1966_p2      |    and   |      0|  0|   2|           1|           1|
    |and_ln415_11_fu_2104_p2      |    and   |      0|  0|   2|           1|           1|
    |and_ln415_12_fu_2242_p2      |    and   |      0|  0|   2|           1|           1|
    |and_ln415_14_fu_2380_p2      |    and   |      0|  0|   2|           1|           1|
    |and_ln415_15_fu_2518_p2      |    and   |      0|  0|   2|           1|           1|
    |and_ln415_17_fu_2656_p2      |    and   |      0|  0|   2|           1|           1|
    |and_ln415_18_fu_2794_p2      |    and   |      0|  0|   2|           1|           1|
    |and_ln415_19_fu_2932_p2      |    and   |      0|  0|   2|           1|           1|
    |and_ln415_1_fu_724_p2        |    and   |      0|  0|   2|           1|           1|
    |and_ln415_20_fu_3070_p2      |    and   |      0|  0|   2|           1|           1|
    |and_ln415_21_fu_3208_p2      |    and   |      0|  0|   2|           1|           1|
    |and_ln415_22_fu_3346_p2      |    and   |      0|  0|   2|           1|           1|
    |and_ln415_23_fu_3484_p2      |    and   |      0|  0|   2|           1|           1|
    |and_ln415_24_fu_3622_p2      |    and   |      0|  0|   2|           1|           1|
    |and_ln415_25_fu_3760_p2      |    and   |      0|  0|   2|           1|           1|
    |and_ln415_26_fu_3898_p2      |    and   |      0|  0|   2|           1|           1|
    |and_ln415_27_fu_4036_p2      |    and   |      0|  0|   2|           1|           1|
    |and_ln415_28_fu_4174_p2      |    and   |      0|  0|   2|           1|           1|
    |and_ln415_29_fu_4312_p2      |    and   |      0|  0|   2|           1|           1|
    |and_ln415_2_fu_862_p2        |    and   |      0|  0|   2|           1|           1|
    |and_ln415_30_fu_4450_p2      |    and   |      0|  0|   2|           1|           1|
    |and_ln415_31_fu_4588_p2      |    and   |      0|  0|   2|           1|           1|
    |and_ln415_32_fu_4726_p2      |    and   |      0|  0|   2|           1|           1|
    |and_ln415_33_fu_4864_p2      |    and   |      0|  0|   2|           1|           1|
    |and_ln415_34_fu_5002_p2      |    and   |      0|  0|   2|           1|           1|
    |and_ln415_35_fu_5140_p2      |    and   |      0|  0|   2|           1|           1|
    |and_ln415_36_fu_5278_p2      |    and   |      0|  0|   2|           1|           1|
    |and_ln415_37_fu_5416_p2      |    and   |      0|  0|   2|           1|           1|
    |and_ln415_38_fu_5554_p2      |    and   |      0|  0|   2|           1|           1|
    |and_ln415_39_fu_5692_p2      |    and   |      0|  0|   2|           1|           1|
    |and_ln415_3_fu_1000_p2       |    and   |      0|  0|   2|           1|           1|
    |and_ln415_40_fu_5830_p2      |    and   |      0|  0|   2|           1|           1|
    |and_ln415_41_fu_5968_p2      |    and   |      0|  0|   2|           1|           1|
    |and_ln415_42_fu_6106_p2      |    and   |      0|  0|   2|           1|           1|
    |and_ln415_43_fu_6244_p2      |    and   |      0|  0|   2|           1|           1|
    |and_ln415_44_fu_6382_p2      |    and   |      0|  0|   2|           1|           1|
    |and_ln415_45_fu_6520_p2      |    and   |      0|  0|   2|           1|           1|
    |and_ln415_46_fu_6658_p2      |    and   |      0|  0|   2|           1|           1|
    |and_ln415_47_fu_6796_p2      |    and   |      0|  0|   2|           1|           1|
    |and_ln415_48_fu_6934_p2      |    and   |      0|  0|   2|           1|           1|
    |and_ln415_49_fu_7072_p2      |    and   |      0|  0|   2|           1|           1|
    |and_ln415_4_fu_1138_p2       |    and   |      0|  0|   2|           1|           1|
    |and_ln415_50_fu_7210_p2      |    and   |      0|  0|   2|           1|           1|
    |and_ln415_51_fu_7348_p2      |    and   |      0|  0|   2|           1|           1|
    |and_ln415_52_fu_7486_p2      |    and   |      0|  0|   2|           1|           1|
    |and_ln415_53_fu_7624_p2      |    and   |      0|  0|   2|           1|           1|
    |and_ln415_54_fu_7762_p2      |    and   |      0|  0|   2|           1|           1|
    |and_ln415_55_fu_7900_p2      |    and   |      0|  0|   2|           1|           1|
    |and_ln415_56_fu_8038_p2      |    and   |      0|  0|   2|           1|           1|
    |and_ln415_57_fu_8176_p2      |    and   |      0|  0|   2|           1|           1|
    |and_ln415_58_fu_8314_p2      |    and   |      0|  0|   2|           1|           1|
    |and_ln415_59_fu_8452_p2      |    and   |      0|  0|   2|           1|           1|
    |and_ln415_5_fu_1276_p2       |    and   |      0|  0|   2|           1|           1|
    |and_ln415_60_fu_8590_p2      |    and   |      0|  0|   2|           1|           1|
    |and_ln415_61_fu_8728_p2      |    and   |      0|  0|   2|           1|           1|
    |and_ln415_62_fu_8866_p2      |    and   |      0|  0|   2|           1|           1|
    |and_ln415_6_fu_1414_p2       |    and   |      0|  0|   2|           1|           1|
    |and_ln415_7_fu_1552_p2       |    and   |      0|  0|   2|           1|           1|
    |and_ln415_8_fu_1690_p2       |    and   |      0|  0|   2|           1|           1|
    |and_ln415_9_fu_1828_p2       |    and   |      0|  0|   2|           1|           1|
    |and_ln415_fu_586_p2          |    and   |      0|  0|   2|           1|           1|
    |and_ln416_30_fu_754_p2       |    and   |      0|  0|   2|           1|           1|
    |and_ln416_31_fu_892_p2       |    and   |      0|  0|   2|           1|           1|
    |and_ln416_32_fu_1030_p2      |    and   |      0|  0|   2|           1|           1|
    |and_ln416_33_fu_1168_p2      |    and   |      0|  0|   2|           1|           1|
    |and_ln416_34_fu_1306_p2      |    and   |      0|  0|   2|           1|           1|
    |and_ln416_35_fu_1444_p2      |    and   |      0|  0|   2|           1|           1|
    |and_ln416_36_fu_1582_p2      |    and   |      0|  0|   2|           1|           1|
    |and_ln416_37_fu_1720_p2      |    and   |      0|  0|   2|           1|           1|
    |and_ln416_38_fu_1858_p2      |    and   |      0|  0|   2|           1|           1|
    |and_ln416_39_fu_1996_p2      |    and   |      0|  0|   2|           1|           1|
    |and_ln416_40_fu_2134_p2      |    and   |      0|  0|   2|           1|           1|
    |and_ln416_41_fu_2272_p2      |    and   |      0|  0|   2|           1|           1|
    |and_ln416_42_fu_2410_p2      |    and   |      0|  0|   2|           1|           1|
    |and_ln416_43_fu_2548_p2      |    and   |      0|  0|   2|           1|           1|
    |and_ln416_44_fu_2686_p2      |    and   |      0|  0|   2|           1|           1|
    |and_ln416_45_fu_2824_p2      |    and   |      0|  0|   2|           1|           1|
    |and_ln416_46_fu_2962_p2      |    and   |      0|  0|   2|           1|           1|
    |and_ln416_47_fu_3100_p2      |    and   |      0|  0|   2|           1|           1|
    |and_ln416_48_fu_3238_p2      |    and   |      0|  0|   2|           1|           1|
    |and_ln416_49_fu_3376_p2      |    and   |      0|  0|   2|           1|           1|
    |and_ln416_50_fu_3514_p2      |    and   |      0|  0|   2|           1|           1|
    |and_ln416_51_fu_3652_p2      |    and   |      0|  0|   2|           1|           1|
    |and_ln416_52_fu_3790_p2      |    and   |      0|  0|   2|           1|           1|
    |and_ln416_53_fu_3928_p2      |    and   |      0|  0|   2|           1|           1|
    |and_ln416_54_fu_4066_p2      |    and   |      0|  0|   2|           1|           1|
    |and_ln416_55_fu_4204_p2      |    and   |      0|  0|   2|           1|           1|
    |and_ln416_56_fu_4342_p2      |    and   |      0|  0|   2|           1|           1|
    |and_ln416_57_fu_4480_p2      |    and   |      0|  0|   2|           1|           1|
    |and_ln416_58_fu_4618_p2      |    and   |      0|  0|   2|           1|           1|
    |and_ln416_59_fu_4756_p2      |    and   |      0|  0|   2|           1|           1|
    |and_ln416_60_fu_4894_p2      |    and   |      0|  0|   2|           1|           1|
    |and_ln416_61_fu_5032_p2      |    and   |      0|  0|   2|           1|           1|
    |and_ln416_62_fu_5170_p2      |    and   |      0|  0|   2|           1|           1|
    |and_ln416_63_fu_5308_p2      |    and   |      0|  0|   2|           1|           1|
    |and_ln416_64_fu_5446_p2      |    and   |      0|  0|   2|           1|           1|
    |and_ln416_65_fu_5584_p2      |    and   |      0|  0|   2|           1|           1|
    |and_ln416_66_fu_5722_p2      |    and   |      0|  0|   2|           1|           1|
    |and_ln416_67_fu_5860_p2      |    and   |      0|  0|   2|           1|           1|
    |and_ln416_68_fu_5998_p2      |    and   |      0|  0|   2|           1|           1|
    |and_ln416_69_fu_6136_p2      |    and   |      0|  0|   2|           1|           1|
    |and_ln416_70_fu_6274_p2      |    and   |      0|  0|   2|           1|           1|
    |and_ln416_71_fu_6412_p2      |    and   |      0|  0|   2|           1|           1|
    |and_ln416_72_fu_6550_p2      |    and   |      0|  0|   2|           1|           1|
    |and_ln416_73_fu_6688_p2      |    and   |      0|  0|   2|           1|           1|
    |and_ln416_74_fu_6826_p2      |    and   |      0|  0|   2|           1|           1|
    |and_ln416_75_fu_6964_p2      |    and   |      0|  0|   2|           1|           1|
    |and_ln416_76_fu_7102_p2      |    and   |      0|  0|   2|           1|           1|
    |and_ln416_77_fu_7240_p2      |    and   |      0|  0|   2|           1|           1|
    |and_ln416_78_fu_7378_p2      |    and   |      0|  0|   2|           1|           1|
    |and_ln416_79_fu_7516_p2      |    and   |      0|  0|   2|           1|           1|
    |and_ln416_80_fu_7654_p2      |    and   |      0|  0|   2|           1|           1|
    |and_ln416_81_fu_7792_p2      |    and   |      0|  0|   2|           1|           1|
    |and_ln416_82_fu_7930_p2      |    and   |      0|  0|   2|           1|           1|
    |and_ln416_83_fu_8068_p2      |    and   |      0|  0|   2|           1|           1|
    |and_ln416_84_fu_8206_p2      |    and   |      0|  0|   2|           1|           1|
    |and_ln416_85_fu_8344_p2      |    and   |      0|  0|   2|           1|           1|
    |and_ln416_86_fu_8482_p2      |    and   |      0|  0|   2|           1|           1|
    |and_ln416_87_fu_8620_p2      |    and   |      0|  0|   2|           1|           1|
    |and_ln416_88_fu_8758_p2      |    and   |      0|  0|   2|           1|           1|
    |and_ln416_89_fu_8896_p2      |    and   |      0|  0|   2|           1|           1|
    |and_ln416_fu_616_p2          |    and   |      0|  0|   2|           1|           1|
    |icmp_ln1494_10_fu_1910_p2    |   icmp   |      0|  0|  13|          16|           1|
    |icmp_ln1494_11_fu_2048_p2    |   icmp   |      0|  0|  13|          16|           1|
    |icmp_ln1494_12_fu_2186_p2    |   icmp   |      0|  0|  13|          16|           1|
    |icmp_ln1494_14_fu_2324_p2    |   icmp   |      0|  0|  13|          16|           1|
    |icmp_ln1494_15_fu_2462_p2    |   icmp   |      0|  0|  13|          16|           1|
    |icmp_ln1494_17_fu_2600_p2    |   icmp   |      0|  0|  13|          16|           1|
    |icmp_ln1494_18_fu_2738_p2    |   icmp   |      0|  0|  13|          16|           1|
    |icmp_ln1494_19_fu_2876_p2    |   icmp   |      0|  0|  13|          16|           1|
    |icmp_ln1494_1_fu_668_p2      |   icmp   |      0|  0|  13|          16|           1|
    |icmp_ln1494_20_fu_3014_p2    |   icmp   |      0|  0|  13|          16|           1|
    |icmp_ln1494_21_fu_3152_p2    |   icmp   |      0|  0|  13|          16|           1|
    |icmp_ln1494_22_fu_3290_p2    |   icmp   |      0|  0|  13|          16|           1|
    |icmp_ln1494_23_fu_3428_p2    |   icmp   |      0|  0|  13|          16|           1|
    |icmp_ln1494_24_fu_3566_p2    |   icmp   |      0|  0|  13|          16|           1|
    |icmp_ln1494_25_fu_3704_p2    |   icmp   |      0|  0|  13|          16|           1|
    |icmp_ln1494_26_fu_3842_p2    |   icmp   |      0|  0|  13|          16|           1|
    |icmp_ln1494_27_fu_3980_p2    |   icmp   |      0|  0|  13|          16|           1|
    |icmp_ln1494_28_fu_4118_p2    |   icmp   |      0|  0|  13|          16|           1|
    |icmp_ln1494_29_fu_4256_p2    |   icmp   |      0|  0|  13|          16|           1|
    |icmp_ln1494_2_fu_806_p2      |   icmp   |      0|  0|  13|          16|           1|
    |icmp_ln1494_30_fu_4394_p2    |   icmp   |      0|  0|  13|          16|           1|
    |icmp_ln1494_31_fu_4532_p2    |   icmp   |      0|  0|  13|          16|           1|
    |icmp_ln1494_32_fu_4670_p2    |   icmp   |      0|  0|  13|          16|           1|
    |icmp_ln1494_33_fu_4808_p2    |   icmp   |      0|  0|  13|          16|           1|
    |icmp_ln1494_34_fu_4946_p2    |   icmp   |      0|  0|  13|          16|           1|
    |icmp_ln1494_35_fu_5084_p2    |   icmp   |      0|  0|  13|          16|           1|
    |icmp_ln1494_36_fu_5222_p2    |   icmp   |      0|  0|  13|          16|           1|
    |icmp_ln1494_37_fu_5360_p2    |   icmp   |      0|  0|  13|          16|           1|
    |icmp_ln1494_38_fu_5498_p2    |   icmp   |      0|  0|  13|          16|           1|
    |icmp_ln1494_39_fu_5636_p2    |   icmp   |      0|  0|  13|          16|           1|
    |icmp_ln1494_3_fu_944_p2      |   icmp   |      0|  0|  13|          16|           1|
    |icmp_ln1494_40_fu_5774_p2    |   icmp   |      0|  0|  13|          16|           1|
    |icmp_ln1494_41_fu_5912_p2    |   icmp   |      0|  0|  13|          16|           1|
    |icmp_ln1494_42_fu_6050_p2    |   icmp   |      0|  0|  13|          16|           1|
    |icmp_ln1494_43_fu_6188_p2    |   icmp   |      0|  0|  13|          16|           1|
    |icmp_ln1494_44_fu_6326_p2    |   icmp   |      0|  0|  13|          16|           1|
    |icmp_ln1494_45_fu_6464_p2    |   icmp   |      0|  0|  13|          16|           1|
    |icmp_ln1494_46_fu_6602_p2    |   icmp   |      0|  0|  13|          16|           1|
    |icmp_ln1494_47_fu_6740_p2    |   icmp   |      0|  0|  13|          16|           1|
    |icmp_ln1494_48_fu_6878_p2    |   icmp   |      0|  0|  13|          16|           1|
    |icmp_ln1494_49_fu_7016_p2    |   icmp   |      0|  0|  13|          16|           1|
    |icmp_ln1494_4_fu_1082_p2     |   icmp   |      0|  0|  13|          16|           1|
    |icmp_ln1494_50_fu_7154_p2    |   icmp   |      0|  0|  13|          16|           1|
    |icmp_ln1494_51_fu_7292_p2    |   icmp   |      0|  0|  13|          16|           1|
    |icmp_ln1494_52_fu_7430_p2    |   icmp   |      0|  0|  13|          16|           1|
    |icmp_ln1494_53_fu_7568_p2    |   icmp   |      0|  0|  13|          16|           1|
    |icmp_ln1494_54_fu_7706_p2    |   icmp   |      0|  0|  13|          16|           1|
    |icmp_ln1494_55_fu_7844_p2    |   icmp   |      0|  0|  13|          16|           1|
    |icmp_ln1494_56_fu_7982_p2    |   icmp   |      0|  0|  13|          16|           1|
    |icmp_ln1494_57_fu_8120_p2    |   icmp   |      0|  0|  13|          16|           1|
    |icmp_ln1494_58_fu_8258_p2    |   icmp   |      0|  0|  13|          16|           1|
    |icmp_ln1494_59_fu_8396_p2    |   icmp   |      0|  0|  13|          16|           1|
    |icmp_ln1494_5_fu_1220_p2     |   icmp   |      0|  0|  13|          16|           1|
    |icmp_ln1494_60_fu_8534_p2    |   icmp   |      0|  0|  13|          16|           1|
    |icmp_ln1494_61_fu_8672_p2    |   icmp   |      0|  0|  13|          16|           1|
    |icmp_ln1494_62_fu_8810_p2    |   icmp   |      0|  0|  13|          16|           1|
    |icmp_ln1494_6_fu_1358_p2     |   icmp   |      0|  0|  13|          16|           1|
    |icmp_ln1494_7_fu_1496_p2     |   icmp   |      0|  0|  13|          16|           1|
    |icmp_ln1494_8_fu_1634_p2     |   icmp   |      0|  0|  13|          16|           1|
    |icmp_ln1494_9_fu_1772_p2     |   icmp   |      0|  0|  13|          16|           1|
    |icmp_ln1494_fu_530_p2        |   icmp   |      0|  0|  13|          16|           1|
    |icmp_ln718_30_fu_696_p2      |   icmp   |      0|  0|   9|           3|           1|
    |icmp_ln718_31_fu_834_p2      |   icmp   |      0|  0|   9|           3|           1|
    |icmp_ln718_32_fu_972_p2      |   icmp   |      0|  0|   9|           3|           1|
    |icmp_ln718_33_fu_1110_p2     |   icmp   |      0|  0|   9|           3|           1|
    |icmp_ln718_34_fu_1248_p2     |   icmp   |      0|  0|   9|           3|           1|
    |icmp_ln718_35_fu_1386_p2     |   icmp   |      0|  0|   9|           3|           1|
    |icmp_ln718_36_fu_1524_p2     |   icmp   |      0|  0|   9|           3|           1|
    |icmp_ln718_37_fu_1662_p2     |   icmp   |      0|  0|   9|           3|           1|
    |icmp_ln718_38_fu_1800_p2     |   icmp   |      0|  0|   9|           3|           1|
    |icmp_ln718_39_fu_1938_p2     |   icmp   |      0|  0|   9|           3|           1|
    |icmp_ln718_40_fu_2076_p2     |   icmp   |      0|  0|   9|           3|           1|
    |icmp_ln718_41_fu_2214_p2     |   icmp   |      0|  0|   9|           3|           1|
    |icmp_ln718_42_fu_2352_p2     |   icmp   |      0|  0|   9|           3|           1|
    |icmp_ln718_43_fu_2490_p2     |   icmp   |      0|  0|   9|           3|           1|
    |icmp_ln718_44_fu_2628_p2     |   icmp   |      0|  0|   9|           3|           1|
    |icmp_ln718_45_fu_2766_p2     |   icmp   |      0|  0|   9|           3|           1|
    |icmp_ln718_46_fu_2904_p2     |   icmp   |      0|  0|   9|           3|           1|
    |icmp_ln718_47_fu_3042_p2     |   icmp   |      0|  0|   9|           3|           1|
    |icmp_ln718_48_fu_3180_p2     |   icmp   |      0|  0|   9|           3|           1|
    |icmp_ln718_49_fu_3318_p2     |   icmp   |      0|  0|   9|           3|           1|
    |icmp_ln718_50_fu_3456_p2     |   icmp   |      0|  0|   9|           3|           1|
    |icmp_ln718_51_fu_3594_p2     |   icmp   |      0|  0|   9|           3|           1|
    |icmp_ln718_52_fu_3732_p2     |   icmp   |      0|  0|   9|           3|           1|
    |icmp_ln718_53_fu_3870_p2     |   icmp   |      0|  0|   9|           3|           1|
    |icmp_ln718_54_fu_4008_p2     |   icmp   |      0|  0|   9|           3|           1|
    |icmp_ln718_55_fu_4146_p2     |   icmp   |      0|  0|   9|           3|           1|
    |icmp_ln718_56_fu_4284_p2     |   icmp   |      0|  0|   9|           3|           1|
    |icmp_ln718_57_fu_4422_p2     |   icmp   |      0|  0|   9|           3|           1|
    |icmp_ln718_58_fu_4560_p2     |   icmp   |      0|  0|   9|           3|           1|
    |icmp_ln718_59_fu_4698_p2     |   icmp   |      0|  0|   9|           3|           1|
    |icmp_ln718_60_fu_4836_p2     |   icmp   |      0|  0|   9|           3|           1|
    |icmp_ln718_61_fu_4974_p2     |   icmp   |      0|  0|   9|           3|           1|
    |icmp_ln718_62_fu_5112_p2     |   icmp   |      0|  0|   9|           3|           1|
    |icmp_ln718_63_fu_5250_p2     |   icmp   |      0|  0|   9|           3|           1|
    |icmp_ln718_64_fu_5388_p2     |   icmp   |      0|  0|   9|           3|           1|
    |icmp_ln718_65_fu_5526_p2     |   icmp   |      0|  0|   9|           3|           1|
    |icmp_ln718_66_fu_5664_p2     |   icmp   |      0|  0|   9|           3|           1|
    |icmp_ln718_67_fu_5802_p2     |   icmp   |      0|  0|   9|           3|           1|
    |icmp_ln718_68_fu_5940_p2     |   icmp   |      0|  0|   9|           3|           1|
    |icmp_ln718_69_fu_6078_p2     |   icmp   |      0|  0|   9|           3|           1|
    |icmp_ln718_70_fu_6216_p2     |   icmp   |      0|  0|   9|           3|           1|
    |icmp_ln718_71_fu_6354_p2     |   icmp   |      0|  0|   9|           3|           1|
    |icmp_ln718_72_fu_6492_p2     |   icmp   |      0|  0|   9|           3|           1|
    |icmp_ln718_73_fu_6630_p2     |   icmp   |      0|  0|   9|           3|           1|
    |icmp_ln718_74_fu_6768_p2     |   icmp   |      0|  0|   9|           3|           1|
    |icmp_ln718_75_fu_6906_p2     |   icmp   |      0|  0|   9|           3|           1|
    |icmp_ln718_76_fu_7044_p2     |   icmp   |      0|  0|   9|           3|           1|
    |icmp_ln718_77_fu_7182_p2     |   icmp   |      0|  0|   9|           3|           1|
    |icmp_ln718_78_fu_7320_p2     |   icmp   |      0|  0|   9|           3|           1|
    |icmp_ln718_79_fu_7458_p2     |   icmp   |      0|  0|   9|           3|           1|
    |icmp_ln718_80_fu_7596_p2     |   icmp   |      0|  0|   9|           3|           1|
    |icmp_ln718_81_fu_7734_p2     |   icmp   |      0|  0|   9|           3|           1|
    |icmp_ln718_82_fu_7872_p2     |   icmp   |      0|  0|   9|           3|           1|
    |icmp_ln718_83_fu_8010_p2     |   icmp   |      0|  0|   9|           3|           1|
    |icmp_ln718_84_fu_8148_p2     |   icmp   |      0|  0|   9|           3|           1|
    |icmp_ln718_85_fu_8286_p2     |   icmp   |      0|  0|   9|           3|           1|
    |icmp_ln718_86_fu_8424_p2     |   icmp   |      0|  0|   9|           3|           1|
    |icmp_ln718_87_fu_8562_p2     |   icmp   |      0|  0|   9|           3|           1|
    |icmp_ln718_88_fu_8700_p2     |   icmp   |      0|  0|   9|           3|           1|
    |icmp_ln718_89_fu_8838_p2     |   icmp   |      0|  0|   9|           3|           1|
    |icmp_ln718_fu_558_p2         |   icmp   |      0|  0|   9|           3|           1|
    |icmp_ln768_30_fu_776_p2      |   icmp   |      0|  0|  11|           6|           1|
    |icmp_ln768_31_fu_914_p2      |   icmp   |      0|  0|  11|           6|           1|
    |icmp_ln768_32_fu_1052_p2     |   icmp   |      0|  0|  11|           6|           1|
    |icmp_ln768_33_fu_1190_p2     |   icmp   |      0|  0|  11|           6|           1|
    |icmp_ln768_34_fu_1328_p2     |   icmp   |      0|  0|  11|           6|           1|
    |icmp_ln768_35_fu_1466_p2     |   icmp   |      0|  0|  11|           6|           1|
    |icmp_ln768_36_fu_1604_p2     |   icmp   |      0|  0|  11|           6|           1|
    |icmp_ln768_37_fu_1742_p2     |   icmp   |      0|  0|  11|           6|           1|
    |icmp_ln768_38_fu_1880_p2     |   icmp   |      0|  0|  11|           6|           1|
    |icmp_ln768_39_fu_2018_p2     |   icmp   |      0|  0|  11|           6|           1|
    |icmp_ln768_40_fu_2156_p2     |   icmp   |      0|  0|  11|           6|           1|
    |icmp_ln768_41_fu_2294_p2     |   icmp   |      0|  0|  11|           6|           1|
    |icmp_ln768_42_fu_2432_p2     |   icmp   |      0|  0|  11|           6|           1|
    |icmp_ln768_43_fu_2570_p2     |   icmp   |      0|  0|  11|           6|           1|
    |icmp_ln768_44_fu_2708_p2     |   icmp   |      0|  0|  11|           6|           1|
    |icmp_ln768_45_fu_2846_p2     |   icmp   |      0|  0|  11|           6|           1|
    |icmp_ln768_46_fu_2984_p2     |   icmp   |      0|  0|  11|           6|           1|
    |icmp_ln768_47_fu_3122_p2     |   icmp   |      0|  0|  11|           6|           1|
    |icmp_ln768_48_fu_3260_p2     |   icmp   |      0|  0|  11|           6|           1|
    |icmp_ln768_49_fu_3398_p2     |   icmp   |      0|  0|  11|           6|           1|
    |icmp_ln768_50_fu_3536_p2     |   icmp   |      0|  0|  11|           6|           1|
    |icmp_ln768_51_fu_3674_p2     |   icmp   |      0|  0|  11|           6|           1|
    |icmp_ln768_52_fu_3812_p2     |   icmp   |      0|  0|  11|           6|           1|
    |icmp_ln768_53_fu_3950_p2     |   icmp   |      0|  0|  11|           6|           1|
    |icmp_ln768_54_fu_4088_p2     |   icmp   |      0|  0|  11|           6|           1|
    |icmp_ln768_55_fu_4226_p2     |   icmp   |      0|  0|  11|           6|           1|
    |icmp_ln768_56_fu_4364_p2     |   icmp   |      0|  0|  11|           6|           1|
    |icmp_ln768_57_fu_4502_p2     |   icmp   |      0|  0|  11|           6|           1|
    |icmp_ln768_58_fu_4640_p2     |   icmp   |      0|  0|  11|           6|           1|
    |icmp_ln768_59_fu_4778_p2     |   icmp   |      0|  0|  11|           6|           1|
    |icmp_ln768_60_fu_4916_p2     |   icmp   |      0|  0|  11|           6|           1|
    |icmp_ln768_61_fu_5054_p2     |   icmp   |      0|  0|  11|           6|           1|
    |icmp_ln768_62_fu_5192_p2     |   icmp   |      0|  0|  11|           6|           1|
    |icmp_ln768_63_fu_5330_p2     |   icmp   |      0|  0|  11|           6|           1|
    |icmp_ln768_64_fu_5468_p2     |   icmp   |      0|  0|  11|           6|           1|
    |icmp_ln768_65_fu_5606_p2     |   icmp   |      0|  0|  11|           6|           1|
    |icmp_ln768_66_fu_5744_p2     |   icmp   |      0|  0|  11|           6|           1|
    |icmp_ln768_67_fu_5882_p2     |   icmp   |      0|  0|  11|           6|           1|
    |icmp_ln768_68_fu_6020_p2     |   icmp   |      0|  0|  11|           6|           1|
    |icmp_ln768_69_fu_6158_p2     |   icmp   |      0|  0|  11|           6|           1|
    |icmp_ln768_70_fu_6296_p2     |   icmp   |      0|  0|  11|           6|           1|
    |icmp_ln768_71_fu_6434_p2     |   icmp   |      0|  0|  11|           6|           1|
    |icmp_ln768_72_fu_6572_p2     |   icmp   |      0|  0|  11|           6|           1|
    |icmp_ln768_73_fu_6710_p2     |   icmp   |      0|  0|  11|           6|           1|
    |icmp_ln768_74_fu_6848_p2     |   icmp   |      0|  0|  11|           6|           1|
    |icmp_ln768_75_fu_6986_p2     |   icmp   |      0|  0|  11|           6|           1|
    |icmp_ln768_76_fu_7124_p2     |   icmp   |      0|  0|  11|           6|           1|
    |icmp_ln768_77_fu_7262_p2     |   icmp   |      0|  0|  11|           6|           1|
    |icmp_ln768_78_fu_7400_p2     |   icmp   |      0|  0|  11|           6|           1|
    |icmp_ln768_79_fu_7538_p2     |   icmp   |      0|  0|  11|           6|           1|
    |icmp_ln768_80_fu_7676_p2     |   icmp   |      0|  0|  11|           6|           1|
    |icmp_ln768_81_fu_7814_p2     |   icmp   |      0|  0|  11|           6|           1|
    |icmp_ln768_82_fu_7952_p2     |   icmp   |      0|  0|  11|           6|           1|
    |icmp_ln768_83_fu_8090_p2     |   icmp   |      0|  0|  11|           6|           1|
    |icmp_ln768_84_fu_8228_p2     |   icmp   |      0|  0|  11|           6|           1|
    |icmp_ln768_85_fu_8366_p2     |   icmp   |      0|  0|  11|           6|           1|
    |icmp_ln768_86_fu_8504_p2     |   icmp   |      0|  0|  11|           6|           1|
    |icmp_ln768_87_fu_8642_p2     |   icmp   |      0|  0|  11|           6|           1|
    |icmp_ln768_88_fu_8780_p2     |   icmp   |      0|  0|  11|           6|           1|
    |icmp_ln768_89_fu_8918_p2     |   icmp   |      0|  0|  11|           6|           1|
    |icmp_ln768_fu_638_p2         |   icmp   |      0|  0|  11|           6|           1|
    |icmp_ln879_30_fu_770_p2      |   icmp   |      0|  0|  11|           6|           2|
    |icmp_ln879_31_fu_908_p2      |   icmp   |      0|  0|  11|           6|           2|
    |icmp_ln879_32_fu_1046_p2     |   icmp   |      0|  0|  11|           6|           2|
    |icmp_ln879_33_fu_1184_p2     |   icmp   |      0|  0|  11|           6|           2|
    |icmp_ln879_34_fu_1322_p2     |   icmp   |      0|  0|  11|           6|           2|
    |icmp_ln879_35_fu_1460_p2     |   icmp   |      0|  0|  11|           6|           2|
    |icmp_ln879_36_fu_1598_p2     |   icmp   |      0|  0|  11|           6|           2|
    |icmp_ln879_37_fu_1736_p2     |   icmp   |      0|  0|  11|           6|           2|
    |icmp_ln879_38_fu_1874_p2     |   icmp   |      0|  0|  11|           6|           2|
    |icmp_ln879_39_fu_2012_p2     |   icmp   |      0|  0|  11|           6|           2|
    |icmp_ln879_40_fu_2150_p2     |   icmp   |      0|  0|  11|           6|           2|
    |icmp_ln879_41_fu_2288_p2     |   icmp   |      0|  0|  11|           6|           2|
    |icmp_ln879_42_fu_2426_p2     |   icmp   |      0|  0|  11|           6|           2|
    |icmp_ln879_43_fu_2564_p2     |   icmp   |      0|  0|  11|           6|           2|
    |icmp_ln879_44_fu_2702_p2     |   icmp   |      0|  0|  11|           6|           2|
    |icmp_ln879_45_fu_2840_p2     |   icmp   |      0|  0|  11|           6|           2|
    |icmp_ln879_46_fu_2978_p2     |   icmp   |      0|  0|  11|           6|           2|
    |icmp_ln879_47_fu_3116_p2     |   icmp   |      0|  0|  11|           6|           2|
    |icmp_ln879_48_fu_3254_p2     |   icmp   |      0|  0|  11|           6|           2|
    |icmp_ln879_49_fu_3392_p2     |   icmp   |      0|  0|  11|           6|           2|
    |icmp_ln879_50_fu_3530_p2     |   icmp   |      0|  0|  11|           6|           2|
    |icmp_ln879_51_fu_3668_p2     |   icmp   |      0|  0|  11|           6|           2|
    |icmp_ln879_52_fu_3806_p2     |   icmp   |      0|  0|  11|           6|           2|
    |icmp_ln879_53_fu_3944_p2     |   icmp   |      0|  0|  11|           6|           2|
    |icmp_ln879_54_fu_4082_p2     |   icmp   |      0|  0|  11|           6|           2|
    |icmp_ln879_55_fu_4220_p2     |   icmp   |      0|  0|  11|           6|           2|
    |icmp_ln879_56_fu_4358_p2     |   icmp   |      0|  0|  11|           6|           2|
    |icmp_ln879_57_fu_4496_p2     |   icmp   |      0|  0|  11|           6|           2|
    |icmp_ln879_58_fu_4634_p2     |   icmp   |      0|  0|  11|           6|           2|
    |icmp_ln879_59_fu_4772_p2     |   icmp   |      0|  0|  11|           6|           2|
    |icmp_ln879_60_fu_4910_p2     |   icmp   |      0|  0|  11|           6|           2|
    |icmp_ln879_61_fu_5048_p2     |   icmp   |      0|  0|  11|           6|           2|
    |icmp_ln879_62_fu_5186_p2     |   icmp   |      0|  0|  11|           6|           2|
    |icmp_ln879_63_fu_5324_p2     |   icmp   |      0|  0|  11|           6|           2|
    |icmp_ln879_64_fu_5462_p2     |   icmp   |      0|  0|  11|           6|           2|
    |icmp_ln879_65_fu_5600_p2     |   icmp   |      0|  0|  11|           6|           2|
    |icmp_ln879_66_fu_5738_p2     |   icmp   |      0|  0|  11|           6|           2|
    |icmp_ln879_67_fu_5876_p2     |   icmp   |      0|  0|  11|           6|           2|
    |icmp_ln879_68_fu_6014_p2     |   icmp   |      0|  0|  11|           6|           2|
    |icmp_ln879_69_fu_6152_p2     |   icmp   |      0|  0|  11|           6|           2|
    |icmp_ln879_70_fu_6290_p2     |   icmp   |      0|  0|  11|           6|           2|
    |icmp_ln879_71_fu_6428_p2     |   icmp   |      0|  0|  11|           6|           2|
    |icmp_ln879_72_fu_6566_p2     |   icmp   |      0|  0|  11|           6|           2|
    |icmp_ln879_73_fu_6704_p2     |   icmp   |      0|  0|  11|           6|           2|
    |icmp_ln879_74_fu_6842_p2     |   icmp   |      0|  0|  11|           6|           2|
    |icmp_ln879_75_fu_6980_p2     |   icmp   |      0|  0|  11|           6|           2|
    |icmp_ln879_76_fu_7118_p2     |   icmp   |      0|  0|  11|           6|           2|
    |icmp_ln879_77_fu_7256_p2     |   icmp   |      0|  0|  11|           6|           2|
    |icmp_ln879_78_fu_7394_p2     |   icmp   |      0|  0|  11|           6|           2|
    |icmp_ln879_79_fu_7532_p2     |   icmp   |      0|  0|  11|           6|           2|
    |icmp_ln879_80_fu_7670_p2     |   icmp   |      0|  0|  11|           6|           2|
    |icmp_ln879_81_fu_7808_p2     |   icmp   |      0|  0|  11|           6|           2|
    |icmp_ln879_82_fu_7946_p2     |   icmp   |      0|  0|  11|           6|           2|
    |icmp_ln879_83_fu_8084_p2     |   icmp   |      0|  0|  11|           6|           2|
    |icmp_ln879_84_fu_8222_p2     |   icmp   |      0|  0|  11|           6|           2|
    |icmp_ln879_85_fu_8360_p2     |   icmp   |      0|  0|  11|           6|           2|
    |icmp_ln879_86_fu_8498_p2     |   icmp   |      0|  0|  11|           6|           2|
    |icmp_ln879_87_fu_8636_p2     |   icmp   |      0|  0|  11|           6|           2|
    |icmp_ln879_88_fu_8774_p2     |   icmp   |      0|  0|  11|           6|           2|
    |icmp_ln879_89_fu_8912_p2     |   icmp   |      0|  0|  11|           6|           2|
    |icmp_ln879_fu_632_p2         |   icmp   |      0|  0|  11|           6|           2|
    |or_ln412_30_fu_710_p2        |    or    |      0|  0|   2|           1|           1|
    |or_ln412_31_fu_848_p2        |    or    |      0|  0|   2|           1|           1|
    |or_ln412_32_fu_986_p2        |    or    |      0|  0|   2|           1|           1|
    |or_ln412_33_fu_1124_p2       |    or    |      0|  0|   2|           1|           1|
    |or_ln412_34_fu_1262_p2       |    or    |      0|  0|   2|           1|           1|
    |or_ln412_35_fu_1400_p2       |    or    |      0|  0|   2|           1|           1|
    |or_ln412_36_fu_1538_p2       |    or    |      0|  0|   2|           1|           1|
    |or_ln412_37_fu_1676_p2       |    or    |      0|  0|   2|           1|           1|
    |or_ln412_38_fu_1814_p2       |    or    |      0|  0|   2|           1|           1|
    |or_ln412_39_fu_1952_p2       |    or    |      0|  0|   2|           1|           1|
    |or_ln412_40_fu_2090_p2       |    or    |      0|  0|   2|           1|           1|
    |or_ln412_41_fu_2228_p2       |    or    |      0|  0|   2|           1|           1|
    |or_ln412_42_fu_2366_p2       |    or    |      0|  0|   2|           1|           1|
    |or_ln412_43_fu_2504_p2       |    or    |      0|  0|   2|           1|           1|
    |or_ln412_44_fu_2642_p2       |    or    |      0|  0|   2|           1|           1|
    |or_ln412_45_fu_2780_p2       |    or    |      0|  0|   2|           1|           1|
    |or_ln412_46_fu_2918_p2       |    or    |      0|  0|   2|           1|           1|
    |or_ln412_47_fu_3056_p2       |    or    |      0|  0|   2|           1|           1|
    |or_ln412_48_fu_3194_p2       |    or    |      0|  0|   2|           1|           1|
    |or_ln412_49_fu_3332_p2       |    or    |      0|  0|   2|           1|           1|
    |or_ln412_50_fu_3470_p2       |    or    |      0|  0|   2|           1|           1|
    |or_ln412_51_fu_3608_p2       |    or    |      0|  0|   2|           1|           1|
    |or_ln412_52_fu_3746_p2       |    or    |      0|  0|   2|           1|           1|
    |or_ln412_53_fu_3884_p2       |    or    |      0|  0|   2|           1|           1|
    |or_ln412_54_fu_4022_p2       |    or    |      0|  0|   2|           1|           1|
    |or_ln412_55_fu_4160_p2       |    or    |      0|  0|   2|           1|           1|
    |or_ln412_56_fu_4298_p2       |    or    |      0|  0|   2|           1|           1|
    |or_ln412_57_fu_4436_p2       |    or    |      0|  0|   2|           1|           1|
    |or_ln412_58_fu_4574_p2       |    or    |      0|  0|   2|           1|           1|
    |or_ln412_59_fu_4712_p2       |    or    |      0|  0|   2|           1|           1|
    |or_ln412_60_fu_4850_p2       |    or    |      0|  0|   2|           1|           1|
    |or_ln412_61_fu_4988_p2       |    or    |      0|  0|   2|           1|           1|
    |or_ln412_62_fu_5126_p2       |    or    |      0|  0|   2|           1|           1|
    |or_ln412_63_fu_5264_p2       |    or    |      0|  0|   2|           1|           1|
    |or_ln412_64_fu_5402_p2       |    or    |      0|  0|   2|           1|           1|
    |or_ln412_65_fu_5540_p2       |    or    |      0|  0|   2|           1|           1|
    |or_ln412_66_fu_5678_p2       |    or    |      0|  0|   2|           1|           1|
    |or_ln412_67_fu_5816_p2       |    or    |      0|  0|   2|           1|           1|
    |or_ln412_68_fu_5954_p2       |    or    |      0|  0|   2|           1|           1|
    |or_ln412_69_fu_6092_p2       |    or    |      0|  0|   2|           1|           1|
    |or_ln412_70_fu_6230_p2       |    or    |      0|  0|   2|           1|           1|
    |or_ln412_71_fu_6368_p2       |    or    |      0|  0|   2|           1|           1|
    |or_ln412_72_fu_6506_p2       |    or    |      0|  0|   2|           1|           1|
    |or_ln412_73_fu_6644_p2       |    or    |      0|  0|   2|           1|           1|
    |or_ln412_74_fu_6782_p2       |    or    |      0|  0|   2|           1|           1|
    |or_ln412_75_fu_6920_p2       |    or    |      0|  0|   2|           1|           1|
    |or_ln412_76_fu_7058_p2       |    or    |      0|  0|   2|           1|           1|
    |or_ln412_77_fu_7196_p2       |    or    |      0|  0|   2|           1|           1|
    |or_ln412_78_fu_7334_p2       |    or    |      0|  0|   2|           1|           1|
    |or_ln412_79_fu_7472_p2       |    or    |      0|  0|   2|           1|           1|
    |or_ln412_80_fu_7610_p2       |    or    |      0|  0|   2|           1|           1|
    |or_ln412_81_fu_7748_p2       |    or    |      0|  0|   2|           1|           1|
    |or_ln412_82_fu_7886_p2       |    or    |      0|  0|   2|           1|           1|
    |or_ln412_83_fu_8024_p2       |    or    |      0|  0|   2|           1|           1|
    |or_ln412_84_fu_8162_p2       |    or    |      0|  0|   2|           1|           1|
    |or_ln412_85_fu_8300_p2       |    or    |      0|  0|   2|           1|           1|
    |or_ln412_86_fu_8438_p2       |    or    |      0|  0|   2|           1|           1|
    |or_ln412_87_fu_8576_p2       |    or    |      0|  0|   2|           1|           1|
    |or_ln412_88_fu_8714_p2       |    or    |      0|  0|   2|           1|           1|
    |or_ln412_89_fu_8852_p2       |    or    |      0|  0|   2|           1|           1|
    |or_ln412_fu_572_p2           |    or    |      0|  0|   2|           1|           1|
    |select_ln1494_30_fu_798_p3   |  select  |      0|  0|   6|           1|           6|
    |select_ln1494_31_fu_936_p3   |  select  |      0|  0|   6|           1|           6|
    |select_ln1494_32_fu_1074_p3  |  select  |      0|  0|   6|           1|           6|
    |select_ln1494_33_fu_1212_p3  |  select  |      0|  0|   6|           1|           6|
    |select_ln1494_34_fu_1350_p3  |  select  |      0|  0|   6|           1|           6|
    |select_ln1494_35_fu_1488_p3  |  select  |      0|  0|   6|           1|           6|
    |select_ln1494_36_fu_1626_p3  |  select  |      0|  0|   6|           1|           6|
    |select_ln1494_37_fu_1764_p3  |  select  |      0|  0|   6|           1|           6|
    |select_ln1494_38_fu_1902_p3  |  select  |      0|  0|   6|           1|           6|
    |select_ln1494_39_fu_2040_p3  |  select  |      0|  0|   6|           1|           6|
    |select_ln1494_40_fu_2178_p3  |  select  |      0|  0|   6|           1|           6|
    |select_ln1494_41_fu_2316_p3  |  select  |      0|  0|   6|           1|           6|
    |select_ln1494_42_fu_2454_p3  |  select  |      0|  0|   6|           1|           6|
    |select_ln1494_43_fu_2592_p3  |  select  |      0|  0|   6|           1|           6|
    |select_ln1494_44_fu_2730_p3  |  select  |      0|  0|   6|           1|           6|
    |select_ln1494_45_fu_2868_p3  |  select  |      0|  0|   6|           1|           6|
    |select_ln1494_46_fu_3006_p3  |  select  |      0|  0|   6|           1|           6|
    |select_ln1494_47_fu_3144_p3  |  select  |      0|  0|   6|           1|           6|
    |select_ln1494_48_fu_3282_p3  |  select  |      0|  0|   6|           1|           6|
    |select_ln1494_49_fu_3420_p3  |  select  |      0|  0|   6|           1|           6|
    |select_ln1494_50_fu_3558_p3  |  select  |      0|  0|   6|           1|           6|
    |select_ln1494_51_fu_3696_p3  |  select  |      0|  0|   6|           1|           6|
    |select_ln1494_52_fu_3834_p3  |  select  |      0|  0|   6|           1|           6|
    |select_ln1494_53_fu_3972_p3  |  select  |      0|  0|   6|           1|           6|
    |select_ln1494_54_fu_4110_p3  |  select  |      0|  0|   6|           1|           6|
    |select_ln1494_55_fu_4248_p3  |  select  |      0|  0|   6|           1|           6|
    |select_ln1494_56_fu_4386_p3  |  select  |      0|  0|   6|           1|           6|
    |select_ln1494_57_fu_4524_p3  |  select  |      0|  0|   6|           1|           6|
    |select_ln1494_58_fu_4662_p3  |  select  |      0|  0|   6|           1|           6|
    |select_ln1494_59_fu_4800_p3  |  select  |      0|  0|   6|           1|           6|
    |select_ln1494_60_fu_4938_p3  |  select  |      0|  0|   6|           1|           6|
    |select_ln1494_61_fu_5076_p3  |  select  |      0|  0|   6|           1|           6|
    |select_ln1494_62_fu_5214_p3  |  select  |      0|  0|   6|           1|           6|
    |select_ln1494_63_fu_5352_p3  |  select  |      0|  0|   6|           1|           6|
    |select_ln1494_64_fu_5490_p3  |  select  |      0|  0|   6|           1|           6|
    |select_ln1494_65_fu_5628_p3  |  select  |      0|  0|   6|           1|           6|
    |select_ln1494_66_fu_5766_p3  |  select  |      0|  0|   6|           1|           6|
    |select_ln1494_67_fu_5904_p3  |  select  |      0|  0|   6|           1|           6|
    |select_ln1494_68_fu_6042_p3  |  select  |      0|  0|   6|           1|           6|
    |select_ln1494_69_fu_6180_p3  |  select  |      0|  0|   6|           1|           6|
    |select_ln1494_70_fu_6318_p3  |  select  |      0|  0|   6|           1|           6|
    |select_ln1494_71_fu_6456_p3  |  select  |      0|  0|   6|           1|           6|
    |select_ln1494_72_fu_6594_p3  |  select  |      0|  0|   6|           1|           6|
    |select_ln1494_73_fu_6732_p3  |  select  |      0|  0|   6|           1|           6|
    |select_ln1494_74_fu_6870_p3  |  select  |      0|  0|   6|           1|           6|
    |select_ln1494_75_fu_7008_p3  |  select  |      0|  0|   6|           1|           6|
    |select_ln1494_76_fu_7146_p3  |  select  |      0|  0|   6|           1|           6|
    |select_ln1494_77_fu_7284_p3  |  select  |      0|  0|   6|           1|           6|
    |select_ln1494_78_fu_7422_p3  |  select  |      0|  0|   6|           1|           6|
    |select_ln1494_79_fu_7560_p3  |  select  |      0|  0|   6|           1|           6|
    |select_ln1494_80_fu_7698_p3  |  select  |      0|  0|   6|           1|           6|
    |select_ln1494_81_fu_7836_p3  |  select  |      0|  0|   6|           1|           6|
    |select_ln1494_82_fu_7974_p3  |  select  |      0|  0|   6|           1|           6|
    |select_ln1494_83_fu_8112_p3  |  select  |      0|  0|   6|           1|           6|
    |select_ln1494_84_fu_8250_p3  |  select  |      0|  0|   6|           1|           6|
    |select_ln1494_85_fu_8388_p3  |  select  |      0|  0|   6|           1|           6|
    |select_ln1494_86_fu_8526_p3  |  select  |      0|  0|   6|           1|           6|
    |select_ln1494_87_fu_8664_p3  |  select  |      0|  0|   6|           1|           6|
    |select_ln1494_88_fu_8802_p3  |  select  |      0|  0|   6|           1|           6|
    |select_ln1494_89_fu_8940_p3  |  select  |      0|  0|   6|           1|           6|
    |select_ln1494_fu_660_p3      |  select  |      0|  0|   6|           1|           6|
    |select_ln340_10_fu_2032_p3   |  select  |      0|  0|   6|           1|           6|
    |select_ln340_11_fu_2170_p3   |  select  |      0|  0|   6|           1|           6|
    |select_ln340_12_fu_2308_p3   |  select  |      0|  0|   6|           1|           6|
    |select_ln340_14_fu_2446_p3   |  select  |      0|  0|   6|           1|           6|
    |select_ln340_15_fu_2584_p3   |  select  |      0|  0|   6|           1|           6|
    |select_ln340_17_fu_2722_p3   |  select  |      0|  0|   6|           1|           6|
    |select_ln340_18_fu_2860_p3   |  select  |      0|  0|   6|           1|           6|
    |select_ln340_19_fu_2998_p3   |  select  |      0|  0|   6|           1|           6|
    |select_ln340_1_fu_790_p3     |  select  |      0|  0|   6|           1|           6|
    |select_ln340_20_fu_3136_p3   |  select  |      0|  0|   6|           1|           6|
    |select_ln340_21_fu_3274_p3   |  select  |      0|  0|   6|           1|           6|
    |select_ln340_22_fu_3412_p3   |  select  |      0|  0|   6|           1|           6|
    |select_ln340_23_fu_3550_p3   |  select  |      0|  0|   6|           1|           6|
    |select_ln340_24_fu_3688_p3   |  select  |      0|  0|   6|           1|           6|
    |select_ln340_25_fu_3826_p3   |  select  |      0|  0|   6|           1|           6|
    |select_ln340_26_fu_3964_p3   |  select  |      0|  0|   6|           1|           6|
    |select_ln340_27_fu_4102_p3   |  select  |      0|  0|   6|           1|           6|
    |select_ln340_28_fu_4240_p3   |  select  |      0|  0|   6|           1|           6|
    |select_ln340_29_fu_4378_p3   |  select  |      0|  0|   6|           1|           6|
    |select_ln340_2_fu_928_p3     |  select  |      0|  0|   6|           1|           6|
    |select_ln340_30_fu_4516_p3   |  select  |      0|  0|   6|           1|           6|
    |select_ln340_31_fu_4654_p3   |  select  |      0|  0|   6|           1|           6|
    |select_ln340_32_fu_4792_p3   |  select  |      0|  0|   6|           1|           6|
    |select_ln340_33_fu_4930_p3   |  select  |      0|  0|   6|           1|           6|
    |select_ln340_34_fu_5068_p3   |  select  |      0|  0|   6|           1|           6|
    |select_ln340_35_fu_5206_p3   |  select  |      0|  0|   6|           1|           6|
    |select_ln340_36_fu_5344_p3   |  select  |      0|  0|   6|           1|           6|
    |select_ln340_37_fu_5482_p3   |  select  |      0|  0|   6|           1|           6|
    |select_ln340_38_fu_5620_p3   |  select  |      0|  0|   6|           1|           6|
    |select_ln340_39_fu_5758_p3   |  select  |      0|  0|   6|           1|           6|
    |select_ln340_3_fu_1066_p3    |  select  |      0|  0|   6|           1|           6|
    |select_ln340_40_fu_5896_p3   |  select  |      0|  0|   6|           1|           6|
    |select_ln340_41_fu_6034_p3   |  select  |      0|  0|   6|           1|           6|
    |select_ln340_42_fu_6172_p3   |  select  |      0|  0|   6|           1|           6|
    |select_ln340_43_fu_6310_p3   |  select  |      0|  0|   6|           1|           6|
    |select_ln340_44_fu_6448_p3   |  select  |      0|  0|   6|           1|           6|
    |select_ln340_45_fu_6586_p3   |  select  |      0|  0|   6|           1|           6|
    |select_ln340_46_fu_6724_p3   |  select  |      0|  0|   6|           1|           6|
    |select_ln340_47_fu_6862_p3   |  select  |      0|  0|   6|           1|           6|
    |select_ln340_48_fu_7000_p3   |  select  |      0|  0|   6|           1|           6|
    |select_ln340_49_fu_7138_p3   |  select  |      0|  0|   6|           1|           6|
    |select_ln340_4_fu_1204_p3    |  select  |      0|  0|   6|           1|           6|
    |select_ln340_50_fu_7276_p3   |  select  |      0|  0|   6|           1|           6|
    |select_ln340_51_fu_7414_p3   |  select  |      0|  0|   6|           1|           6|
    |select_ln340_52_fu_7552_p3   |  select  |      0|  0|   6|           1|           6|
    |select_ln340_53_fu_7690_p3   |  select  |      0|  0|   6|           1|           6|
    |select_ln340_54_fu_7828_p3   |  select  |      0|  0|   6|           1|           6|
    |select_ln340_55_fu_7966_p3   |  select  |      0|  0|   6|           1|           6|
    |select_ln340_56_fu_8104_p3   |  select  |      0|  0|   6|           1|           6|
    |select_ln340_57_fu_8242_p3   |  select  |      0|  0|   6|           1|           6|
    |select_ln340_58_fu_8380_p3   |  select  |      0|  0|   6|           1|           6|
    |select_ln340_59_fu_8518_p3   |  select  |      0|  0|   6|           1|           6|
    |select_ln340_5_fu_1342_p3    |  select  |      0|  0|   6|           1|           6|
    |select_ln340_60_fu_8656_p3   |  select  |      0|  0|   6|           1|           6|
    |select_ln340_61_fu_8794_p3   |  select  |      0|  0|   6|           1|           6|
    |select_ln340_62_fu_8932_p3   |  select  |      0|  0|   6|           1|           6|
    |select_ln340_6_fu_1480_p3    |  select  |      0|  0|   6|           1|           6|
    |select_ln340_7_fu_1618_p3    |  select  |      0|  0|   6|           1|           6|
    |select_ln340_8_fu_1756_p3    |  select  |      0|  0|   6|           1|           6|
    |select_ln340_9_fu_1894_p3    |  select  |      0|  0|   6|           1|           6|
    |select_ln340_fu_652_p3       |  select  |      0|  0|   6|           1|           6|
    |select_ln777_30_fu_782_p3    |  select  |      0|  0|   2|           1|           1|
    |select_ln777_31_fu_920_p3    |  select  |      0|  0|   2|           1|           1|
    |select_ln777_32_fu_1058_p3   |  select  |      0|  0|   2|           1|           1|
    |select_ln777_33_fu_1196_p3   |  select  |      0|  0|   2|           1|           1|
    |select_ln777_34_fu_1334_p3   |  select  |      0|  0|   2|           1|           1|
    |select_ln777_35_fu_1472_p3   |  select  |      0|  0|   2|           1|           1|
    |select_ln777_36_fu_1610_p3   |  select  |      0|  0|   2|           1|           1|
    |select_ln777_37_fu_1748_p3   |  select  |      0|  0|   2|           1|           1|
    |select_ln777_38_fu_1886_p3   |  select  |      0|  0|   2|           1|           1|
    |select_ln777_39_fu_2024_p3   |  select  |      0|  0|   2|           1|           1|
    |select_ln777_40_fu_2162_p3   |  select  |      0|  0|   2|           1|           1|
    |select_ln777_41_fu_2300_p3   |  select  |      0|  0|   2|           1|           1|
    |select_ln777_42_fu_2438_p3   |  select  |      0|  0|   2|           1|           1|
    |select_ln777_43_fu_2576_p3   |  select  |      0|  0|   2|           1|           1|
    |select_ln777_44_fu_2714_p3   |  select  |      0|  0|   2|           1|           1|
    |select_ln777_45_fu_2852_p3   |  select  |      0|  0|   2|           1|           1|
    |select_ln777_46_fu_2990_p3   |  select  |      0|  0|   2|           1|           1|
    |select_ln777_47_fu_3128_p3   |  select  |      0|  0|   2|           1|           1|
    |select_ln777_48_fu_3266_p3   |  select  |      0|  0|   2|           1|           1|
    |select_ln777_49_fu_3404_p3   |  select  |      0|  0|   2|           1|           1|
    |select_ln777_50_fu_3542_p3   |  select  |      0|  0|   2|           1|           1|
    |select_ln777_51_fu_3680_p3   |  select  |      0|  0|   2|           1|           1|
    |select_ln777_52_fu_3818_p3   |  select  |      0|  0|   2|           1|           1|
    |select_ln777_53_fu_3956_p3   |  select  |      0|  0|   2|           1|           1|
    |select_ln777_54_fu_4094_p3   |  select  |      0|  0|   2|           1|           1|
    |select_ln777_55_fu_4232_p3   |  select  |      0|  0|   2|           1|           1|
    |select_ln777_56_fu_4370_p3   |  select  |      0|  0|   2|           1|           1|
    |select_ln777_57_fu_4508_p3   |  select  |      0|  0|   2|           1|           1|
    |select_ln777_58_fu_4646_p3   |  select  |      0|  0|   2|           1|           1|
    |select_ln777_59_fu_4784_p3   |  select  |      0|  0|   2|           1|           1|
    |select_ln777_60_fu_4922_p3   |  select  |      0|  0|   2|           1|           1|
    |select_ln777_61_fu_5060_p3   |  select  |      0|  0|   2|           1|           1|
    |select_ln777_62_fu_5198_p3   |  select  |      0|  0|   2|           1|           1|
    |select_ln777_63_fu_5336_p3   |  select  |      0|  0|   2|           1|           1|
    |select_ln777_64_fu_5474_p3   |  select  |      0|  0|   2|           1|           1|
    |select_ln777_65_fu_5612_p3   |  select  |      0|  0|   2|           1|           1|
    |select_ln777_66_fu_5750_p3   |  select  |      0|  0|   2|           1|           1|
    |select_ln777_67_fu_5888_p3   |  select  |      0|  0|   2|           1|           1|
    |select_ln777_68_fu_6026_p3   |  select  |      0|  0|   2|           1|           1|
    |select_ln777_69_fu_6164_p3   |  select  |      0|  0|   2|           1|           1|
    |select_ln777_70_fu_6302_p3   |  select  |      0|  0|   2|           1|           1|
    |select_ln777_71_fu_6440_p3   |  select  |      0|  0|   2|           1|           1|
    |select_ln777_72_fu_6578_p3   |  select  |      0|  0|   2|           1|           1|
    |select_ln777_73_fu_6716_p3   |  select  |      0|  0|   2|           1|           1|
    |select_ln777_74_fu_6854_p3   |  select  |      0|  0|   2|           1|           1|
    |select_ln777_75_fu_6992_p3   |  select  |      0|  0|   2|           1|           1|
    |select_ln777_76_fu_7130_p3   |  select  |      0|  0|   2|           1|           1|
    |select_ln777_77_fu_7268_p3   |  select  |      0|  0|   2|           1|           1|
    |select_ln777_78_fu_7406_p3   |  select  |      0|  0|   2|           1|           1|
    |select_ln777_79_fu_7544_p3   |  select  |      0|  0|   2|           1|           1|
    |select_ln777_80_fu_7682_p3   |  select  |      0|  0|   2|           1|           1|
    |select_ln777_81_fu_7820_p3   |  select  |      0|  0|   2|           1|           1|
    |select_ln777_82_fu_7958_p3   |  select  |      0|  0|   2|           1|           1|
    |select_ln777_83_fu_8096_p3   |  select  |      0|  0|   2|           1|           1|
    |select_ln777_84_fu_8234_p3   |  select  |      0|  0|   2|           1|           1|
    |select_ln777_85_fu_8372_p3   |  select  |      0|  0|   2|           1|           1|
    |select_ln777_86_fu_8510_p3   |  select  |      0|  0|   2|           1|           1|
    |select_ln777_87_fu_8648_p3   |  select  |      0|  0|   2|           1|           1|
    |select_ln777_88_fu_8786_p3   |  select  |      0|  0|   2|           1|           1|
    |select_ln777_89_fu_8924_p3   |  select  |      0|  0|   2|           1|           1|
    |select_ln777_fu_644_p3       |  select  |      0|  0|   2|           1|           1|
    |xor_ln416_30_fu_748_p2       |    xor   |      0|  0|   2|           1|           2|
    |xor_ln416_31_fu_886_p2       |    xor   |      0|  0|   2|           1|           2|
    |xor_ln416_32_fu_1024_p2      |    xor   |      0|  0|   2|           1|           2|
    |xor_ln416_33_fu_1162_p2      |    xor   |      0|  0|   2|           1|           2|
    |xor_ln416_34_fu_1300_p2      |    xor   |      0|  0|   2|           1|           2|
    |xor_ln416_35_fu_1438_p2      |    xor   |      0|  0|   2|           1|           2|
    |xor_ln416_36_fu_1576_p2      |    xor   |      0|  0|   2|           1|           2|
    |xor_ln416_37_fu_1714_p2      |    xor   |      0|  0|   2|           1|           2|
    |xor_ln416_38_fu_1852_p2      |    xor   |      0|  0|   2|           1|           2|
    |xor_ln416_39_fu_1990_p2      |    xor   |      0|  0|   2|           1|           2|
    |xor_ln416_40_fu_2128_p2      |    xor   |      0|  0|   2|           1|           2|
    |xor_ln416_41_fu_2266_p2      |    xor   |      0|  0|   2|           1|           2|
    |xor_ln416_42_fu_2404_p2      |    xor   |      0|  0|   2|           1|           2|
    |xor_ln416_43_fu_2542_p2      |    xor   |      0|  0|   2|           1|           2|
    |xor_ln416_44_fu_2680_p2      |    xor   |      0|  0|   2|           1|           2|
    |xor_ln416_45_fu_2818_p2      |    xor   |      0|  0|   2|           1|           2|
    |xor_ln416_46_fu_2956_p2      |    xor   |      0|  0|   2|           1|           2|
    |xor_ln416_47_fu_3094_p2      |    xor   |      0|  0|   2|           1|           2|
    |xor_ln416_48_fu_3232_p2      |    xor   |      0|  0|   2|           1|           2|
    |xor_ln416_49_fu_3370_p2      |    xor   |      0|  0|   2|           1|           2|
    |xor_ln416_50_fu_3508_p2      |    xor   |      0|  0|   2|           1|           2|
    |xor_ln416_51_fu_3646_p2      |    xor   |      0|  0|   2|           1|           2|
    |xor_ln416_52_fu_3784_p2      |    xor   |      0|  0|   2|           1|           2|
    |xor_ln416_53_fu_3922_p2      |    xor   |      0|  0|   2|           1|           2|
    |xor_ln416_54_fu_4060_p2      |    xor   |      0|  0|   2|           1|           2|
    |xor_ln416_55_fu_4198_p2      |    xor   |      0|  0|   2|           1|           2|
    |xor_ln416_56_fu_4336_p2      |    xor   |      0|  0|   2|           1|           2|
    |xor_ln416_57_fu_4474_p2      |    xor   |      0|  0|   2|           1|           2|
    |xor_ln416_58_fu_4612_p2      |    xor   |      0|  0|   2|           1|           2|
    |xor_ln416_59_fu_4750_p2      |    xor   |      0|  0|   2|           1|           2|
    |xor_ln416_60_fu_4888_p2      |    xor   |      0|  0|   2|           1|           2|
    |xor_ln416_61_fu_5026_p2      |    xor   |      0|  0|   2|           1|           2|
    |xor_ln416_62_fu_5164_p2      |    xor   |      0|  0|   2|           1|           2|
    |xor_ln416_63_fu_5302_p2      |    xor   |      0|  0|   2|           1|           2|
    |xor_ln416_64_fu_5440_p2      |    xor   |      0|  0|   2|           1|           2|
    |xor_ln416_65_fu_5578_p2      |    xor   |      0|  0|   2|           1|           2|
    |xor_ln416_66_fu_5716_p2      |    xor   |      0|  0|   2|           1|           2|
    |xor_ln416_67_fu_5854_p2      |    xor   |      0|  0|   2|           1|           2|
    |xor_ln416_68_fu_5992_p2      |    xor   |      0|  0|   2|           1|           2|
    |xor_ln416_69_fu_6130_p2      |    xor   |      0|  0|   2|           1|           2|
    |xor_ln416_70_fu_6268_p2      |    xor   |      0|  0|   2|           1|           2|
    |xor_ln416_71_fu_6406_p2      |    xor   |      0|  0|   2|           1|           2|
    |xor_ln416_72_fu_6544_p2      |    xor   |      0|  0|   2|           1|           2|
    |xor_ln416_73_fu_6682_p2      |    xor   |      0|  0|   2|           1|           2|
    |xor_ln416_74_fu_6820_p2      |    xor   |      0|  0|   2|           1|           2|
    |xor_ln416_75_fu_6958_p2      |    xor   |      0|  0|   2|           1|           2|
    |xor_ln416_76_fu_7096_p2      |    xor   |      0|  0|   2|           1|           2|
    |xor_ln416_77_fu_7234_p2      |    xor   |      0|  0|   2|           1|           2|
    |xor_ln416_78_fu_7372_p2      |    xor   |      0|  0|   2|           1|           2|
    |xor_ln416_79_fu_7510_p2      |    xor   |      0|  0|   2|           1|           2|
    |xor_ln416_80_fu_7648_p2      |    xor   |      0|  0|   2|           1|           2|
    |xor_ln416_81_fu_7786_p2      |    xor   |      0|  0|   2|           1|           2|
    |xor_ln416_82_fu_7924_p2      |    xor   |      0|  0|   2|           1|           2|
    |xor_ln416_83_fu_8062_p2      |    xor   |      0|  0|   2|           1|           2|
    |xor_ln416_84_fu_8200_p2      |    xor   |      0|  0|   2|           1|           2|
    |xor_ln416_85_fu_8338_p2      |    xor   |      0|  0|   2|           1|           2|
    |xor_ln416_86_fu_8476_p2      |    xor   |      0|  0|   2|           1|           2|
    |xor_ln416_87_fu_8614_p2      |    xor   |      0|  0|   2|           1|           2|
    |xor_ln416_88_fu_8752_p2      |    xor   |      0|  0|   2|           1|           2|
    |xor_ln416_89_fu_8890_p2      |    xor   |      0|  0|   2|           1|           2|
    |xor_ln416_fu_610_p2          |    xor   |      0|  0|   2|           1|           2|
    +-----------------------------+----------+-------+---+----+------------+------------+
    |Total                        |          |      0|  0|4941|        2684|        1769|
    +-----------------------------+----------+-------+---+----+------------+------------+

    * Multiplexer: 
    N/A

    * Register: 
    N/A



================================================================
== Interface
================================================================
* Summary: 
+----------------+-----+-----+------------+------------------------------------------------------------------------+--------------+
|    RTL Ports   | Dir | Bits|  Protocol  |                              Source Object                             |    C Type    |
+----------------+-----+-----+------------+------------------------------------------------------------------------+--------------+
|ap_ready        | out |    1| ap_ctrl_hs | relu<ap_fixed<16, 6, 5, 3, 0>, ap_ufixed<6, 0, 4, 0, 0>, relu_config4> | return value |
|ap_return_0     | out |    6| ap_ctrl_hs | relu<ap_fixed<16, 6, 5, 3, 0>, ap_ufixed<6, 0, 4, 0, 0>, relu_config4> | return value |
|ap_return_1     | out |    6| ap_ctrl_hs | relu<ap_fixed<16, 6, 5, 3, 0>, ap_ufixed<6, 0, 4, 0, 0>, relu_config4> | return value |
|ap_return_2     | out |    6| ap_ctrl_hs | relu<ap_fixed<16, 6, 5, 3, 0>, ap_ufixed<6, 0, 4, 0, 0>, relu_config4> | return value |
|ap_return_3     | out |    6| ap_ctrl_hs | relu<ap_fixed<16, 6, 5, 3, 0>, ap_ufixed<6, 0, 4, 0, 0>, relu_config4> | return value |
|ap_return_4     | out |    6| ap_ctrl_hs | relu<ap_fixed<16, 6, 5, 3, 0>, ap_ufixed<6, 0, 4, 0, 0>, relu_config4> | return value |
|ap_return_5     | out |    6| ap_ctrl_hs | relu<ap_fixed<16, 6, 5, 3, 0>, ap_ufixed<6, 0, 4, 0, 0>, relu_config4> | return value |
|ap_return_6     | out |    6| ap_ctrl_hs | relu<ap_fixed<16, 6, 5, 3, 0>, ap_ufixed<6, 0, 4, 0, 0>, relu_config4> | return value |
|ap_return_7     | out |    6| ap_ctrl_hs | relu<ap_fixed<16, 6, 5, 3, 0>, ap_ufixed<6, 0, 4, 0, 0>, relu_config4> | return value |
|ap_return_8     | out |    6| ap_ctrl_hs | relu<ap_fixed<16, 6, 5, 3, 0>, ap_ufixed<6, 0, 4, 0, 0>, relu_config4> | return value |
|ap_return_9     | out |    6| ap_ctrl_hs | relu<ap_fixed<16, 6, 5, 3, 0>, ap_ufixed<6, 0, 4, 0, 0>, relu_config4> | return value |
|ap_return_10    | out |    6| ap_ctrl_hs | relu<ap_fixed<16, 6, 5, 3, 0>, ap_ufixed<6, 0, 4, 0, 0>, relu_config4> | return value |
|ap_return_11    | out |    6| ap_ctrl_hs | relu<ap_fixed<16, 6, 5, 3, 0>, ap_ufixed<6, 0, 4, 0, 0>, relu_config4> | return value |
|ap_return_12    | out |    6| ap_ctrl_hs | relu<ap_fixed<16, 6, 5, 3, 0>, ap_ufixed<6, 0, 4, 0, 0>, relu_config4> | return value |
|ap_return_13    | out |    6| ap_ctrl_hs | relu<ap_fixed<16, 6, 5, 3, 0>, ap_ufixed<6, 0, 4, 0, 0>, relu_config4> | return value |
|ap_return_14    | out |    6| ap_ctrl_hs | relu<ap_fixed<16, 6, 5, 3, 0>, ap_ufixed<6, 0, 4, 0, 0>, relu_config4> | return value |
|ap_return_15    | out |    6| ap_ctrl_hs | relu<ap_fixed<16, 6, 5, 3, 0>, ap_ufixed<6, 0, 4, 0, 0>, relu_config4> | return value |
|ap_return_16    | out |    6| ap_ctrl_hs | relu<ap_fixed<16, 6, 5, 3, 0>, ap_ufixed<6, 0, 4, 0, 0>, relu_config4> | return value |
|ap_return_17    | out |    6| ap_ctrl_hs | relu<ap_fixed<16, 6, 5, 3, 0>, ap_ufixed<6, 0, 4, 0, 0>, relu_config4> | return value |
|ap_return_18    | out |    6| ap_ctrl_hs | relu<ap_fixed<16, 6, 5, 3, 0>, ap_ufixed<6, 0, 4, 0, 0>, relu_config4> | return value |
|ap_return_19    | out |    6| ap_ctrl_hs | relu<ap_fixed<16, 6, 5, 3, 0>, ap_ufixed<6, 0, 4, 0, 0>, relu_config4> | return value |
|ap_return_20    | out |    6| ap_ctrl_hs | relu<ap_fixed<16, 6, 5, 3, 0>, ap_ufixed<6, 0, 4, 0, 0>, relu_config4> | return value |
|ap_return_21    | out |    6| ap_ctrl_hs | relu<ap_fixed<16, 6, 5, 3, 0>, ap_ufixed<6, 0, 4, 0, 0>, relu_config4> | return value |
|ap_return_22    | out |    6| ap_ctrl_hs | relu<ap_fixed<16, 6, 5, 3, 0>, ap_ufixed<6, 0, 4, 0, 0>, relu_config4> | return value |
|ap_return_23    | out |    6| ap_ctrl_hs | relu<ap_fixed<16, 6, 5, 3, 0>, ap_ufixed<6, 0, 4, 0, 0>, relu_config4> | return value |
|ap_return_24    | out |    6| ap_ctrl_hs | relu<ap_fixed<16, 6, 5, 3, 0>, ap_ufixed<6, 0, 4, 0, 0>, relu_config4> | return value |
|ap_return_25    | out |    6| ap_ctrl_hs | relu<ap_fixed<16, 6, 5, 3, 0>, ap_ufixed<6, 0, 4, 0, 0>, relu_config4> | return value |
|ap_return_26    | out |    6| ap_ctrl_hs | relu<ap_fixed<16, 6, 5, 3, 0>, ap_ufixed<6, 0, 4, 0, 0>, relu_config4> | return value |
|ap_return_27    | out |    6| ap_ctrl_hs | relu<ap_fixed<16, 6, 5, 3, 0>, ap_ufixed<6, 0, 4, 0, 0>, relu_config4> | return value |
|ap_return_28    | out |    6| ap_ctrl_hs | relu<ap_fixed<16, 6, 5, 3, 0>, ap_ufixed<6, 0, 4, 0, 0>, relu_config4> | return value |
|ap_return_29    | out |    6| ap_ctrl_hs | relu<ap_fixed<16, 6, 5, 3, 0>, ap_ufixed<6, 0, 4, 0, 0>, relu_config4> | return value |
|ap_return_30    | out |    6| ap_ctrl_hs | relu<ap_fixed<16, 6, 5, 3, 0>, ap_ufixed<6, 0, 4, 0, 0>, relu_config4> | return value |
|ap_return_31    | out |    6| ap_ctrl_hs | relu<ap_fixed<16, 6, 5, 3, 0>, ap_ufixed<6, 0, 4, 0, 0>, relu_config4> | return value |
|ap_return_32    | out |    6| ap_ctrl_hs | relu<ap_fixed<16, 6, 5, 3, 0>, ap_ufixed<6, 0, 4, 0, 0>, relu_config4> | return value |
|ap_return_33    | out |    6| ap_ctrl_hs | relu<ap_fixed<16, 6, 5, 3, 0>, ap_ufixed<6, 0, 4, 0, 0>, relu_config4> | return value |
|ap_return_34    | out |    6| ap_ctrl_hs | relu<ap_fixed<16, 6, 5, 3, 0>, ap_ufixed<6, 0, 4, 0, 0>, relu_config4> | return value |
|ap_return_35    | out |    6| ap_ctrl_hs | relu<ap_fixed<16, 6, 5, 3, 0>, ap_ufixed<6, 0, 4, 0, 0>, relu_config4> | return value |
|ap_return_36    | out |    6| ap_ctrl_hs | relu<ap_fixed<16, 6, 5, 3, 0>, ap_ufixed<6, 0, 4, 0, 0>, relu_config4> | return value |
|ap_return_37    | out |    6| ap_ctrl_hs | relu<ap_fixed<16, 6, 5, 3, 0>, ap_ufixed<6, 0, 4, 0, 0>, relu_config4> | return value |
|ap_return_38    | out |    6| ap_ctrl_hs | relu<ap_fixed<16, 6, 5, 3, 0>, ap_ufixed<6, 0, 4, 0, 0>, relu_config4> | return value |
|ap_return_39    | out |    6| ap_ctrl_hs | relu<ap_fixed<16, 6, 5, 3, 0>, ap_ufixed<6, 0, 4, 0, 0>, relu_config4> | return value |
|ap_return_40    | out |    6| ap_ctrl_hs | relu<ap_fixed<16, 6, 5, 3, 0>, ap_ufixed<6, 0, 4, 0, 0>, relu_config4> | return value |
|ap_return_41    | out |    6| ap_ctrl_hs | relu<ap_fixed<16, 6, 5, 3, 0>, ap_ufixed<6, 0, 4, 0, 0>, relu_config4> | return value |
|ap_return_42    | out |    6| ap_ctrl_hs | relu<ap_fixed<16, 6, 5, 3, 0>, ap_ufixed<6, 0, 4, 0, 0>, relu_config4> | return value |
|ap_return_43    | out |    6| ap_ctrl_hs | relu<ap_fixed<16, 6, 5, 3, 0>, ap_ufixed<6, 0, 4, 0, 0>, relu_config4> | return value |
|ap_return_44    | out |    6| ap_ctrl_hs | relu<ap_fixed<16, 6, 5, 3, 0>, ap_ufixed<6, 0, 4, 0, 0>, relu_config4> | return value |
|ap_return_45    | out |    6| ap_ctrl_hs | relu<ap_fixed<16, 6, 5, 3, 0>, ap_ufixed<6, 0, 4, 0, 0>, relu_config4> | return value |
|ap_return_46    | out |    6| ap_ctrl_hs | relu<ap_fixed<16, 6, 5, 3, 0>, ap_ufixed<6, 0, 4, 0, 0>, relu_config4> | return value |
|ap_return_47    | out |    6| ap_ctrl_hs | relu<ap_fixed<16, 6, 5, 3, 0>, ap_ufixed<6, 0, 4, 0, 0>, relu_config4> | return value |
|ap_return_48    | out |    6| ap_ctrl_hs | relu<ap_fixed<16, 6, 5, 3, 0>, ap_ufixed<6, 0, 4, 0, 0>, relu_config4> | return value |
|ap_return_49    | out |    6| ap_ctrl_hs | relu<ap_fixed<16, 6, 5, 3, 0>, ap_ufixed<6, 0, 4, 0, 0>, relu_config4> | return value |
|ap_return_50    | out |    6| ap_ctrl_hs | relu<ap_fixed<16, 6, 5, 3, 0>, ap_ufixed<6, 0, 4, 0, 0>, relu_config4> | return value |
|ap_return_51    | out |    6| ap_ctrl_hs | relu<ap_fixed<16, 6, 5, 3, 0>, ap_ufixed<6, 0, 4, 0, 0>, relu_config4> | return value |
|ap_return_52    | out |    6| ap_ctrl_hs | relu<ap_fixed<16, 6, 5, 3, 0>, ap_ufixed<6, 0, 4, 0, 0>, relu_config4> | return value |
|ap_return_53    | out |    6| ap_ctrl_hs | relu<ap_fixed<16, 6, 5, 3, 0>, ap_ufixed<6, 0, 4, 0, 0>, relu_config4> | return value |
|ap_return_54    | out |    6| ap_ctrl_hs | relu<ap_fixed<16, 6, 5, 3, 0>, ap_ufixed<6, 0, 4, 0, 0>, relu_config4> | return value |
|ap_return_55    | out |    6| ap_ctrl_hs | relu<ap_fixed<16, 6, 5, 3, 0>, ap_ufixed<6, 0, 4, 0, 0>, relu_config4> | return value |
|ap_return_56    | out |    6| ap_ctrl_hs | relu<ap_fixed<16, 6, 5, 3, 0>, ap_ufixed<6, 0, 4, 0, 0>, relu_config4> | return value |
|ap_return_57    | out |    6| ap_ctrl_hs | relu<ap_fixed<16, 6, 5, 3, 0>, ap_ufixed<6, 0, 4, 0, 0>, relu_config4> | return value |
|ap_return_58    | out |    6| ap_ctrl_hs | relu<ap_fixed<16, 6, 5, 3, 0>, ap_ufixed<6, 0, 4, 0, 0>, relu_config4> | return value |
|ap_return_59    | out |    6| ap_ctrl_hs | relu<ap_fixed<16, 6, 5, 3, 0>, ap_ufixed<6, 0, 4, 0, 0>, relu_config4> | return value |
|ap_return_60    | out |    6| ap_ctrl_hs | relu<ap_fixed<16, 6, 5, 3, 0>, ap_ufixed<6, 0, 4, 0, 0>, relu_config4> | return value |
|data_0_V_read   |  in |   16|   ap_none  |                              data_0_V_read                             |    scalar    |
|data_1_V_read   |  in |   16|   ap_none  |                              data_1_V_read                             |    scalar    |
|data_2_V_read   |  in |   16|   ap_none  |                              data_2_V_read                             |    scalar    |
|data_3_V_read   |  in |   16|   ap_none  |                              data_3_V_read                             |    scalar    |
|data_4_V_read   |  in |   16|   ap_none  |                              data_4_V_read                             |    scalar    |
|data_5_V_read   |  in |   16|   ap_none  |                              data_5_V_read                             |    scalar    |
|data_6_V_read   |  in |   16|   ap_none  |                              data_6_V_read                             |    scalar    |
|data_7_V_read   |  in |   16|   ap_none  |                              data_7_V_read                             |    scalar    |
|data_8_V_read   |  in |   16|   ap_none  |                              data_8_V_read                             |    scalar    |
|data_9_V_read   |  in |   16|   ap_none  |                              data_9_V_read                             |    scalar    |
|data_10_V_read  |  in |   16|   ap_none  |                             data_10_V_read                             |    scalar    |
|data_11_V_read  |  in |   16|   ap_none  |                             data_11_V_read                             |    scalar    |
|data_12_V_read  |  in |   16|   ap_none  |                             data_12_V_read                             |    scalar    |
|data_14_V_read  |  in |   16|   ap_none  |                             data_14_V_read                             |    scalar    |
|data_15_V_read  |  in |   16|   ap_none  |                             data_15_V_read                             |    scalar    |
|data_17_V_read  |  in |   16|   ap_none  |                             data_17_V_read                             |    scalar    |
|data_18_V_read  |  in |   16|   ap_none  |                             data_18_V_read                             |    scalar    |
|data_19_V_read  |  in |   16|   ap_none  |                             data_19_V_read                             |    scalar    |
|data_20_V_read  |  in |   16|   ap_none  |                             data_20_V_read                             |    scalar    |
|data_21_V_read  |  in |   16|   ap_none  |                             data_21_V_read                             |    scalar    |
|data_22_V_read  |  in |   16|   ap_none  |                             data_22_V_read                             |    scalar    |
|data_23_V_read  |  in |   16|   ap_none  |                             data_23_V_read                             |    scalar    |
|data_24_V_read  |  in |   16|   ap_none  |                             data_24_V_read                             |    scalar    |
|data_25_V_read  |  in |   16|   ap_none  |                             data_25_V_read                             |    scalar    |
|data_26_V_read  |  in |   16|   ap_none  |                             data_26_V_read                             |    scalar    |
|data_27_V_read  |  in |   16|   ap_none  |                             data_27_V_read                             |    scalar    |
|data_28_V_read  |  in |   16|   ap_none  |                             data_28_V_read                             |    scalar    |
|data_29_V_read  |  in |   16|   ap_none  |                             data_29_V_read                             |    scalar    |
|data_30_V_read  |  in |   16|   ap_none  |                             data_30_V_read                             |    scalar    |
|data_31_V_read  |  in |   16|   ap_none  |                             data_31_V_read                             |    scalar    |
|data_32_V_read  |  in |   16|   ap_none  |                             data_32_V_read                             |    scalar    |
|data_34_V_read  |  in |   16|   ap_none  |                             data_34_V_read                             |    scalar    |
|data_35_V_read  |  in |   16|   ap_none  |                             data_35_V_read                             |    scalar    |
|data_36_V_read  |  in |   16|   ap_none  |                             data_36_V_read                             |    scalar    |
|data_37_V_read  |  in |   16|   ap_none  |                             data_37_V_read                             |    scalar    |
|data_38_V_read  |  in |   16|   ap_none  |                             data_38_V_read                             |    scalar    |
|data_39_V_read  |  in |   16|   ap_none  |                             data_39_V_read                             |    scalar    |
|data_40_V_read  |  in |   16|   ap_none  |                             data_40_V_read                             |    scalar    |
|data_41_V_read  |  in |   16|   ap_none  |                             data_41_V_read                             |    scalar    |
|data_42_V_read  |  in |   16|   ap_none  |                             data_42_V_read                             |    scalar    |
|data_43_V_read  |  in |   16|   ap_none  |                             data_43_V_read                             |    scalar    |
|data_44_V_read  |  in |   16|   ap_none  |                             data_44_V_read                             |    scalar    |
|data_45_V_read  |  in |   16|   ap_none  |                             data_45_V_read                             |    scalar    |
|data_46_V_read  |  in |   16|   ap_none  |                             data_46_V_read                             |    scalar    |
|data_47_V_read  |  in |   16|   ap_none  |                             data_47_V_read                             |    scalar    |
|data_48_V_read  |  in |   16|   ap_none  |                             data_48_V_read                             |    scalar    |
|data_49_V_read  |  in |   16|   ap_none  |                             data_49_V_read                             |    scalar    |
|data_50_V_read  |  in |   16|   ap_none  |                             data_50_V_read                             |    scalar    |
|data_51_V_read  |  in |   16|   ap_none  |                             data_51_V_read                             |    scalar    |
|data_52_V_read  |  in |   16|   ap_none  |                             data_52_V_read                             |    scalar    |
|data_53_V_read  |  in |   16|   ap_none  |                             data_53_V_read                             |    scalar    |
|data_54_V_read  |  in |   16|   ap_none  |                             data_54_V_read                             |    scalar    |
|data_55_V_read  |  in |   16|   ap_none  |                             data_55_V_read                             |    scalar    |
|data_56_V_read  |  in |   16|   ap_none  |                             data_56_V_read                             |    scalar    |
|data_57_V_read  |  in |   16|   ap_none  |                             data_57_V_read                             |    scalar    |
|data_58_V_read  |  in |   16|   ap_none  |                             data_58_V_read                             |    scalar    |
|data_59_V_read  |  in |   16|   ap_none  |                             data_59_V_read                             |    scalar    |
|data_60_V_read  |  in |   16|   ap_none  |                             data_60_V_read                             |    scalar    |
|data_61_V_read  |  in |   16|   ap_none  |                             data_61_V_read                             |    scalar    |
|data_62_V_read  |  in |   16|   ap_none  |                             data_62_V_read                             |    scalar    |
|data_63_V_read  |  in |   16|   ap_none  |                             data_63_V_read                             |    scalar    |
+----------------+-----+-----+------------+------------------------------------------------------------------------+--------------+

