

================================================================
== Vivado HLS Report for 'relu_ap_fixed_16_6_5_3_0_ap_ufixed_6_0_4_0_0_relu_config7_s'
================================================================
* Date:           Fri Sep 22 04:29:42 2023

* Version:        2019.2 (Build 2704478 on Wed Nov 06 22:10:23 MST 2019)
* Project:        myproject_prj
* Solution:       solution1
* Product family: zynq
* Target device:  xc7z020-clg400-1


================================================================
== Performance Estimates
================================================================
+ Timing: 
    * Summary: 
    +--------+---------+----------+------------+
    |  Clock |  Target | Estimated| Uncertainty|
    +--------+---------+----------+------------+
    |ap_clk  | 5.00 ns | 4.144 ns |   0.62 ns  |
    +--------+---------+----------+------------+

+ Latency: 
    * Summary: 
    +---------+---------+----------+----------+-----+-----+----------+
    |  Latency (cycles) |  Latency (absolute) |  Interval | Pipeline |
    |   min   |   max   |    min   |    max   | min | max |   Type   |
    +---------+---------+----------+----------+-----+-----+----------+
    |        0|        0|   0 ns   |   0 ns   |    1|    1| function |
    +---------+---------+----------+----------+-----+-----+----------+

    + Detail: 
        * Instance: 
        N/A

        * Loop: 
        N/A



================================================================
== Utilization Estimates
================================================================
* Summary: 
+-----------------+---------+-------+--------+-------+-----+
|       Name      | BRAM_18K| DSP48E|   FF   |  LUT  | URAM|
+-----------------+---------+-------+--------+-------+-----+
|DSP              |        -|      -|       -|      -|    -|
|Expression       |        -|      -|       0|   2187|    -|
|FIFO             |        -|      -|       -|      -|    -|
|Instance         |        -|      -|       -|      -|    -|
|Memory           |        -|      -|       -|      -|    -|
|Multiplexer      |        -|      -|       -|      -|    -|
|Register         |        -|      -|       -|      -|    -|
+-----------------+---------+-------+--------+-------+-----+
|Total            |        0|      0|       0|   2187|    0|
+-----------------+---------+-------+--------+-------+-----+
|Available        |      280|    220|  106400|  53200|    0|
+-----------------+---------+-------+--------+-------+-----+
|Utilization (%)  |        0|      0|       0|      4|    0|
+-----------------+---------+-------+--------+-------+-----+

+ Detail: 
    * Instance: 
    N/A

    * DSP48E: 
    N/A

    * Memory: 
    N/A

    * FIFO: 
    N/A

    * Expression: 
    +-----------------------------+----------+-------+---+----+------------+------------+
    |        Variable Name        | Operation| DSP48E| FF| LUT| Bitwidth P0| Bitwidth P1|
    +-----------------------------+----------+-------+---+----+------------+------------+
    |add_ln415_10_fu_1704_p2      |     +    |      0|  0|  15|           6|           6|
    |add_ln415_11_fu_1842_p2      |     +    |      0|  0|  15|           6|           6|
    |add_ln415_12_fu_1980_p2      |     +    |      0|  0|  15|           6|           6|
    |add_ln415_13_fu_2118_p2      |     +    |      0|  0|  15|           6|           6|
    |add_ln415_14_fu_2256_p2      |     +    |      0|  0|  15|           6|           6|
    |add_ln415_15_fu_2394_p2      |     +    |      0|  0|  15|           6|           6|
    |add_ln415_16_fu_2532_p2      |     +    |      0|  0|  15|           6|           6|
    |add_ln415_17_fu_2670_p2      |     +    |      0|  0|  15|           6|           6|
    |add_ln415_18_fu_2808_p2      |     +    |      0|  0|  15|           6|           6|
    |add_ln415_19_fu_2946_p2      |     +    |      0|  0|  15|           6|           6|
    |add_ln415_1_fu_462_p2        |     +    |      0|  0|  15|           6|           6|
    |add_ln415_20_fu_3084_p2      |     +    |      0|  0|  15|           6|           6|
    |add_ln415_21_fu_3222_p2      |     +    |      0|  0|  15|           6|           6|
    |add_ln415_22_fu_3360_p2      |     +    |      0|  0|  15|           6|           6|
    |add_ln415_23_fu_3498_p2      |     +    |      0|  0|  15|           6|           6|
    |add_ln415_24_fu_3636_p2      |     +    |      0|  0|  15|           6|           6|
    |add_ln415_25_fu_3774_p2      |     +    |      0|  0|  15|           6|           6|
    |add_ln415_26_fu_3912_p2      |     +    |      0|  0|  15|           6|           6|
    |add_ln415_2_fu_600_p2        |     +    |      0|  0|  15|           6|           6|
    |add_ln415_3_fu_738_p2        |     +    |      0|  0|  15|           6|           6|
    |add_ln415_4_fu_876_p2        |     +    |      0|  0|  15|           6|           6|
    |add_ln415_5_fu_1014_p2       |     +    |      0|  0|  15|           6|           6|
    |add_ln415_6_fu_1152_p2       |     +    |      0|  0|  15|           6|           6|
    |add_ln415_7_fu_1290_p2       |     +    |      0|  0|  15|           6|           6|
    |add_ln415_8_fu_1428_p2       |     +    |      0|  0|  15|           6|           6|
    |add_ln415_9_fu_1566_p2       |     +    |      0|  0|  15|           6|           6|
    |add_ln415_fu_324_p2          |     +    |      0|  0|  15|           6|           6|
    |and_ln415_10_fu_1694_p2      |    and   |      0|  0|   2|           1|           1|
    |and_ln415_11_fu_1832_p2      |    and   |      0|  0|   2|           1|           1|
    |and_ln415_12_fu_1970_p2      |    and   |      0|  0|   2|           1|           1|
    |and_ln415_13_fu_2108_p2      |    and   |      0|  0|   2|           1|           1|
    |and_ln415_14_fu_2246_p2      |    and   |      0|  0|   2|           1|           1|
    |and_ln415_15_fu_2384_p2      |    and   |      0|  0|   2|           1|           1|
    |and_ln415_16_fu_2522_p2      |    and   |      0|  0|   2|           1|           1|
    |and_ln415_17_fu_2660_p2      |    and   |      0|  0|   2|           1|           1|
    |and_ln415_18_fu_2798_p2      |    and   |      0|  0|   2|           1|           1|
    |and_ln415_19_fu_2936_p2      |    and   |      0|  0|   2|           1|           1|
    |and_ln415_1_fu_452_p2        |    and   |      0|  0|   2|           1|           1|
    |and_ln415_20_fu_3074_p2      |    and   |      0|  0|   2|           1|           1|
    |and_ln415_21_fu_3212_p2      |    and   |      0|  0|   2|           1|           1|
    |and_ln415_22_fu_3350_p2      |    and   |      0|  0|   2|           1|           1|
    |and_ln415_23_fu_3488_p2      |    and   |      0|  0|   2|           1|           1|
    |and_ln415_24_fu_3626_p2      |    and   |      0|  0|   2|           1|           1|
    |and_ln415_25_fu_3764_p2      |    and   |      0|  0|   2|           1|           1|
    |and_ln415_26_fu_3902_p2      |    and   |      0|  0|   2|           1|           1|
    |and_ln415_2_fu_590_p2        |    and   |      0|  0|   2|           1|           1|
    |and_ln415_3_fu_728_p2        |    and   |      0|  0|   2|           1|           1|
    |and_ln415_4_fu_866_p2        |    and   |      0|  0|   2|           1|           1|
    |and_ln415_5_fu_1004_p2       |    and   |      0|  0|   2|           1|           1|
    |and_ln415_6_fu_1142_p2       |    and   |      0|  0|   2|           1|           1|
    |and_ln415_7_fu_1280_p2       |    and   |      0|  0|   2|           1|           1|
    |and_ln415_8_fu_1418_p2       |    and   |      0|  0|   2|           1|           1|
    |and_ln415_9_fu_1556_p2       |    and   |      0|  0|   2|           1|           1|
    |and_ln415_fu_314_p2          |    and   |      0|  0|   2|           1|           1|
    |and_ln416_10_fu_1724_p2      |    and   |      0|  0|   2|           1|           1|
    |and_ln416_11_fu_1862_p2      |    and   |      0|  0|   2|           1|           1|
    |and_ln416_12_fu_2000_p2      |    and   |      0|  0|   2|           1|           1|
    |and_ln416_13_fu_2138_p2      |    and   |      0|  0|   2|           1|           1|
    |and_ln416_14_fu_2276_p2      |    and   |      0|  0|   2|           1|           1|
    |and_ln416_15_fu_2414_p2      |    and   |      0|  0|   2|           1|           1|
    |and_ln416_16_fu_2552_p2      |    and   |      0|  0|   2|           1|           1|
    |and_ln416_17_fu_2690_p2      |    and   |      0|  0|   2|           1|           1|
    |and_ln416_18_fu_2828_p2      |    and   |      0|  0|   2|           1|           1|
    |and_ln416_19_fu_2966_p2      |    and   |      0|  0|   2|           1|           1|
    |and_ln416_1_fu_482_p2        |    and   |      0|  0|   2|           1|           1|
    |and_ln416_20_fu_3104_p2      |    and   |      0|  0|   2|           1|           1|
    |and_ln416_21_fu_3242_p2      |    and   |      0|  0|   2|           1|           1|
    |and_ln416_22_fu_3380_p2      |    and   |      0|  0|   2|           1|           1|
    |and_ln416_23_fu_3518_p2      |    and   |      0|  0|   2|           1|           1|
    |and_ln416_24_fu_3656_p2      |    and   |      0|  0|   2|           1|           1|
    |and_ln416_25_fu_3794_p2      |    and   |      0|  0|   2|           1|           1|
    |and_ln416_26_fu_3932_p2      |    and   |      0|  0|   2|           1|           1|
    |and_ln416_2_fu_620_p2        |    and   |      0|  0|   2|           1|           1|
    |and_ln416_3_fu_758_p2        |    and   |      0|  0|   2|           1|           1|
    |and_ln416_4_fu_896_p2        |    and   |      0|  0|   2|           1|           1|
    |and_ln416_5_fu_1034_p2       |    and   |      0|  0|   2|           1|           1|
    |and_ln416_6_fu_1172_p2       |    and   |      0|  0|   2|           1|           1|
    |and_ln416_7_fu_1310_p2       |    and   |      0|  0|   2|           1|           1|
    |and_ln416_8_fu_1448_p2       |    and   |      0|  0|   2|           1|           1|
    |and_ln416_9_fu_1586_p2       |    and   |      0|  0|   2|           1|           1|
    |and_ln416_fu_344_p2          |    and   |      0|  0|   2|           1|           1|
    |icmp_ln1494_10_fu_1638_p2    |   icmp   |      0|  0|  13|          16|           1|
    |icmp_ln1494_11_fu_1776_p2    |   icmp   |      0|  0|  13|          16|           1|
    |icmp_ln1494_12_fu_1914_p2    |   icmp   |      0|  0|  13|          16|           1|
    |icmp_ln1494_13_fu_2052_p2    |   icmp   |      0|  0|  13|          16|           1|
    |icmp_ln1494_14_fu_2190_p2    |   icmp   |      0|  0|  13|          16|           1|
    |icmp_ln1494_15_fu_2328_p2    |   icmp   |      0|  0|  13|          16|           1|
    |icmp_ln1494_16_fu_2466_p2    |   icmp   |      0|  0|  13|          16|           1|
    |icmp_ln1494_17_fu_2604_p2    |   icmp   |      0|  0|  13|          16|           1|
    |icmp_ln1494_18_fu_2742_p2    |   icmp   |      0|  0|  13|          16|           1|
    |icmp_ln1494_19_fu_2880_p2    |   icmp   |      0|  0|  13|          16|           1|
    |icmp_ln1494_1_fu_396_p2      |   icmp   |      0|  0|  13|          16|           1|
    |icmp_ln1494_20_fu_3018_p2    |   icmp   |      0|  0|  13|          16|           1|
    |icmp_ln1494_21_fu_3156_p2    |   icmp   |      0|  0|  13|          16|           1|
    |icmp_ln1494_22_fu_3294_p2    |   icmp   |      0|  0|  13|          16|           1|
    |icmp_ln1494_23_fu_3432_p2    |   icmp   |      0|  0|  13|          16|           1|
    |icmp_ln1494_24_fu_3570_p2    |   icmp   |      0|  0|  13|          16|           1|
    |icmp_ln1494_25_fu_3708_p2    |   icmp   |      0|  0|  13|          16|           1|
    |icmp_ln1494_26_fu_3846_p2    |   icmp   |      0|  0|  13|          16|           1|
    |icmp_ln1494_2_fu_534_p2      |   icmp   |      0|  0|  13|          16|           1|
    |icmp_ln1494_3_fu_672_p2      |   icmp   |      0|  0|  13|          16|           1|
    |icmp_ln1494_4_fu_810_p2      |   icmp   |      0|  0|  13|          16|           1|
    |icmp_ln1494_5_fu_948_p2      |   icmp   |      0|  0|  13|          16|           1|
    |icmp_ln1494_6_fu_1086_p2     |   icmp   |      0|  0|  13|          16|           1|
    |icmp_ln1494_7_fu_1224_p2     |   icmp   |      0|  0|  13|          16|           1|
    |icmp_ln1494_8_fu_1362_p2     |   icmp   |      0|  0|  13|          16|           1|
    |icmp_ln1494_9_fu_1500_p2     |   icmp   |      0|  0|  13|          16|           1|
    |icmp_ln1494_fu_258_p2        |   icmp   |      0|  0|  13|          16|           1|
    |icmp_ln718_10_fu_1666_p2     |   icmp   |      0|  0|   9|           3|           1|
    |icmp_ln718_11_fu_1804_p2     |   icmp   |      0|  0|   9|           3|           1|
    |icmp_ln718_12_fu_1942_p2     |   icmp   |      0|  0|   9|           3|           1|
    |icmp_ln718_13_fu_2080_p2     |   icmp   |      0|  0|   9|           3|           1|
    |icmp_ln718_14_fu_2218_p2     |   icmp   |      0|  0|   9|           3|           1|
    |icmp_ln718_15_fu_2356_p2     |   icmp   |      0|  0|   9|           3|           1|
    |icmp_ln718_16_fu_2494_p2     |   icmp   |      0|  0|   9|           3|           1|
    |icmp_ln718_17_fu_2632_p2     |   icmp   |      0|  0|   9|           3|           1|
    |icmp_ln718_18_fu_2770_p2     |   icmp   |      0|  0|   9|           3|           1|
    |icmp_ln718_19_fu_2908_p2     |   icmp   |      0|  0|   9|           3|           1|
    |icmp_ln718_1_fu_424_p2       |   icmp   |      0|  0|   9|           3|           1|
    |icmp_ln718_20_fu_3046_p2     |   icmp   |      0|  0|   9|           3|           1|
    |icmp_ln718_21_fu_3184_p2     |   icmp   |      0|  0|   9|           3|           1|
    |icmp_ln718_22_fu_3322_p2     |   icmp   |      0|  0|   9|           3|           1|
    |icmp_ln718_23_fu_3460_p2     |   icmp   |      0|  0|   9|           3|           1|
    |icmp_ln718_24_fu_3598_p2     |   icmp   |      0|  0|   9|           3|           1|
    |icmp_ln718_25_fu_3736_p2     |   icmp   |      0|  0|   9|           3|           1|
    |icmp_ln718_26_fu_3874_p2     |   icmp   |      0|  0|   9|           3|           1|
    |icmp_ln718_2_fu_562_p2       |   icmp   |      0|  0|   9|           3|           1|
    |icmp_ln718_3_fu_700_p2       |   icmp   |      0|  0|   9|           3|           1|
    |icmp_ln718_4_fu_838_p2       |   icmp   |      0|  0|   9|           3|           1|
    |icmp_ln718_5_fu_976_p2       |   icmp   |      0|  0|   9|           3|           1|
    |icmp_ln718_6_fu_1114_p2      |   icmp   |      0|  0|   9|           3|           1|
    |icmp_ln718_7_fu_1252_p2      |   icmp   |      0|  0|   9|           3|           1|
    |icmp_ln718_8_fu_1390_p2      |   icmp   |      0|  0|   9|           3|           1|
    |icmp_ln718_9_fu_1528_p2      |   icmp   |      0|  0|   9|           3|           1|
    |icmp_ln718_fu_286_p2         |   icmp   |      0|  0|   9|           3|           1|
    |icmp_ln768_10_fu_1746_p2     |   icmp   |      0|  0|  11|           6|           1|
    |icmp_ln768_11_fu_1884_p2     |   icmp   |      0|  0|  11|           6|           1|
    |icmp_ln768_12_fu_2022_p2     |   icmp   |      0|  0|  11|           6|           1|
    |icmp_ln768_13_fu_2160_p2     |   icmp   |      0|  0|  11|           6|           1|
    |icmp_ln768_14_fu_2298_p2     |   icmp   |      0|  0|  11|           6|           1|
    |icmp_ln768_15_fu_2436_p2     |   icmp   |      0|  0|  11|           6|           1|
    |icmp_ln768_16_fu_2574_p2     |   icmp   |      0|  0|  11|           6|           1|
    |icmp_ln768_17_fu_2712_p2     |   icmp   |      0|  0|  11|           6|           1|
    |icmp_ln768_18_fu_2850_p2     |   icmp   |      0|  0|  11|           6|           1|
    |icmp_ln768_19_fu_2988_p2     |   icmp   |      0|  0|  11|           6|           1|
    |icmp_ln768_1_fu_504_p2       |   icmp   |      0|  0|  11|           6|           1|
    |icmp_ln768_20_fu_3126_p2     |   icmp   |      0|  0|  11|           6|           1|
    |icmp_ln768_21_fu_3264_p2     |   icmp   |      0|  0|  11|           6|           1|
    |icmp_ln768_22_fu_3402_p2     |   icmp   |      0|  0|  11|           6|           1|
    |icmp_ln768_23_fu_3540_p2     |   icmp   |      0|  0|  11|           6|           1|
    |icmp_ln768_24_fu_3678_p2     |   icmp   |      0|  0|  11|           6|           1|
    |icmp_ln768_25_fu_3816_p2     |   icmp   |      0|  0|  11|           6|           1|
    |icmp_ln768_26_fu_3954_p2     |   icmp   |      0|  0|  11|           6|           1|
    |icmp_ln768_2_fu_642_p2       |   icmp   |      0|  0|  11|           6|           1|
    |icmp_ln768_3_fu_780_p2       |   icmp   |      0|  0|  11|           6|           1|
    |icmp_ln768_4_fu_918_p2       |   icmp   |      0|  0|  11|           6|           1|
    |icmp_ln768_5_fu_1056_p2      |   icmp   |      0|  0|  11|           6|           1|
    |icmp_ln768_6_fu_1194_p2      |   icmp   |      0|  0|  11|           6|           1|
    |icmp_ln768_7_fu_1332_p2      |   icmp   |      0|  0|  11|           6|           1|
    |icmp_ln768_8_fu_1470_p2      |   icmp   |      0|  0|  11|           6|           1|
    |icmp_ln768_9_fu_1608_p2      |   icmp   |      0|  0|  11|           6|           1|
    |icmp_ln768_fu_366_p2         |   icmp   |      0|  0|  11|           6|           1|
    |icmp_ln879_10_fu_1740_p2     |   icmp   |      0|  0|  11|           6|           2|
    |icmp_ln879_11_fu_1878_p2     |   icmp   |      0|  0|  11|           6|           2|
    |icmp_ln879_12_fu_2016_p2     |   icmp   |      0|  0|  11|           6|           2|
    |icmp_ln879_13_fu_2154_p2     |   icmp   |      0|  0|  11|           6|           2|
    |icmp_ln879_14_fu_2292_p2     |   icmp   |      0|  0|  11|           6|           2|
    |icmp_ln879_15_fu_2430_p2     |   icmp   |      0|  0|  11|           6|           2|
    |icmp_ln879_16_fu_2568_p2     |   icmp   |      0|  0|  11|           6|           2|
    |icmp_ln879_17_fu_2706_p2     |   icmp   |      0|  0|  11|           6|           2|
    |icmp_ln879_18_fu_2844_p2     |   icmp   |      0|  0|  11|           6|           2|
    |icmp_ln879_19_fu_2982_p2     |   icmp   |      0|  0|  11|           6|           2|
    |icmp_ln879_1_fu_498_p2       |   icmp   |      0|  0|  11|           6|           2|
    |icmp_ln879_20_fu_3120_p2     |   icmp   |      0|  0|  11|           6|           2|
    |icmp_ln879_21_fu_3258_p2     |   icmp   |      0|  0|  11|           6|           2|
    |icmp_ln879_22_fu_3396_p2     |   icmp   |      0|  0|  11|           6|           2|
    |icmp_ln879_23_fu_3534_p2     |   icmp   |      0|  0|  11|           6|           2|
    |icmp_ln879_24_fu_3672_p2     |   icmp   |      0|  0|  11|           6|           2|
    |icmp_ln879_25_fu_3810_p2     |   icmp   |      0|  0|  11|           6|           2|
    |icmp_ln879_26_fu_3948_p2     |   icmp   |      0|  0|  11|           6|           2|
    |icmp_ln879_2_fu_636_p2       |   icmp   |      0|  0|  11|           6|           2|
    |icmp_ln879_3_fu_774_p2       |   icmp   |      0|  0|  11|           6|           2|
    |icmp_ln879_4_fu_912_p2       |   icmp   |      0|  0|  11|           6|           2|
    |icmp_ln879_5_fu_1050_p2      |   icmp   |      0|  0|  11|           6|           2|
    |icmp_ln879_6_fu_1188_p2      |   icmp   |      0|  0|  11|           6|           2|
    |icmp_ln879_7_fu_1326_p2      |   icmp   |      0|  0|  11|           6|           2|
    |icmp_ln879_8_fu_1464_p2      |   icmp   |      0|  0|  11|           6|           2|
    |icmp_ln879_9_fu_1602_p2      |   icmp   |      0|  0|  11|           6|           2|
    |icmp_ln879_fu_360_p2         |   icmp   |      0|  0|  11|           6|           2|
    |or_ln412_10_fu_1680_p2       |    or    |      0|  0|   2|           1|           1|
    |or_ln412_11_fu_1818_p2       |    or    |      0|  0|   2|           1|           1|
    |or_ln412_12_fu_1956_p2       |    or    |      0|  0|   2|           1|           1|
    |or_ln412_13_fu_2094_p2       |    or    |      0|  0|   2|           1|           1|
    |or_ln412_14_fu_2232_p2       |    or    |      0|  0|   2|           1|           1|
    |or_ln412_15_fu_2370_p2       |    or    |      0|  0|   2|           1|           1|
    |or_ln412_16_fu_2508_p2       |    or    |      0|  0|   2|           1|           1|
    |or_ln412_17_fu_2646_p2       |    or    |      0|  0|   2|           1|           1|
    |or_ln412_18_fu_2784_p2       |    or    |      0|  0|   2|           1|           1|
    |or_ln412_19_fu_2922_p2       |    or    |      0|  0|   2|           1|           1|
    |or_ln412_1_fu_438_p2         |    or    |      0|  0|   2|           1|           1|
    |or_ln412_20_fu_3060_p2       |    or    |      0|  0|   2|           1|           1|
    |or_ln412_21_fu_3198_p2       |    or    |      0|  0|   2|           1|           1|
    |or_ln412_22_fu_3336_p2       |    or    |      0|  0|   2|           1|           1|
    |or_ln412_23_fu_3474_p2       |    or    |      0|  0|   2|           1|           1|
    |or_ln412_24_fu_3612_p2       |    or    |      0|  0|   2|           1|           1|
    |or_ln412_25_fu_3750_p2       |    or    |      0|  0|   2|           1|           1|
    |or_ln412_26_fu_3888_p2       |    or    |      0|  0|   2|           1|           1|
    |or_ln412_2_fu_576_p2         |    or    |      0|  0|   2|           1|           1|
    |or_ln412_3_fu_714_p2         |    or    |      0|  0|   2|           1|           1|
    |or_ln412_4_fu_852_p2         |    or    |      0|  0|   2|           1|           1|
    |or_ln412_5_fu_990_p2         |    or    |      0|  0|   2|           1|           1|
    |or_ln412_6_fu_1128_p2        |    or    |      0|  0|   2|           1|           1|
    |or_ln412_7_fu_1266_p2        |    or    |      0|  0|   2|           1|           1|
    |or_ln412_8_fu_1404_p2        |    or    |      0|  0|   2|           1|           1|
    |or_ln412_9_fu_1542_p2        |    or    |      0|  0|   2|           1|           1|
    |or_ln412_fu_300_p2           |    or    |      0|  0|   2|           1|           1|
    |select_ln1494_10_fu_1768_p3  |  select  |      0|  0|   6|           1|           6|
    |select_ln1494_11_fu_1906_p3  |  select  |      0|  0|   6|           1|           6|
    |select_ln1494_12_fu_2044_p3  |  select  |      0|  0|   6|           1|           6|
    |select_ln1494_13_fu_2182_p3  |  select  |      0|  0|   6|           1|           6|
    |select_ln1494_14_fu_2320_p3  |  select  |      0|  0|   6|           1|           6|
    |select_ln1494_15_fu_2458_p3  |  select  |      0|  0|   6|           1|           6|
    |select_ln1494_16_fu_2596_p3  |  select  |      0|  0|   6|           1|           6|
    |select_ln1494_17_fu_2734_p3  |  select  |      0|  0|   6|           1|           6|
    |select_ln1494_18_fu_2872_p3  |  select  |      0|  0|   6|           1|           6|
    |select_ln1494_19_fu_3010_p3  |  select  |      0|  0|   6|           1|           6|
    |select_ln1494_1_fu_526_p3    |  select  |      0|  0|   6|           1|           6|
    |select_ln1494_20_fu_3148_p3  |  select  |      0|  0|   6|           1|           6|
    |select_ln1494_21_fu_3286_p3  |  select  |      0|  0|   6|           1|           6|
    |select_ln1494_22_fu_3424_p3  |  select  |      0|  0|   6|           1|           6|
    |select_ln1494_23_fu_3562_p3  |  select  |      0|  0|   6|           1|           6|
    |select_ln1494_24_fu_3700_p3  |  select  |      0|  0|   6|           1|           6|
    |select_ln1494_25_fu_3838_p3  |  select  |      0|  0|   6|           1|           6|
    |select_ln1494_26_fu_3976_p3  |  select  |      0|  0|   6|           1|           6|
    |select_ln1494_2_fu_664_p3    |  select  |      0|  0|   6|           1|           6|
    |select_ln1494_3_fu_802_p3    |  select  |      0|  0|   6|           1|           6|
    |select_ln1494_4_fu_940_p3    |  select  |      0|  0|   6|           1|           6|
    |select_ln1494_5_fu_1078_p3   |  select  |      0|  0|   6|           1|           6|
    |select_ln1494_6_fu_1216_p3   |  select  |      0|  0|   6|           1|           6|
    |select_ln1494_7_fu_1354_p3   |  select  |      0|  0|   6|           1|           6|
    |select_ln1494_8_fu_1492_p3   |  select  |      0|  0|   6|           1|           6|
    |select_ln1494_9_fu_1630_p3   |  select  |      0|  0|   6|           1|           6|
    |select_ln1494_fu_388_p3      |  select  |      0|  0|   6|           1|           6|
    |select_ln340_10_fu_1760_p3   |  select  |      0|  0|   6|           1|           6|
    |select_ln340_11_fu_1898_p3   |  select  |      0|  0|   6|           1|           6|
    |select_ln340_12_fu_2036_p3   |  select  |      0|  0|   6|           1|           6|
    |select_ln340_13_fu_2174_p3   |  select  |      0|  0|   6|           1|           6|
    |select_ln340_14_fu_2312_p3   |  select  |      0|  0|   6|           1|           6|
    |select_ln340_15_fu_2450_p3   |  select  |      0|  0|   6|           1|           6|
    |select_ln340_16_fu_2588_p3   |  select  |      0|  0|   6|           1|           6|
    |select_ln340_17_fu_2726_p3   |  select  |      0|  0|   6|           1|           6|
    |select_ln340_18_fu_2864_p3   |  select  |      0|  0|   6|           1|           6|
    |select_ln340_19_fu_3002_p3   |  select  |      0|  0|   6|           1|           6|
    |select_ln340_1_fu_518_p3     |  select  |      0|  0|   6|           1|           6|
    |select_ln340_20_fu_3140_p3   |  select  |      0|  0|   6|           1|           6|
    |select_ln340_21_fu_3278_p3   |  select  |      0|  0|   6|           1|           6|
    |select_ln340_22_fu_3416_p3   |  select  |      0|  0|   6|           1|           6|
    |select_ln340_23_fu_3554_p3   |  select  |      0|  0|   6|           1|           6|
    |select_ln340_24_fu_3692_p3   |  select  |      0|  0|   6|           1|           6|
    |select_ln340_25_fu_3830_p3   |  select  |      0|  0|   6|           1|           6|
    |select_ln340_26_fu_3968_p3   |  select  |      0|  0|   6|           1|           6|
    |select_ln340_2_fu_656_p3     |  select  |      0|  0|   6|           1|           6|
    |select_ln340_3_fu_794_p3     |  select  |      0|  0|   6|           1|           6|
    |select_ln340_4_fu_932_p3     |  select  |      0|  0|   6|           1|           6|
    |select_ln340_5_fu_1070_p3    |  select  |      0|  0|   6|           1|           6|
    |select_ln340_6_fu_1208_p3    |  select  |      0|  0|   6|           1|           6|
    |select_ln340_7_fu_1346_p3    |  select  |      0|  0|   6|           1|           6|
    |select_ln340_8_fu_1484_p3    |  select  |      0|  0|   6|           1|           6|
    |select_ln340_9_fu_1622_p3    |  select  |      0|  0|   6|           1|           6|
    |select_ln340_fu_380_p3       |  select  |      0|  0|   6|           1|           6|
    |select_ln777_10_fu_1752_p3   |  select  |      0|  0|   2|           1|           1|
    |select_ln777_11_fu_1890_p3   |  select  |      0|  0|   2|           1|           1|
    |select_ln777_12_fu_2028_p3   |  select  |      0|  0|   2|           1|           1|
    |select_ln777_13_fu_2166_p3   |  select  |      0|  0|   2|           1|           1|
    |select_ln777_14_fu_2304_p3   |  select  |      0|  0|   2|           1|           1|
    |select_ln777_15_fu_2442_p3   |  select  |      0|  0|   2|           1|           1|
    |select_ln777_16_fu_2580_p3   |  select  |      0|  0|   2|           1|           1|
    |select_ln777_17_fu_2718_p3   |  select  |      0|  0|   2|           1|           1|
    |select_ln777_18_fu_2856_p3   |  select  |      0|  0|   2|           1|           1|
    |select_ln777_19_fu_2994_p3   |  select  |      0|  0|   2|           1|           1|
    |select_ln777_1_fu_510_p3     |  select  |      0|  0|   2|           1|           1|
    |select_ln777_20_fu_3132_p3   |  select  |      0|  0|   2|           1|           1|
    |select_ln777_21_fu_3270_p3   |  select  |      0|  0|   2|           1|           1|
    |select_ln777_22_fu_3408_p3   |  select  |      0|  0|   2|           1|           1|
    |select_ln777_23_fu_3546_p3   |  select  |      0|  0|   2|           1|           1|
    |select_ln777_24_fu_3684_p3   |  select  |      0|  0|   2|           1|           1|
    |select_ln777_25_fu_3822_p3   |  select  |      0|  0|   2|           1|           1|
    |select_ln777_26_fu_3960_p3   |  select  |      0|  0|   2|           1|           1|
    |select_ln777_2_fu_648_p3     |  select  |      0|  0|   2|           1|           1|
    |select_ln777_3_fu_786_p3     |  select  |      0|  0|   2|           1|           1|
    |select_ln777_4_fu_924_p3     |  select  |      0|  0|   2|           1|           1|
    |select_ln777_5_fu_1062_p3    |  select  |      0|  0|   2|           1|           1|
    |select_ln777_6_fu_1200_p3    |  select  |      0|  0|   2|           1|           1|
    |select_ln777_7_fu_1338_p3    |  select  |      0|  0|   2|           1|           1|
    |select_ln777_8_fu_1476_p3    |  select  |      0|  0|   2|           1|           1|
    |select_ln777_9_fu_1614_p3    |  select  |      0|  0|   2|           1|           1|
    |select_ln777_fu_372_p3       |  select  |      0|  0|   2|           1|           1|
    |xor_ln416_10_fu_1718_p2      |    xor   |      0|  0|   2|           1|           2|
    |xor_ln416_11_fu_1856_p2      |    xor   |      0|  0|   2|           1|           2|
    |xor_ln416_12_fu_1994_p2      |    xor   |      0|  0|   2|           1|           2|
    |xor_ln416_13_fu_2132_p2      |    xor   |      0|  0|   2|           1|           2|
    |xor_ln416_14_fu_2270_p2      |    xor   |      0|  0|   2|           1|           2|
    |xor_ln416_15_fu_2408_p2      |    xor   |      0|  0|   2|           1|           2|
    |xor_ln416_16_fu_2546_p2      |    xor   |      0|  0|   2|           1|           2|
    |xor_ln416_17_fu_2684_p2      |    xor   |      0|  0|   2|           1|           2|
    |xor_ln416_18_fu_2822_p2      |    xor   |      0|  0|   2|           1|           2|
    |xor_ln416_19_fu_2960_p2      |    xor   |      0|  0|   2|           1|           2|
    |xor_ln416_1_fu_476_p2        |    xor   |      0|  0|   2|           1|           2|
    |xor_ln416_20_fu_3098_p2      |    xor   |      0|  0|   2|           1|           2|
    |xor_ln416_21_fu_3236_p2      |    xor   |      0|  0|   2|           1|           2|
    |xor_ln416_22_fu_3374_p2      |    xor   |      0|  0|   2|           1|           2|
    |xor_ln416_23_fu_3512_p2      |    xor   |      0|  0|   2|           1|           2|
    |xor_ln416_24_fu_3650_p2      |    xor   |      0|  0|   2|           1|           2|
    |xor_ln416_25_fu_3788_p2      |    xor   |      0|  0|   2|           1|           2|
    |xor_ln416_26_fu_3926_p2      |    xor   |      0|  0|   2|           1|           2|
    |xor_ln416_2_fu_614_p2        |    xor   |      0|  0|   2|           1|           2|
    |xor_ln416_3_fu_752_p2        |    xor   |      0|  0|   2|           1|           2|
    |xor_ln416_4_fu_890_p2        |    xor   |      0|  0|   2|           1|           2|
    |xor_ln416_5_fu_1028_p2       |    xor   |      0|  0|   2|           1|           2|
    |xor_ln416_6_fu_1166_p2       |    xor   |      0|  0|   2|           1|           2|
    |xor_ln416_7_fu_1304_p2       |    xor   |      0|  0|   2|           1|           2|
    |xor_ln416_8_fu_1442_p2       |    xor   |      0|  0|   2|           1|           2|
    |xor_ln416_9_fu_1580_p2       |    xor   |      0|  0|   2|           1|           2|
    |xor_ln416_fu_338_p2          |    xor   |      0|  0|   2|           1|           2|
    +-----------------------------+----------+-------+---+----+------------+------------+
    |Total                        |          |      0|  0|2187|        1188|         783|
    +-----------------------------+----------+-------+---+----+------------+------------+

    * Multiplexer: 
    N/A

    * Register: 
    N/A



================================================================
== Interface
================================================================
* Summary: 
+----------------+-----+-----+------------+------------------------------------------------------------------------+--------------+
|    RTL Ports   | Dir | Bits|  Protocol  |                              Source Object                             |    C Type    |
+----------------+-----+-----+------------+------------------------------------------------------------------------+--------------+
|ap_ready        | out |    1| ap_ctrl_hs | relu<ap_fixed<16, 6, 5, 3, 0>, ap_ufixed<6, 0, 4, 0, 0>, relu_config7> | return value |
|ap_return_0     | out |    6| ap_ctrl_hs | relu<ap_fixed<16, 6, 5, 3, 0>, ap_ufixed<6, 0, 4, 0, 0>, relu_config7> | return value |
|ap_return_1     | out |    6| ap_ctrl_hs | relu<ap_fixed<16, 6, 5, 3, 0>, ap_ufixed<6, 0, 4, 0, 0>, relu_config7> | return value |
|ap_return_2     | out |    6| ap_ctrl_hs | relu<ap_fixed<16, 6, 5, 3, 0>, ap_ufixed<6, 0, 4, 0, 0>, relu_config7> | return value |
|ap_return_3     | out |    6| ap_ctrl_hs | relu<ap_fixed<16, 6, 5, 3, 0>, ap_ufixed<6, 0, 4, 0, 0>, relu_config7> | return value |
|ap_return_4     | out |    6| ap_ctrl_hs | relu<ap_fixed<16, 6, 5, 3, 0>, ap_ufixed<6, 0, 4, 0, 0>, relu_config7> | return value |
|ap_return_5     | out |    6| ap_ctrl_hs | relu<ap_fixed<16, 6, 5, 3, 0>, ap_ufixed<6, 0, 4, 0, 0>, relu_config7> | return value |
|ap_return_6     | out |    6| ap_ctrl_hs | relu<ap_fixed<16, 6, 5, 3, 0>, ap_ufixed<6, 0, 4, 0, 0>, relu_config7> | return value |
|ap_return_7     | out |    6| ap_ctrl_hs | relu<ap_fixed<16, 6, 5, 3, 0>, ap_ufixed<6, 0, 4, 0, 0>, relu_config7> | return value |
|ap_return_8     | out |    6| ap_ctrl_hs | relu<ap_fixed<16, 6, 5, 3, 0>, ap_ufixed<6, 0, 4, 0, 0>, relu_config7> | return value |
|ap_return_9     | out |    6| ap_ctrl_hs | relu<ap_fixed<16, 6, 5, 3, 0>, ap_ufixed<6, 0, 4, 0, 0>, relu_config7> | return value |
|ap_return_10    | out |    6| ap_ctrl_hs | relu<ap_fixed<16, 6, 5, 3, 0>, ap_ufixed<6, 0, 4, 0, 0>, relu_config7> | return value |
|ap_return_11    | out |    6| ap_ctrl_hs | relu<ap_fixed<16, 6, 5, 3, 0>, ap_ufixed<6, 0, 4, 0, 0>, relu_config7> | return value |
|ap_return_12    | out |    6| ap_ctrl_hs | relu<ap_fixed<16, 6, 5, 3, 0>, ap_ufixed<6, 0, 4, 0, 0>, relu_config7> | return value |
|ap_return_13    | out |    6| ap_ctrl_hs | relu<ap_fixed<16, 6, 5, 3, 0>, ap_ufixed<6, 0, 4, 0, 0>, relu_config7> | return value |
|ap_return_14    | out |    6| ap_ctrl_hs | relu<ap_fixed<16, 6, 5, 3, 0>, ap_ufixed<6, 0, 4, 0, 0>, relu_config7> | return value |
|ap_return_15    | out |    6| ap_ctrl_hs | relu<ap_fixed<16, 6, 5, 3, 0>, ap_ufixed<6, 0, 4, 0, 0>, relu_config7> | return value |
|ap_return_16    | out |    6| ap_ctrl_hs | relu<ap_fixed<16, 6, 5, 3, 0>, ap_ufixed<6, 0, 4, 0, 0>, relu_config7> | return value |
|ap_return_17    | out |    6| ap_ctrl_hs | relu<ap_fixed<16, 6, 5, 3, 0>, ap_ufixed<6, 0, 4, 0, 0>, relu_config7> | return value |
|ap_return_18    | out |    6| ap_ctrl_hs | relu<ap_fixed<16, 6, 5, 3, 0>, ap_ufixed<6, 0, 4, 0, 0>, relu_config7> | return value |
|ap_return_19    | out |    6| ap_ctrl_hs | relu<ap_fixed<16, 6, 5, 3, 0>, ap_ufixed<6, 0, 4, 0, 0>, relu_config7> | return value |
|ap_return_20    | out |    6| ap_ctrl_hs | relu<ap_fixed<16, 6, 5, 3, 0>, ap_ufixed<6, 0, 4, 0, 0>, relu_config7> | return value |
|ap_return_21    | out |    6| ap_ctrl_hs | relu<ap_fixed<16, 6, 5, 3, 0>, ap_ufixed<6, 0, 4, 0, 0>, relu_config7> | return value |
|ap_return_22    | out |    6| ap_ctrl_hs | relu<ap_fixed<16, 6, 5, 3, 0>, ap_ufixed<6, 0, 4, 0, 0>, relu_config7> | return value |
|ap_return_23    | out |    6| ap_ctrl_hs | relu<ap_fixed<16, 6, 5, 3, 0>, ap_ufixed<6, 0, 4, 0, 0>, relu_config7> | return value |
|ap_return_24    | out |    6| ap_ctrl_hs | relu<ap_fixed<16, 6, 5, 3, 0>, ap_ufixed<6, 0, 4, 0, 0>, relu_config7> | return value |
|ap_return_25    | out |    6| ap_ctrl_hs | relu<ap_fixed<16, 6, 5, 3, 0>, ap_ufixed<6, 0, 4, 0, 0>, relu_config7> | return value |
|ap_return_26    | out |    6| ap_ctrl_hs | relu<ap_fixed<16, 6, 5, 3, 0>, ap_ufixed<6, 0, 4, 0, 0>, relu_config7> | return value |
|data_0_V_read   |  in |   16|   ap_none  |                              data_0_V_read                             |    scalar    |
|data_1_V_read   |  in |   16|   ap_none  |                              data_1_V_read                             |    scalar    |
|data_2_V_read   |  in |   16|   ap_none  |                              data_2_V_read                             |    scalar    |
|data_3_V_read   |  in |   16|   ap_none  |                              data_3_V_read                             |    scalar    |
|data_4_V_read   |  in |   16|   ap_none  |                              data_4_V_read                             |    scalar    |
|data_7_V_read   |  in |   16|   ap_none  |                              data_7_V_read                             |    scalar    |
|data_8_V_read   |  in |   16|   ap_none  |                              data_8_V_read                             |    scalar    |
|data_9_V_read   |  in |   16|   ap_none  |                              data_9_V_read                             |    scalar    |
|data_11_V_read  |  in |   16|   ap_none  |                             data_11_V_read                             |    scalar    |
|data_12_V_read  |  in |   16|   ap_none  |                             data_12_V_read                             |    scalar    |
|data_13_V_read  |  in |   16|   ap_none  |                             data_13_V_read                             |    scalar    |
|data_14_V_read  |  in |   16|   ap_none  |                             data_14_V_read                             |    scalar    |
|data_15_V_read  |  in |   16|   ap_none  |                             data_15_V_read                             |    scalar    |
|data_16_V_read  |  in |   16|   ap_none  |                             data_16_V_read                             |    scalar    |
|data_17_V_read  |  in |   16|   ap_none  |                             data_17_V_read                             |    scalar    |
|data_18_V_read  |  in |   16|   ap_none  |                             data_18_V_read                             |    scalar    |
|data_19_V_read  |  in |   16|   ap_none  |                             data_19_V_read                             |    scalar    |
|data_20_V_read  |  in |   16|   ap_none  |                             data_20_V_read                             |    scalar    |
|data_21_V_read  |  in |   16|   ap_none  |                             data_21_V_read                             |    scalar    |
|data_22_V_read  |  in |   16|   ap_none  |                             data_22_V_read                             |    scalar    |
|data_23_V_read  |  in |   16|   ap_none  |                             data_23_V_read                             |    scalar    |
|data_24_V_read  |  in |   16|   ap_none  |                             data_24_V_read                             |    scalar    |
|data_25_V_read  |  in |   16|   ap_none  |                             data_25_V_read                             |    scalar    |
|data_26_V_read  |  in |   16|   ap_none  |                             data_26_V_read                             |    scalar    |
|data_27_V_read  |  in |   16|   ap_none  |                             data_27_V_read                             |    scalar    |
|data_30_V_read  |  in |   16|   ap_none  |                             data_30_V_read                             |    scalar    |
|data_31_V_read  |  in |   16|   ap_none  |                             data_31_V_read                             |    scalar    |
+----------------+-----+-----+------------+------------------------------------------------------------------------+--------------+

