0.9875621795654297 0.8133895993232727
0.7823887467384338 0.7692285180091858
0.754605233669281 0.7500808835029602
0.7389824986457825 0.7377015948295593
0.7904756665229797 0.7473741769790649
0.734348475933075 0.7313608527183533
0.7242929935455322 0.7242294549942017
0.7185287475585938 0.7194728255271912
0.7144616842269897 0.7162519097328186
0.7109194397926331 0.7136886119842529
0.7079562544822693 0.7120299339294434
0.7051542401313782 0.7146595120429993
0.7033801674842834 0.7116960883140564
0.701318621635437 0.7057687044143677
0.700037956237793 0.7052927017211914
0.698594868183136 0.7035852074623108
0.6981967091560364 0.703626811504364
0.6966344714164734 0.7022352814674377
0.696448028087616 0.7011500597000122
0.6950914859771729 0.7014014720916748
0.6944819688796997 0.6991267204284668
0.6942694783210754 0.6979631781578064
0.6936847567558289 0.6984474062919617
0.6933262348175049 0.6988903880119324
0.6933562159538269 0.7030031085014343
0.6930627226829529 0.6996957659721375
0.691683292388916 0.6969621777534485
0.6917170286178589 0.70055091381073
0.6912608742713928 0.6980587840080261
0.6907987594604492 0.6957470774650574
